[2024-10-11T22:41:31.169+0000] {processor.py:161} INFO - Started process (PID=1214) to work on /opt/airflow/dags/models/model_net_lstm.keras
[2024-10-11T22:41:31.170+0000] {processor.py:830} INFO - Processing file /opt/airflow/dags/models/model_net_lstm.keras for tasks to queue
[2024-10-11T22:41:31.172+0000] {logging_mixin.py:188} INFO - [2024-10-11T22:41:31.172+0000] {dagbag.py:545} INFO - Filling up the DagBag from /opt/airflow/dags/models/model_net_lstm.keras
[2024-10-11T22:41:31.174+0000] {processor.py:842} WARNING - No viable dags retrieved from /opt/airflow/dags/models/model_net_lstm.keras
[2024-10-11T22:41:31.185+0000] {processor.py:183} INFO - Processing /opt/airflow/dags/models/model_net_lstm.keras took 0.020 seconds
[2024-10-11T22:42:01.478+0000] {processor.py:161} INFO - Started process (PID=1274) to work on /opt/airflow/dags/models/model_net_lstm.keras
[2024-10-11T22:42:01.480+0000] {processor.py:830} INFO - Processing file /opt/airflow/dags/models/model_net_lstm.keras for tasks to queue
[2024-10-11T22:42:01.483+0000] {logging_mixin.py:188} INFO - [2024-10-11T22:42:01.483+0000] {dagbag.py:545} INFO - Filling up the DagBag from /opt/airflow/dags/models/model_net_lstm.keras
[2024-10-11T22:42:01.486+0000] {processor.py:842} WARNING - No viable dags retrieved from /opt/airflow/dags/models/model_net_lstm.keras
[2024-10-11T22:42:01.499+0000] {processor.py:183} INFO - Processing /opt/airflow/dags/models/model_net_lstm.keras took 0.027 seconds
[2024-10-11T22:42:31.970+0000] {processor.py:161} INFO - Started process (PID=1334) to work on /opt/airflow/dags/models/model_net_lstm.keras
[2024-10-11T22:42:31.973+0000] {processor.py:830} INFO - Processing file /opt/airflow/dags/models/model_net_lstm.keras for tasks to queue
[2024-10-11T22:42:31.977+0000] {logging_mixin.py:188} INFO - [2024-10-11T22:42:31.976+0000] {dagbag.py:545} INFO - Filling up the DagBag from /opt/airflow/dags/models/model_net_lstm.keras
[2024-10-11T22:42:31.980+0000] {processor.py:842} WARNING - No viable dags retrieved from /opt/airflow/dags/models/model_net_lstm.keras
[2024-10-11T22:42:31.997+0000] {processor.py:183} INFO - Processing /opt/airflow/dags/models/model_net_lstm.keras took 0.032 seconds
[2024-10-11T22:43:02.411+0000] {processor.py:161} INFO - Started process (PID=1394) to work on /opt/airflow/dags/models/model_net_lstm.keras
[2024-10-11T22:43:02.413+0000] {processor.py:830} INFO - Processing file /opt/airflow/dags/models/model_net_lstm.keras for tasks to queue
[2024-10-11T22:43:02.415+0000] {logging_mixin.py:188} INFO - [2024-10-11T22:43:02.415+0000] {dagbag.py:545} INFO - Filling up the DagBag from /opt/airflow/dags/models/model_net_lstm.keras
[2024-10-11T22:43:02.417+0000] {processor.py:842} WARNING - No viable dags retrieved from /opt/airflow/dags/models/model_net_lstm.keras
[2024-10-11T22:43:02.429+0000] {processor.py:183} INFO - Processing /opt/airflow/dags/models/model_net_lstm.keras took 0.022 seconds
[2024-10-11T22:43:32.767+0000] {processor.py:161} INFO - Started process (PID=1454) to work on /opt/airflow/dags/models/model_net_lstm.keras
[2024-10-11T22:43:32.771+0000] {processor.py:830} INFO - Processing file /opt/airflow/dags/models/model_net_lstm.keras for tasks to queue
[2024-10-11T22:43:32.775+0000] {logging_mixin.py:188} INFO - [2024-10-11T22:43:32.775+0000] {dagbag.py:545} INFO - Filling up the DagBag from /opt/airflow/dags/models/model_net_lstm.keras
[2024-10-11T22:43:32.780+0000] {processor.py:842} WARNING - No viable dags retrieved from /opt/airflow/dags/models/model_net_lstm.keras
[2024-10-11T22:43:32.794+0000] {processor.py:183} INFO - Processing /opt/airflow/dags/models/model_net_lstm.keras took 0.032 seconds
[2024-10-11T22:44:03.562+0000] {processor.py:161} INFO - Started process (PID=1514) to work on /opt/airflow/dags/models/model_net_lstm.keras
[2024-10-11T22:44:03.565+0000] {processor.py:830} INFO - Processing file /opt/airflow/dags/models/model_net_lstm.keras for tasks to queue
[2024-10-11T22:44:03.568+0000] {logging_mixin.py:188} INFO - [2024-10-11T22:44:03.568+0000] {dagbag.py:545} INFO - Filling up the DagBag from /opt/airflow/dags/models/model_net_lstm.keras
[2024-10-11T22:44:03.572+0000] {processor.py:842} WARNING - No viable dags retrieved from /opt/airflow/dags/models/model_net_lstm.keras
[2024-10-11T22:44:03.591+0000] {processor.py:183} INFO - Processing /opt/airflow/dags/models/model_net_lstm.keras took 0.038 seconds
[2024-10-11T22:44:33.959+0000] {processor.py:161} INFO - Started process (PID=1574) to work on /opt/airflow/dags/models/model_net_lstm.keras
[2024-10-11T22:44:33.962+0000] {processor.py:830} INFO - Processing file /opt/airflow/dags/models/model_net_lstm.keras for tasks to queue
[2024-10-11T22:44:33.965+0000] {logging_mixin.py:188} INFO - [2024-10-11T22:44:33.965+0000] {dagbag.py:545} INFO - Filling up the DagBag from /opt/airflow/dags/models/model_net_lstm.keras
[2024-10-11T22:44:33.969+0000] {processor.py:842} WARNING - No viable dags retrieved from /opt/airflow/dags/models/model_net_lstm.keras
[2024-10-11T22:44:33.986+0000] {processor.py:183} INFO - Processing /opt/airflow/dags/models/model_net_lstm.keras took 0.036 seconds
[2024-10-11T22:45:04.221+0000] {processor.py:161} INFO - Started process (PID=1634) to work on /opt/airflow/dags/models/model_net_lstm.keras
[2024-10-11T22:45:04.225+0000] {processor.py:830} INFO - Processing file /opt/airflow/dags/models/model_net_lstm.keras for tasks to queue
[2024-10-11T22:45:04.229+0000] {logging_mixin.py:188} INFO - [2024-10-11T22:45:04.228+0000] {dagbag.py:545} INFO - Filling up the DagBag from /opt/airflow/dags/models/model_net_lstm.keras
[2024-10-11T22:45:04.233+0000] {processor.py:842} WARNING - No viable dags retrieved from /opt/airflow/dags/models/model_net_lstm.keras
[2024-10-11T22:45:04.250+0000] {processor.py:183} INFO - Processing /opt/airflow/dags/models/model_net_lstm.keras took 0.038 seconds
[2024-10-11T22:45:34.514+0000] {processor.py:161} INFO - Started process (PID=1694) to work on /opt/airflow/dags/models/model_net_lstm.keras
[2024-10-11T22:45:34.517+0000] {processor.py:830} INFO - Processing file /opt/airflow/dags/models/model_net_lstm.keras for tasks to queue
[2024-10-11T22:45:34.521+0000] {logging_mixin.py:188} INFO - [2024-10-11T22:45:34.520+0000] {dagbag.py:545} INFO - Filling up the DagBag from /opt/airflow/dags/models/model_net_lstm.keras
[2024-10-11T22:45:34.524+0000] {processor.py:842} WARNING - No viable dags retrieved from /opt/airflow/dags/models/model_net_lstm.keras
[2024-10-11T22:45:34.542+0000] {processor.py:183} INFO - Processing /opt/airflow/dags/models/model_net_lstm.keras took 0.040 seconds
[2024-10-11T22:46:05.285+0000] {processor.py:161} INFO - Started process (PID=1754) to work on /opt/airflow/dags/models/model_net_lstm.keras
[2024-10-11T22:46:05.288+0000] {processor.py:830} INFO - Processing file /opt/airflow/dags/models/model_net_lstm.keras for tasks to queue
[2024-10-11T22:46:05.291+0000] {logging_mixin.py:188} INFO - [2024-10-11T22:46:05.291+0000] {dagbag.py:545} INFO - Filling up the DagBag from /opt/airflow/dags/models/model_net_lstm.keras
[2024-10-11T22:46:05.295+0000] {processor.py:842} WARNING - No viable dags retrieved from /opt/airflow/dags/models/model_net_lstm.keras
[2024-10-11T22:46:05.312+0000] {processor.py:183} INFO - Processing /opt/airflow/dags/models/model_net_lstm.keras took 0.037 seconds
[2024-10-11T22:46:35.495+0000] {processor.py:161} INFO - Started process (PID=1815) to work on /opt/airflow/dags/models/model_net_lstm.keras
[2024-10-11T22:46:35.498+0000] {processor.py:830} INFO - Processing file /opt/airflow/dags/models/model_net_lstm.keras for tasks to queue
[2024-10-11T22:46:35.501+0000] {logging_mixin.py:188} INFO - [2024-10-11T22:46:35.500+0000] {dagbag.py:545} INFO - Filling up the DagBag from /opt/airflow/dags/models/model_net_lstm.keras
[2024-10-11T22:46:35.505+0000] {processor.py:842} WARNING - No viable dags retrieved from /opt/airflow/dags/models/model_net_lstm.keras
[2024-10-11T22:46:35.523+0000] {processor.py:183} INFO - Processing /opt/airflow/dags/models/model_net_lstm.keras took 0.037 seconds
[2024-10-11T22:47:06.221+0000] {processor.py:161} INFO - Started process (PID=1876) to work on /opt/airflow/dags/models/model_net_lstm.keras
[2024-10-11T22:47:06.225+0000] {processor.py:830} INFO - Processing file /opt/airflow/dags/models/model_net_lstm.keras for tasks to queue
[2024-10-11T22:47:06.229+0000] {logging_mixin.py:188} INFO - [2024-10-11T22:47:06.229+0000] {dagbag.py:545} INFO - Filling up the DagBag from /opt/airflow/dags/models/model_net_lstm.keras
[2024-10-11T22:47:06.233+0000] {processor.py:842} WARNING - No viable dags retrieved from /opt/airflow/dags/models/model_net_lstm.keras
[2024-10-11T22:47:06.250+0000] {processor.py:183} INFO - Processing /opt/airflow/dags/models/model_net_lstm.keras took 0.038 seconds
[2024-10-11T22:47:36.866+0000] {processor.py:161} INFO - Started process (PID=1937) to work on /opt/airflow/dags/models/model_net_lstm.keras
[2024-10-11T22:47:36.869+0000] {processor.py:830} INFO - Processing file /opt/airflow/dags/models/model_net_lstm.keras for tasks to queue
[2024-10-11T22:47:36.872+0000] {logging_mixin.py:188} INFO - [2024-10-11T22:47:36.871+0000] {dagbag.py:545} INFO - Filling up the DagBag from /opt/airflow/dags/models/model_net_lstm.keras
[2024-10-11T22:47:36.875+0000] {processor.py:842} WARNING - No viable dags retrieved from /opt/airflow/dags/models/model_net_lstm.keras
[2024-10-11T22:47:36.889+0000] {processor.py:183} INFO - Processing /opt/airflow/dags/models/model_net_lstm.keras took 0.030 seconds
[2024-10-11T22:48:07.525+0000] {processor.py:161} INFO - Started process (PID=1998) to work on /opt/airflow/dags/models/model_net_lstm.keras
[2024-10-11T22:48:07.527+0000] {processor.py:830} INFO - Processing file /opt/airflow/dags/models/model_net_lstm.keras for tasks to queue
[2024-10-11T22:48:07.531+0000] {logging_mixin.py:188} INFO - [2024-10-11T22:48:07.530+0000] {dagbag.py:545} INFO - Filling up the DagBag from /opt/airflow/dags/models/model_net_lstm.keras
[2024-10-11T22:48:07.535+0000] {processor.py:842} WARNING - No viable dags retrieved from /opt/airflow/dags/models/model_net_lstm.keras
[2024-10-11T22:48:07.554+0000] {processor.py:183} INFO - Processing /opt/airflow/dags/models/model_net_lstm.keras took 0.037 seconds
[2024-10-11T22:48:38.326+0000] {processor.py:161} INFO - Started process (PID=2059) to work on /opt/airflow/dags/models/model_net_lstm.keras
[2024-10-11T22:48:38.328+0000] {processor.py:830} INFO - Processing file /opt/airflow/dags/models/model_net_lstm.keras for tasks to queue
[2024-10-11T22:48:38.332+0000] {logging_mixin.py:188} INFO - [2024-10-11T22:48:38.331+0000] {dagbag.py:545} INFO - Filling up the DagBag from /opt/airflow/dags/models/model_net_lstm.keras
[2024-10-11T22:48:38.335+0000] {processor.py:842} WARNING - No viable dags retrieved from /opt/airflow/dags/models/model_net_lstm.keras
[2024-10-11T22:48:38.352+0000] {processor.py:183} INFO - Processing /opt/airflow/dags/models/model_net_lstm.keras took 0.037 seconds
[2024-10-11T22:49:08.797+0000] {processor.py:161} INFO - Started process (PID=2120) to work on /opt/airflow/dags/models/model_net_lstm.keras
[2024-10-11T22:49:08.800+0000] {processor.py:830} INFO - Processing file /opt/airflow/dags/models/model_net_lstm.keras for tasks to queue
[2024-10-11T22:49:08.803+0000] {logging_mixin.py:188} INFO - [2024-10-11T22:49:08.803+0000] {dagbag.py:545} INFO - Filling up the DagBag from /opt/airflow/dags/models/model_net_lstm.keras
[2024-10-11T22:49:08.807+0000] {processor.py:842} WARNING - No viable dags retrieved from /opt/airflow/dags/models/model_net_lstm.keras
[2024-10-11T22:49:08.823+0000] {processor.py:183} INFO - Processing /opt/airflow/dags/models/model_net_lstm.keras took 0.034 seconds
[2024-10-11T22:49:39.130+0000] {processor.py:161} INFO - Started process (PID=2181) to work on /opt/airflow/dags/models/model_net_lstm.keras
[2024-10-11T22:49:39.133+0000] {processor.py:830} INFO - Processing file /opt/airflow/dags/models/model_net_lstm.keras for tasks to queue
[2024-10-11T22:49:39.136+0000] {logging_mixin.py:188} INFO - [2024-10-11T22:49:39.135+0000] {dagbag.py:545} INFO - Filling up the DagBag from /opt/airflow/dags/models/model_net_lstm.keras
[2024-10-11T22:49:39.140+0000] {processor.py:842} WARNING - No viable dags retrieved from /opt/airflow/dags/models/model_net_lstm.keras
[2024-10-11T22:49:39.156+0000] {processor.py:183} INFO - Processing /opt/airflow/dags/models/model_net_lstm.keras took 0.034 seconds
[2024-10-11T22:50:09.781+0000] {processor.py:161} INFO - Started process (PID=2242) to work on /opt/airflow/dags/models/model_net_lstm.keras
[2024-10-11T22:50:09.784+0000] {processor.py:830} INFO - Processing file /opt/airflow/dags/models/model_net_lstm.keras for tasks to queue
[2024-10-11T22:50:09.786+0000] {logging_mixin.py:188} INFO - [2024-10-11T22:50:09.786+0000] {dagbag.py:545} INFO - Filling up the DagBag from /opt/airflow/dags/models/model_net_lstm.keras
[2024-10-11T22:50:09.789+0000] {processor.py:842} WARNING - No viable dags retrieved from /opt/airflow/dags/models/model_net_lstm.keras
[2024-10-11T22:50:09.805+0000] {processor.py:183} INFO - Processing /opt/airflow/dags/models/model_net_lstm.keras took 0.031 seconds
[2024-10-11T22:50:39.888+0000] {processor.py:161} INFO - Started process (PID=2303) to work on /opt/airflow/dags/models/model_net_lstm.keras
[2024-10-11T22:50:39.891+0000] {processor.py:830} INFO - Processing file /opt/airflow/dags/models/model_net_lstm.keras for tasks to queue
[2024-10-11T22:50:39.894+0000] {logging_mixin.py:188} INFO - [2024-10-11T22:50:39.893+0000] {dagbag.py:545} INFO - Filling up the DagBag from /opt/airflow/dags/models/model_net_lstm.keras
[2024-10-11T22:50:39.897+0000] {processor.py:842} WARNING - No viable dags retrieved from /opt/airflow/dags/models/model_net_lstm.keras
[2024-10-11T22:50:39.918+0000] {processor.py:183} INFO - Processing /opt/airflow/dags/models/model_net_lstm.keras took 0.039 seconds
[2024-10-11T22:51:10.307+0000] {processor.py:161} INFO - Started process (PID=2364) to work on /opt/airflow/dags/models/model_net_lstm.keras
[2024-10-11T22:51:10.310+0000] {processor.py:830} INFO - Processing file /opt/airflow/dags/models/model_net_lstm.keras for tasks to queue
[2024-10-11T22:51:10.312+0000] {logging_mixin.py:188} INFO - [2024-10-11T22:51:10.312+0000] {dagbag.py:545} INFO - Filling up the DagBag from /opt/airflow/dags/models/model_net_lstm.keras
[2024-10-11T22:51:10.316+0000] {processor.py:842} WARNING - No viable dags retrieved from /opt/airflow/dags/models/model_net_lstm.keras
[2024-10-11T22:51:10.335+0000] {processor.py:183} INFO - Processing /opt/airflow/dags/models/model_net_lstm.keras took 0.037 seconds
[2024-10-11T22:51:40.417+0000] {processor.py:161} INFO - Started process (PID=2424) to work on /opt/airflow/dags/models/model_net_lstm.keras
[2024-10-11T22:51:40.420+0000] {processor.py:830} INFO - Processing file /opt/airflow/dags/models/model_net_lstm.keras for tasks to queue
[2024-10-11T22:51:40.423+0000] {logging_mixin.py:188} INFO - [2024-10-11T22:51:40.422+0000] {dagbag.py:545} INFO - Filling up the DagBag from /opt/airflow/dags/models/model_net_lstm.keras
[2024-10-11T22:51:40.428+0000] {processor.py:842} WARNING - No viable dags retrieved from /opt/airflow/dags/models/model_net_lstm.keras
[2024-10-11T22:51:40.444+0000] {processor.py:183} INFO - Processing /opt/airflow/dags/models/model_net_lstm.keras took 0.035 seconds
[2024-10-11T22:52:11.175+0000] {processor.py:161} INFO - Started process (PID=2486) to work on /opt/airflow/dags/models/model_net_lstm.keras
[2024-10-11T22:52:11.177+0000] {processor.py:830} INFO - Processing file /opt/airflow/dags/models/model_net_lstm.keras for tasks to queue
[2024-10-11T22:52:11.180+0000] {logging_mixin.py:188} INFO - [2024-10-11T22:52:11.179+0000] {dagbag.py:545} INFO - Filling up the DagBag from /opt/airflow/dags/models/model_net_lstm.keras
[2024-10-11T22:52:11.183+0000] {processor.py:842} WARNING - No viable dags retrieved from /opt/airflow/dags/models/model_net_lstm.keras
[2024-10-11T22:52:11.199+0000] {processor.py:183} INFO - Processing /opt/airflow/dags/models/model_net_lstm.keras took 0.031 seconds
[2024-10-11T22:52:41.821+0000] {processor.py:161} INFO - Started process (PID=2549) to work on /opt/airflow/dags/models/model_net_lstm.keras
[2024-10-11T22:52:41.824+0000] {processor.py:830} INFO - Processing file /opt/airflow/dags/models/model_net_lstm.keras for tasks to queue
[2024-10-11T22:52:41.830+0000] {logging_mixin.py:188} INFO - [2024-10-11T22:52:41.829+0000] {dagbag.py:545} INFO - Filling up the DagBag from /opt/airflow/dags/models/model_net_lstm.keras
[2024-10-11T22:52:41.835+0000] {processor.py:842} WARNING - No viable dags retrieved from /opt/airflow/dags/models/model_net_lstm.keras
[2024-10-11T22:52:41.851+0000] {processor.py:183} INFO - Processing /opt/airflow/dags/models/model_net_lstm.keras took 0.044 seconds
[2024-10-11T22:53:12.393+0000] {processor.py:161} INFO - Started process (PID=2610) to work on /opt/airflow/dags/models/model_net_lstm.keras
[2024-10-11T22:53:12.395+0000] {processor.py:830} INFO - Processing file /opt/airflow/dags/models/model_net_lstm.keras for tasks to queue
[2024-10-11T22:53:12.398+0000] {logging_mixin.py:188} INFO - [2024-10-11T22:53:12.398+0000] {dagbag.py:545} INFO - Filling up the DagBag from /opt/airflow/dags/models/model_net_lstm.keras
[2024-10-11T22:53:12.402+0000] {processor.py:842} WARNING - No viable dags retrieved from /opt/airflow/dags/models/model_net_lstm.keras
[2024-10-11T22:53:12.421+0000] {processor.py:183} INFO - Processing /opt/airflow/dags/models/model_net_lstm.keras took 0.038 seconds
[2024-10-11T22:53:42.943+0000] {processor.py:161} INFO - Started process (PID=2671) to work on /opt/airflow/dags/models/model_net_lstm.keras
[2024-10-11T22:53:42.945+0000] {processor.py:830} INFO - Processing file /opt/airflow/dags/models/model_net_lstm.keras for tasks to queue
[2024-10-11T22:53:42.947+0000] {logging_mixin.py:188} INFO - [2024-10-11T22:53:42.947+0000] {dagbag.py:545} INFO - Filling up the DagBag from /opt/airflow/dags/models/model_net_lstm.keras
[2024-10-11T22:53:42.952+0000] {processor.py:842} WARNING - No viable dags retrieved from /opt/airflow/dags/models/model_net_lstm.keras
[2024-10-11T22:53:42.966+0000] {processor.py:183} INFO - Processing /opt/airflow/dags/models/model_net_lstm.keras took 0.029 seconds
[2024-10-11T22:54:13.403+0000] {processor.py:161} INFO - Started process (PID=2732) to work on /opt/airflow/dags/models/model_net_lstm.keras
[2024-10-11T22:54:13.406+0000] {processor.py:830} INFO - Processing file /opt/airflow/dags/models/model_net_lstm.keras for tasks to queue
[2024-10-11T22:54:13.409+0000] {logging_mixin.py:188} INFO - [2024-10-11T22:54:13.408+0000] {dagbag.py:545} INFO - Filling up the DagBag from /opt/airflow/dags/models/model_net_lstm.keras
[2024-10-11T22:54:13.412+0000] {processor.py:842} WARNING - No viable dags retrieved from /opt/airflow/dags/models/model_net_lstm.keras
[2024-10-11T22:54:13.429+0000] {processor.py:183} INFO - Processing /opt/airflow/dags/models/model_net_lstm.keras took 0.037 seconds
[2024-10-11T22:54:44.006+0000] {processor.py:161} INFO - Started process (PID=2793) to work on /opt/airflow/dags/models/model_net_lstm.keras
[2024-10-11T22:54:44.008+0000] {processor.py:830} INFO - Processing file /opt/airflow/dags/models/model_net_lstm.keras for tasks to queue
[2024-10-11T22:54:44.011+0000] {logging_mixin.py:188} INFO - [2024-10-11T22:54:44.011+0000] {dagbag.py:545} INFO - Filling up the DagBag from /opt/airflow/dags/models/model_net_lstm.keras
[2024-10-11T22:54:44.015+0000] {processor.py:842} WARNING - No viable dags retrieved from /opt/airflow/dags/models/model_net_lstm.keras
[2024-10-11T22:54:44.032+0000] {processor.py:183} INFO - Processing /opt/airflow/dags/models/model_net_lstm.keras took 0.035 seconds
[2024-10-11T22:55:14.604+0000] {processor.py:161} INFO - Started process (PID=2854) to work on /opt/airflow/dags/models/model_net_lstm.keras
[2024-10-11T22:55:14.606+0000] {processor.py:830} INFO - Processing file /opt/airflow/dags/models/model_net_lstm.keras for tasks to queue
[2024-10-11T22:55:14.608+0000] {logging_mixin.py:188} INFO - [2024-10-11T22:55:14.608+0000] {dagbag.py:545} INFO - Filling up the DagBag from /opt/airflow/dags/models/model_net_lstm.keras
[2024-10-11T22:55:14.611+0000] {processor.py:842} WARNING - No viable dags retrieved from /opt/airflow/dags/models/model_net_lstm.keras
[2024-10-11T22:55:14.624+0000] {processor.py:183} INFO - Processing /opt/airflow/dags/models/model_net_lstm.keras took 0.027 seconds
[2024-10-11T22:55:45.256+0000] {processor.py:161} INFO - Started process (PID=2915) to work on /opt/airflow/dags/models/model_net_lstm.keras
[2024-10-11T22:55:45.257+0000] {processor.py:830} INFO - Processing file /opt/airflow/dags/models/model_net_lstm.keras for tasks to queue
[2024-10-11T22:55:45.259+0000] {logging_mixin.py:188} INFO - [2024-10-11T22:55:45.258+0000] {dagbag.py:545} INFO - Filling up the DagBag from /opt/airflow/dags/models/model_net_lstm.keras
[2024-10-11T22:55:45.261+0000] {processor.py:842} WARNING - No viable dags retrieved from /opt/airflow/dags/models/model_net_lstm.keras
[2024-10-11T22:55:45.275+0000] {processor.py:183} INFO - Processing /opt/airflow/dags/models/model_net_lstm.keras took 0.024 seconds
[2024-10-11T22:56:15.727+0000] {processor.py:161} INFO - Started process (PID=2976) to work on /opt/airflow/dags/models/model_net_lstm.keras
[2024-10-11T22:56:15.729+0000] {processor.py:830} INFO - Processing file /opt/airflow/dags/models/model_net_lstm.keras for tasks to queue
[2024-10-11T22:56:15.741+0000] {logging_mixin.py:188} INFO - [2024-10-11T22:56:15.741+0000] {dagbag.py:545} INFO - Filling up the DagBag from /opt/airflow/dags/models/model_net_lstm.keras
[2024-10-11T22:56:15.759+0000] {processor.py:842} WARNING - No viable dags retrieved from /opt/airflow/dags/models/model_net_lstm.keras
[2024-10-11T22:56:15.773+0000] {processor.py:183} INFO - Processing /opt/airflow/dags/models/model_net_lstm.keras took 0.051 seconds
[2024-10-11T22:56:46.183+0000] {processor.py:161} INFO - Started process (PID=3037) to work on /opt/airflow/dags/models/model_net_lstm.keras
[2024-10-11T22:56:46.186+0000] {processor.py:830} INFO - Processing file /opt/airflow/dags/models/model_net_lstm.keras for tasks to queue
[2024-10-11T22:56:46.189+0000] {logging_mixin.py:188} INFO - [2024-10-11T22:56:46.188+0000] {dagbag.py:545} INFO - Filling up the DagBag from /opt/airflow/dags/models/model_net_lstm.keras
[2024-10-11T22:56:46.193+0000] {processor.py:842} WARNING - No viable dags retrieved from /opt/airflow/dags/models/model_net_lstm.keras
[2024-10-11T22:56:46.213+0000] {processor.py:183} INFO - Processing /opt/airflow/dags/models/model_net_lstm.keras took 0.040 seconds
[2024-10-11T22:57:16.429+0000] {processor.py:161} INFO - Started process (PID=3099) to work on /opt/airflow/dags/models/model_net_lstm.keras
[2024-10-11T22:57:16.432+0000] {processor.py:830} INFO - Processing file /opt/airflow/dags/models/model_net_lstm.keras for tasks to queue
[2024-10-11T22:57:16.435+0000] {logging_mixin.py:188} INFO - [2024-10-11T22:57:16.435+0000] {dagbag.py:545} INFO - Filling up the DagBag from /opt/airflow/dags/models/model_net_lstm.keras
[2024-10-11T22:57:16.439+0000] {processor.py:842} WARNING - No viable dags retrieved from /opt/airflow/dags/models/model_net_lstm.keras
[2024-10-11T22:57:16.457+0000] {processor.py:183} INFO - Processing /opt/airflow/dags/models/model_net_lstm.keras took 0.036 seconds
[2024-10-11T22:57:47.109+0000] {processor.py:161} INFO - Started process (PID=3160) to work on /opt/airflow/dags/models/model_net_lstm.keras
[2024-10-11T22:57:47.112+0000] {processor.py:830} INFO - Processing file /opt/airflow/dags/models/model_net_lstm.keras for tasks to queue
[2024-10-11T22:57:47.116+0000] {logging_mixin.py:188} INFO - [2024-10-11T22:57:47.115+0000] {dagbag.py:545} INFO - Filling up the DagBag from /opt/airflow/dags/models/model_net_lstm.keras
[2024-10-11T22:57:47.121+0000] {processor.py:842} WARNING - No viable dags retrieved from /opt/airflow/dags/models/model_net_lstm.keras
[2024-10-11T22:57:47.139+0000] {processor.py:183} INFO - Processing /opt/airflow/dags/models/model_net_lstm.keras took 0.041 seconds
[2024-10-11T22:58:17.743+0000] {processor.py:161} INFO - Started process (PID=3221) to work on /opt/airflow/dags/models/model_net_lstm.keras
[2024-10-11T22:58:17.746+0000] {processor.py:830} INFO - Processing file /opt/airflow/dags/models/model_net_lstm.keras for tasks to queue
[2024-10-11T22:58:17.750+0000] {logging_mixin.py:188} INFO - [2024-10-11T22:58:17.750+0000] {dagbag.py:545} INFO - Filling up the DagBag from /opt/airflow/dags/models/model_net_lstm.keras
[2024-10-11T22:58:17.754+0000] {processor.py:842} WARNING - No viable dags retrieved from /opt/airflow/dags/models/model_net_lstm.keras
[2024-10-11T22:58:17.769+0000] {processor.py:183} INFO - Processing /opt/airflow/dags/models/model_net_lstm.keras took 0.032 seconds
[2024-10-11T22:58:48.387+0000] {processor.py:161} INFO - Started process (PID=3283) to work on /opt/airflow/dags/models/model_net_lstm.keras
[2024-10-11T22:58:48.391+0000] {processor.py:830} INFO - Processing file /opt/airflow/dags/models/model_net_lstm.keras for tasks to queue
[2024-10-11T22:58:48.393+0000] {logging_mixin.py:188} INFO - [2024-10-11T22:58:48.393+0000] {dagbag.py:545} INFO - Filling up the DagBag from /opt/airflow/dags/models/model_net_lstm.keras
[2024-10-11T22:58:48.397+0000] {processor.py:842} WARNING - No viable dags retrieved from /opt/airflow/dags/models/model_net_lstm.keras
[2024-10-11T22:58:48.415+0000] {processor.py:183} INFO - Processing /opt/airflow/dags/models/model_net_lstm.keras took 0.038 seconds
[2024-10-11T22:59:18.952+0000] {processor.py:161} INFO - Started process (PID=3344) to work on /opt/airflow/dags/models/model_net_lstm.keras
[2024-10-11T22:59:18.955+0000] {processor.py:830} INFO - Processing file /opt/airflow/dags/models/model_net_lstm.keras for tasks to queue
[2024-10-11T22:59:18.958+0000] {logging_mixin.py:188} INFO - [2024-10-11T22:59:18.958+0000] {dagbag.py:545} INFO - Filling up the DagBag from /opt/airflow/dags/models/model_net_lstm.keras
[2024-10-11T22:59:18.962+0000] {processor.py:842} WARNING - No viable dags retrieved from /opt/airflow/dags/models/model_net_lstm.keras
[2024-10-11T22:59:18.981+0000] {processor.py:183} INFO - Processing /opt/airflow/dags/models/model_net_lstm.keras took 0.041 seconds
[2024-10-11T22:59:49.437+0000] {processor.py:161} INFO - Started process (PID=3405) to work on /opt/airflow/dags/models/model_net_lstm.keras
[2024-10-11T22:59:49.439+0000] {processor.py:830} INFO - Processing file /opt/airflow/dags/models/model_net_lstm.keras for tasks to queue
[2024-10-11T22:59:49.443+0000] {logging_mixin.py:188} INFO - [2024-10-11T22:59:49.443+0000] {dagbag.py:545} INFO - Filling up the DagBag from /opt/airflow/dags/models/model_net_lstm.keras
[2024-10-11T22:59:49.447+0000] {processor.py:842} WARNING - No viable dags retrieved from /opt/airflow/dags/models/model_net_lstm.keras
[2024-10-11T22:59:49.464+0000] {processor.py:183} INFO - Processing /opt/airflow/dags/models/model_net_lstm.keras took 0.039 seconds
[2024-10-11T23:00:20.001+0000] {processor.py:161} INFO - Started process (PID=3467) to work on /opt/airflow/dags/models/model_net_lstm.keras
[2024-10-11T23:00:20.003+0000] {processor.py:830} INFO - Processing file /opt/airflow/dags/models/model_net_lstm.keras for tasks to queue
[2024-10-11T23:00:20.005+0000] {logging_mixin.py:188} INFO - [2024-10-11T23:00:20.004+0000] {dagbag.py:545} INFO - Filling up the DagBag from /opt/airflow/dags/models/model_net_lstm.keras
[2024-10-11T23:00:20.007+0000] {processor.py:842} WARNING - No viable dags retrieved from /opt/airflow/dags/models/model_net_lstm.keras
[2024-10-11T23:00:20.019+0000] {processor.py:183} INFO - Processing /opt/airflow/dags/models/model_net_lstm.keras took 0.023 seconds
[2024-10-11T23:00:50.554+0000] {processor.py:161} INFO - Started process (PID=3528) to work on /opt/airflow/dags/models/model_net_lstm.keras
[2024-10-11T23:00:50.557+0000] {processor.py:830} INFO - Processing file /opt/airflow/dags/models/model_net_lstm.keras for tasks to queue
[2024-10-11T23:00:50.561+0000] {logging_mixin.py:188} INFO - [2024-10-11T23:00:50.561+0000] {dagbag.py:545} INFO - Filling up the DagBag from /opt/airflow/dags/models/model_net_lstm.keras
[2024-10-11T23:00:50.565+0000] {processor.py:842} WARNING - No viable dags retrieved from /opt/airflow/dags/models/model_net_lstm.keras
[2024-10-11T23:00:50.581+0000] {processor.py:183} INFO - Processing /opt/airflow/dags/models/model_net_lstm.keras took 0.039 seconds
[2024-10-11T23:01:21.220+0000] {processor.py:161} INFO - Started process (PID=3589) to work on /opt/airflow/dags/models/model_net_lstm.keras
[2024-10-11T23:01:21.223+0000] {processor.py:830} INFO - Processing file /opt/airflow/dags/models/model_net_lstm.keras for tasks to queue
[2024-10-11T23:01:21.226+0000] {logging_mixin.py:188} INFO - [2024-10-11T23:01:21.225+0000] {dagbag.py:545} INFO - Filling up the DagBag from /opt/airflow/dags/models/model_net_lstm.keras
[2024-10-11T23:01:21.228+0000] {processor.py:842} WARNING - No viable dags retrieved from /opt/airflow/dags/models/model_net_lstm.keras
[2024-10-11T23:01:21.243+0000] {processor.py:183} INFO - Processing /opt/airflow/dags/models/model_net_lstm.keras took 0.029 seconds
[2024-10-11T23:01:51.348+0000] {processor.py:161} INFO - Started process (PID=3650) to work on /opt/airflow/dags/models/model_net_lstm.keras
[2024-10-11T23:01:51.351+0000] {processor.py:830} INFO - Processing file /opt/airflow/dags/models/model_net_lstm.keras for tasks to queue
[2024-10-11T23:01:51.354+0000] {logging_mixin.py:188} INFO - [2024-10-11T23:01:51.354+0000] {dagbag.py:545} INFO - Filling up the DagBag from /opt/airflow/dags/models/model_net_lstm.keras
[2024-10-11T23:01:51.357+0000] {processor.py:842} WARNING - No viable dags retrieved from /opt/airflow/dags/models/model_net_lstm.keras
[2024-10-11T23:01:51.374+0000] {processor.py:183} INFO - Processing /opt/airflow/dags/models/model_net_lstm.keras took 0.034 seconds
[2024-10-11T23:02:21.943+0000] {processor.py:161} INFO - Started process (PID=3711) to work on /opt/airflow/dags/models/model_net_lstm.keras
[2024-10-11T23:02:21.946+0000] {processor.py:830} INFO - Processing file /opt/airflow/dags/models/model_net_lstm.keras for tasks to queue
[2024-10-11T23:02:21.951+0000] {logging_mixin.py:188} INFO - [2024-10-11T23:02:21.950+0000] {dagbag.py:545} INFO - Filling up the DagBag from /opt/airflow/dags/models/model_net_lstm.keras
[2024-10-11T23:02:21.954+0000] {processor.py:842} WARNING - No viable dags retrieved from /opt/airflow/dags/models/model_net_lstm.keras
[2024-10-11T23:02:21.988+0000] {processor.py:183} INFO - Processing /opt/airflow/dags/models/model_net_lstm.keras took 0.056 seconds
[2024-10-11T23:05:12.804+0000] {processor.py:161} INFO - Started process (PID=37) to work on /opt/airflow/dags/models/model_net_lstm.keras
[2024-10-11T23:05:12.806+0000] {processor.py:830} INFO - Processing file /opt/airflow/dags/models/model_net_lstm.keras for tasks to queue
[2024-10-11T23:05:12.809+0000] {logging_mixin.py:188} INFO - [2024-10-11T23:05:12.809+0000] {dagbag.py:545} INFO - Filling up the DagBag from /opt/airflow/dags/models/model_net_lstm.keras
[2024-10-11T23:05:12.813+0000] {processor.py:842} WARNING - No viable dags retrieved from /opt/airflow/dags/models/model_net_lstm.keras
[2024-10-11T23:05:12.835+0000] {processor.py:183} INFO - Processing /opt/airflow/dags/models/model_net_lstm.keras took 0.035 seconds
[2024-10-11T23:05:43.529+0000] {processor.py:161} INFO - Started process (PID=99) to work on /opt/airflow/dags/models/model_net_lstm.keras
[2024-10-11T23:05:43.530+0000] {processor.py:830} INFO - Processing file /opt/airflow/dags/models/model_net_lstm.keras for tasks to queue
[2024-10-11T23:05:43.532+0000] {logging_mixin.py:188} INFO - [2024-10-11T23:05:43.532+0000] {dagbag.py:545} INFO - Filling up the DagBag from /opt/airflow/dags/models/model_net_lstm.keras
[2024-10-11T23:05:43.534+0000] {processor.py:842} WARNING - No viable dags retrieved from /opt/airflow/dags/models/model_net_lstm.keras
[2024-10-11T23:05:43.547+0000] {processor.py:183} INFO - Processing /opt/airflow/dags/models/model_net_lstm.keras took 0.022 seconds
[2024-10-11T23:06:13.800+0000] {processor.py:161} INFO - Started process (PID=160) to work on /opt/airflow/dags/models/model_net_lstm.keras
[2024-10-11T23:06:13.801+0000] {processor.py:830} INFO - Processing file /opt/airflow/dags/models/model_net_lstm.keras for tasks to queue
[2024-10-11T23:06:13.803+0000] {logging_mixin.py:188} INFO - [2024-10-11T23:06:13.803+0000] {dagbag.py:545} INFO - Filling up the DagBag from /opt/airflow/dags/models/model_net_lstm.keras
[2024-10-11T23:06:13.806+0000] {processor.py:842} WARNING - No viable dags retrieved from /opt/airflow/dags/models/model_net_lstm.keras
[2024-10-11T23:06:13.820+0000] {processor.py:183} INFO - Processing /opt/airflow/dags/models/model_net_lstm.keras took 0.026 seconds
[2024-10-11T23:06:43.935+0000] {processor.py:161} INFO - Started process (PID=221) to work on /opt/airflow/dags/models/model_net_lstm.keras
[2024-10-11T23:06:43.936+0000] {processor.py:830} INFO - Processing file /opt/airflow/dags/models/model_net_lstm.keras for tasks to queue
[2024-10-11T23:06:43.938+0000] {logging_mixin.py:188} INFO - [2024-10-11T23:06:43.938+0000] {dagbag.py:545} INFO - Filling up the DagBag from /opt/airflow/dags/models/model_net_lstm.keras
[2024-10-11T23:06:43.942+0000] {processor.py:842} WARNING - No viable dags retrieved from /opt/airflow/dags/models/model_net_lstm.keras
[2024-10-11T23:06:43.959+0000] {processor.py:183} INFO - Processing /opt/airflow/dags/models/model_net_lstm.keras took 0.028 seconds
[2024-10-11T23:07:14.370+0000] {processor.py:161} INFO - Started process (PID=282) to work on /opt/airflow/dags/models/model_net_lstm.keras
[2024-10-11T23:07:14.371+0000] {processor.py:830} INFO - Processing file /opt/airflow/dags/models/model_net_lstm.keras for tasks to queue
[2024-10-11T23:07:14.373+0000] {logging_mixin.py:188} INFO - [2024-10-11T23:07:14.373+0000] {dagbag.py:545} INFO - Filling up the DagBag from /opt/airflow/dags/models/model_net_lstm.keras
[2024-10-11T23:07:14.376+0000] {processor.py:842} WARNING - No viable dags retrieved from /opt/airflow/dags/models/model_net_lstm.keras
[2024-10-11T23:07:14.388+0000] {processor.py:183} INFO - Processing /opt/airflow/dags/models/model_net_lstm.keras took 0.026 seconds
[2024-10-11T23:08:29.061+0000] {processor.py:161} INFO - Started process (PID=37) to work on /opt/airflow/dags/models/model_net_lstm.keras
[2024-10-11T23:08:29.062+0000] {processor.py:830} INFO - Processing file /opt/airflow/dags/models/model_net_lstm.keras for tasks to queue
[2024-10-11T23:08:29.065+0000] {logging_mixin.py:188} INFO - [2024-10-11T23:08:29.065+0000] {dagbag.py:545} INFO - Filling up the DagBag from /opt/airflow/dags/models/model_net_lstm.keras
[2024-10-11T23:08:29.068+0000] {processor.py:842} WARNING - No viable dags retrieved from /opt/airflow/dags/models/model_net_lstm.keras
[2024-10-11T23:08:29.083+0000] {processor.py:183} INFO - Processing /opt/airflow/dags/models/model_net_lstm.keras took 0.027 seconds
[2024-10-11T23:08:59.370+0000] {processor.py:161} INFO - Started process (PID=97) to work on /opt/airflow/dags/models/model_net_lstm.keras
[2024-10-11T23:08:59.372+0000] {processor.py:830} INFO - Processing file /opt/airflow/dags/models/model_net_lstm.keras for tasks to queue
[2024-10-11T23:08:59.374+0000] {logging_mixin.py:188} INFO - [2024-10-11T23:08:59.374+0000] {dagbag.py:545} INFO - Filling up the DagBag from /opt/airflow/dags/models/model_net_lstm.keras
[2024-10-11T23:08:59.376+0000] {processor.py:842} WARNING - No viable dags retrieved from /opt/airflow/dags/models/model_net_lstm.keras
[2024-10-11T23:08:59.390+0000] {processor.py:183} INFO - Processing /opt/airflow/dags/models/model_net_lstm.keras took 0.024 seconds
[2024-10-11T23:09:30.046+0000] {processor.py:161} INFO - Started process (PID=158) to work on /opt/airflow/dags/models/model_net_lstm.keras
[2024-10-11T23:09:30.048+0000] {processor.py:830} INFO - Processing file /opt/airflow/dags/models/model_net_lstm.keras for tasks to queue
[2024-10-11T23:09:30.050+0000] {logging_mixin.py:188} INFO - [2024-10-11T23:09:30.049+0000] {dagbag.py:545} INFO - Filling up the DagBag from /opt/airflow/dags/models/model_net_lstm.keras
[2024-10-11T23:09:30.052+0000] {processor.py:842} WARNING - No viable dags retrieved from /opt/airflow/dags/models/model_net_lstm.keras
[2024-10-11T23:09:30.064+0000] {processor.py:183} INFO - Processing /opt/airflow/dags/models/model_net_lstm.keras took 0.021 seconds
[2024-10-11T23:10:00.677+0000] {processor.py:161} INFO - Started process (PID=219) to work on /opt/airflow/dags/models/model_net_lstm.keras
[2024-10-11T23:10:00.679+0000] {processor.py:830} INFO - Processing file /opt/airflow/dags/models/model_net_lstm.keras for tasks to queue
[2024-10-11T23:10:00.681+0000] {logging_mixin.py:188} INFO - [2024-10-11T23:10:00.681+0000] {dagbag.py:545} INFO - Filling up the DagBag from /opt/airflow/dags/models/model_net_lstm.keras
[2024-10-11T23:10:00.684+0000] {processor.py:842} WARNING - No viable dags retrieved from /opt/airflow/dags/models/model_net_lstm.keras
[2024-10-11T23:10:00.697+0000] {processor.py:183} INFO - Processing /opt/airflow/dags/models/model_net_lstm.keras took 0.026 seconds
[2024-10-11T23:10:31.362+0000] {processor.py:161} INFO - Started process (PID=280) to work on /opt/airflow/dags/models/model_net_lstm.keras
[2024-10-11T23:10:31.364+0000] {processor.py:830} INFO - Processing file /opt/airflow/dags/models/model_net_lstm.keras for tasks to queue
[2024-10-11T23:10:31.366+0000] {logging_mixin.py:188} INFO - [2024-10-11T23:10:31.365+0000] {dagbag.py:545} INFO - Filling up the DagBag from /opt/airflow/dags/models/model_net_lstm.keras
[2024-10-11T23:10:31.368+0000] {processor.py:842} WARNING - No viable dags retrieved from /opt/airflow/dags/models/model_net_lstm.keras
[2024-10-11T23:10:31.380+0000] {processor.py:183} INFO - Processing /opt/airflow/dags/models/model_net_lstm.keras took 0.025 seconds
[2024-10-11T23:11:01.819+0000] {processor.py:161} INFO - Started process (PID=341) to work on /opt/airflow/dags/models/model_net_lstm.keras
[2024-10-11T23:11:01.821+0000] {processor.py:830} INFO - Processing file /opt/airflow/dags/models/model_net_lstm.keras for tasks to queue
[2024-10-11T23:11:01.824+0000] {logging_mixin.py:188} INFO - [2024-10-11T23:11:01.823+0000] {dagbag.py:545} INFO - Filling up the DagBag from /opt/airflow/dags/models/model_net_lstm.keras
[2024-10-11T23:11:01.831+0000] {processor.py:842} WARNING - No viable dags retrieved from /opt/airflow/dags/models/model_net_lstm.keras
[2024-10-11T23:11:01.849+0000] {processor.py:183} INFO - Processing /opt/airflow/dags/models/model_net_lstm.keras took 0.036 seconds
[2024-10-11T23:11:31.954+0000] {processor.py:161} INFO - Started process (PID=401) to work on /opt/airflow/dags/models/model_net_lstm.keras
[2024-10-11T23:11:31.956+0000] {processor.py:830} INFO - Processing file /opt/airflow/dags/models/model_net_lstm.keras for tasks to queue
[2024-10-11T23:11:31.960+0000] {logging_mixin.py:188} INFO - [2024-10-11T23:11:31.959+0000] {dagbag.py:545} INFO - Filling up the DagBag from /opt/airflow/dags/models/model_net_lstm.keras
[2024-10-11T23:11:31.963+0000] {processor.py:842} WARNING - No viable dags retrieved from /opt/airflow/dags/models/model_net_lstm.keras
[2024-10-11T23:11:31.983+0000] {processor.py:183} INFO - Processing /opt/airflow/dags/models/model_net_lstm.keras took 0.034 seconds
[2024-10-11T23:12:02.501+0000] {processor.py:161} INFO - Started process (PID=462) to work on /opt/airflow/dags/models/model_net_lstm.keras
[2024-10-11T23:12:02.502+0000] {processor.py:830} INFO - Processing file /opt/airflow/dags/models/model_net_lstm.keras for tasks to queue
[2024-10-11T23:12:02.505+0000] {logging_mixin.py:188} INFO - [2024-10-11T23:12:02.504+0000] {dagbag.py:545} INFO - Filling up the DagBag from /opt/airflow/dags/models/model_net_lstm.keras
[2024-10-11T23:12:02.507+0000] {processor.py:842} WARNING - No viable dags retrieved from /opt/airflow/dags/models/model_net_lstm.keras
[2024-10-11T23:12:02.519+0000] {processor.py:183} INFO - Processing /opt/airflow/dags/models/model_net_lstm.keras took 0.022 seconds
[2024-10-11T23:12:32.755+0000] {processor.py:161} INFO - Started process (PID=523) to work on /opt/airflow/dags/models/model_net_lstm.keras
[2024-10-11T23:12:32.756+0000] {processor.py:830} INFO - Processing file /opt/airflow/dags/models/model_net_lstm.keras for tasks to queue
[2024-10-11T23:12:32.758+0000] {logging_mixin.py:188} INFO - [2024-10-11T23:12:32.757+0000] {dagbag.py:545} INFO - Filling up the DagBag from /opt/airflow/dags/models/model_net_lstm.keras
[2024-10-11T23:12:32.760+0000] {processor.py:842} WARNING - No viable dags retrieved from /opt/airflow/dags/models/model_net_lstm.keras
[2024-10-11T23:12:32.776+0000] {processor.py:183} INFO - Processing /opt/airflow/dags/models/model_net_lstm.keras took 0.026 seconds
[2024-10-11T23:13:37.655+0000] {processor.py:161} INFO - Started process (PID=37) to work on /opt/airflow/dags/models/model_net_lstm.keras
[2024-10-11T23:13:37.658+0000] {processor.py:830} INFO - Processing file /opt/airflow/dags/models/model_net_lstm.keras for tasks to queue
[2024-10-11T23:13:37.662+0000] {logging_mixin.py:188} INFO - [2024-10-11T23:13:37.661+0000] {dagbag.py:545} INFO - Filling up the DagBag from /opt/airflow/dags/models/model_net_lstm.keras
[2024-10-11T23:13:37.674+0000] {processor.py:842} WARNING - No viable dags retrieved from /opt/airflow/dags/models/model_net_lstm.keras
[2024-10-11T23:13:37.700+0000] {processor.py:183} INFO - Processing /opt/airflow/dags/models/model_net_lstm.keras took 0.051 seconds
[2024-10-11T23:14:07.761+0000] {processor.py:161} INFO - Started process (PID=97) to work on /opt/airflow/dags/models/model_net_lstm.keras
[2024-10-11T23:14:07.762+0000] {processor.py:830} INFO - Processing file /opt/airflow/dags/models/model_net_lstm.keras for tasks to queue
[2024-10-11T23:14:07.766+0000] {logging_mixin.py:188} INFO - [2024-10-11T23:14:07.765+0000] {dagbag.py:545} INFO - Filling up the DagBag from /opt/airflow/dags/models/model_net_lstm.keras
[2024-10-11T23:14:07.771+0000] {processor.py:842} WARNING - No viable dags retrieved from /opt/airflow/dags/models/model_net_lstm.keras
[2024-10-11T23:14:07.801+0000] {processor.py:183} INFO - Processing /opt/airflow/dags/models/model_net_lstm.keras took 0.051 seconds
[2024-10-11T23:14:37.849+0000] {processor.py:161} INFO - Started process (PID=157) to work on /opt/airflow/dags/models/model_net_lstm.keras
[2024-10-11T23:14:37.855+0000] {processor.py:830} INFO - Processing file /opt/airflow/dags/models/model_net_lstm.keras for tasks to queue
[2024-10-11T23:14:37.863+0000] {logging_mixin.py:188} INFO - [2024-10-11T23:14:37.862+0000] {dagbag.py:545} INFO - Filling up the DagBag from /opt/airflow/dags/models/model_net_lstm.keras
[2024-10-11T23:14:37.869+0000] {processor.py:842} WARNING - No viable dags retrieved from /opt/airflow/dags/models/model_net_lstm.keras
[2024-10-11T23:14:37.896+0000] {processor.py:183} INFO - Processing /opt/airflow/dags/models/model_net_lstm.keras took 0.055 seconds
[2024-10-11T23:15:08.877+0000] {processor.py:161} INFO - Started process (PID=220) to work on /opt/airflow/dags/models/model_net_lstm.keras
[2024-10-11T23:15:08.879+0000] {processor.py:830} INFO - Processing file /opt/airflow/dags/models/model_net_lstm.keras for tasks to queue
[2024-10-11T23:15:08.885+0000] {logging_mixin.py:188} INFO - [2024-10-11T23:15:08.884+0000] {dagbag.py:545} INFO - Filling up the DagBag from /opt/airflow/dags/models/model_net_lstm.keras
[2024-10-11T23:15:08.902+0000] {processor.py:842} WARNING - No viable dags retrieved from /opt/airflow/dags/models/model_net_lstm.keras
[2024-10-11T23:15:08.925+0000] {processor.py:183} INFO - Processing /opt/airflow/dags/models/model_net_lstm.keras took 0.055 seconds
[2024-10-11T23:15:39.396+0000] {processor.py:161} INFO - Started process (PID=281) to work on /opt/airflow/dags/models/model_net_lstm.keras
[2024-10-11T23:15:39.399+0000] {processor.py:830} INFO - Processing file /opt/airflow/dags/models/model_net_lstm.keras for tasks to queue
[2024-10-11T23:15:39.406+0000] {logging_mixin.py:188} INFO - [2024-10-11T23:15:39.405+0000] {dagbag.py:545} INFO - Filling up the DagBag from /opt/airflow/dags/models/model_net_lstm.keras
[2024-10-11T23:15:39.409+0000] {processor.py:842} WARNING - No viable dags retrieved from /opt/airflow/dags/models/model_net_lstm.keras
[2024-10-11T23:15:39.439+0000] {processor.py:183} INFO - Processing /opt/airflow/dags/models/model_net_lstm.keras took 0.050 seconds
[2024-10-11T23:16:09.918+0000] {processor.py:161} INFO - Started process (PID=342) to work on /opt/airflow/dags/models/model_net_lstm.keras
[2024-10-11T23:16:09.919+0000] {processor.py:830} INFO - Processing file /opt/airflow/dags/models/model_net_lstm.keras for tasks to queue
[2024-10-11T23:16:09.922+0000] {logging_mixin.py:188} INFO - [2024-10-11T23:16:09.922+0000] {dagbag.py:545} INFO - Filling up the DagBag from /opt/airflow/dags/models/model_net_lstm.keras
[2024-10-11T23:16:09.928+0000] {processor.py:842} WARNING - No viable dags retrieved from /opt/airflow/dags/models/model_net_lstm.keras
[2024-10-11T23:16:09.949+0000] {processor.py:183} INFO - Processing /opt/airflow/dags/models/model_net_lstm.keras took 0.037 seconds
[2024-10-11T23:16:40.085+0000] {processor.py:161} INFO - Started process (PID=403) to work on /opt/airflow/dags/models/model_net_lstm.keras
[2024-10-11T23:16:40.087+0000] {processor.py:830} INFO - Processing file /opt/airflow/dags/models/model_net_lstm.keras for tasks to queue
[2024-10-11T23:16:40.089+0000] {logging_mixin.py:188} INFO - [2024-10-11T23:16:40.089+0000] {dagbag.py:545} INFO - Filling up the DagBag from /opt/airflow/dags/models/model_net_lstm.keras
[2024-10-11T23:16:40.091+0000] {processor.py:842} WARNING - No viable dags retrieved from /opt/airflow/dags/models/model_net_lstm.keras
[2024-10-11T23:16:40.104+0000] {processor.py:183} INFO - Processing /opt/airflow/dags/models/model_net_lstm.keras took 0.024 seconds
[2024-10-11T23:17:10.316+0000] {processor.py:161} INFO - Started process (PID=464) to work on /opt/airflow/dags/models/model_net_lstm.keras
[2024-10-11T23:17:10.317+0000] {processor.py:830} INFO - Processing file /opt/airflow/dags/models/model_net_lstm.keras for tasks to queue
[2024-10-11T23:17:10.319+0000] {logging_mixin.py:188} INFO - [2024-10-11T23:17:10.319+0000] {dagbag.py:545} INFO - Filling up the DagBag from /opt/airflow/dags/models/model_net_lstm.keras
[2024-10-11T23:17:10.322+0000] {processor.py:842} WARNING - No viable dags retrieved from /opt/airflow/dags/models/model_net_lstm.keras
[2024-10-11T23:17:10.334+0000] {processor.py:183} INFO - Processing /opt/airflow/dags/models/model_net_lstm.keras took 0.022 seconds
[2024-10-11T23:18:33.168+0000] {processor.py:161} INFO - Started process (PID=37) to work on /opt/airflow/dags/models/model_net_lstm.keras
[2024-10-11T23:18:33.169+0000] {processor.py:830} INFO - Processing file /opt/airflow/dags/models/model_net_lstm.keras for tasks to queue
[2024-10-11T23:18:33.171+0000] {logging_mixin.py:188} INFO - [2024-10-11T23:18:33.171+0000] {dagbag.py:545} INFO - Filling up the DagBag from /opt/airflow/dags/models/model_net_lstm.keras
[2024-10-11T23:18:33.173+0000] {processor.py:842} WARNING - No viable dags retrieved from /opt/airflow/dags/models/model_net_lstm.keras
[2024-10-11T23:18:33.185+0000] {processor.py:183} INFO - Processing /opt/airflow/dags/models/model_net_lstm.keras took 0.021 seconds
[2024-10-11T23:19:03.709+0000] {processor.py:161} INFO - Started process (PID=99) to work on /opt/airflow/dags/models/model_net_lstm.keras
[2024-10-11T23:19:03.710+0000] {processor.py:830} INFO - Processing file /opt/airflow/dags/models/model_net_lstm.keras for tasks to queue
[2024-10-11T23:19:03.711+0000] {logging_mixin.py:188} INFO - [2024-10-11T23:19:03.711+0000] {dagbag.py:545} INFO - Filling up the DagBag from /opt/airflow/dags/models/model_net_lstm.keras
[2024-10-11T23:19:03.713+0000] {processor.py:842} WARNING - No viable dags retrieved from /opt/airflow/dags/models/model_net_lstm.keras
[2024-10-11T23:19:03.725+0000] {processor.py:183} INFO - Processing /opt/airflow/dags/models/model_net_lstm.keras took 0.020 seconds
[2024-10-11T23:19:34.351+0000] {processor.py:161} INFO - Started process (PID=159) to work on /opt/airflow/dags/models/model_net_lstm.keras
[2024-10-11T23:19:34.352+0000] {processor.py:830} INFO - Processing file /opt/airflow/dags/models/model_net_lstm.keras for tasks to queue
[2024-10-11T23:19:34.354+0000] {logging_mixin.py:188} INFO - [2024-10-11T23:19:34.354+0000] {dagbag.py:545} INFO - Filling up the DagBag from /opt/airflow/dags/models/model_net_lstm.keras
[2024-10-11T23:19:34.356+0000] {processor.py:842} WARNING - No viable dags retrieved from /opt/airflow/dags/models/model_net_lstm.keras
[2024-10-11T23:19:34.368+0000] {processor.py:183} INFO - Processing /opt/airflow/dags/models/model_net_lstm.keras took 0.022 seconds
[2024-10-11T23:20:04.668+0000] {processor.py:161} INFO - Started process (PID=220) to work on /opt/airflow/dags/models/model_net_lstm.keras
[2024-10-11T23:20:04.669+0000] {processor.py:830} INFO - Processing file /opt/airflow/dags/models/model_net_lstm.keras for tasks to queue
[2024-10-11T23:20:04.670+0000] {logging_mixin.py:188} INFO - [2024-10-11T23:20:04.670+0000] {dagbag.py:545} INFO - Filling up the DagBag from /opt/airflow/dags/models/model_net_lstm.keras
[2024-10-11T23:20:04.672+0000] {processor.py:842} WARNING - No viable dags retrieved from /opt/airflow/dags/models/model_net_lstm.keras
[2024-10-11T23:20:04.683+0000] {processor.py:183} INFO - Processing /opt/airflow/dags/models/model_net_lstm.keras took 0.020 seconds
[2024-10-11T23:20:35.137+0000] {processor.py:161} INFO - Started process (PID=283) to work on /opt/airflow/dags/models/model_net_lstm.keras
[2024-10-11T23:20:35.139+0000] {processor.py:830} INFO - Processing file /opt/airflow/dags/models/model_net_lstm.keras for tasks to queue
[2024-10-11T23:20:35.141+0000] {logging_mixin.py:188} INFO - [2024-10-11T23:20:35.141+0000] {dagbag.py:545} INFO - Filling up the DagBag from /opt/airflow/dags/models/model_net_lstm.keras
[2024-10-11T23:20:35.143+0000] {processor.py:842} WARNING - No viable dags retrieved from /opt/airflow/dags/models/model_net_lstm.keras
[2024-10-11T23:20:35.155+0000] {processor.py:183} INFO - Processing /opt/airflow/dags/models/model_net_lstm.keras took 0.023 seconds
[2024-10-11T23:21:05.506+0000] {processor.py:161} INFO - Started process (PID=344) to work on /opt/airflow/dags/models/model_net_lstm.keras
[2024-10-11T23:21:05.508+0000] {processor.py:830} INFO - Processing file /opt/airflow/dags/models/model_net_lstm.keras for tasks to queue
[2024-10-11T23:21:05.509+0000] {logging_mixin.py:188} INFO - [2024-10-11T23:21:05.509+0000] {dagbag.py:545} INFO - Filling up the DagBag from /opt/airflow/dags/models/model_net_lstm.keras
[2024-10-11T23:21:05.512+0000] {processor.py:842} WARNING - No viable dags retrieved from /opt/airflow/dags/models/model_net_lstm.keras
[2024-10-11T23:21:05.525+0000] {processor.py:183} INFO - Processing /opt/airflow/dags/models/model_net_lstm.keras took 0.024 seconds
[2024-10-11T23:21:35.674+0000] {processor.py:161} INFO - Started process (PID=405) to work on /opt/airflow/dags/models/model_net_lstm.keras
[2024-10-11T23:21:35.675+0000] {processor.py:830} INFO - Processing file /opt/airflow/dags/models/model_net_lstm.keras for tasks to queue
[2024-10-11T23:21:35.677+0000] {logging_mixin.py:188} INFO - [2024-10-11T23:21:35.676+0000] {dagbag.py:545} INFO - Filling up the DagBag from /opt/airflow/dags/models/model_net_lstm.keras
[2024-10-11T23:21:35.680+0000] {processor.py:842} WARNING - No viable dags retrieved from /opt/airflow/dags/models/model_net_lstm.keras
[2024-10-11T23:21:35.691+0000] {processor.py:183} INFO - Processing /opt/airflow/dags/models/model_net_lstm.keras took 0.021 seconds
[2024-10-11T23:22:06.016+0000] {processor.py:161} INFO - Started process (PID=466) to work on /opt/airflow/dags/models/model_net_lstm.keras
[2024-10-11T23:22:06.018+0000] {processor.py:830} INFO - Processing file /opt/airflow/dags/models/model_net_lstm.keras for tasks to queue
[2024-10-11T23:22:06.020+0000] {logging_mixin.py:188} INFO - [2024-10-11T23:22:06.020+0000] {dagbag.py:545} INFO - Filling up the DagBag from /opt/airflow/dags/models/model_net_lstm.keras
[2024-10-11T23:22:06.023+0000] {processor.py:842} WARNING - No viable dags retrieved from /opt/airflow/dags/models/model_net_lstm.keras
[2024-10-11T23:22:06.052+0000] {processor.py:183} INFO - Processing /opt/airflow/dags/models/model_net_lstm.keras took 0.042 seconds
[2024-10-11T23:22:36.189+0000] {processor.py:161} INFO - Started process (PID=527) to work on /opt/airflow/dags/models/model_net_lstm.keras
[2024-10-11T23:22:36.190+0000] {processor.py:830} INFO - Processing file /opt/airflow/dags/models/model_net_lstm.keras for tasks to queue
[2024-10-11T23:22:36.192+0000] {logging_mixin.py:188} INFO - [2024-10-11T23:22:36.192+0000] {dagbag.py:545} INFO - Filling up the DagBag from /opt/airflow/dags/models/model_net_lstm.keras
[2024-10-11T23:22:36.195+0000] {processor.py:842} WARNING - No viable dags retrieved from /opt/airflow/dags/models/model_net_lstm.keras
[2024-10-11T23:22:36.210+0000] {processor.py:183} INFO - Processing /opt/airflow/dags/models/model_net_lstm.keras took 0.026 seconds
[2024-10-11T23:23:06.771+0000] {processor.py:161} INFO - Started process (PID=588) to work on /opt/airflow/dags/models/model_net_lstm.keras
[2024-10-11T23:23:06.773+0000] {processor.py:830} INFO - Processing file /opt/airflow/dags/models/model_net_lstm.keras for tasks to queue
[2024-10-11T23:23:06.775+0000] {logging_mixin.py:188} INFO - [2024-10-11T23:23:06.775+0000] {dagbag.py:545} INFO - Filling up the DagBag from /opt/airflow/dags/models/model_net_lstm.keras
[2024-10-11T23:23:06.778+0000] {processor.py:842} WARNING - No viable dags retrieved from /opt/airflow/dags/models/model_net_lstm.keras
[2024-10-11T23:23:06.794+0000] {processor.py:183} INFO - Processing /opt/airflow/dags/models/model_net_lstm.keras took 0.032 seconds
[2024-10-11T23:23:37.375+0000] {processor.py:161} INFO - Started process (PID=649) to work on /opt/airflow/dags/models/model_net_lstm.keras
[2024-10-11T23:23:37.379+0000] {processor.py:830} INFO - Processing file /opt/airflow/dags/models/model_net_lstm.keras for tasks to queue
[2024-10-11T23:23:37.383+0000] {logging_mixin.py:188} INFO - [2024-10-11T23:23:37.383+0000] {dagbag.py:545} INFO - Filling up the DagBag from /opt/airflow/dags/models/model_net_lstm.keras
[2024-10-11T23:23:37.387+0000] {processor.py:842} WARNING - No viable dags retrieved from /opt/airflow/dags/models/model_net_lstm.keras
[2024-10-11T23:23:37.428+0000] {processor.py:183} INFO - Processing /opt/airflow/dags/models/model_net_lstm.keras took 0.059 seconds
[2024-10-11T23:24:07.977+0000] {processor.py:161} INFO - Started process (PID=711) to work on /opt/airflow/dags/models/model_net_lstm.keras
[2024-10-11T23:24:07.979+0000] {processor.py:830} INFO - Processing file /opt/airflow/dags/models/model_net_lstm.keras for tasks to queue
[2024-10-11T23:24:07.983+0000] {logging_mixin.py:188} INFO - [2024-10-11T23:24:07.982+0000] {dagbag.py:545} INFO - Filling up the DagBag from /opt/airflow/dags/models/model_net_lstm.keras
[2024-10-11T23:24:07.986+0000] {processor.py:842} WARNING - No viable dags retrieved from /opt/airflow/dags/models/model_net_lstm.keras
[2024-10-11T23:24:08.013+0000] {processor.py:183} INFO - Processing /opt/airflow/dags/models/model_net_lstm.keras took 0.046 seconds
[2024-10-11T23:24:38.444+0000] {processor.py:161} INFO - Started process (PID=772) to work on /opt/airflow/dags/models/model_net_lstm.keras
[2024-10-11T23:24:38.446+0000] {processor.py:830} INFO - Processing file /opt/airflow/dags/models/model_net_lstm.keras for tasks to queue
[2024-10-11T23:24:38.449+0000] {logging_mixin.py:188} INFO - [2024-10-11T23:24:38.448+0000] {dagbag.py:545} INFO - Filling up the DagBag from /opt/airflow/dags/models/model_net_lstm.keras
[2024-10-11T23:24:38.451+0000] {processor.py:842} WARNING - No viable dags retrieved from /opt/airflow/dags/models/model_net_lstm.keras
[2024-10-11T23:24:38.470+0000] {processor.py:183} INFO - Processing /opt/airflow/dags/models/model_net_lstm.keras took 0.038 seconds
[2024-10-11T23:25:08.519+0000] {processor.py:161} INFO - Started process (PID=832) to work on /opt/airflow/dags/models/model_net_lstm.keras
[2024-10-11T23:25:08.520+0000] {processor.py:830} INFO - Processing file /opt/airflow/dags/models/model_net_lstm.keras for tasks to queue
[2024-10-11T23:25:08.527+0000] {logging_mixin.py:188} INFO - [2024-10-11T23:25:08.524+0000] {dagbag.py:545} INFO - Filling up the DagBag from /opt/airflow/dags/models/model_net_lstm.keras
[2024-10-11T23:25:08.534+0000] {processor.py:842} WARNING - No viable dags retrieved from /opt/airflow/dags/models/model_net_lstm.keras
[2024-10-11T23:25:08.565+0000] {processor.py:183} INFO - Processing /opt/airflow/dags/models/model_net_lstm.keras took 0.052 seconds
[2024-10-11T23:25:38.883+0000] {processor.py:161} INFO - Started process (PID=894) to work on /opt/airflow/dags/models/model_net_lstm.keras
[2024-10-11T23:25:38.886+0000] {processor.py:830} INFO - Processing file /opt/airflow/dags/models/model_net_lstm.keras for tasks to queue
[2024-10-11T23:25:38.889+0000] {logging_mixin.py:188} INFO - [2024-10-11T23:25:38.889+0000] {dagbag.py:545} INFO - Filling up the DagBag from /opt/airflow/dags/models/model_net_lstm.keras
[2024-10-11T23:25:38.892+0000] {processor.py:842} WARNING - No viable dags retrieved from /opt/airflow/dags/models/model_net_lstm.keras
[2024-10-11T23:25:38.909+0000] {processor.py:183} INFO - Processing /opt/airflow/dags/models/model_net_lstm.keras took 0.037 seconds
[2024-10-11T23:26:09.164+0000] {processor.py:161} INFO - Started process (PID=955) to work on /opt/airflow/dags/models/model_net_lstm.keras
[2024-10-11T23:26:09.166+0000] {processor.py:830} INFO - Processing file /opt/airflow/dags/models/model_net_lstm.keras for tasks to queue
[2024-10-11T23:26:09.172+0000] {logging_mixin.py:188} INFO - [2024-10-11T23:26:09.171+0000] {dagbag.py:545} INFO - Filling up the DagBag from /opt/airflow/dags/models/model_net_lstm.keras
[2024-10-11T23:26:09.178+0000] {processor.py:842} WARNING - No viable dags retrieved from /opt/airflow/dags/models/model_net_lstm.keras
[2024-10-11T23:26:09.200+0000] {processor.py:183} INFO - Processing /opt/airflow/dags/models/model_net_lstm.keras took 0.051 seconds
[2024-10-11T23:27:16.087+0000] {processor.py:161} INFO - Started process (PID=37) to work on /opt/airflow/dags/models/model_net_lstm.keras
[2024-10-11T23:27:16.100+0000] {processor.py:830} INFO - Processing file /opt/airflow/dags/models/model_net_lstm.keras for tasks to queue
[2024-10-11T23:27:16.103+0000] {logging_mixin.py:188} INFO - [2024-10-11T23:27:16.102+0000] {dagbag.py:545} INFO - Filling up the DagBag from /opt/airflow/dags/models/model_net_lstm.keras
[2024-10-11T23:27:16.106+0000] {processor.py:842} WARNING - No viable dags retrieved from /opt/airflow/dags/models/model_net_lstm.keras
[2024-10-11T23:27:16.121+0000] {processor.py:183} INFO - Processing /opt/airflow/dags/models/model_net_lstm.keras took 0.041 seconds
[2024-10-11T23:27:46.517+0000] {processor.py:161} INFO - Started process (PID=97) to work on /opt/airflow/dags/models/model_net_lstm.keras
[2024-10-11T23:27:46.518+0000] {processor.py:830} INFO - Processing file /opt/airflow/dags/models/model_net_lstm.keras for tasks to queue
[2024-10-11T23:27:46.519+0000] {logging_mixin.py:188} INFO - [2024-10-11T23:27:46.519+0000] {dagbag.py:545} INFO - Filling up the DagBag from /opt/airflow/dags/models/model_net_lstm.keras
[2024-10-11T23:27:46.521+0000] {processor.py:842} WARNING - No viable dags retrieved from /opt/airflow/dags/models/model_net_lstm.keras
[2024-10-11T23:27:46.532+0000] {processor.py:183} INFO - Processing /opt/airflow/dags/models/model_net_lstm.keras took 0.019 seconds
[2024-10-11T23:28:17.043+0000] {processor.py:161} INFO - Started process (PID=158) to work on /opt/airflow/dags/models/model_net_lstm.keras
[2024-10-11T23:28:17.044+0000] {processor.py:830} INFO - Processing file /opt/airflow/dags/models/model_net_lstm.keras for tasks to queue
[2024-10-11T23:28:17.046+0000] {logging_mixin.py:188} INFO - [2024-10-11T23:28:17.046+0000] {dagbag.py:545} INFO - Filling up the DagBag from /opt/airflow/dags/models/model_net_lstm.keras
[2024-10-11T23:28:17.048+0000] {processor.py:842} WARNING - No viable dags retrieved from /opt/airflow/dags/models/model_net_lstm.keras
[2024-10-11T23:28:17.059+0000] {processor.py:183} INFO - Processing /opt/airflow/dags/models/model_net_lstm.keras took 0.020 seconds
[2024-10-11T23:28:47.619+0000] {processor.py:161} INFO - Started process (PID=219) to work on /opt/airflow/dags/models/model_net_lstm.keras
[2024-10-11T23:28:47.621+0000] {processor.py:830} INFO - Processing file /opt/airflow/dags/models/model_net_lstm.keras for tasks to queue
[2024-10-11T23:28:47.628+0000] {logging_mixin.py:188} INFO - [2024-10-11T23:28:47.627+0000] {dagbag.py:545} INFO - Filling up the DagBag from /opt/airflow/dags/models/model_net_lstm.keras
[2024-10-11T23:28:47.633+0000] {processor.py:842} WARNING - No viable dags retrieved from /opt/airflow/dags/models/model_net_lstm.keras
[2024-10-11T23:28:47.652+0000] {processor.py:183} INFO - Processing /opt/airflow/dags/models/model_net_lstm.keras took 0.042 seconds
[2024-10-11T23:29:17.841+0000] {processor.py:161} INFO - Started process (PID=279) to work on /opt/airflow/dags/models/model_net_lstm.keras
[2024-10-11T23:29:17.842+0000] {processor.py:830} INFO - Processing file /opt/airflow/dags/models/model_net_lstm.keras for tasks to queue
[2024-10-11T23:29:17.844+0000] {logging_mixin.py:188} INFO - [2024-10-11T23:29:17.844+0000] {dagbag.py:545} INFO - Filling up the DagBag from /opt/airflow/dags/models/model_net_lstm.keras
[2024-10-11T23:29:17.846+0000] {processor.py:842} WARNING - No viable dags retrieved from /opt/airflow/dags/models/model_net_lstm.keras
[2024-10-11T23:29:17.857+0000] {processor.py:183} INFO - Processing /opt/airflow/dags/models/model_net_lstm.keras took 0.020 seconds
[2024-10-11T23:29:48.295+0000] {processor.py:161} INFO - Started process (PID=340) to work on /opt/airflow/dags/models/model_net_lstm.keras
[2024-10-11T23:29:48.296+0000] {processor.py:830} INFO - Processing file /opt/airflow/dags/models/model_net_lstm.keras for tasks to queue
[2024-10-11T23:29:48.298+0000] {logging_mixin.py:188} INFO - [2024-10-11T23:29:48.297+0000] {dagbag.py:545} INFO - Filling up the DagBag from /opt/airflow/dags/models/model_net_lstm.keras
[2024-10-11T23:29:48.299+0000] {processor.py:842} WARNING - No viable dags retrieved from /opt/airflow/dags/models/model_net_lstm.keras
[2024-10-11T23:29:48.310+0000] {processor.py:183} INFO - Processing /opt/airflow/dags/models/model_net_lstm.keras took 0.019 seconds
[2024-10-11T23:30:18.911+0000] {processor.py:161} INFO - Started process (PID=401) to work on /opt/airflow/dags/models/model_net_lstm.keras
[2024-10-11T23:30:18.912+0000] {processor.py:830} INFO - Processing file /opt/airflow/dags/models/model_net_lstm.keras for tasks to queue
[2024-10-11T23:30:18.914+0000] {logging_mixin.py:188} INFO - [2024-10-11T23:30:18.914+0000] {dagbag.py:545} INFO - Filling up the DagBag from /opt/airflow/dags/models/model_net_lstm.keras
[2024-10-11T23:30:18.917+0000] {processor.py:842} WARNING - No viable dags retrieved from /opt/airflow/dags/models/model_net_lstm.keras
[2024-10-11T23:30:18.932+0000] {processor.py:183} INFO - Processing /opt/airflow/dags/models/model_net_lstm.keras took 0.025 seconds
[2024-10-11T23:30:49.578+0000] {processor.py:161} INFO - Started process (PID=462) to work on /opt/airflow/dags/models/model_net_lstm.keras
[2024-10-11T23:30:49.579+0000] {processor.py:830} INFO - Processing file /opt/airflow/dags/models/model_net_lstm.keras for tasks to queue
[2024-10-11T23:30:49.581+0000] {logging_mixin.py:188} INFO - [2024-10-11T23:30:49.581+0000] {dagbag.py:545} INFO - Filling up the DagBag from /opt/airflow/dags/models/model_net_lstm.keras
[2024-10-11T23:30:49.583+0000] {processor.py:842} WARNING - No viable dags retrieved from /opt/airflow/dags/models/model_net_lstm.keras
[2024-10-11T23:30:49.595+0000] {processor.py:183} INFO - Processing /opt/airflow/dags/models/model_net_lstm.keras took 0.022 seconds
[2024-10-11T23:31:20.252+0000] {processor.py:161} INFO - Started process (PID=523) to work on /opt/airflow/dags/models/model_net_lstm.keras
[2024-10-11T23:31:20.253+0000] {processor.py:830} INFO - Processing file /opt/airflow/dags/models/model_net_lstm.keras for tasks to queue
[2024-10-11T23:31:20.255+0000] {logging_mixin.py:188} INFO - [2024-10-11T23:31:20.254+0000] {dagbag.py:545} INFO - Filling up the DagBag from /opt/airflow/dags/models/model_net_lstm.keras
[2024-10-11T23:31:20.256+0000] {processor.py:842} WARNING - No viable dags retrieved from /opt/airflow/dags/models/model_net_lstm.keras
[2024-10-11T23:31:20.267+0000] {processor.py:183} INFO - Processing /opt/airflow/dags/models/model_net_lstm.keras took 0.019 seconds
[2024-10-11T23:31:50.553+0000] {processor.py:161} INFO - Started process (PID=584) to work on /opt/airflow/dags/models/model_net_lstm.keras
[2024-10-11T23:31:50.555+0000] {processor.py:830} INFO - Processing file /opt/airflow/dags/models/model_net_lstm.keras for tasks to queue
[2024-10-11T23:31:50.556+0000] {logging_mixin.py:188} INFO - [2024-10-11T23:31:50.556+0000] {dagbag.py:545} INFO - Filling up the DagBag from /opt/airflow/dags/models/model_net_lstm.keras
[2024-10-11T23:31:50.558+0000] {processor.py:842} WARNING - No viable dags retrieved from /opt/airflow/dags/models/model_net_lstm.keras
[2024-10-11T23:31:50.569+0000] {processor.py:183} INFO - Processing /opt/airflow/dags/models/model_net_lstm.keras took 0.020 seconds
[2024-10-11T23:32:20.934+0000] {processor.py:161} INFO - Started process (PID=644) to work on /opt/airflow/dags/models/model_net_lstm.keras
[2024-10-11T23:32:20.935+0000] {processor.py:830} INFO - Processing file /opt/airflow/dags/models/model_net_lstm.keras for tasks to queue
[2024-10-11T23:32:20.936+0000] {logging_mixin.py:188} INFO - [2024-10-11T23:32:20.936+0000] {dagbag.py:545} INFO - Filling up the DagBag from /opt/airflow/dags/models/model_net_lstm.keras
[2024-10-11T23:32:20.938+0000] {processor.py:842} WARNING - No viable dags retrieved from /opt/airflow/dags/models/model_net_lstm.keras
[2024-10-11T23:32:20.950+0000] {processor.py:183} INFO - Processing /opt/airflow/dags/models/model_net_lstm.keras took 0.021 seconds
[2024-10-11T23:33:22.980+0000] {processor.py:161} INFO - Started process (PID=37) to work on /opt/airflow/dags/models/model_net_lstm.keras
[2024-10-11T23:33:22.982+0000] {processor.py:830} INFO - Processing file /opt/airflow/dags/models/model_net_lstm.keras for tasks to queue
[2024-10-11T23:33:22.984+0000] {logging_mixin.py:188} INFO - [2024-10-11T23:33:22.983+0000] {dagbag.py:545} INFO - Filling up the DagBag from /opt/airflow/dags/models/model_net_lstm.keras
[2024-10-11T23:33:22.986+0000] {processor.py:842} WARNING - No viable dags retrieved from /opt/airflow/dags/models/model_net_lstm.keras
[2024-10-11T23:33:23.007+0000] {processor.py:183} INFO - Processing /opt/airflow/dags/models/model_net_lstm.keras took 0.032 seconds
[2024-10-11T23:33:53.419+0000] {processor.py:161} INFO - Started process (PID=97) to work on /opt/airflow/dags/models/model_net_lstm.keras
[2024-10-11T23:33:53.421+0000] {processor.py:830} INFO - Processing file /opt/airflow/dags/models/model_net_lstm.keras for tasks to queue
[2024-10-11T23:33:53.422+0000] {logging_mixin.py:188} INFO - [2024-10-11T23:33:53.422+0000] {dagbag.py:545} INFO - Filling up the DagBag from /opt/airflow/dags/models/model_net_lstm.keras
[2024-10-11T23:33:53.424+0000] {processor.py:842} WARNING - No viable dags retrieved from /opt/airflow/dags/models/model_net_lstm.keras
[2024-10-11T23:33:53.436+0000] {processor.py:183} INFO - Processing /opt/airflow/dags/models/model_net_lstm.keras took 0.021 seconds
[2024-10-11T23:34:24.102+0000] {processor.py:161} INFO - Started process (PID=158) to work on /opt/airflow/dags/models/model_net_lstm.keras
[2024-10-11T23:34:24.103+0000] {processor.py:830} INFO - Processing file /opt/airflow/dags/models/model_net_lstm.keras for tasks to queue
[2024-10-11T23:34:24.105+0000] {logging_mixin.py:188} INFO - [2024-10-11T23:34:24.104+0000] {dagbag.py:545} INFO - Filling up the DagBag from /opt/airflow/dags/models/model_net_lstm.keras
[2024-10-11T23:34:24.107+0000] {processor.py:842} WARNING - No viable dags retrieved from /opt/airflow/dags/models/model_net_lstm.keras
[2024-10-11T23:34:24.119+0000] {processor.py:183} INFO - Processing /opt/airflow/dags/models/model_net_lstm.keras took 0.021 seconds
[2024-10-11T23:34:54.865+0000] {processor.py:161} INFO - Started process (PID=219) to work on /opt/airflow/dags/models/model_net_lstm.keras
[2024-10-11T23:34:54.867+0000] {processor.py:830} INFO - Processing file /opt/airflow/dags/models/model_net_lstm.keras for tasks to queue
[2024-10-11T23:34:54.869+0000] {logging_mixin.py:188} INFO - [2024-10-11T23:34:54.869+0000] {dagbag.py:545} INFO - Filling up the DagBag from /opt/airflow/dags/models/model_net_lstm.keras
[2024-10-11T23:34:54.872+0000] {processor.py:842} WARNING - No viable dags retrieved from /opt/airflow/dags/models/model_net_lstm.keras
[2024-10-11T23:34:54.886+0000] {processor.py:183} INFO - Processing /opt/airflow/dags/models/model_net_lstm.keras took 0.026 seconds
[2024-10-11T23:35:25.153+0000] {processor.py:161} INFO - Started process (PID=280) to work on /opt/airflow/dags/models/model_net_lstm.keras
[2024-10-11T23:35:25.157+0000] {processor.py:830} INFO - Processing file /opt/airflow/dags/models/model_net_lstm.keras for tasks to queue
[2024-10-11T23:35:25.160+0000] {logging_mixin.py:188} INFO - [2024-10-11T23:35:25.160+0000] {dagbag.py:545} INFO - Filling up the DagBag from /opt/airflow/dags/models/model_net_lstm.keras
[2024-10-11T23:35:25.166+0000] {processor.py:842} WARNING - No viable dags retrieved from /opt/airflow/dags/models/model_net_lstm.keras
[2024-10-11T23:35:25.188+0000] {processor.py:183} INFO - Processing /opt/airflow/dags/models/model_net_lstm.keras took 0.042 seconds
[2024-10-11T23:35:55.448+0000] {processor.py:161} INFO - Started process (PID=342) to work on /opt/airflow/dags/models/model_net_lstm.keras
[2024-10-11T23:35:55.450+0000] {processor.py:830} INFO - Processing file /opt/airflow/dags/models/model_net_lstm.keras for tasks to queue
[2024-10-11T23:35:55.452+0000] {logging_mixin.py:188} INFO - [2024-10-11T23:35:55.452+0000] {dagbag.py:545} INFO - Filling up the DagBag from /opt/airflow/dags/models/model_net_lstm.keras
[2024-10-11T23:35:55.455+0000] {processor.py:842} WARNING - No viable dags retrieved from /opt/airflow/dags/models/model_net_lstm.keras
[2024-10-11T23:35:55.467+0000] {processor.py:183} INFO - Processing /opt/airflow/dags/models/model_net_lstm.keras took 0.024 seconds
[2024-10-11T23:37:06.003+0000] {processor.py:161} INFO - Started process (PID=37) to work on /opt/airflow/dags/models/model_net_lstm.keras
[2024-10-11T23:37:06.005+0000] {processor.py:830} INFO - Processing file /opt/airflow/dags/models/model_net_lstm.keras for tasks to queue
[2024-10-11T23:37:06.006+0000] {logging_mixin.py:188} INFO - [2024-10-11T23:37:06.006+0000] {dagbag.py:545} INFO - Filling up the DagBag from /opt/airflow/dags/models/model_net_lstm.keras
[2024-10-11T23:37:06.009+0000] {processor.py:842} WARNING - No viable dags retrieved from /opt/airflow/dags/models/model_net_lstm.keras
[2024-10-11T23:37:06.020+0000] {processor.py:183} INFO - Processing /opt/airflow/dags/models/model_net_lstm.keras took 0.021 seconds
[2024-10-11T23:37:36.483+0000] {processor.py:161} INFO - Started process (PID=98) to work on /opt/airflow/dags/models/model_net_lstm.keras
[2024-10-11T23:37:36.484+0000] {processor.py:830} INFO - Processing file /opt/airflow/dags/models/model_net_lstm.keras for tasks to queue
[2024-10-11T23:37:36.486+0000] {logging_mixin.py:188} INFO - [2024-10-11T23:37:36.486+0000] {dagbag.py:545} INFO - Filling up the DagBag from /opt/airflow/dags/models/model_net_lstm.keras
[2024-10-11T23:37:36.489+0000] {processor.py:842} WARNING - No viable dags retrieved from /opt/airflow/dags/models/model_net_lstm.keras
[2024-10-11T23:37:36.514+0000] {processor.py:183} INFO - Processing /opt/airflow/dags/models/model_net_lstm.keras took 0.034 seconds
[2024-10-11T23:38:07.056+0000] {processor.py:161} INFO - Started process (PID=159) to work on /opt/airflow/dags/models/model_net_lstm.keras
[2024-10-11T23:38:07.058+0000] {processor.py:830} INFO - Processing file /opt/airflow/dags/models/model_net_lstm.keras for tasks to queue
[2024-10-11T23:38:07.061+0000] {logging_mixin.py:188} INFO - [2024-10-11T23:38:07.061+0000] {dagbag.py:545} INFO - Filling up the DagBag from /opt/airflow/dags/models/model_net_lstm.keras
[2024-10-11T23:38:07.065+0000] {processor.py:842} WARNING - No viable dags retrieved from /opt/airflow/dags/models/model_net_lstm.keras
[2024-10-11T23:38:07.082+0000] {processor.py:183} INFO - Processing /opt/airflow/dags/models/model_net_lstm.keras took 0.034 seconds
[2024-10-11T23:38:37.710+0000] {processor.py:161} INFO - Started process (PID=220) to work on /opt/airflow/dags/models/model_net_lstm.keras
[2024-10-11T23:38:37.711+0000] {processor.py:830} INFO - Processing file /opt/airflow/dags/models/model_net_lstm.keras for tasks to queue
[2024-10-11T23:38:37.713+0000] {logging_mixin.py:188} INFO - [2024-10-11T23:38:37.713+0000] {dagbag.py:545} INFO - Filling up the DagBag from /opt/airflow/dags/models/model_net_lstm.keras
[2024-10-11T23:38:37.715+0000] {processor.py:842} WARNING - No viable dags retrieved from /opt/airflow/dags/models/model_net_lstm.keras
[2024-10-11T23:38:37.726+0000] {processor.py:183} INFO - Processing /opt/airflow/dags/models/model_net_lstm.keras took 0.021 seconds
[2024-10-11T23:39:08.249+0000] {processor.py:161} INFO - Started process (PID=281) to work on /opt/airflow/dags/models/model_net_lstm.keras
[2024-10-11T23:39:08.250+0000] {processor.py:830} INFO - Processing file /opt/airflow/dags/models/model_net_lstm.keras for tasks to queue
[2024-10-11T23:39:08.252+0000] {logging_mixin.py:188} INFO - [2024-10-11T23:39:08.252+0000] {dagbag.py:545} INFO - Filling up the DagBag from /opt/airflow/dags/models/model_net_lstm.keras
[2024-10-11T23:39:08.254+0000] {processor.py:842} WARNING - No viable dags retrieved from /opt/airflow/dags/models/model_net_lstm.keras
[2024-10-11T23:39:08.266+0000] {processor.py:183} INFO - Processing /opt/airflow/dags/models/model_net_lstm.keras took 0.021 seconds
[2024-10-11T23:39:38.718+0000] {processor.py:161} INFO - Started process (PID=342) to work on /opt/airflow/dags/models/model_net_lstm.keras
[2024-10-11T23:39:38.719+0000] {processor.py:830} INFO - Processing file /opt/airflow/dags/models/model_net_lstm.keras for tasks to queue
[2024-10-11T23:39:38.721+0000] {logging_mixin.py:188} INFO - [2024-10-11T23:39:38.721+0000] {dagbag.py:545} INFO - Filling up the DagBag from /opt/airflow/dags/models/model_net_lstm.keras
[2024-10-11T23:39:38.724+0000] {processor.py:842} WARNING - No viable dags retrieved from /opt/airflow/dags/models/model_net_lstm.keras
[2024-10-11T23:39:38.736+0000] {processor.py:183} INFO - Processing /opt/airflow/dags/models/model_net_lstm.keras took 0.022 seconds
[2024-10-11T23:40:08.964+0000] {processor.py:161} INFO - Started process (PID=403) to work on /opt/airflow/dags/models/model_net_lstm.keras
[2024-10-11T23:40:08.965+0000] {processor.py:830} INFO - Processing file /opt/airflow/dags/models/model_net_lstm.keras for tasks to queue
[2024-10-11T23:40:08.966+0000] {logging_mixin.py:188} INFO - [2024-10-11T23:40:08.966+0000] {dagbag.py:545} INFO - Filling up the DagBag from /opt/airflow/dags/models/model_net_lstm.keras
[2024-10-11T23:40:08.968+0000] {processor.py:842} WARNING - No viable dags retrieved from /opt/airflow/dags/models/model_net_lstm.keras
[2024-10-11T23:40:08.979+0000] {processor.py:183} INFO - Processing /opt/airflow/dags/models/model_net_lstm.keras took 0.020 seconds
[2024-10-11T23:40:39.640+0000] {processor.py:161} INFO - Started process (PID=464) to work on /opt/airflow/dags/models/model_net_lstm.keras
[2024-10-11T23:40:39.642+0000] {processor.py:830} INFO - Processing file /opt/airflow/dags/models/model_net_lstm.keras for tasks to queue
[2024-10-11T23:40:39.644+0000] {logging_mixin.py:188} INFO - [2024-10-11T23:40:39.644+0000] {dagbag.py:545} INFO - Filling up the DagBag from /opt/airflow/dags/models/model_net_lstm.keras
[2024-10-11T23:40:39.646+0000] {processor.py:842} WARNING - No viable dags retrieved from /opt/airflow/dags/models/model_net_lstm.keras
[2024-10-11T23:40:39.658+0000] {processor.py:183} INFO - Processing /opt/airflow/dags/models/model_net_lstm.keras took 0.021 seconds
[2024-10-11T23:41:09.937+0000] {processor.py:161} INFO - Started process (PID=525) to work on /opt/airflow/dags/models/model_net_lstm.keras
[2024-10-11T23:41:09.938+0000] {processor.py:830} INFO - Processing file /opt/airflow/dags/models/model_net_lstm.keras for tasks to queue
[2024-10-11T23:41:09.940+0000] {logging_mixin.py:188} INFO - [2024-10-11T23:41:09.940+0000] {dagbag.py:545} INFO - Filling up the DagBag from /opt/airflow/dags/models/model_net_lstm.keras
[2024-10-11T23:41:09.942+0000] {processor.py:842} WARNING - No viable dags retrieved from /opt/airflow/dags/models/model_net_lstm.keras
[2024-10-11T23:41:09.954+0000] {processor.py:183} INFO - Processing /opt/airflow/dags/models/model_net_lstm.keras took 0.023 seconds
[2024-10-11T23:41:40.954+0000] {processor.py:161} INFO - Started process (PID=587) to work on /opt/airflow/dags/models/model_net_lstm.keras
[2024-10-11T23:41:40.957+0000] {processor.py:830} INFO - Processing file /opt/airflow/dags/models/model_net_lstm.keras for tasks to queue
[2024-10-11T23:41:40.960+0000] {logging_mixin.py:188} INFO - [2024-10-11T23:41:40.959+0000] {dagbag.py:545} INFO - Filling up the DagBag from /opt/airflow/dags/models/model_net_lstm.keras
[2024-10-11T23:41:40.965+0000] {processor.py:842} WARNING - No viable dags retrieved from /opt/airflow/dags/models/model_net_lstm.keras
[2024-10-11T23:41:40.997+0000] {processor.py:183} INFO - Processing /opt/airflow/dags/models/model_net_lstm.keras took 0.054 seconds
[2024-10-11T23:42:11.384+0000] {processor.py:161} INFO - Started process (PID=648) to work on /opt/airflow/dags/models/model_net_lstm.keras
[2024-10-11T23:42:11.386+0000] {processor.py:830} INFO - Processing file /opt/airflow/dags/models/model_net_lstm.keras for tasks to queue
[2024-10-11T23:42:11.389+0000] {logging_mixin.py:188} INFO - [2024-10-11T23:42:11.388+0000] {dagbag.py:545} INFO - Filling up the DagBag from /opt/airflow/dags/models/model_net_lstm.keras
[2024-10-11T23:42:11.393+0000] {processor.py:842} WARNING - No viable dags retrieved from /opt/airflow/dags/models/model_net_lstm.keras
[2024-10-11T23:42:11.412+0000] {processor.py:183} INFO - Processing /opt/airflow/dags/models/model_net_lstm.keras took 0.036 seconds
[2024-10-11T23:43:39.521+0000] {processor.py:161} INFO - Started process (PID=36) to work on /opt/airflow/dags/models/model_net_lstm.keras
[2024-10-11T23:43:39.523+0000] {processor.py:830} INFO - Processing file /opt/airflow/dags/models/model_net_lstm.keras for tasks to queue
[2024-10-11T23:43:39.524+0000] {logging_mixin.py:188} INFO - [2024-10-11T23:43:39.524+0000] {dagbag.py:545} INFO - Filling up the DagBag from /opt/airflow/dags/models/model_net_lstm.keras
[2024-10-11T23:43:39.527+0000] {processor.py:842} WARNING - No viable dags retrieved from /opt/airflow/dags/models/model_net_lstm.keras
[2024-10-11T23:43:39.546+0000] {processor.py:183} INFO - Processing /opt/airflow/dags/models/model_net_lstm.keras took 0.029 seconds
[2024-10-11T23:44:10.070+0000] {processor.py:161} INFO - Started process (PID=97) to work on /opt/airflow/dags/models/model_net_lstm.keras
[2024-10-11T23:44:10.071+0000] {processor.py:830} INFO - Processing file /opt/airflow/dags/models/model_net_lstm.keras for tasks to queue
[2024-10-11T23:44:10.073+0000] {logging_mixin.py:188} INFO - [2024-10-11T23:44:10.073+0000] {dagbag.py:545} INFO - Filling up the DagBag from /opt/airflow/dags/models/model_net_lstm.keras
[2024-10-11T23:44:10.075+0000] {processor.py:842} WARNING - No viable dags retrieved from /opt/airflow/dags/models/model_net_lstm.keras
[2024-10-11T23:44:10.087+0000] {processor.py:183} INFO - Processing /opt/airflow/dags/models/model_net_lstm.keras took 0.022 seconds
[2024-10-11T23:44:40.363+0000] {processor.py:161} INFO - Started process (PID=158) to work on /opt/airflow/dags/models/model_net_lstm.keras
[2024-10-11T23:44:40.364+0000] {processor.py:830} INFO - Processing file /opt/airflow/dags/models/model_net_lstm.keras for tasks to queue
[2024-10-11T23:44:40.366+0000] {logging_mixin.py:188} INFO - [2024-10-11T23:44:40.366+0000] {dagbag.py:545} INFO - Filling up the DagBag from /opt/airflow/dags/models/model_net_lstm.keras
[2024-10-11T23:44:40.368+0000] {processor.py:842} WARNING - No viable dags retrieved from /opt/airflow/dags/models/model_net_lstm.keras
[2024-10-11T23:44:40.379+0000] {processor.py:183} INFO - Processing /opt/airflow/dags/models/model_net_lstm.keras took 0.020 seconds
[2024-10-11T23:45:10.683+0000] {processor.py:161} INFO - Started process (PID=219) to work on /opt/airflow/dags/models/model_net_lstm.keras
[2024-10-11T23:45:10.685+0000] {processor.py:830} INFO - Processing file /opt/airflow/dags/models/model_net_lstm.keras for tasks to queue
[2024-10-11T23:45:10.687+0000] {logging_mixin.py:188} INFO - [2024-10-11T23:45:10.686+0000] {dagbag.py:545} INFO - Filling up the DagBag from /opt/airflow/dags/models/model_net_lstm.keras
[2024-10-11T23:45:10.689+0000] {processor.py:842} WARNING - No viable dags retrieved from /opt/airflow/dags/models/model_net_lstm.keras
[2024-10-11T23:45:10.705+0000] {processor.py:183} INFO - Processing /opt/airflow/dags/models/model_net_lstm.keras took 0.026 seconds
[2024-10-11T23:45:41.492+0000] {processor.py:161} INFO - Started process (PID=280) to work on /opt/airflow/dags/models/model_net_lstm.keras
[2024-10-11T23:45:41.494+0000] {processor.py:830} INFO - Processing file /opt/airflow/dags/models/model_net_lstm.keras for tasks to queue
[2024-10-11T23:45:41.495+0000] {logging_mixin.py:188} INFO - [2024-10-11T23:45:41.495+0000] {dagbag.py:545} INFO - Filling up the DagBag from /opt/airflow/dags/models/model_net_lstm.keras
[2024-10-11T23:45:41.498+0000] {processor.py:842} WARNING - No viable dags retrieved from /opt/airflow/dags/models/model_net_lstm.keras
[2024-10-11T23:45:41.510+0000] {processor.py:183} INFO - Processing /opt/airflow/dags/models/model_net_lstm.keras took 0.023 seconds
[2024-10-11T23:46:12.341+0000] {processor.py:161} INFO - Started process (PID=341) to work on /opt/airflow/dags/models/model_net_lstm.keras
[2024-10-11T23:46:12.343+0000] {processor.py:830} INFO - Processing file /opt/airflow/dags/models/model_net_lstm.keras for tasks to queue
[2024-10-11T23:46:12.345+0000] {logging_mixin.py:188} INFO - [2024-10-11T23:46:12.344+0000] {dagbag.py:545} INFO - Filling up the DagBag from /opt/airflow/dags/models/model_net_lstm.keras
[2024-10-11T23:46:12.347+0000] {processor.py:842} WARNING - No viable dags retrieved from /opt/airflow/dags/models/model_net_lstm.keras
[2024-10-11T23:46:12.362+0000] {processor.py:183} INFO - Processing /opt/airflow/dags/models/model_net_lstm.keras took 0.027 seconds
[2024-10-11T23:46:42.943+0000] {processor.py:161} INFO - Started process (PID=401) to work on /opt/airflow/dags/models/model_net_lstm.keras
[2024-10-11T23:46:42.944+0000] {processor.py:830} INFO - Processing file /opt/airflow/dags/models/model_net_lstm.keras for tasks to queue
[2024-10-11T23:46:42.946+0000] {logging_mixin.py:188} INFO - [2024-10-11T23:46:42.946+0000] {dagbag.py:545} INFO - Filling up the DagBag from /opt/airflow/dags/models/model_net_lstm.keras
[2024-10-11T23:46:42.948+0000] {processor.py:842} WARNING - No viable dags retrieved from /opt/airflow/dags/models/model_net_lstm.keras
[2024-10-11T23:46:42.960+0000] {processor.py:183} INFO - Processing /opt/airflow/dags/models/model_net_lstm.keras took 0.021 seconds
[2024-10-11T23:47:13.218+0000] {processor.py:161} INFO - Started process (PID=462) to work on /opt/airflow/dags/models/model_net_lstm.keras
[2024-10-11T23:47:13.219+0000] {processor.py:830} INFO - Processing file /opt/airflow/dags/models/model_net_lstm.keras for tasks to queue
[2024-10-11T23:47:13.221+0000] {logging_mixin.py:188} INFO - [2024-10-11T23:47:13.220+0000] {dagbag.py:545} INFO - Filling up the DagBag from /opt/airflow/dags/models/model_net_lstm.keras
[2024-10-11T23:47:13.223+0000] {processor.py:842} WARNING - No viable dags retrieved from /opt/airflow/dags/models/model_net_lstm.keras
[2024-10-11T23:47:13.234+0000] {processor.py:183} INFO - Processing /opt/airflow/dags/models/model_net_lstm.keras took 0.019 seconds
[2024-10-11T23:47:43.635+0000] {processor.py:161} INFO - Started process (PID=523) to work on /opt/airflow/dags/models/model_net_lstm.keras
[2024-10-11T23:47:43.636+0000] {processor.py:830} INFO - Processing file /opt/airflow/dags/models/model_net_lstm.keras for tasks to queue
[2024-10-11T23:47:43.638+0000] {logging_mixin.py:188} INFO - [2024-10-11T23:47:43.638+0000] {dagbag.py:545} INFO - Filling up the DagBag from /opt/airflow/dags/models/model_net_lstm.keras
[2024-10-11T23:47:43.641+0000] {processor.py:842} WARNING - No viable dags retrieved from /opt/airflow/dags/models/model_net_lstm.keras
[2024-10-11T23:47:43.653+0000] {processor.py:183} INFO - Processing /opt/airflow/dags/models/model_net_lstm.keras took 0.023 seconds
[2024-10-11T23:48:14.578+0000] {processor.py:161} INFO - Started process (PID=584) to work on /opt/airflow/dags/models/model_net_lstm.keras
[2024-10-11T23:48:14.580+0000] {processor.py:830} INFO - Processing file /opt/airflow/dags/models/model_net_lstm.keras for tasks to queue
[2024-10-11T23:48:14.585+0000] {logging_mixin.py:188} INFO - [2024-10-11T23:48:14.584+0000] {dagbag.py:545} INFO - Filling up the DagBag from /opt/airflow/dags/models/model_net_lstm.keras
[2024-10-11T23:48:14.589+0000] {processor.py:842} WARNING - No viable dags retrieved from /opt/airflow/dags/models/model_net_lstm.keras
[2024-10-11T23:48:14.623+0000] {processor.py:183} INFO - Processing /opt/airflow/dags/models/model_net_lstm.keras took 0.055 seconds
[2024-10-11T23:50:37.431+0000] {processor.py:161} INFO - Started process (PID=38) to work on /opt/airflow/dags/models/model_net_lstm.keras
[2024-10-11T23:50:37.434+0000] {processor.py:830} INFO - Processing file /opt/airflow/dags/models/model_net_lstm.keras for tasks to queue
[2024-10-11T23:50:37.440+0000] {logging_mixin.py:188} INFO - [2024-10-11T23:50:37.440+0000] {dagbag.py:545} INFO - Filling up the DagBag from /opt/airflow/dags/models/model_net_lstm.keras
[2024-10-11T23:50:37.443+0000] {processor.py:842} WARNING - No viable dags retrieved from /opt/airflow/dags/models/model_net_lstm.keras
[2024-10-11T23:50:37.455+0000] {processor.py:183} INFO - Processing /opt/airflow/dags/models/model_net_lstm.keras took 0.029 seconds
[2024-10-11T23:51:07.786+0000] {processor.py:161} INFO - Started process (PID=99) to work on /opt/airflow/dags/models/model_net_lstm.keras
[2024-10-11T23:51:07.787+0000] {processor.py:830} INFO - Processing file /opt/airflow/dags/models/model_net_lstm.keras for tasks to queue
[2024-10-11T23:51:07.789+0000] {logging_mixin.py:188} INFO - [2024-10-11T23:51:07.789+0000] {dagbag.py:545} INFO - Filling up the DagBag from /opt/airflow/dags/models/model_net_lstm.keras
[2024-10-11T23:51:07.791+0000] {processor.py:842} WARNING - No viable dags retrieved from /opt/airflow/dags/models/model_net_lstm.keras
[2024-10-11T23:51:07.804+0000] {processor.py:183} INFO - Processing /opt/airflow/dags/models/model_net_lstm.keras took 0.022 seconds
[2024-10-11T23:51:38.656+0000] {processor.py:161} INFO - Started process (PID=160) to work on /opt/airflow/dags/models/model_net_lstm.keras
[2024-10-11T23:51:38.657+0000] {processor.py:830} INFO - Processing file /opt/airflow/dags/models/model_net_lstm.keras for tasks to queue
[2024-10-11T23:51:38.659+0000] {logging_mixin.py:188} INFO - [2024-10-11T23:51:38.659+0000] {dagbag.py:545} INFO - Filling up the DagBag from /opt/airflow/dags/models/model_net_lstm.keras
[2024-10-11T23:51:38.661+0000] {processor.py:842} WARNING - No viable dags retrieved from /opt/airflow/dags/models/model_net_lstm.keras
[2024-10-11T23:51:38.673+0000] {processor.py:183} INFO - Processing /opt/airflow/dags/models/model_net_lstm.keras took 0.021 seconds
[2024-10-11T23:52:09.053+0000] {processor.py:161} INFO - Started process (PID=221) to work on /opt/airflow/dags/models/model_net_lstm.keras
[2024-10-11T23:52:09.054+0000] {processor.py:830} INFO - Processing file /opt/airflow/dags/models/model_net_lstm.keras for tasks to queue
[2024-10-11T23:52:09.056+0000] {logging_mixin.py:188} INFO - [2024-10-11T23:52:09.056+0000] {dagbag.py:545} INFO - Filling up the DagBag from /opt/airflow/dags/models/model_net_lstm.keras
[2024-10-11T23:52:09.058+0000] {processor.py:842} WARNING - No viable dags retrieved from /opt/airflow/dags/models/model_net_lstm.keras
[2024-10-11T23:52:09.075+0000] {processor.py:183} INFO - Processing /opt/airflow/dags/models/model_net_lstm.keras took 0.026 seconds
[2024-10-11T23:52:39.953+0000] {processor.py:161} INFO - Started process (PID=282) to work on /opt/airflow/dags/models/model_net_lstm.keras
[2024-10-11T23:52:39.955+0000] {processor.py:830} INFO - Processing file /opt/airflow/dags/models/model_net_lstm.keras for tasks to queue
[2024-10-11T23:52:39.957+0000] {logging_mixin.py:188} INFO - [2024-10-11T23:52:39.957+0000] {dagbag.py:545} INFO - Filling up the DagBag from /opt/airflow/dags/models/model_net_lstm.keras
[2024-10-11T23:52:39.960+0000] {processor.py:842} WARNING - No viable dags retrieved from /opt/airflow/dags/models/model_net_lstm.keras
[2024-10-11T23:52:39.976+0000] {processor.py:183} INFO - Processing /opt/airflow/dags/models/model_net_lstm.keras took 0.028 seconds
[2024-10-11T23:53:10.492+0000] {processor.py:161} INFO - Started process (PID=343) to work on /opt/airflow/dags/models/model_net_lstm.keras
[2024-10-11T23:53:10.493+0000] {processor.py:830} INFO - Processing file /opt/airflow/dags/models/model_net_lstm.keras for tasks to queue
[2024-10-11T23:53:10.494+0000] {logging_mixin.py:188} INFO - [2024-10-11T23:53:10.494+0000] {dagbag.py:545} INFO - Filling up the DagBag from /opt/airflow/dags/models/model_net_lstm.keras
[2024-10-11T23:53:10.497+0000] {processor.py:842} WARNING - No viable dags retrieved from /opt/airflow/dags/models/model_net_lstm.keras
[2024-10-11T23:53:10.508+0000] {processor.py:183} INFO - Processing /opt/airflow/dags/models/model_net_lstm.keras took 0.020 seconds
[2024-10-11T23:53:40.735+0000] {processor.py:161} INFO - Started process (PID=404) to work on /opt/airflow/dags/models/model_net_lstm.keras
[2024-10-11T23:53:40.737+0000] {processor.py:830} INFO - Processing file /opt/airflow/dags/models/model_net_lstm.keras for tasks to queue
[2024-10-11T23:53:40.738+0000] {logging_mixin.py:188} INFO - [2024-10-11T23:53:40.738+0000] {dagbag.py:545} INFO - Filling up the DagBag from /opt/airflow/dags/models/model_net_lstm.keras
[2024-10-11T23:53:40.741+0000] {processor.py:842} WARNING - No viable dags retrieved from /opt/airflow/dags/models/model_net_lstm.keras
[2024-10-11T23:53:40.752+0000] {processor.py:183} INFO - Processing /opt/airflow/dags/models/model_net_lstm.keras took 0.021 seconds
[2024-10-11T23:54:11.034+0000] {processor.py:161} INFO - Started process (PID=465) to work on /opt/airflow/dags/models/model_net_lstm.keras
[2024-10-11T23:54:11.035+0000] {processor.py:830} INFO - Processing file /opt/airflow/dags/models/model_net_lstm.keras for tasks to queue
[2024-10-11T23:54:11.037+0000] {logging_mixin.py:188} INFO - [2024-10-11T23:54:11.036+0000] {dagbag.py:545} INFO - Filling up the DagBag from /opt/airflow/dags/models/model_net_lstm.keras
[2024-10-11T23:54:11.039+0000] {processor.py:842} WARNING - No viable dags retrieved from /opt/airflow/dags/models/model_net_lstm.keras
[2024-10-11T23:54:11.050+0000] {processor.py:183} INFO - Processing /opt/airflow/dags/models/model_net_lstm.keras took 0.019 seconds
[2024-10-11T23:54:41.670+0000] {processor.py:161} INFO - Started process (PID=526) to work on /opt/airflow/dags/models/model_net_lstm.keras
[2024-10-11T23:54:41.672+0000] {processor.py:830} INFO - Processing file /opt/airflow/dags/models/model_net_lstm.keras for tasks to queue
[2024-10-11T23:54:41.674+0000] {logging_mixin.py:188} INFO - [2024-10-11T23:54:41.673+0000] {dagbag.py:545} INFO - Filling up the DagBag from /opt/airflow/dags/models/model_net_lstm.keras
[2024-10-11T23:54:41.676+0000] {processor.py:842} WARNING - No viable dags retrieved from /opt/airflow/dags/models/model_net_lstm.keras
[2024-10-11T23:54:41.687+0000] {processor.py:183} INFO - Processing /opt/airflow/dags/models/model_net_lstm.keras took 0.022 seconds
[2024-10-11T23:55:12.100+0000] {processor.py:161} INFO - Started process (PID=587) to work on /opt/airflow/dags/models/model_net_lstm.keras
[2024-10-11T23:55:12.102+0000] {processor.py:830} INFO - Processing file /opt/airflow/dags/models/model_net_lstm.keras for tasks to queue
[2024-10-11T23:55:12.104+0000] {logging_mixin.py:188} INFO - [2024-10-11T23:55:12.103+0000] {dagbag.py:545} INFO - Filling up the DagBag from /opt/airflow/dags/models/model_net_lstm.keras
[2024-10-11T23:55:12.106+0000] {processor.py:842} WARNING - No viable dags retrieved from /opt/airflow/dags/models/model_net_lstm.keras
[2024-10-11T23:55:12.119+0000] {processor.py:183} INFO - Processing /opt/airflow/dags/models/model_net_lstm.keras took 0.024 seconds
