[2024-10-02T01:54:59.708+0000] {processor.py:161} INFO - Started process (PID=68) to work on /home/airflow/.local/lib/python3.12/site-packages/airflow/example_dags/example_task_group.py
[2024-10-02T01:54:59.709+0000] {processor.py:830} INFO - Processing file /home/airflow/.local/lib/python3.12/site-packages/airflow/example_dags/example_task_group.py for tasks to queue
[2024-10-02T01:54:59.711+0000] {logging_mixin.py:188} INFO - [2024-10-02T01:54:59.710+0000] {dagbag.py:545} INFO - Filling up the DagBag from /home/airflow/.local/lib/python3.12/site-packages/airflow/example_dags/example_task_group.py
[2024-10-02T01:54:59.717+0000] {processor.py:840} INFO - DAG(s) 'example_task_group' retrieved from /home/airflow/.local/lib/python3.12/site-packages/airflow/example_dags/example_task_group.py
[2024-10-02T01:54:59.728+0000] {logging_mixin.py:188} INFO - [2024-10-02T01:54:59.728+0000] {dag.py:3096} INFO - Sync 1 DAGs
[2024-10-02T01:54:59.743+0000] {logging_mixin.py:188} INFO - [2024-10-02T01:54:59.743+0000] {dag.py:3954} INFO - Setting next_dagrun for example_task_group to 2024-10-01 00:00:00+00:00, run_after=2024-10-02 00:00:00+00:00
[2024-10-02T01:54:59.757+0000] {processor.py:183} INFO - Processing /home/airflow/.local/lib/python3.12/site-packages/airflow/example_dags/example_task_group.py took 0.054 seconds
[2024-10-02T01:55:30.292+0000] {processor.py:161} INFO - Started process (PID=126) to work on /home/airflow/.local/lib/python3.12/site-packages/airflow/example_dags/example_task_group.py
[2024-10-02T01:55:30.293+0000] {processor.py:830} INFO - Processing file /home/airflow/.local/lib/python3.12/site-packages/airflow/example_dags/example_task_group.py for tasks to queue
[2024-10-02T01:55:30.295+0000] {logging_mixin.py:188} INFO - [2024-10-02T01:55:30.295+0000] {dagbag.py:545} INFO - Filling up the DagBag from /home/airflow/.local/lib/python3.12/site-packages/airflow/example_dags/example_task_group.py
[2024-10-02T01:55:30.301+0000] {processor.py:840} INFO - DAG(s) 'example_task_group' retrieved from /home/airflow/.local/lib/python3.12/site-packages/airflow/example_dags/example_task_group.py
[2024-10-02T01:55:30.359+0000] {logging_mixin.py:188} INFO - [2024-10-02T01:55:30.359+0000] {dag.py:3096} INFO - Sync 1 DAGs
[2024-10-02T01:55:30.369+0000] {logging_mixin.py:188} INFO - [2024-10-02T01:55:30.369+0000] {dag.py:3954} INFO - Setting next_dagrun for example_task_group to 2024-10-01 00:00:00+00:00, run_after=2024-10-02 00:00:00+00:00
[2024-10-02T01:55:30.379+0000] {processor.py:183} INFO - Processing /home/airflow/.local/lib/python3.12/site-packages/airflow/example_dags/example_task_group.py took 0.091 seconds
[2024-10-02T01:56:00.784+0000] {processor.py:161} INFO - Started process (PID=184) to work on /home/airflow/.local/lib/python3.12/site-packages/airflow/example_dags/example_task_group.py
[2024-10-02T01:56:00.785+0000] {processor.py:830} INFO - Processing file /home/airflow/.local/lib/python3.12/site-packages/airflow/example_dags/example_task_group.py for tasks to queue
[2024-10-02T01:56:00.787+0000] {logging_mixin.py:188} INFO - [2024-10-02T01:56:00.787+0000] {dagbag.py:545} INFO - Filling up the DagBag from /home/airflow/.local/lib/python3.12/site-packages/airflow/example_dags/example_task_group.py
[2024-10-02T01:56:00.792+0000] {processor.py:840} INFO - DAG(s) 'example_task_group' retrieved from /home/airflow/.local/lib/python3.12/site-packages/airflow/example_dags/example_task_group.py
[2024-10-02T01:56:00.808+0000] {logging_mixin.py:188} INFO - [2024-10-02T01:56:00.807+0000] {dag.py:3096} INFO - Sync 1 DAGs
[2024-10-02T01:56:00.821+0000] {logging_mixin.py:188} INFO - [2024-10-02T01:56:00.821+0000] {dag.py:3954} INFO - Setting next_dagrun for example_task_group to 2024-10-01 00:00:00+00:00, run_after=2024-10-02 00:00:00+00:00
[2024-10-02T01:56:00.831+0000] {processor.py:183} INFO - Processing /home/airflow/.local/lib/python3.12/site-packages/airflow/example_dags/example_task_group.py took 0.051 seconds
[2024-10-02T01:56:31.599+0000] {processor.py:161} INFO - Started process (PID=242) to work on /home/airflow/.local/lib/python3.12/site-packages/airflow/example_dags/example_task_group.py
[2024-10-02T01:56:31.601+0000] {processor.py:830} INFO - Processing file /home/airflow/.local/lib/python3.12/site-packages/airflow/example_dags/example_task_group.py for tasks to queue
[2024-10-02T01:56:31.602+0000] {logging_mixin.py:188} INFO - [2024-10-02T01:56:31.602+0000] {dagbag.py:545} INFO - Filling up the DagBag from /home/airflow/.local/lib/python3.12/site-packages/airflow/example_dags/example_task_group.py
[2024-10-02T01:56:31.609+0000] {processor.py:840} INFO - DAG(s) 'example_task_group' retrieved from /home/airflow/.local/lib/python3.12/site-packages/airflow/example_dags/example_task_group.py
[2024-10-02T01:56:31.627+0000] {logging_mixin.py:188} INFO - [2024-10-02T01:56:31.627+0000] {dag.py:3096} INFO - Sync 1 DAGs
[2024-10-02T01:56:31.642+0000] {logging_mixin.py:188} INFO - [2024-10-02T01:56:31.642+0000] {dag.py:3954} INFO - Setting next_dagrun for example_task_group to 2024-10-01 00:00:00+00:00, run_after=2024-10-02 00:00:00+00:00
[2024-10-02T01:56:31.653+0000] {processor.py:183} INFO - Processing /home/airflow/.local/lib/python3.12/site-packages/airflow/example_dags/example_task_group.py took 0.059 seconds
[2024-10-02T01:57:01.991+0000] {processor.py:161} INFO - Started process (PID=300) to work on /home/airflow/.local/lib/python3.12/site-packages/airflow/example_dags/example_task_group.py
[2024-10-02T01:57:01.992+0000] {processor.py:830} INFO - Processing file /home/airflow/.local/lib/python3.12/site-packages/airflow/example_dags/example_task_group.py for tasks to queue
[2024-10-02T01:57:01.994+0000] {logging_mixin.py:188} INFO - [2024-10-02T01:57:01.994+0000] {dagbag.py:545} INFO - Filling up the DagBag from /home/airflow/.local/lib/python3.12/site-packages/airflow/example_dags/example_task_group.py
[2024-10-02T01:57:01.999+0000] {processor.py:840} INFO - DAG(s) 'example_task_group' retrieved from /home/airflow/.local/lib/python3.12/site-packages/airflow/example_dags/example_task_group.py
[2024-10-02T01:57:02.015+0000] {logging_mixin.py:188} INFO - [2024-10-02T01:57:02.015+0000] {dag.py:3096} INFO - Sync 1 DAGs
[2024-10-02T01:57:02.028+0000] {logging_mixin.py:188} INFO - [2024-10-02T01:57:02.028+0000] {dag.py:3954} INFO - Setting next_dagrun for example_task_group to 2024-10-01 00:00:00+00:00, run_after=2024-10-02 00:00:00+00:00
[2024-10-02T01:57:02.039+0000] {processor.py:183} INFO - Processing /home/airflow/.local/lib/python3.12/site-packages/airflow/example_dags/example_task_group.py took 0.052 seconds
[2024-10-02T01:57:32.372+0000] {processor.py:161} INFO - Started process (PID=358) to work on /home/airflow/.local/lib/python3.12/site-packages/airflow/example_dags/example_task_group.py
[2024-10-02T01:57:32.373+0000] {processor.py:830} INFO - Processing file /home/airflow/.local/lib/python3.12/site-packages/airflow/example_dags/example_task_group.py for tasks to queue
[2024-10-02T01:57:32.375+0000] {logging_mixin.py:188} INFO - [2024-10-02T01:57:32.375+0000] {dagbag.py:545} INFO - Filling up the DagBag from /home/airflow/.local/lib/python3.12/site-packages/airflow/example_dags/example_task_group.py
[2024-10-02T01:57:32.380+0000] {processor.py:840} INFO - DAG(s) 'example_task_group' retrieved from /home/airflow/.local/lib/python3.12/site-packages/airflow/example_dags/example_task_group.py
[2024-10-02T01:57:32.396+0000] {logging_mixin.py:188} INFO - [2024-10-02T01:57:32.396+0000] {dag.py:3096} INFO - Sync 1 DAGs
[2024-10-02T01:57:32.409+0000] {logging_mixin.py:188} INFO - [2024-10-02T01:57:32.409+0000] {dag.py:3954} INFO - Setting next_dagrun for example_task_group to 2024-10-01 00:00:00+00:00, run_after=2024-10-02 00:00:00+00:00
[2024-10-02T01:57:32.419+0000] {processor.py:183} INFO - Processing /home/airflow/.local/lib/python3.12/site-packages/airflow/example_dags/example_task_group.py took 0.051 seconds
[2024-10-02T01:58:02.784+0000] {processor.py:161} INFO - Started process (PID=416) to work on /home/airflow/.local/lib/python3.12/site-packages/airflow/example_dags/example_task_group.py
[2024-10-02T01:58:02.786+0000] {processor.py:830} INFO - Processing file /home/airflow/.local/lib/python3.12/site-packages/airflow/example_dags/example_task_group.py for tasks to queue
[2024-10-02T01:58:02.788+0000] {logging_mixin.py:188} INFO - [2024-10-02T01:58:02.787+0000] {dagbag.py:545} INFO - Filling up the DagBag from /home/airflow/.local/lib/python3.12/site-packages/airflow/example_dags/example_task_group.py
[2024-10-02T01:58:02.793+0000] {processor.py:840} INFO - DAG(s) 'example_task_group' retrieved from /home/airflow/.local/lib/python3.12/site-packages/airflow/example_dags/example_task_group.py
[2024-10-02T01:58:02.808+0000] {logging_mixin.py:188} INFO - [2024-10-02T01:58:02.808+0000] {dag.py:3096} INFO - Sync 1 DAGs
[2024-10-02T01:58:02.820+0000] {logging_mixin.py:188} INFO - [2024-10-02T01:58:02.820+0000] {dag.py:3954} INFO - Setting next_dagrun for example_task_group to 2024-10-01 00:00:00+00:00, run_after=2024-10-02 00:00:00+00:00
[2024-10-02T01:58:02.830+0000] {processor.py:183} INFO - Processing /home/airflow/.local/lib/python3.12/site-packages/airflow/example_dags/example_task_group.py took 0.049 seconds
[2024-10-02T01:58:33.324+0000] {processor.py:161} INFO - Started process (PID=474) to work on /home/airflow/.local/lib/python3.12/site-packages/airflow/example_dags/example_task_group.py
[2024-10-02T01:58:33.325+0000] {processor.py:830} INFO - Processing file /home/airflow/.local/lib/python3.12/site-packages/airflow/example_dags/example_task_group.py for tasks to queue
[2024-10-02T01:58:33.327+0000] {logging_mixin.py:188} INFO - [2024-10-02T01:58:33.327+0000] {dagbag.py:545} INFO - Filling up the DagBag from /home/airflow/.local/lib/python3.12/site-packages/airflow/example_dags/example_task_group.py
[2024-10-02T01:58:33.332+0000] {processor.py:840} INFO - DAG(s) 'example_task_group' retrieved from /home/airflow/.local/lib/python3.12/site-packages/airflow/example_dags/example_task_group.py
[2024-10-02T01:58:33.348+0000] {logging_mixin.py:188} INFO - [2024-10-02T01:58:33.348+0000] {dag.py:3096} INFO - Sync 1 DAGs
[2024-10-02T01:58:33.361+0000] {logging_mixin.py:188} INFO - [2024-10-02T01:58:33.361+0000] {dag.py:3954} INFO - Setting next_dagrun for example_task_group to 2024-10-01 00:00:00+00:00, run_after=2024-10-02 00:00:00+00:00
[2024-10-02T01:58:33.372+0000] {processor.py:183} INFO - Processing /home/airflow/.local/lib/python3.12/site-packages/airflow/example_dags/example_task_group.py took 0.052 seconds
[2024-10-02T01:59:03.748+0000] {processor.py:161} INFO - Started process (PID=533) to work on /home/airflow/.local/lib/python3.12/site-packages/airflow/example_dags/example_task_group.py
[2024-10-02T01:59:03.749+0000] {processor.py:830} INFO - Processing file /home/airflow/.local/lib/python3.12/site-packages/airflow/example_dags/example_task_group.py for tasks to queue
[2024-10-02T01:59:03.751+0000] {logging_mixin.py:188} INFO - [2024-10-02T01:59:03.751+0000] {dagbag.py:545} INFO - Filling up the DagBag from /home/airflow/.local/lib/python3.12/site-packages/airflow/example_dags/example_task_group.py
[2024-10-02T01:59:03.756+0000] {processor.py:840} INFO - DAG(s) 'example_task_group' retrieved from /home/airflow/.local/lib/python3.12/site-packages/airflow/example_dags/example_task_group.py
[2024-10-02T01:59:03.773+0000] {logging_mixin.py:188} INFO - [2024-10-02T01:59:03.773+0000] {dag.py:3096} INFO - Sync 1 DAGs
[2024-10-02T01:59:03.787+0000] {logging_mixin.py:188} INFO - [2024-10-02T01:59:03.787+0000] {dag.py:3954} INFO - Setting next_dagrun for example_task_group to 2024-10-01 00:00:00+00:00, run_after=2024-10-02 00:00:00+00:00
[2024-10-02T01:59:03.797+0000] {processor.py:183} INFO - Processing /home/airflow/.local/lib/python3.12/site-packages/airflow/example_dags/example_task_group.py took 0.053 seconds
[2024-10-02T01:59:34.127+0000] {processor.py:161} INFO - Started process (PID=591) to work on /home/airflow/.local/lib/python3.12/site-packages/airflow/example_dags/example_task_group.py
[2024-10-02T01:59:34.128+0000] {processor.py:830} INFO - Processing file /home/airflow/.local/lib/python3.12/site-packages/airflow/example_dags/example_task_group.py for tasks to queue
[2024-10-02T01:59:34.130+0000] {logging_mixin.py:188} INFO - [2024-10-02T01:59:34.130+0000] {dagbag.py:545} INFO - Filling up the DagBag from /home/airflow/.local/lib/python3.12/site-packages/airflow/example_dags/example_task_group.py
[2024-10-02T01:59:34.136+0000] {processor.py:840} INFO - DAG(s) 'example_task_group' retrieved from /home/airflow/.local/lib/python3.12/site-packages/airflow/example_dags/example_task_group.py
[2024-10-02T01:59:34.152+0000] {logging_mixin.py:188} INFO - [2024-10-02T01:59:34.152+0000] {dag.py:3096} INFO - Sync 1 DAGs
[2024-10-02T01:59:34.166+0000] {logging_mixin.py:188} INFO - [2024-10-02T01:59:34.166+0000] {dag.py:3954} INFO - Setting next_dagrun for example_task_group to 2024-10-01 00:00:00+00:00, run_after=2024-10-02 00:00:00+00:00
[2024-10-02T01:59:34.182+0000] {processor.py:183} INFO - Processing /home/airflow/.local/lib/python3.12/site-packages/airflow/example_dags/example_task_group.py took 0.059 seconds
[2024-10-02T02:00:04.651+0000] {processor.py:161} INFO - Started process (PID=649) to work on /home/airflow/.local/lib/python3.12/site-packages/airflow/example_dags/example_task_group.py
[2024-10-02T02:00:04.652+0000] {processor.py:830} INFO - Processing file /home/airflow/.local/lib/python3.12/site-packages/airflow/example_dags/example_task_group.py for tasks to queue
[2024-10-02T02:00:04.654+0000] {logging_mixin.py:188} INFO - [2024-10-02T02:00:04.653+0000] {dagbag.py:545} INFO - Filling up the DagBag from /home/airflow/.local/lib/python3.12/site-packages/airflow/example_dags/example_task_group.py
[2024-10-02T02:00:04.660+0000] {processor.py:840} INFO - DAG(s) 'example_task_group' retrieved from /home/airflow/.local/lib/python3.12/site-packages/airflow/example_dags/example_task_group.py
[2024-10-02T02:00:04.676+0000] {logging_mixin.py:188} INFO - [2024-10-02T02:00:04.676+0000] {dag.py:3096} INFO - Sync 1 DAGs
[2024-10-02T02:00:04.689+0000] {logging_mixin.py:188} INFO - [2024-10-02T02:00:04.689+0000] {dag.py:3954} INFO - Setting next_dagrun for example_task_group to 2024-10-01 00:00:00+00:00, run_after=2024-10-02 00:00:00+00:00
[2024-10-02T02:00:04.699+0000] {processor.py:183} INFO - Processing /home/airflow/.local/lib/python3.12/site-packages/airflow/example_dags/example_task_group.py took 0.053 seconds
[2024-10-02T02:00:35.353+0000] {processor.py:161} INFO - Started process (PID=708) to work on /home/airflow/.local/lib/python3.12/site-packages/airflow/example_dags/example_task_group.py
[2024-10-02T02:00:35.355+0000] {processor.py:830} INFO - Processing file /home/airflow/.local/lib/python3.12/site-packages/airflow/example_dags/example_task_group.py for tasks to queue
[2024-10-02T02:00:35.356+0000] {logging_mixin.py:188} INFO - [2024-10-02T02:00:35.356+0000] {dagbag.py:545} INFO - Filling up the DagBag from /home/airflow/.local/lib/python3.12/site-packages/airflow/example_dags/example_task_group.py
[2024-10-02T02:00:35.361+0000] {processor.py:840} INFO - DAG(s) 'example_task_group' retrieved from /home/airflow/.local/lib/python3.12/site-packages/airflow/example_dags/example_task_group.py
[2024-10-02T02:00:35.378+0000] {logging_mixin.py:188} INFO - [2024-10-02T02:00:35.378+0000] {dag.py:3096} INFO - Sync 1 DAGs
[2024-10-02T02:00:35.392+0000] {logging_mixin.py:188} INFO - [2024-10-02T02:00:35.392+0000] {dag.py:3954} INFO - Setting next_dagrun for example_task_group to 2024-10-01 00:00:00+00:00, run_after=2024-10-02 00:00:00+00:00
[2024-10-02T02:00:35.403+0000] {processor.py:183} INFO - Processing /home/airflow/.local/lib/python3.12/site-packages/airflow/example_dags/example_task_group.py took 0.054 seconds
[2024-10-02T02:01:06.118+0000] {processor.py:161} INFO - Started process (PID=766) to work on /home/airflow/.local/lib/python3.12/site-packages/airflow/example_dags/example_task_group.py
[2024-10-02T02:01:06.119+0000] {processor.py:830} INFO - Processing file /home/airflow/.local/lib/python3.12/site-packages/airflow/example_dags/example_task_group.py for tasks to queue
[2024-10-02T02:01:06.120+0000] {logging_mixin.py:188} INFO - [2024-10-02T02:01:06.120+0000] {dagbag.py:545} INFO - Filling up the DagBag from /home/airflow/.local/lib/python3.12/site-packages/airflow/example_dags/example_task_group.py
[2024-10-02T02:01:06.126+0000] {processor.py:840} INFO - DAG(s) 'example_task_group' retrieved from /home/airflow/.local/lib/python3.12/site-packages/airflow/example_dags/example_task_group.py
[2024-10-02T02:01:06.142+0000] {logging_mixin.py:188} INFO - [2024-10-02T02:01:06.142+0000] {dag.py:3096} INFO - Sync 1 DAGs
[2024-10-02T02:01:06.154+0000] {logging_mixin.py:188} INFO - [2024-10-02T02:01:06.154+0000] {dag.py:3954} INFO - Setting next_dagrun for example_task_group to 2024-10-01 00:00:00+00:00, run_after=2024-10-02 00:00:00+00:00
[2024-10-02T02:01:06.165+0000] {processor.py:183} INFO - Processing /home/airflow/.local/lib/python3.12/site-packages/airflow/example_dags/example_task_group.py took 0.051 seconds
[2024-10-02T02:01:36.562+0000] {processor.py:161} INFO - Started process (PID=824) to work on /home/airflow/.local/lib/python3.12/site-packages/airflow/example_dags/example_task_group.py
[2024-10-02T02:01:36.564+0000] {processor.py:830} INFO - Processing file /home/airflow/.local/lib/python3.12/site-packages/airflow/example_dags/example_task_group.py for tasks to queue
[2024-10-02T02:01:36.566+0000] {logging_mixin.py:188} INFO - [2024-10-02T02:01:36.566+0000] {dagbag.py:545} INFO - Filling up the DagBag from /home/airflow/.local/lib/python3.12/site-packages/airflow/example_dags/example_task_group.py
[2024-10-02T02:01:36.575+0000] {processor.py:840} INFO - DAG(s) 'example_task_group' retrieved from /home/airflow/.local/lib/python3.12/site-packages/airflow/example_dags/example_task_group.py
[2024-10-02T02:01:36.592+0000] {logging_mixin.py:188} INFO - [2024-10-02T02:01:36.592+0000] {dag.py:3096} INFO - Sync 1 DAGs
[2024-10-02T02:01:36.607+0000] {logging_mixin.py:188} INFO - [2024-10-02T02:01:36.606+0000] {dag.py:3954} INFO - Setting next_dagrun for example_task_group to 2024-10-01 00:00:00+00:00, run_after=2024-10-02 00:00:00+00:00
[2024-10-02T02:01:36.617+0000] {processor.py:183} INFO - Processing /home/airflow/.local/lib/python3.12/site-packages/airflow/example_dags/example_task_group.py took 0.060 seconds
[2024-10-02T02:02:07.642+0000] {processor.py:161} INFO - Started process (PID=882) to work on /home/airflow/.local/lib/python3.12/site-packages/airflow/example_dags/example_task_group.py
[2024-10-02T02:02:07.644+0000] {processor.py:830} INFO - Processing file /home/airflow/.local/lib/python3.12/site-packages/airflow/example_dags/example_task_group.py for tasks to queue
[2024-10-02T02:02:07.647+0000] {logging_mixin.py:188} INFO - [2024-10-02T02:02:07.646+0000] {dagbag.py:545} INFO - Filling up the DagBag from /home/airflow/.local/lib/python3.12/site-packages/airflow/example_dags/example_task_group.py
[2024-10-02T02:02:07.656+0000] {processor.py:840} INFO - DAG(s) 'example_task_group' retrieved from /home/airflow/.local/lib/python3.12/site-packages/airflow/example_dags/example_task_group.py
[2024-10-02T02:02:07.678+0000] {logging_mixin.py:188} INFO - [2024-10-02T02:02:07.678+0000] {dag.py:3096} INFO - Sync 1 DAGs
[2024-10-02T02:02:07.692+0000] {logging_mixin.py:188} INFO - [2024-10-02T02:02:07.692+0000] {dag.py:3954} INFO - Setting next_dagrun for example_task_group to 2024-10-01 00:00:00+00:00, run_after=2024-10-02 00:00:00+00:00
[2024-10-02T02:02:07.704+0000] {processor.py:183} INFO - Processing /home/airflow/.local/lib/python3.12/site-packages/airflow/example_dags/example_task_group.py took 0.068 seconds
[2024-10-02T02:02:38.623+0000] {processor.py:161} INFO - Started process (PID=940) to work on /home/airflow/.local/lib/python3.12/site-packages/airflow/example_dags/example_task_group.py
[2024-10-02T02:02:38.625+0000] {processor.py:830} INFO - Processing file /home/airflow/.local/lib/python3.12/site-packages/airflow/example_dags/example_task_group.py for tasks to queue
[2024-10-02T02:02:38.626+0000] {logging_mixin.py:188} INFO - [2024-10-02T02:02:38.626+0000] {dagbag.py:545} INFO - Filling up the DagBag from /home/airflow/.local/lib/python3.12/site-packages/airflow/example_dags/example_task_group.py
[2024-10-02T02:02:38.632+0000] {processor.py:840} INFO - DAG(s) 'example_task_group' retrieved from /home/airflow/.local/lib/python3.12/site-packages/airflow/example_dags/example_task_group.py
[2024-10-02T02:02:38.650+0000] {logging_mixin.py:188} INFO - [2024-10-02T02:02:38.650+0000] {dag.py:3096} INFO - Sync 1 DAGs
[2024-10-02T02:02:38.664+0000] {logging_mixin.py:188} INFO - [2024-10-02T02:02:38.664+0000] {dag.py:3954} INFO - Setting next_dagrun for example_task_group to 2024-10-01 00:00:00+00:00, run_after=2024-10-02 00:00:00+00:00
[2024-10-02T02:02:38.675+0000] {processor.py:183} INFO - Processing /home/airflow/.local/lib/python3.12/site-packages/airflow/example_dags/example_task_group.py took 0.056 seconds
[2024-10-02T02:03:09.006+0000] {processor.py:161} INFO - Started process (PID=998) to work on /home/airflow/.local/lib/python3.12/site-packages/airflow/example_dags/example_task_group.py
[2024-10-02T02:03:09.007+0000] {processor.py:830} INFO - Processing file /home/airflow/.local/lib/python3.12/site-packages/airflow/example_dags/example_task_group.py for tasks to queue
[2024-10-02T02:03:09.009+0000] {logging_mixin.py:188} INFO - [2024-10-02T02:03:09.008+0000] {dagbag.py:545} INFO - Filling up the DagBag from /home/airflow/.local/lib/python3.12/site-packages/airflow/example_dags/example_task_group.py
[2024-10-02T02:03:09.014+0000] {processor.py:840} INFO - DAG(s) 'example_task_group' retrieved from /home/airflow/.local/lib/python3.12/site-packages/airflow/example_dags/example_task_group.py
[2024-10-02T02:03:09.030+0000] {logging_mixin.py:188} INFO - [2024-10-02T02:03:09.029+0000] {dag.py:3096} INFO - Sync 1 DAGs
[2024-10-02T02:03:09.044+0000] {logging_mixin.py:188} INFO - [2024-10-02T02:03:09.044+0000] {dag.py:3954} INFO - Setting next_dagrun for example_task_group to 2024-10-01 00:00:00+00:00, run_after=2024-10-02 00:00:00+00:00
[2024-10-02T02:03:09.055+0000] {processor.py:183} INFO - Processing /home/airflow/.local/lib/python3.12/site-packages/airflow/example_dags/example_task_group.py took 0.054 seconds
[2024-10-02T02:03:39.346+0000] {processor.py:161} INFO - Started process (PID=1056) to work on /home/airflow/.local/lib/python3.12/site-packages/airflow/example_dags/example_task_group.py
[2024-10-02T02:03:39.347+0000] {processor.py:830} INFO - Processing file /home/airflow/.local/lib/python3.12/site-packages/airflow/example_dags/example_task_group.py for tasks to queue
[2024-10-02T02:03:39.349+0000] {logging_mixin.py:188} INFO - [2024-10-02T02:03:39.349+0000] {dagbag.py:545} INFO - Filling up the DagBag from /home/airflow/.local/lib/python3.12/site-packages/airflow/example_dags/example_task_group.py
[2024-10-02T02:03:39.354+0000] {processor.py:840} INFO - DAG(s) 'example_task_group' retrieved from /home/airflow/.local/lib/python3.12/site-packages/airflow/example_dags/example_task_group.py
[2024-10-02T02:03:39.370+0000] {logging_mixin.py:188} INFO - [2024-10-02T02:03:39.370+0000] {dag.py:3096} INFO - Sync 1 DAGs
[2024-10-02T02:03:39.384+0000] {logging_mixin.py:188} INFO - [2024-10-02T02:03:39.384+0000] {dag.py:3954} INFO - Setting next_dagrun for example_task_group to 2024-10-01 00:00:00+00:00, run_after=2024-10-02 00:00:00+00:00
[2024-10-02T02:03:39.393+0000] {processor.py:183} INFO - Processing /home/airflow/.local/lib/python3.12/site-packages/airflow/example_dags/example_task_group.py took 0.051 seconds
[2024-10-02T02:04:09.658+0000] {processor.py:161} INFO - Started process (PID=1114) to work on /home/airflow/.local/lib/python3.12/site-packages/airflow/example_dags/example_task_group.py
[2024-10-02T02:04:09.659+0000] {processor.py:830} INFO - Processing file /home/airflow/.local/lib/python3.12/site-packages/airflow/example_dags/example_task_group.py for tasks to queue
[2024-10-02T02:04:09.661+0000] {logging_mixin.py:188} INFO - [2024-10-02T02:04:09.661+0000] {dagbag.py:545} INFO - Filling up the DagBag from /home/airflow/.local/lib/python3.12/site-packages/airflow/example_dags/example_task_group.py
[2024-10-02T02:04:09.666+0000] {processor.py:840} INFO - DAG(s) 'example_task_group' retrieved from /home/airflow/.local/lib/python3.12/site-packages/airflow/example_dags/example_task_group.py
[2024-10-02T02:04:09.683+0000] {logging_mixin.py:188} INFO - [2024-10-02T02:04:09.683+0000] {dag.py:3096} INFO - Sync 1 DAGs
[2024-10-02T02:04:09.697+0000] {logging_mixin.py:188} INFO - [2024-10-02T02:04:09.696+0000] {dag.py:3954} INFO - Setting next_dagrun for example_task_group to 2024-10-01 00:00:00+00:00, run_after=2024-10-02 00:00:00+00:00
[2024-10-02T02:04:09.711+0000] {processor.py:183} INFO - Processing /home/airflow/.local/lib/python3.12/site-packages/airflow/example_dags/example_task_group.py took 0.057 seconds
[2024-10-02T02:04:40.060+0000] {processor.py:161} INFO - Started process (PID=1172) to work on /home/airflow/.local/lib/python3.12/site-packages/airflow/example_dags/example_task_group.py
[2024-10-02T02:04:40.061+0000] {processor.py:830} INFO - Processing file /home/airflow/.local/lib/python3.12/site-packages/airflow/example_dags/example_task_group.py for tasks to queue
[2024-10-02T02:04:40.063+0000] {logging_mixin.py:188} INFO - [2024-10-02T02:04:40.063+0000] {dagbag.py:545} INFO - Filling up the DagBag from /home/airflow/.local/lib/python3.12/site-packages/airflow/example_dags/example_task_group.py
[2024-10-02T02:04:40.068+0000] {processor.py:840} INFO - DAG(s) 'example_task_group' retrieved from /home/airflow/.local/lib/python3.12/site-packages/airflow/example_dags/example_task_group.py
[2024-10-02T02:04:40.084+0000] {logging_mixin.py:188} INFO - [2024-10-02T02:04:40.084+0000] {dag.py:3096} INFO - Sync 1 DAGs
[2024-10-02T02:04:40.098+0000] {logging_mixin.py:188} INFO - [2024-10-02T02:04:40.098+0000] {dag.py:3954} INFO - Setting next_dagrun for example_task_group to 2024-10-01 00:00:00+00:00, run_after=2024-10-02 00:00:00+00:00
[2024-10-02T02:04:40.108+0000] {processor.py:183} INFO - Processing /home/airflow/.local/lib/python3.12/site-packages/airflow/example_dags/example_task_group.py took 0.052 seconds
[2024-10-02T02:05:10.657+0000] {processor.py:161} INFO - Started process (PID=1230) to work on /home/airflow/.local/lib/python3.12/site-packages/airflow/example_dags/example_task_group.py
[2024-10-02T02:05:10.659+0000] {processor.py:830} INFO - Processing file /home/airflow/.local/lib/python3.12/site-packages/airflow/example_dags/example_task_group.py for tasks to queue
[2024-10-02T02:05:10.660+0000] {logging_mixin.py:188} INFO - [2024-10-02T02:05:10.660+0000] {dagbag.py:545} INFO - Filling up the DagBag from /home/airflow/.local/lib/python3.12/site-packages/airflow/example_dags/example_task_group.py
[2024-10-02T02:05:10.665+0000] {processor.py:840} INFO - DAG(s) 'example_task_group' retrieved from /home/airflow/.local/lib/python3.12/site-packages/airflow/example_dags/example_task_group.py
[2024-10-02T02:05:10.681+0000] {logging_mixin.py:188} INFO - [2024-10-02T02:05:10.681+0000] {dag.py:3096} INFO - Sync 1 DAGs
[2024-10-02T02:05:10.695+0000] {logging_mixin.py:188} INFO - [2024-10-02T02:05:10.695+0000] {dag.py:3954} INFO - Setting next_dagrun for example_task_group to 2024-10-01 00:00:00+00:00, run_after=2024-10-02 00:00:00+00:00
[2024-10-02T02:05:10.706+0000] {processor.py:183} INFO - Processing /home/airflow/.local/lib/python3.12/site-packages/airflow/example_dags/example_task_group.py took 0.053 seconds
