[2024-10-02T01:54:59.492+0000] {processor.py:161} INFO - Started process (PID=63) to work on /home/airflow/.local/lib/python3.12/site-packages/airflow/example_dags/example_latest_only.py
[2024-10-02T01:54:59.495+0000] {processor.py:830} INFO - Processing file /home/airflow/.local/lib/python3.12/site-packages/airflow/example_dags/example_latest_only.py for tasks to queue
[2024-10-02T01:54:59.497+0000] {logging_mixin.py:188} INFO - [2024-10-02T01:54:59.497+0000] {dagbag.py:545} INFO - Filling up the DagBag from /home/airflow/.local/lib/python3.12/site-packages/airflow/example_dags/example_latest_only.py
[2024-10-02T01:54:59.502+0000] {processor.py:840} INFO - DAG(s) 'latest_only' retrieved from /home/airflow/.local/lib/python3.12/site-packages/airflow/example_dags/example_latest_only.py
[2024-10-02T01:54:59.514+0000] {logging_mixin.py:188} INFO - [2024-10-02T01:54:59.514+0000] {dag.py:3096} INFO - Sync 1 DAGs
[2024-10-02T01:54:59.532+0000] {logging_mixin.py:188} INFO - [2024-10-02T01:54:59.532+0000] {dag.py:3954} INFO - Setting next_dagrun for latest_only to 2024-10-01 20:00:00+00:00, run_after=2024-10-02 00:00:00+00:00
[2024-10-02T01:54:59.547+0000] {processor.py:183} INFO - Processing /home/airflow/.local/lib/python3.12/site-packages/airflow/example_dags/example_latest_only.py took 0.059 seconds
[2024-10-02T01:55:29.863+0000] {processor.py:161} INFO - Started process (PID=121) to work on /home/airflow/.local/lib/python3.12/site-packages/airflow/example_dags/example_latest_only.py
[2024-10-02T01:55:29.864+0000] {processor.py:830} INFO - Processing file /home/airflow/.local/lib/python3.12/site-packages/airflow/example_dags/example_latest_only.py for tasks to queue
[2024-10-02T01:55:29.866+0000] {logging_mixin.py:188} INFO - [2024-10-02T01:55:29.865+0000] {dagbag.py:545} INFO - Filling up the DagBag from /home/airflow/.local/lib/python3.12/site-packages/airflow/example_dags/example_latest_only.py
[2024-10-02T01:55:29.869+0000] {processor.py:840} INFO - DAG(s) 'latest_only' retrieved from /home/airflow/.local/lib/python3.12/site-packages/airflow/example_dags/example_latest_only.py
[2024-10-02T01:55:29.923+0000] {logging_mixin.py:188} INFO - [2024-10-02T01:55:29.923+0000] {dag.py:3096} INFO - Sync 1 DAGs
[2024-10-02T01:55:29.933+0000] {logging_mixin.py:188} INFO - [2024-10-02T01:55:29.933+0000] {dag.py:3954} INFO - Setting next_dagrun for latest_only to 2024-10-01 20:00:00+00:00, run_after=2024-10-02 00:00:00+00:00
[2024-10-02T01:55:29.942+0000] {processor.py:183} INFO - Processing /home/airflow/.local/lib/python3.12/site-packages/airflow/example_dags/example_latest_only.py took 0.083 seconds
[2024-10-02T01:56:00.631+0000] {processor.py:161} INFO - Started process (PID=179) to work on /home/airflow/.local/lib/python3.12/site-packages/airflow/example_dags/example_latest_only.py
[2024-10-02T01:56:00.632+0000] {processor.py:830} INFO - Processing file /home/airflow/.local/lib/python3.12/site-packages/airflow/example_dags/example_latest_only.py for tasks to queue
[2024-10-02T01:56:00.634+0000] {logging_mixin.py:188} INFO - [2024-10-02T01:56:00.634+0000] {dagbag.py:545} INFO - Filling up the DagBag from /home/airflow/.local/lib/python3.12/site-packages/airflow/example_dags/example_latest_only.py
[2024-10-02T01:56:00.638+0000] {processor.py:840} INFO - DAG(s) 'latest_only' retrieved from /home/airflow/.local/lib/python3.12/site-packages/airflow/example_dags/example_latest_only.py
[2024-10-02T01:56:00.653+0000] {logging_mixin.py:188} INFO - [2024-10-02T01:56:00.653+0000] {dag.py:3096} INFO - Sync 1 DAGs
[2024-10-02T01:56:00.665+0000] {logging_mixin.py:188} INFO - [2024-10-02T01:56:00.665+0000] {dag.py:3954} INFO - Setting next_dagrun for latest_only to 2024-10-01 20:00:00+00:00, run_after=2024-10-02 00:00:00+00:00
[2024-10-02T01:56:00.675+0000] {processor.py:183} INFO - Processing /home/airflow/.local/lib/python3.12/site-packages/airflow/example_dags/example_latest_only.py took 0.048 seconds
[2024-10-02T01:56:31.369+0000] {processor.py:161} INFO - Started process (PID=237) to work on /home/airflow/.local/lib/python3.12/site-packages/airflow/example_dags/example_latest_only.py
[2024-10-02T01:56:31.370+0000] {processor.py:830} INFO - Processing file /home/airflow/.local/lib/python3.12/site-packages/airflow/example_dags/example_latest_only.py for tasks to queue
[2024-10-02T01:56:31.372+0000] {logging_mixin.py:188} INFO - [2024-10-02T01:56:31.372+0000] {dagbag.py:545} INFO - Filling up the DagBag from /home/airflow/.local/lib/python3.12/site-packages/airflow/example_dags/example_latest_only.py
[2024-10-02T01:56:31.376+0000] {processor.py:840} INFO - DAG(s) 'latest_only' retrieved from /home/airflow/.local/lib/python3.12/site-packages/airflow/example_dags/example_latest_only.py
[2024-10-02T01:56:31.392+0000] {logging_mixin.py:188} INFO - [2024-10-02T01:56:31.391+0000] {dag.py:3096} INFO - Sync 1 DAGs
[2024-10-02T01:56:31.404+0000] {logging_mixin.py:188} INFO - [2024-10-02T01:56:31.404+0000] {dag.py:3954} INFO - Setting next_dagrun for latest_only to 2024-10-01 20:00:00+00:00, run_after=2024-10-02 00:00:00+00:00
[2024-10-02T01:56:31.414+0000] {processor.py:183} INFO - Processing /home/airflow/.local/lib/python3.12/site-packages/airflow/example_dags/example_latest_only.py took 0.050 seconds
[2024-10-02T01:57:01.841+0000] {processor.py:161} INFO - Started process (PID=295) to work on /home/airflow/.local/lib/python3.12/site-packages/airflow/example_dags/example_latest_only.py
[2024-10-02T01:57:01.842+0000] {processor.py:830} INFO - Processing file /home/airflow/.local/lib/python3.12/site-packages/airflow/example_dags/example_latest_only.py for tasks to queue
[2024-10-02T01:57:01.844+0000] {logging_mixin.py:188} INFO - [2024-10-02T01:57:01.844+0000] {dagbag.py:545} INFO - Filling up the DagBag from /home/airflow/.local/lib/python3.12/site-packages/airflow/example_dags/example_latest_only.py
[2024-10-02T01:57:01.848+0000] {processor.py:840} INFO - DAG(s) 'latest_only' retrieved from /home/airflow/.local/lib/python3.12/site-packages/airflow/example_dags/example_latest_only.py
[2024-10-02T01:57:01.863+0000] {logging_mixin.py:188} INFO - [2024-10-02T01:57:01.863+0000] {dag.py:3096} INFO - Sync 1 DAGs
[2024-10-02T01:57:01.875+0000] {logging_mixin.py:188} INFO - [2024-10-02T01:57:01.875+0000] {dag.py:3954} INFO - Setting next_dagrun for latest_only to 2024-10-01 20:00:00+00:00, run_after=2024-10-02 00:00:00+00:00
[2024-10-02T01:57:01.885+0000] {processor.py:183} INFO - Processing /home/airflow/.local/lib/python3.12/site-packages/airflow/example_dags/example_latest_only.py took 0.048 seconds
[2024-10-02T01:57:32.182+0000] {processor.py:161} INFO - Started process (PID=353) to work on /home/airflow/.local/lib/python3.12/site-packages/airflow/example_dags/example_latest_only.py
[2024-10-02T01:57:32.184+0000] {processor.py:830} INFO - Processing file /home/airflow/.local/lib/python3.12/site-packages/airflow/example_dags/example_latest_only.py for tasks to queue
[2024-10-02T01:57:32.185+0000] {logging_mixin.py:188} INFO - [2024-10-02T01:57:32.185+0000] {dagbag.py:545} INFO - Filling up the DagBag from /home/airflow/.local/lib/python3.12/site-packages/airflow/example_dags/example_latest_only.py
[2024-10-02T01:57:32.189+0000] {processor.py:840} INFO - DAG(s) 'latest_only' retrieved from /home/airflow/.local/lib/python3.12/site-packages/airflow/example_dags/example_latest_only.py
[2024-10-02T01:57:32.205+0000] {logging_mixin.py:188} INFO - [2024-10-02T01:57:32.205+0000] {dag.py:3096} INFO - Sync 1 DAGs
[2024-10-02T01:57:32.218+0000] {logging_mixin.py:188} INFO - [2024-10-02T01:57:32.218+0000] {dag.py:3954} INFO - Setting next_dagrun for latest_only to 2024-10-01 20:00:00+00:00, run_after=2024-10-02 00:00:00+00:00
[2024-10-02T01:57:32.229+0000] {processor.py:183} INFO - Processing /home/airflow/.local/lib/python3.12/site-packages/airflow/example_dags/example_latest_only.py took 0.050 seconds
[2024-10-02T01:58:02.585+0000] {processor.py:161} INFO - Started process (PID=411) to work on /home/airflow/.local/lib/python3.12/site-packages/airflow/example_dags/example_latest_only.py
[2024-10-02T01:58:02.586+0000] {processor.py:830} INFO - Processing file /home/airflow/.local/lib/python3.12/site-packages/airflow/example_dags/example_latest_only.py for tasks to queue
[2024-10-02T01:58:02.588+0000] {logging_mixin.py:188} INFO - [2024-10-02T01:58:02.588+0000] {dagbag.py:545} INFO - Filling up the DagBag from /home/airflow/.local/lib/python3.12/site-packages/airflow/example_dags/example_latest_only.py
[2024-10-02T01:58:02.592+0000] {processor.py:840} INFO - DAG(s) 'latest_only' retrieved from /home/airflow/.local/lib/python3.12/site-packages/airflow/example_dags/example_latest_only.py
[2024-10-02T01:58:02.607+0000] {logging_mixin.py:188} INFO - [2024-10-02T01:58:02.606+0000] {dag.py:3096} INFO - Sync 1 DAGs
[2024-10-02T01:58:02.618+0000] {logging_mixin.py:188} INFO - [2024-10-02T01:58:02.618+0000] {dag.py:3954} INFO - Setting next_dagrun for latest_only to 2024-10-01 20:00:00+00:00, run_after=2024-10-02 00:00:00+00:00
[2024-10-02T01:58:02.627+0000] {processor.py:183} INFO - Processing /home/airflow/.local/lib/python3.12/site-packages/airflow/example_dags/example_latest_only.py took 0.046 seconds
[2024-10-02T01:58:33.169+0000] {processor.py:161} INFO - Started process (PID=469) to work on /home/airflow/.local/lib/python3.12/site-packages/airflow/example_dags/example_latest_only.py
[2024-10-02T01:58:33.170+0000] {processor.py:830} INFO - Processing file /home/airflow/.local/lib/python3.12/site-packages/airflow/example_dags/example_latest_only.py for tasks to queue
[2024-10-02T01:58:33.172+0000] {logging_mixin.py:188} INFO - [2024-10-02T01:58:33.171+0000] {dagbag.py:545} INFO - Filling up the DagBag from /home/airflow/.local/lib/python3.12/site-packages/airflow/example_dags/example_latest_only.py
[2024-10-02T01:58:33.175+0000] {processor.py:840} INFO - DAG(s) 'latest_only' retrieved from /home/airflow/.local/lib/python3.12/site-packages/airflow/example_dags/example_latest_only.py
[2024-10-02T01:58:33.191+0000] {logging_mixin.py:188} INFO - [2024-10-02T01:58:33.191+0000] {dag.py:3096} INFO - Sync 1 DAGs
[2024-10-02T01:58:33.203+0000] {logging_mixin.py:188} INFO - [2024-10-02T01:58:33.203+0000] {dag.py:3954} INFO - Setting next_dagrun for latest_only to 2024-10-01 20:00:00+00:00, run_after=2024-10-02 00:00:00+00:00
[2024-10-02T01:58:33.213+0000] {processor.py:183} INFO - Processing /home/airflow/.local/lib/python3.12/site-packages/airflow/example_dags/example_latest_only.py took 0.049 seconds
[2024-10-02T01:59:03.587+0000] {processor.py:161} INFO - Started process (PID=528) to work on /home/airflow/.local/lib/python3.12/site-packages/airflow/example_dags/example_latest_only.py
[2024-10-02T01:59:03.588+0000] {processor.py:830} INFO - Processing file /home/airflow/.local/lib/python3.12/site-packages/airflow/example_dags/example_latest_only.py for tasks to queue
[2024-10-02T01:59:03.590+0000] {logging_mixin.py:188} INFO - [2024-10-02T01:59:03.589+0000] {dagbag.py:545} INFO - Filling up the DagBag from /home/airflow/.local/lib/python3.12/site-packages/airflow/example_dags/example_latest_only.py
[2024-10-02T01:59:03.593+0000] {processor.py:840} INFO - DAG(s) 'latest_only' retrieved from /home/airflow/.local/lib/python3.12/site-packages/airflow/example_dags/example_latest_only.py
[2024-10-02T01:59:03.609+0000] {logging_mixin.py:188} INFO - [2024-10-02T01:59:03.609+0000] {dag.py:3096} INFO - Sync 1 DAGs
[2024-10-02T01:59:03.622+0000] {logging_mixin.py:188} INFO - [2024-10-02T01:59:03.622+0000] {dag.py:3954} INFO - Setting next_dagrun for latest_only to 2024-10-01 20:00:00+00:00, run_after=2024-10-02 00:00:00+00:00
[2024-10-02T01:59:03.632+0000] {processor.py:183} INFO - Processing /home/airflow/.local/lib/python3.12/site-packages/airflow/example_dags/example_latest_only.py took 0.050 seconds
[2024-10-02T01:59:33.970+0000] {processor.py:161} INFO - Started process (PID=586) to work on /home/airflow/.local/lib/python3.12/site-packages/airflow/example_dags/example_latest_only.py
[2024-10-02T01:59:33.971+0000] {processor.py:830} INFO - Processing file /home/airflow/.local/lib/python3.12/site-packages/airflow/example_dags/example_latest_only.py for tasks to queue
[2024-10-02T01:59:33.973+0000] {logging_mixin.py:188} INFO - [2024-10-02T01:59:33.973+0000] {dagbag.py:545} INFO - Filling up the DagBag from /home/airflow/.local/lib/python3.12/site-packages/airflow/example_dags/example_latest_only.py
[2024-10-02T01:59:33.977+0000] {processor.py:840} INFO - DAG(s) 'latest_only' retrieved from /home/airflow/.local/lib/python3.12/site-packages/airflow/example_dags/example_latest_only.py
[2024-10-02T01:59:33.993+0000] {logging_mixin.py:188} INFO - [2024-10-02T01:59:33.992+0000] {dag.py:3096} INFO - Sync 1 DAGs
[2024-10-02T01:59:34.005+0000] {logging_mixin.py:188} INFO - [2024-10-02T01:59:34.005+0000] {dag.py:3954} INFO - Setting next_dagrun for latest_only to 2024-10-01 20:00:00+00:00, run_after=2024-10-02 00:00:00+00:00
[2024-10-02T01:59:34.015+0000] {processor.py:183} INFO - Processing /home/airflow/.local/lib/python3.12/site-packages/airflow/example_dags/example_latest_only.py took 0.049 seconds
[2024-10-02T02:00:04.417+0000] {processor.py:161} INFO - Started process (PID=644) to work on /home/airflow/.local/lib/python3.12/site-packages/airflow/example_dags/example_latest_only.py
[2024-10-02T02:00:04.419+0000] {processor.py:830} INFO - Processing file /home/airflow/.local/lib/python3.12/site-packages/airflow/example_dags/example_latest_only.py for tasks to queue
[2024-10-02T02:00:04.421+0000] {logging_mixin.py:188} INFO - [2024-10-02T02:00:04.421+0000] {dagbag.py:545} INFO - Filling up the DagBag from /home/airflow/.local/lib/python3.12/site-packages/airflow/example_dags/example_latest_only.py
[2024-10-02T02:00:04.427+0000] {processor.py:840} INFO - DAG(s) 'latest_only' retrieved from /home/airflow/.local/lib/python3.12/site-packages/airflow/example_dags/example_latest_only.py
[2024-10-02T02:00:04.459+0000] {logging_mixin.py:188} INFO - [2024-10-02T02:00:04.459+0000] {dag.py:3096} INFO - Sync 1 DAGs
[2024-10-02T02:00:04.479+0000] {logging_mixin.py:188} INFO - [2024-10-02T02:00:04.478+0000] {dag.py:3954} INFO - Setting next_dagrun for latest_only to 2024-10-01 20:00:00+00:00, run_after=2024-10-02 00:00:00+00:00
[2024-10-02T02:00:04.495+0000] {processor.py:183} INFO - Processing /home/airflow/.local/lib/python3.12/site-packages/airflow/example_dags/example_latest_only.py took 0.083 seconds
[2024-10-02T02:00:35.183+0000] {processor.py:161} INFO - Started process (PID=703) to work on /home/airflow/.local/lib/python3.12/site-packages/airflow/example_dags/example_latest_only.py
[2024-10-02T02:00:35.186+0000] {processor.py:830} INFO - Processing file /home/airflow/.local/lib/python3.12/site-packages/airflow/example_dags/example_latest_only.py for tasks to queue
[2024-10-02T02:00:35.190+0000] {logging_mixin.py:188} INFO - [2024-10-02T02:00:35.190+0000] {dagbag.py:545} INFO - Filling up the DagBag from /home/airflow/.local/lib/python3.12/site-packages/airflow/example_dags/example_latest_only.py
[2024-10-02T02:00:35.196+0000] {processor.py:840} INFO - DAG(s) 'latest_only' retrieved from /home/airflow/.local/lib/python3.12/site-packages/airflow/example_dags/example_latest_only.py
[2024-10-02T02:00:35.213+0000] {logging_mixin.py:188} INFO - [2024-10-02T02:00:35.213+0000] {dag.py:3096} INFO - Sync 1 DAGs
[2024-10-02T02:00:35.226+0000] {logging_mixin.py:188} INFO - [2024-10-02T02:00:35.226+0000] {dag.py:3954} INFO - Setting next_dagrun for latest_only to 2024-10-01 20:00:00+00:00, run_after=2024-10-02 00:00:00+00:00
[2024-10-02T02:00:35.238+0000] {processor.py:183} INFO - Processing /home/airflow/.local/lib/python3.12/site-packages/airflow/example_dags/example_latest_only.py took 0.060 seconds
[2024-10-02T02:01:05.914+0000] {processor.py:161} INFO - Started process (PID=761) to work on /home/airflow/.local/lib/python3.12/site-packages/airflow/example_dags/example_latest_only.py
[2024-10-02T02:01:05.915+0000] {processor.py:830} INFO - Processing file /home/airflow/.local/lib/python3.12/site-packages/airflow/example_dags/example_latest_only.py for tasks to queue
[2024-10-02T02:01:05.917+0000] {logging_mixin.py:188} INFO - [2024-10-02T02:01:05.916+0000] {dagbag.py:545} INFO - Filling up the DagBag from /home/airflow/.local/lib/python3.12/site-packages/airflow/example_dags/example_latest_only.py
[2024-10-02T02:01:05.920+0000] {processor.py:840} INFO - DAG(s) 'latest_only' retrieved from /home/airflow/.local/lib/python3.12/site-packages/airflow/example_dags/example_latest_only.py
[2024-10-02T02:01:05.936+0000] {logging_mixin.py:188} INFO - [2024-10-02T02:01:05.936+0000] {dag.py:3096} INFO - Sync 1 DAGs
[2024-10-02T02:01:05.947+0000] {logging_mixin.py:188} INFO - [2024-10-02T02:01:05.947+0000] {dag.py:3954} INFO - Setting next_dagrun for latest_only to 2024-10-01 20:00:00+00:00, run_after=2024-10-02 00:00:00+00:00
[2024-10-02T02:01:05.956+0000] {processor.py:183} INFO - Processing /home/airflow/.local/lib/python3.12/site-packages/airflow/example_dags/example_latest_only.py took 0.047 seconds
[2024-10-02T02:01:36.285+0000] {processor.py:161} INFO - Started process (PID=819) to work on /home/airflow/.local/lib/python3.12/site-packages/airflow/example_dags/example_latest_only.py
[2024-10-02T02:01:36.287+0000] {processor.py:830} INFO - Processing file /home/airflow/.local/lib/python3.12/site-packages/airflow/example_dags/example_latest_only.py for tasks to queue
[2024-10-02T02:01:36.290+0000] {logging_mixin.py:188} INFO - [2024-10-02T02:01:36.289+0000] {dagbag.py:545} INFO - Filling up the DagBag from /home/airflow/.local/lib/python3.12/site-packages/airflow/example_dags/example_latest_only.py
[2024-10-02T02:01:36.295+0000] {processor.py:840} INFO - DAG(s) 'latest_only' retrieved from /home/airflow/.local/lib/python3.12/site-packages/airflow/example_dags/example_latest_only.py
[2024-10-02T02:01:36.315+0000] {logging_mixin.py:188} INFO - [2024-10-02T02:01:36.314+0000] {dag.py:3096} INFO - Sync 1 DAGs
[2024-10-02T02:01:36.336+0000] {logging_mixin.py:188} INFO - [2024-10-02T02:01:36.336+0000] {dag.py:3954} INFO - Setting next_dagrun for latest_only to 2024-10-01 20:00:00+00:00, run_after=2024-10-02 00:00:00+00:00
[2024-10-02T02:01:36.353+0000] {processor.py:183} INFO - Processing /home/airflow/.local/lib/python3.12/site-packages/airflow/example_dags/example_latest_only.py took 0.073 seconds
[2024-10-02T02:02:07.374+0000] {processor.py:161} INFO - Started process (PID=877) to work on /home/airflow/.local/lib/python3.12/site-packages/airflow/example_dags/example_latest_only.py
[2024-10-02T02:02:07.375+0000] {processor.py:830} INFO - Processing file /home/airflow/.local/lib/python3.12/site-packages/airflow/example_dags/example_latest_only.py for tasks to queue
[2024-10-02T02:02:07.383+0000] {logging_mixin.py:188} INFO - [2024-10-02T02:02:07.382+0000] {dagbag.py:545} INFO - Filling up the DagBag from /home/airflow/.local/lib/python3.12/site-packages/airflow/example_dags/example_latest_only.py
[2024-10-02T02:02:07.387+0000] {processor.py:840} INFO - DAG(s) 'latest_only' retrieved from /home/airflow/.local/lib/python3.12/site-packages/airflow/example_dags/example_latest_only.py
[2024-10-02T02:02:07.405+0000] {logging_mixin.py:188} INFO - [2024-10-02T02:02:07.405+0000] {dag.py:3096} INFO - Sync 1 DAGs
[2024-10-02T02:02:07.420+0000] {logging_mixin.py:188} INFO - [2024-10-02T02:02:07.420+0000] {dag.py:3954} INFO - Setting next_dagrun for latest_only to 2024-10-01 20:00:00+00:00, run_after=2024-10-02 00:00:00+00:00
[2024-10-02T02:02:07.439+0000] {processor.py:183} INFO - Processing /home/airflow/.local/lib/python3.12/site-packages/airflow/example_dags/example_latest_only.py took 0.070 seconds
[2024-10-02T02:02:38.347+0000] {processor.py:161} INFO - Started process (PID=935) to work on /home/airflow/.local/lib/python3.12/site-packages/airflow/example_dags/example_latest_only.py
[2024-10-02T02:02:38.348+0000] {processor.py:830} INFO - Processing file /home/airflow/.local/lib/python3.12/site-packages/airflow/example_dags/example_latest_only.py for tasks to queue
[2024-10-02T02:02:38.351+0000] {logging_mixin.py:188} INFO - [2024-10-02T02:02:38.350+0000] {dagbag.py:545} INFO - Filling up the DagBag from /home/airflow/.local/lib/python3.12/site-packages/airflow/example_dags/example_latest_only.py
[2024-10-02T02:02:38.356+0000] {processor.py:840} INFO - DAG(s) 'latest_only' retrieved from /home/airflow/.local/lib/python3.12/site-packages/airflow/example_dags/example_latest_only.py
[2024-10-02T02:02:38.378+0000] {logging_mixin.py:188} INFO - [2024-10-02T02:02:38.378+0000] {dag.py:3096} INFO - Sync 1 DAGs
[2024-10-02T02:02:38.397+0000] {logging_mixin.py:188} INFO - [2024-10-02T02:02:38.397+0000] {dag.py:3954} INFO - Setting next_dagrun for latest_only to 2024-10-01 20:00:00+00:00, run_after=2024-10-02 00:00:00+00:00
[2024-10-02T02:02:38.425+0000] {processor.py:183} INFO - Processing /home/airflow/.local/lib/python3.12/site-packages/airflow/example_dags/example_latest_only.py took 0.082 seconds
[2024-10-02T02:03:08.750+0000] {processor.py:161} INFO - Started process (PID=993) to work on /home/airflow/.local/lib/python3.12/site-packages/airflow/example_dags/example_latest_only.py
[2024-10-02T02:03:08.752+0000] {processor.py:830} INFO - Processing file /home/airflow/.local/lib/python3.12/site-packages/airflow/example_dags/example_latest_only.py for tasks to queue
[2024-10-02T02:03:08.753+0000] {logging_mixin.py:188} INFO - [2024-10-02T02:03:08.753+0000] {dagbag.py:545} INFO - Filling up the DagBag from /home/airflow/.local/lib/python3.12/site-packages/airflow/example_dags/example_latest_only.py
[2024-10-02T02:03:08.758+0000] {processor.py:840} INFO - DAG(s) 'latest_only' retrieved from /home/airflow/.local/lib/python3.12/site-packages/airflow/example_dags/example_latest_only.py
[2024-10-02T02:03:08.778+0000] {logging_mixin.py:188} INFO - [2024-10-02T02:03:08.778+0000] {dag.py:3096} INFO - Sync 1 DAGs
[2024-10-02T02:03:08.797+0000] {logging_mixin.py:188} INFO - [2024-10-02T02:03:08.797+0000] {dag.py:3954} INFO - Setting next_dagrun for latest_only to 2024-10-01 20:00:00+00:00, run_after=2024-10-02 00:00:00+00:00
[2024-10-02T02:03:08.810+0000] {processor.py:183} INFO - Processing /home/airflow/.local/lib/python3.12/site-packages/airflow/example_dags/example_latest_only.py took 0.064 seconds
[2024-10-02T02:03:39.176+0000] {processor.py:161} INFO - Started process (PID=1051) to work on /home/airflow/.local/lib/python3.12/site-packages/airflow/example_dags/example_latest_only.py
[2024-10-02T02:03:39.177+0000] {processor.py:830} INFO - Processing file /home/airflow/.local/lib/python3.12/site-packages/airflow/example_dags/example_latest_only.py for tasks to queue
[2024-10-02T02:03:39.179+0000] {logging_mixin.py:188} INFO - [2024-10-02T02:03:39.178+0000] {dagbag.py:545} INFO - Filling up the DagBag from /home/airflow/.local/lib/python3.12/site-packages/airflow/example_dags/example_latest_only.py
[2024-10-02T02:03:39.183+0000] {processor.py:840} INFO - DAG(s) 'latest_only' retrieved from /home/airflow/.local/lib/python3.12/site-packages/airflow/example_dags/example_latest_only.py
[2024-10-02T02:03:39.199+0000] {logging_mixin.py:188} INFO - [2024-10-02T02:03:39.199+0000] {dag.py:3096} INFO - Sync 1 DAGs
[2024-10-02T02:03:39.213+0000] {logging_mixin.py:188} INFO - [2024-10-02T02:03:39.212+0000] {dag.py:3954} INFO - Setting next_dagrun for latest_only to 2024-10-01 20:00:00+00:00, run_after=2024-10-02 00:00:00+00:00
[2024-10-02T02:03:39.222+0000] {processor.py:183} INFO - Processing /home/airflow/.local/lib/python3.12/site-packages/airflow/example_dags/example_latest_only.py took 0.050 seconds
[2024-10-02T02:04:09.417+0000] {processor.py:161} INFO - Started process (PID=1109) to work on /home/airflow/.local/lib/python3.12/site-packages/airflow/example_dags/example_latest_only.py
[2024-10-02T02:04:09.418+0000] {processor.py:830} INFO - Processing file /home/airflow/.local/lib/python3.12/site-packages/airflow/example_dags/example_latest_only.py for tasks to queue
[2024-10-02T02:04:09.420+0000] {logging_mixin.py:188} INFO - [2024-10-02T02:04:09.420+0000] {dagbag.py:545} INFO - Filling up the DagBag from /home/airflow/.local/lib/python3.12/site-packages/airflow/example_dags/example_latest_only.py
[2024-10-02T02:04:09.426+0000] {processor.py:840} INFO - DAG(s) 'latest_only' retrieved from /home/airflow/.local/lib/python3.12/site-packages/airflow/example_dags/example_latest_only.py
[2024-10-02T02:04:09.445+0000] {logging_mixin.py:188} INFO - [2024-10-02T02:04:09.445+0000] {dag.py:3096} INFO - Sync 1 DAGs
[2024-10-02T02:04:09.463+0000] {logging_mixin.py:188} INFO - [2024-10-02T02:04:09.463+0000] {dag.py:3954} INFO - Setting next_dagrun for latest_only to 2024-10-01 20:00:00+00:00, run_after=2024-10-02 00:00:00+00:00
[2024-10-02T02:04:09.476+0000] {processor.py:183} INFO - Processing /home/airflow/.local/lib/python3.12/site-packages/airflow/example_dags/example_latest_only.py took 0.065 seconds
[2024-10-02T02:04:39.824+0000] {processor.py:161} INFO - Started process (PID=1167) to work on /home/airflow/.local/lib/python3.12/site-packages/airflow/example_dags/example_latest_only.py
[2024-10-02T02:04:39.825+0000] {processor.py:830} INFO - Processing file /home/airflow/.local/lib/python3.12/site-packages/airflow/example_dags/example_latest_only.py for tasks to queue
[2024-10-02T02:04:39.827+0000] {logging_mixin.py:188} INFO - [2024-10-02T02:04:39.827+0000] {dagbag.py:545} INFO - Filling up the DagBag from /home/airflow/.local/lib/python3.12/site-packages/airflow/example_dags/example_latest_only.py
[2024-10-02T02:04:39.832+0000] {processor.py:840} INFO - DAG(s) 'latest_only' retrieved from /home/airflow/.local/lib/python3.12/site-packages/airflow/example_dags/example_latest_only.py
[2024-10-02T02:04:39.853+0000] {logging_mixin.py:188} INFO - [2024-10-02T02:04:39.853+0000] {dag.py:3096} INFO - Sync 1 DAGs
[2024-10-02T02:04:39.873+0000] {logging_mixin.py:188} INFO - [2024-10-02T02:04:39.873+0000] {dag.py:3954} INFO - Setting next_dagrun for latest_only to 2024-10-01 20:00:00+00:00, run_after=2024-10-02 00:00:00+00:00
[2024-10-02T02:04:39.889+0000] {processor.py:183} INFO - Processing /home/airflow/.local/lib/python3.12/site-packages/airflow/example_dags/example_latest_only.py took 0.072 seconds
[2024-10-02T02:05:10.377+0000] {processor.py:161} INFO - Started process (PID=1225) to work on /home/airflow/.local/lib/python3.12/site-packages/airflow/example_dags/example_latest_only.py
[2024-10-02T02:05:10.378+0000] {processor.py:830} INFO - Processing file /home/airflow/.local/lib/python3.12/site-packages/airflow/example_dags/example_latest_only.py for tasks to queue
[2024-10-02T02:05:10.381+0000] {logging_mixin.py:188} INFO - [2024-10-02T02:05:10.381+0000] {dagbag.py:545} INFO - Filling up the DagBag from /home/airflow/.local/lib/python3.12/site-packages/airflow/example_dags/example_latest_only.py
[2024-10-02T02:05:10.387+0000] {processor.py:840} INFO - DAG(s) 'latest_only' retrieved from /home/airflow/.local/lib/python3.12/site-packages/airflow/example_dags/example_latest_only.py
[2024-10-02T02:05:10.409+0000] {logging_mixin.py:188} INFO - [2024-10-02T02:05:10.409+0000] {dag.py:3096} INFO - Sync 1 DAGs
[2024-10-02T02:05:10.432+0000] {logging_mixin.py:188} INFO - [2024-10-02T02:05:10.432+0000] {dag.py:3954} INFO - Setting next_dagrun for latest_only to 2024-10-01 20:00:00+00:00, run_after=2024-10-02 00:00:00+00:00
[2024-10-02T02:05:10.449+0000] {processor.py:183} INFO - Processing /home/airflow/.local/lib/python3.12/site-packages/airflow/example_dags/example_latest_only.py took 0.079 seconds
