[2024-10-02T01:54:57.875+0000] {processor.py:161} INFO - Started process (PID=46) to work on /home/airflow/.local/lib/python3.12/site-packages/airflow/example_dags/example_setup_teardown.py
[2024-10-02T01:54:57.876+0000] {processor.py:830} INFO - Processing file /home/airflow/.local/lib/python3.12/site-packages/airflow/example_dags/example_setup_teardown.py for tasks to queue
[2024-10-02T01:54:57.878+0000] {logging_mixin.py:188} INFO - [2024-10-02T01:54:57.878+0000] {dagbag.py:545} INFO - Filling up the DagBag from /home/airflow/.local/lib/python3.12/site-packages/airflow/example_dags/example_setup_teardown.py
[2024-10-02T01:54:57.885+0000] {processor.py:840} INFO - DAG(s) 'example_setup_teardown' retrieved from /home/airflow/.local/lib/python3.12/site-packages/airflow/example_dags/example_setup_teardown.py
[2024-10-02T01:54:57.940+0000] {logging_mixin.py:188} INFO - [2024-10-02T01:54:57.940+0000] {dag.py:3096} INFO - Sync 1 DAGs
[2024-10-02T01:54:57.960+0000] {logging_mixin.py:188} INFO - [2024-10-02T01:54:57.960+0000] {dag.py:3954} INFO - Setting next_dagrun for example_setup_teardown to 2024-10-01 00:00:00+00:00, run_after=2024-10-02 00:00:00+00:00
[2024-10-02T01:54:57.995+0000] {processor.py:183} INFO - Processing /home/airflow/.local/lib/python3.12/site-packages/airflow/example_dags/example_setup_teardown.py took 0.125 seconds
[2024-10-02T01:55:28.723+0000] {processor.py:161} INFO - Started process (PID=104) to work on /home/airflow/.local/lib/python3.12/site-packages/airflow/example_dags/example_setup_teardown.py
[2024-10-02T01:55:28.724+0000] {processor.py:830} INFO - Processing file /home/airflow/.local/lib/python3.12/site-packages/airflow/example_dags/example_setup_teardown.py for tasks to queue
[2024-10-02T01:55:28.726+0000] {logging_mixin.py:188} INFO - [2024-10-02T01:55:28.726+0000] {dagbag.py:545} INFO - Filling up the DagBag from /home/airflow/.local/lib/python3.12/site-packages/airflow/example_dags/example_setup_teardown.py
[2024-10-02T01:55:28.732+0000] {processor.py:840} INFO - DAG(s) 'example_setup_teardown' retrieved from /home/airflow/.local/lib/python3.12/site-packages/airflow/example_dags/example_setup_teardown.py
[2024-10-02T01:55:28.788+0000] {logging_mixin.py:188} INFO - [2024-10-02T01:55:28.787+0000] {dag.py:3096} INFO - Sync 1 DAGs
[2024-10-02T01:55:28.799+0000] {logging_mixin.py:188} INFO - [2024-10-02T01:55:28.799+0000] {dag.py:3954} INFO - Setting next_dagrun for example_setup_teardown to 2024-10-01 00:00:00+00:00, run_after=2024-10-02 00:00:00+00:00
[2024-10-02T01:55:28.809+0000] {processor.py:183} INFO - Processing /home/airflow/.local/lib/python3.12/site-packages/airflow/example_dags/example_setup_teardown.py took 0.089 seconds
[2024-10-02T01:55:59.855+0000] {processor.py:161} INFO - Started process (PID=162) to work on /home/airflow/.local/lib/python3.12/site-packages/airflow/example_dags/example_setup_teardown.py
[2024-10-02T01:55:59.858+0000] {processor.py:830} INFO - Processing file /home/airflow/.local/lib/python3.12/site-packages/airflow/example_dags/example_setup_teardown.py for tasks to queue
[2024-10-02T01:55:59.861+0000] {logging_mixin.py:188} INFO - [2024-10-02T01:55:59.860+0000] {dagbag.py:545} INFO - Filling up the DagBag from /home/airflow/.local/lib/python3.12/site-packages/airflow/example_dags/example_setup_teardown.py
[2024-10-02T01:55:59.869+0000] {processor.py:840} INFO - DAG(s) 'example_setup_teardown' retrieved from /home/airflow/.local/lib/python3.12/site-packages/airflow/example_dags/example_setup_teardown.py
[2024-10-02T01:55:59.889+0000] {logging_mixin.py:188} INFO - [2024-10-02T01:55:59.889+0000] {dag.py:3096} INFO - Sync 1 DAGs
[2024-10-02T01:55:59.903+0000] {logging_mixin.py:188} INFO - [2024-10-02T01:55:59.903+0000] {dag.py:3954} INFO - Setting next_dagrun for example_setup_teardown to 2024-10-01 00:00:00+00:00, run_after=2024-10-02 00:00:00+00:00
[2024-10-02T01:55:59.913+0000] {processor.py:183} INFO - Processing /home/airflow/.local/lib/python3.12/site-packages/airflow/example_dags/example_setup_teardown.py took 0.068 seconds
[2024-10-02T01:56:30.365+0000] {processor.py:161} INFO - Started process (PID=220) to work on /home/airflow/.local/lib/python3.12/site-packages/airflow/example_dags/example_setup_teardown.py
[2024-10-02T01:56:30.368+0000] {processor.py:830} INFO - Processing file /home/airflow/.local/lib/python3.12/site-packages/airflow/example_dags/example_setup_teardown.py for tasks to queue
[2024-10-02T01:56:30.372+0000] {logging_mixin.py:188} INFO - [2024-10-02T01:56:30.371+0000] {dagbag.py:545} INFO - Filling up the DagBag from /home/airflow/.local/lib/python3.12/site-packages/airflow/example_dags/example_setup_teardown.py
[2024-10-02T01:56:30.380+0000] {processor.py:840} INFO - DAG(s) 'example_setup_teardown' retrieved from /home/airflow/.local/lib/python3.12/site-packages/airflow/example_dags/example_setup_teardown.py
[2024-10-02T01:56:30.401+0000] {logging_mixin.py:188} INFO - [2024-10-02T01:56:30.401+0000] {dag.py:3096} INFO - Sync 1 DAGs
[2024-10-02T01:56:30.415+0000] {logging_mixin.py:188} INFO - [2024-10-02T01:56:30.415+0000] {dag.py:3954} INFO - Setting next_dagrun for example_setup_teardown to 2024-10-01 00:00:00+00:00, run_after=2024-10-02 00:00:00+00:00
[2024-10-02T01:56:30.425+0000] {processor.py:183} INFO - Processing /home/airflow/.local/lib/python3.12/site-packages/airflow/example_dags/example_setup_teardown.py took 0.071 seconds
[2024-10-02T01:57:01.036+0000] {processor.py:161} INFO - Started process (PID=278) to work on /home/airflow/.local/lib/python3.12/site-packages/airflow/example_dags/example_setup_teardown.py
[2024-10-02T01:57:01.038+0000] {processor.py:830} INFO - Processing file /home/airflow/.local/lib/python3.12/site-packages/airflow/example_dags/example_setup_teardown.py for tasks to queue
[2024-10-02T01:57:01.042+0000] {logging_mixin.py:188} INFO - [2024-10-02T01:57:01.041+0000] {dagbag.py:545} INFO - Filling up the DagBag from /home/airflow/.local/lib/python3.12/site-packages/airflow/example_dags/example_setup_teardown.py
[2024-10-02T01:57:01.051+0000] {processor.py:840} INFO - DAG(s) 'example_setup_teardown' retrieved from /home/airflow/.local/lib/python3.12/site-packages/airflow/example_dags/example_setup_teardown.py
[2024-10-02T01:57:01.080+0000] {logging_mixin.py:188} INFO - [2024-10-02T01:57:01.080+0000] {dag.py:3096} INFO - Sync 1 DAGs
[2024-10-02T01:57:01.097+0000] {logging_mixin.py:188} INFO - [2024-10-02T01:57:01.097+0000] {dag.py:3954} INFO - Setting next_dagrun for example_setup_teardown to 2024-10-01 00:00:00+00:00, run_after=2024-10-02 00:00:00+00:00
[2024-10-02T01:57:01.110+0000] {processor.py:183} INFO - Processing /home/airflow/.local/lib/python3.12/site-packages/airflow/example_dags/example_setup_teardown.py took 0.082 seconds
[2024-10-02T01:57:31.493+0000] {processor.py:161} INFO - Started process (PID=336) to work on /home/airflow/.local/lib/python3.12/site-packages/airflow/example_dags/example_setup_teardown.py
[2024-10-02T01:57:31.496+0000] {processor.py:830} INFO - Processing file /home/airflow/.local/lib/python3.12/site-packages/airflow/example_dags/example_setup_teardown.py for tasks to queue
[2024-10-02T01:57:31.499+0000] {logging_mixin.py:188} INFO - [2024-10-02T01:57:31.498+0000] {dagbag.py:545} INFO - Filling up the DagBag from /home/airflow/.local/lib/python3.12/site-packages/airflow/example_dags/example_setup_teardown.py
[2024-10-02T01:57:31.506+0000] {processor.py:840} INFO - DAG(s) 'example_setup_teardown' retrieved from /home/airflow/.local/lib/python3.12/site-packages/airflow/example_dags/example_setup_teardown.py
[2024-10-02T01:57:31.528+0000] {logging_mixin.py:188} INFO - [2024-10-02T01:57:31.528+0000] {dag.py:3096} INFO - Sync 1 DAGs
[2024-10-02T01:57:31.542+0000] {logging_mixin.py:188} INFO - [2024-10-02T01:57:31.541+0000] {dag.py:3954} INFO - Setting next_dagrun for example_setup_teardown to 2024-10-01 00:00:00+00:00, run_after=2024-10-02 00:00:00+00:00
[2024-10-02T01:57:31.552+0000] {processor.py:183} INFO - Processing /home/airflow/.local/lib/python3.12/site-packages/airflow/example_dags/example_setup_teardown.py took 0.068 seconds
[2024-10-02T01:58:01.899+0000] {processor.py:161} INFO - Started process (PID=394) to work on /home/airflow/.local/lib/python3.12/site-packages/airflow/example_dags/example_setup_teardown.py
[2024-10-02T01:58:01.902+0000] {processor.py:830} INFO - Processing file /home/airflow/.local/lib/python3.12/site-packages/airflow/example_dags/example_setup_teardown.py for tasks to queue
[2024-10-02T01:58:01.904+0000] {logging_mixin.py:188} INFO - [2024-10-02T01:58:01.904+0000] {dagbag.py:545} INFO - Filling up the DagBag from /home/airflow/.local/lib/python3.12/site-packages/airflow/example_dags/example_setup_teardown.py
[2024-10-02T01:58:01.912+0000] {processor.py:840} INFO - DAG(s) 'example_setup_teardown' retrieved from /home/airflow/.local/lib/python3.12/site-packages/airflow/example_dags/example_setup_teardown.py
[2024-10-02T01:58:01.931+0000] {logging_mixin.py:188} INFO - [2024-10-02T01:58:01.931+0000] {dag.py:3096} INFO - Sync 1 DAGs
[2024-10-02T01:58:01.945+0000] {logging_mixin.py:188} INFO - [2024-10-02T01:58:01.945+0000] {dag.py:3954} INFO - Setting next_dagrun for example_setup_teardown to 2024-10-01 00:00:00+00:00, run_after=2024-10-02 00:00:00+00:00
[2024-10-02T01:58:01.956+0000] {processor.py:183} INFO - Processing /home/airflow/.local/lib/python3.12/site-packages/airflow/example_dags/example_setup_teardown.py took 0.065 seconds
[2024-10-02T01:58:32.314+0000] {processor.py:161} INFO - Started process (PID=452) to work on /home/airflow/.local/lib/python3.12/site-packages/airflow/example_dags/example_setup_teardown.py
[2024-10-02T01:58:32.316+0000] {processor.py:830} INFO - Processing file /home/airflow/.local/lib/python3.12/site-packages/airflow/example_dags/example_setup_teardown.py for tasks to queue
[2024-10-02T01:58:32.321+0000] {logging_mixin.py:188} INFO - [2024-10-02T01:58:32.320+0000] {dagbag.py:545} INFO - Filling up the DagBag from /home/airflow/.local/lib/python3.12/site-packages/airflow/example_dags/example_setup_teardown.py
[2024-10-02T01:58:32.331+0000] {processor.py:840} INFO - DAG(s) 'example_setup_teardown' retrieved from /home/airflow/.local/lib/python3.12/site-packages/airflow/example_dags/example_setup_teardown.py
[2024-10-02T01:58:32.352+0000] {logging_mixin.py:188} INFO - [2024-10-02T01:58:32.352+0000] {dag.py:3096} INFO - Sync 1 DAGs
[2024-10-02T01:58:32.367+0000] {logging_mixin.py:188} INFO - [2024-10-02T01:58:32.367+0000] {dag.py:3954} INFO - Setting next_dagrun for example_setup_teardown to 2024-10-01 00:00:00+00:00, run_after=2024-10-02 00:00:00+00:00
[2024-10-02T01:58:32.378+0000] {processor.py:183} INFO - Processing /home/airflow/.local/lib/python3.12/site-packages/airflow/example_dags/example_setup_teardown.py took 0.077 seconds
[2024-10-02T01:59:02.904+0000] {processor.py:161} INFO - Started process (PID=511) to work on /home/airflow/.local/lib/python3.12/site-packages/airflow/example_dags/example_setup_teardown.py
[2024-10-02T01:59:02.907+0000] {processor.py:830} INFO - Processing file /home/airflow/.local/lib/python3.12/site-packages/airflow/example_dags/example_setup_teardown.py for tasks to queue
[2024-10-02T01:59:02.910+0000] {logging_mixin.py:188} INFO - [2024-10-02T01:59:02.909+0000] {dagbag.py:545} INFO - Filling up the DagBag from /home/airflow/.local/lib/python3.12/site-packages/airflow/example_dags/example_setup_teardown.py
[2024-10-02T01:59:02.919+0000] {processor.py:840} INFO - DAG(s) 'example_setup_teardown' retrieved from /home/airflow/.local/lib/python3.12/site-packages/airflow/example_dags/example_setup_teardown.py
[2024-10-02T01:59:02.941+0000] {logging_mixin.py:188} INFO - [2024-10-02T01:59:02.941+0000] {dag.py:3096} INFO - Sync 1 DAGs
[2024-10-02T01:59:02.956+0000] {logging_mixin.py:188} INFO - [2024-10-02T01:59:02.956+0000] {dag.py:3954} INFO - Setting next_dagrun for example_setup_teardown to 2024-10-01 00:00:00+00:00, run_after=2024-10-02 00:00:00+00:00
[2024-10-02T01:59:02.967+0000] {processor.py:183} INFO - Processing /home/airflow/.local/lib/python3.12/site-packages/airflow/example_dags/example_setup_teardown.py took 0.072 seconds
[2024-10-02T01:59:33.217+0000] {processor.py:161} INFO - Started process (PID=569) to work on /home/airflow/.local/lib/python3.12/site-packages/airflow/example_dags/example_setup_teardown.py
[2024-10-02T01:59:33.221+0000] {processor.py:830} INFO - Processing file /home/airflow/.local/lib/python3.12/site-packages/airflow/example_dags/example_setup_teardown.py for tasks to queue
[2024-10-02T01:59:33.225+0000] {logging_mixin.py:188} INFO - [2024-10-02T01:59:33.224+0000] {dagbag.py:545} INFO - Filling up the DagBag from /home/airflow/.local/lib/python3.12/site-packages/airflow/example_dags/example_setup_teardown.py
[2024-10-02T01:59:33.234+0000] {processor.py:840} INFO - DAG(s) 'example_setup_teardown' retrieved from /home/airflow/.local/lib/python3.12/site-packages/airflow/example_dags/example_setup_teardown.py
[2024-10-02T01:59:33.257+0000] {logging_mixin.py:188} INFO - [2024-10-02T01:59:33.257+0000] {dag.py:3096} INFO - Sync 1 DAGs
[2024-10-02T01:59:33.271+0000] {logging_mixin.py:188} INFO - [2024-10-02T01:59:33.271+0000] {dag.py:3954} INFO - Setting next_dagrun for example_setup_teardown to 2024-10-01 00:00:00+00:00, run_after=2024-10-02 00:00:00+00:00
[2024-10-02T01:59:33.282+0000] {processor.py:183} INFO - Processing /home/airflow/.local/lib/python3.12/site-packages/airflow/example_dags/example_setup_teardown.py took 0.076 seconds
[2024-10-02T02:00:03.694+0000] {processor.py:161} INFO - Started process (PID=627) to work on /home/airflow/.local/lib/python3.12/site-packages/airflow/example_dags/example_setup_teardown.py
[2024-10-02T02:00:03.697+0000] {processor.py:830} INFO - Processing file /home/airflow/.local/lib/python3.12/site-packages/airflow/example_dags/example_setup_teardown.py for tasks to queue
[2024-10-02T02:00:03.700+0000] {logging_mixin.py:188} INFO - [2024-10-02T02:00:03.700+0000] {dagbag.py:545} INFO - Filling up the DagBag from /home/airflow/.local/lib/python3.12/site-packages/airflow/example_dags/example_setup_teardown.py
[2024-10-02T02:00:03.709+0000] {processor.py:840} INFO - DAG(s) 'example_setup_teardown' retrieved from /home/airflow/.local/lib/python3.12/site-packages/airflow/example_dags/example_setup_teardown.py
[2024-10-02T02:00:03.730+0000] {logging_mixin.py:188} INFO - [2024-10-02T02:00:03.730+0000] {dag.py:3096} INFO - Sync 1 DAGs
[2024-10-02T02:00:03.745+0000] {logging_mixin.py:188} INFO - [2024-10-02T02:00:03.745+0000] {dag.py:3954} INFO - Setting next_dagrun for example_setup_teardown to 2024-10-01 00:00:00+00:00, run_after=2024-10-02 00:00:00+00:00
[2024-10-02T02:00:03.758+0000] {processor.py:183} INFO - Processing /home/airflow/.local/lib/python3.12/site-packages/airflow/example_dags/example_setup_teardown.py took 0.074 seconds
[2024-10-02T02:00:34.368+0000] {processor.py:161} INFO - Started process (PID=686) to work on /home/airflow/.local/lib/python3.12/site-packages/airflow/example_dags/example_setup_teardown.py
[2024-10-02T02:00:34.371+0000] {processor.py:830} INFO - Processing file /home/airflow/.local/lib/python3.12/site-packages/airflow/example_dags/example_setup_teardown.py for tasks to queue
[2024-10-02T02:00:34.374+0000] {logging_mixin.py:188} INFO - [2024-10-02T02:00:34.373+0000] {dagbag.py:545} INFO - Filling up the DagBag from /home/airflow/.local/lib/python3.12/site-packages/airflow/example_dags/example_setup_teardown.py
[2024-10-02T02:00:34.383+0000] {processor.py:840} INFO - DAG(s) 'example_setup_teardown' retrieved from /home/airflow/.local/lib/python3.12/site-packages/airflow/example_dags/example_setup_teardown.py
[2024-10-02T02:00:34.404+0000] {logging_mixin.py:188} INFO - [2024-10-02T02:00:34.404+0000] {dag.py:3096} INFO - Sync 1 DAGs
[2024-10-02T02:00:34.419+0000] {logging_mixin.py:188} INFO - [2024-10-02T02:00:34.419+0000] {dag.py:3954} INFO - Setting next_dagrun for example_setup_teardown to 2024-10-01 00:00:00+00:00, run_after=2024-10-02 00:00:00+00:00
[2024-10-02T02:00:34.429+0000] {processor.py:183} INFO - Processing /home/airflow/.local/lib/python3.12/site-packages/airflow/example_dags/example_setup_teardown.py took 0.071 seconds
[2024-10-02T02:01:04.978+0000] {processor.py:161} INFO - Started process (PID=744) to work on /home/airflow/.local/lib/python3.12/site-packages/airflow/example_dags/example_setup_teardown.py
[2024-10-02T02:01:04.981+0000] {processor.py:830} INFO - Processing file /home/airflow/.local/lib/python3.12/site-packages/airflow/example_dags/example_setup_teardown.py for tasks to queue
[2024-10-02T02:01:04.982+0000] {logging_mixin.py:188} INFO - [2024-10-02T02:01:04.982+0000] {dagbag.py:545} INFO - Filling up the DagBag from /home/airflow/.local/lib/python3.12/site-packages/airflow/example_dags/example_setup_teardown.py
[2024-10-02T02:01:04.988+0000] {processor.py:840} INFO - DAG(s) 'example_setup_teardown' retrieved from /home/airflow/.local/lib/python3.12/site-packages/airflow/example_dags/example_setup_teardown.py
[2024-10-02T02:01:05.005+0000] {logging_mixin.py:188} INFO - [2024-10-02T02:01:05.005+0000] {dag.py:3096} INFO - Sync 1 DAGs
[2024-10-02T02:01:05.019+0000] {logging_mixin.py:188} INFO - [2024-10-02T02:01:05.019+0000] {dag.py:3954} INFO - Setting next_dagrun for example_setup_teardown to 2024-10-01 00:00:00+00:00, run_after=2024-10-02 00:00:00+00:00
[2024-10-02T02:01:05.030+0000] {processor.py:183} INFO - Processing /home/airflow/.local/lib/python3.12/site-packages/airflow/example_dags/example_setup_teardown.py took 0.057 seconds
[2024-10-02T02:01:35.069+0000] {processor.py:161} INFO - Started process (PID=802) to work on /home/airflow/.local/lib/python3.12/site-packages/airflow/example_dags/example_setup_teardown.py
[2024-10-02T02:01:35.071+0000] {processor.py:830} INFO - Processing file /home/airflow/.local/lib/python3.12/site-packages/airflow/example_dags/example_setup_teardown.py for tasks to queue
[2024-10-02T02:01:35.073+0000] {logging_mixin.py:188} INFO - [2024-10-02T02:01:35.072+0000] {dagbag.py:545} INFO - Filling up the DagBag from /home/airflow/.local/lib/python3.12/site-packages/airflow/example_dags/example_setup_teardown.py
[2024-10-02T02:01:35.082+0000] {processor.py:840} INFO - DAG(s) 'example_setup_teardown' retrieved from /home/airflow/.local/lib/python3.12/site-packages/airflow/example_dags/example_setup_teardown.py
[2024-10-02T02:01:35.126+0000] {logging_mixin.py:188} INFO - [2024-10-02T02:01:35.126+0000] {dag.py:3096} INFO - Sync 1 DAGs
[2024-10-02T02:01:35.147+0000] {logging_mixin.py:188} INFO - [2024-10-02T02:01:35.147+0000] {dag.py:3954} INFO - Setting next_dagrun for example_setup_teardown to 2024-10-01 00:00:00+00:00, run_after=2024-10-02 00:00:00+00:00
[2024-10-02T02:01:35.166+0000] {processor.py:183} INFO - Processing /home/airflow/.local/lib/python3.12/site-packages/airflow/example_dags/example_setup_teardown.py took 0.102 seconds
[2024-10-02T02:02:05.300+0000] {processor.py:161} INFO - Started process (PID=860) to work on /home/airflow/.local/lib/python3.12/site-packages/airflow/example_dags/example_setup_teardown.py
[2024-10-02T02:02:05.301+0000] {processor.py:830} INFO - Processing file /home/airflow/.local/lib/python3.12/site-packages/airflow/example_dags/example_setup_teardown.py for tasks to queue
[2024-10-02T02:02:05.303+0000] {logging_mixin.py:188} INFO - [2024-10-02T02:02:05.302+0000] {dagbag.py:545} INFO - Filling up the DagBag from /home/airflow/.local/lib/python3.12/site-packages/airflow/example_dags/example_setup_teardown.py
[2024-10-02T02:02:05.308+0000] {processor.py:840} INFO - DAG(s) 'example_setup_teardown' retrieved from /home/airflow/.local/lib/python3.12/site-packages/airflow/example_dags/example_setup_teardown.py
[2024-10-02T02:02:05.330+0000] {logging_mixin.py:188} INFO - [2024-10-02T02:02:05.329+0000] {dag.py:3096} INFO - Sync 1 DAGs
[2024-10-02T02:02:05.342+0000] {logging_mixin.py:188} INFO - [2024-10-02T02:02:05.341+0000] {dag.py:3954} INFO - Setting next_dagrun for example_setup_teardown to 2024-10-01 00:00:00+00:00, run_after=2024-10-02 00:00:00+00:00
[2024-10-02T02:02:05.353+0000] {processor.py:183} INFO - Processing /home/airflow/.local/lib/python3.12/site-packages/airflow/example_dags/example_setup_teardown.py took 0.058 seconds
[2024-10-02T02:02:35.640+0000] {processor.py:161} INFO - Started process (PID=918) to work on /home/airflow/.local/lib/python3.12/site-packages/airflow/example_dags/example_setup_teardown.py
[2024-10-02T02:02:35.642+0000] {processor.py:830} INFO - Processing file /home/airflow/.local/lib/python3.12/site-packages/airflow/example_dags/example_setup_teardown.py for tasks to queue
[2024-10-02T02:02:35.645+0000] {logging_mixin.py:188} INFO - [2024-10-02T02:02:35.644+0000] {dagbag.py:545} INFO - Filling up the DagBag from /home/airflow/.local/lib/python3.12/site-packages/airflow/example_dags/example_setup_teardown.py
[2024-10-02T02:02:35.653+0000] {processor.py:840} INFO - DAG(s) 'example_setup_teardown' retrieved from /home/airflow/.local/lib/python3.12/site-packages/airflow/example_dags/example_setup_teardown.py
[2024-10-02T02:02:35.671+0000] {logging_mixin.py:188} INFO - [2024-10-02T02:02:35.670+0000] {dag.py:3096} INFO - Sync 1 DAGs
[2024-10-02T02:02:35.688+0000] {logging_mixin.py:188} INFO - [2024-10-02T02:02:35.688+0000] {dag.py:3954} INFO - Setting next_dagrun for example_setup_teardown to 2024-10-01 00:00:00+00:00, run_after=2024-10-02 00:00:00+00:00
[2024-10-02T02:02:35.701+0000] {processor.py:183} INFO - Processing /home/airflow/.local/lib/python3.12/site-packages/airflow/example_dags/example_setup_teardown.py took 0.067 seconds
[2024-10-02T02:03:06.016+0000] {processor.py:161} INFO - Started process (PID=976) to work on /home/airflow/.local/lib/python3.12/site-packages/airflow/example_dags/example_setup_teardown.py
[2024-10-02T02:03:06.017+0000] {processor.py:830} INFO - Processing file /home/airflow/.local/lib/python3.12/site-packages/airflow/example_dags/example_setup_teardown.py for tasks to queue
[2024-10-02T02:03:06.019+0000] {logging_mixin.py:188} INFO - [2024-10-02T02:03:06.019+0000] {dagbag.py:545} INFO - Filling up the DagBag from /home/airflow/.local/lib/python3.12/site-packages/airflow/example_dags/example_setup_teardown.py
[2024-10-02T02:03:06.024+0000] {processor.py:840} INFO - DAG(s) 'example_setup_teardown' retrieved from /home/airflow/.local/lib/python3.12/site-packages/airflow/example_dags/example_setup_teardown.py
[2024-10-02T02:03:06.040+0000] {logging_mixin.py:188} INFO - [2024-10-02T02:03:06.040+0000] {dag.py:3096} INFO - Sync 1 DAGs
[2024-10-02T02:03:06.053+0000] {logging_mixin.py:188} INFO - [2024-10-02T02:03:06.053+0000] {dag.py:3954} INFO - Setting next_dagrun for example_setup_teardown to 2024-10-01 00:00:00+00:00, run_after=2024-10-02 00:00:00+00:00
[2024-10-02T02:03:06.063+0000] {processor.py:183} INFO - Processing /home/airflow/.local/lib/python3.12/site-packages/airflow/example_dags/example_setup_teardown.py took 0.051 seconds
[2024-10-02T02:03:36.385+0000] {processor.py:161} INFO - Started process (PID=1034) to work on /home/airflow/.local/lib/python3.12/site-packages/airflow/example_dags/example_setup_teardown.py
[2024-10-02T02:03:36.386+0000] {processor.py:830} INFO - Processing file /home/airflow/.local/lib/python3.12/site-packages/airflow/example_dags/example_setup_teardown.py for tasks to queue
[2024-10-02T02:03:36.388+0000] {logging_mixin.py:188} INFO - [2024-10-02T02:03:36.387+0000] {dagbag.py:545} INFO - Filling up the DagBag from /home/airflow/.local/lib/python3.12/site-packages/airflow/example_dags/example_setup_teardown.py
[2024-10-02T02:03:36.392+0000] {processor.py:840} INFO - DAG(s) 'example_setup_teardown' retrieved from /home/airflow/.local/lib/python3.12/site-packages/airflow/example_dags/example_setup_teardown.py
[2024-10-02T02:03:36.407+0000] {logging_mixin.py:188} INFO - [2024-10-02T02:03:36.407+0000] {dag.py:3096} INFO - Sync 1 DAGs
[2024-10-02T02:03:36.419+0000] {logging_mixin.py:188} INFO - [2024-10-02T02:03:36.419+0000] {dag.py:3954} INFO - Setting next_dagrun for example_setup_teardown to 2024-10-01 00:00:00+00:00, run_after=2024-10-02 00:00:00+00:00
[2024-10-02T02:03:36.429+0000] {processor.py:183} INFO - Processing /home/airflow/.local/lib/python3.12/site-packages/airflow/example_dags/example_setup_teardown.py took 0.048 seconds
[2024-10-02T02:04:06.716+0000] {processor.py:161} INFO - Started process (PID=1092) to work on /home/airflow/.local/lib/python3.12/site-packages/airflow/example_dags/example_setup_teardown.py
[2024-10-02T02:04:06.718+0000] {processor.py:830} INFO - Processing file /home/airflow/.local/lib/python3.12/site-packages/airflow/example_dags/example_setup_teardown.py for tasks to queue
[2024-10-02T02:04:06.720+0000] {logging_mixin.py:188} INFO - [2024-10-02T02:04:06.719+0000] {dagbag.py:545} INFO - Filling up the DagBag from /home/airflow/.local/lib/python3.12/site-packages/airflow/example_dags/example_setup_teardown.py
[2024-10-02T02:04:06.725+0000] {processor.py:840} INFO - DAG(s) 'example_setup_teardown' retrieved from /home/airflow/.local/lib/python3.12/site-packages/airflow/example_dags/example_setup_teardown.py
[2024-10-02T02:04:06.740+0000] {logging_mixin.py:188} INFO - [2024-10-02T02:04:06.740+0000] {dag.py:3096} INFO - Sync 1 DAGs
[2024-10-02T02:04:06.752+0000] {logging_mixin.py:188} INFO - [2024-10-02T02:04:06.752+0000] {dag.py:3954} INFO - Setting next_dagrun for example_setup_teardown to 2024-10-01 00:00:00+00:00, run_after=2024-10-02 00:00:00+00:00
[2024-10-02T02:04:06.762+0000] {processor.py:183} INFO - Processing /home/airflow/.local/lib/python3.12/site-packages/airflow/example_dags/example_setup_teardown.py took 0.050 seconds
[2024-10-02T02:04:37.028+0000] {processor.py:161} INFO - Started process (PID=1150) to work on /home/airflow/.local/lib/python3.12/site-packages/airflow/example_dags/example_setup_teardown.py
[2024-10-02T02:04:37.029+0000] {processor.py:830} INFO - Processing file /home/airflow/.local/lib/python3.12/site-packages/airflow/example_dags/example_setup_teardown.py for tasks to queue
[2024-10-02T02:04:37.031+0000] {logging_mixin.py:188} INFO - [2024-10-02T02:04:37.030+0000] {dagbag.py:545} INFO - Filling up the DagBag from /home/airflow/.local/lib/python3.12/site-packages/airflow/example_dags/example_setup_teardown.py
[2024-10-02T02:04:37.035+0000] {processor.py:840} INFO - DAG(s) 'example_setup_teardown' retrieved from /home/airflow/.local/lib/python3.12/site-packages/airflow/example_dags/example_setup_teardown.py
[2024-10-02T02:04:37.051+0000] {logging_mixin.py:188} INFO - [2024-10-02T02:04:37.051+0000] {dag.py:3096} INFO - Sync 1 DAGs
[2024-10-02T02:04:37.063+0000] {logging_mixin.py:188} INFO - [2024-10-02T02:04:37.063+0000] {dag.py:3954} INFO - Setting next_dagrun for example_setup_teardown to 2024-10-01 00:00:00+00:00, run_after=2024-10-02 00:00:00+00:00
[2024-10-02T02:04:37.072+0000] {processor.py:183} INFO - Processing /home/airflow/.local/lib/python3.12/site-packages/airflow/example_dags/example_setup_teardown.py took 0.048 seconds
[2024-10-02T02:05:07.617+0000] {processor.py:161} INFO - Started process (PID=1208) to work on /home/airflow/.local/lib/python3.12/site-packages/airflow/example_dags/example_setup_teardown.py
[2024-10-02T02:05:07.618+0000] {processor.py:830} INFO - Processing file /home/airflow/.local/lib/python3.12/site-packages/airflow/example_dags/example_setup_teardown.py for tasks to queue
[2024-10-02T02:05:07.620+0000] {logging_mixin.py:188} INFO - [2024-10-02T02:05:07.620+0000] {dagbag.py:545} INFO - Filling up the DagBag from /home/airflow/.local/lib/python3.12/site-packages/airflow/example_dags/example_setup_teardown.py
[2024-10-02T02:05:07.625+0000] {processor.py:840} INFO - DAG(s) 'example_setup_teardown' retrieved from /home/airflow/.local/lib/python3.12/site-packages/airflow/example_dags/example_setup_teardown.py
[2024-10-02T02:05:07.642+0000] {logging_mixin.py:188} INFO - [2024-10-02T02:05:07.642+0000] {dag.py:3096} INFO - Sync 1 DAGs
[2024-10-02T02:05:07.655+0000] {logging_mixin.py:188} INFO - [2024-10-02T02:05:07.654+0000] {dag.py:3954} INFO - Setting next_dagrun for example_setup_teardown to 2024-10-01 00:00:00+00:00, run_after=2024-10-02 00:00:00+00:00
[2024-10-02T02:05:07.665+0000] {processor.py:183} INFO - Processing /home/airflow/.local/lib/python3.12/site-packages/airflow/example_dags/example_setup_teardown.py took 0.052 seconds
