[2024-10-02T01:54:59.322+0000] {processor.py:161} INFO - Started process (PID=59) to work on /home/airflow/.local/lib/python3.12/site-packages/airflow/example_dags/example_task_group_decorator.py
[2024-10-02T01:54:59.323+0000] {processor.py:830} INFO - Processing file /home/airflow/.local/lib/python3.12/site-packages/airflow/example_dags/example_task_group_decorator.py for tasks to queue
[2024-10-02T01:54:59.325+0000] {logging_mixin.py:188} INFO - [2024-10-02T01:54:59.325+0000] {dagbag.py:545} INFO - Filling up the DagBag from /home/airflow/.local/lib/python3.12/site-packages/airflow/example_dags/example_task_group_decorator.py
[2024-10-02T01:54:59.335+0000] {processor.py:840} INFO - DAG(s) 'example_task_group_decorator' retrieved from /home/airflow/.local/lib/python3.12/site-packages/airflow/example_dags/example_task_group_decorator.py
[2024-10-02T01:54:59.353+0000] {logging_mixin.py:188} INFO - [2024-10-02T01:54:59.352+0000] {dag.py:3096} INFO - Sync 1 DAGs
[2024-10-02T01:54:59.371+0000] {logging_mixin.py:188} INFO - [2024-10-02T01:54:59.371+0000] {dag.py:3954} INFO - Setting next_dagrun for example_task_group_decorator to 2024-10-01 00:00:00+00:00, run_after=2024-10-02 00:00:00+00:00
[2024-10-02T01:54:59.383+0000] {processor.py:183} INFO - Processing /home/airflow/.local/lib/python3.12/site-packages/airflow/example_dags/example_task_group_decorator.py took 0.065 seconds
[2024-10-02T01:55:29.551+0000] {processor.py:161} INFO - Started process (PID=117) to work on /home/airflow/.local/lib/python3.12/site-packages/airflow/example_dags/example_task_group_decorator.py
[2024-10-02T01:55:29.552+0000] {processor.py:830} INFO - Processing file /home/airflow/.local/lib/python3.12/site-packages/airflow/example_dags/example_task_group_decorator.py for tasks to queue
[2024-10-02T01:55:29.554+0000] {logging_mixin.py:188} INFO - [2024-10-02T01:55:29.553+0000] {dagbag.py:545} INFO - Filling up the DagBag from /home/airflow/.local/lib/python3.12/site-packages/airflow/example_dags/example_task_group_decorator.py
[2024-10-02T01:55:29.563+0000] {processor.py:840} INFO - DAG(s) 'example_task_group_decorator' retrieved from /home/airflow/.local/lib/python3.12/site-packages/airflow/example_dags/example_task_group_decorator.py
[2024-10-02T01:55:29.619+0000] {logging_mixin.py:188} INFO - [2024-10-02T01:55:29.618+0000] {dag.py:3096} INFO - Sync 1 DAGs
[2024-10-02T01:55:29.629+0000] {logging_mixin.py:188} INFO - [2024-10-02T01:55:29.629+0000] {dag.py:3954} INFO - Setting next_dagrun for example_task_group_decorator to 2024-10-01 00:00:00+00:00, run_after=2024-10-02 00:00:00+00:00
[2024-10-02T01:55:29.639+0000] {processor.py:183} INFO - Processing /home/airflow/.local/lib/python3.12/site-packages/airflow/example_dags/example_task_group_decorator.py took 0.093 seconds
[2024-10-02T01:56:00.487+0000] {processor.py:161} INFO - Started process (PID=175) to work on /home/airflow/.local/lib/python3.12/site-packages/airflow/example_dags/example_task_group_decorator.py
[2024-10-02T01:56:00.488+0000] {processor.py:830} INFO - Processing file /home/airflow/.local/lib/python3.12/site-packages/airflow/example_dags/example_task_group_decorator.py for tasks to queue
[2024-10-02T01:56:00.491+0000] {logging_mixin.py:188} INFO - [2024-10-02T01:56:00.490+0000] {dagbag.py:545} INFO - Filling up the DagBag from /home/airflow/.local/lib/python3.12/site-packages/airflow/example_dags/example_task_group_decorator.py
[2024-10-02T01:56:00.500+0000] {processor.py:840} INFO - DAG(s) 'example_task_group_decorator' retrieved from /home/airflow/.local/lib/python3.12/site-packages/airflow/example_dags/example_task_group_decorator.py
[2024-10-02T01:56:00.517+0000] {logging_mixin.py:188} INFO - [2024-10-02T01:56:00.517+0000] {dag.py:3096} INFO - Sync 1 DAGs
[2024-10-02T01:56:00.529+0000] {logging_mixin.py:188} INFO - [2024-10-02T01:56:00.529+0000] {dag.py:3954} INFO - Setting next_dagrun for example_task_group_decorator to 2024-10-01 00:00:00+00:00, run_after=2024-10-02 00:00:00+00:00
[2024-10-02T01:56:00.539+0000] {processor.py:183} INFO - Processing /home/airflow/.local/lib/python3.12/site-packages/airflow/example_dags/example_task_group_decorator.py took 0.056 seconds
[2024-10-02T01:56:31.201+0000] {processor.py:161} INFO - Started process (PID=233) to work on /home/airflow/.local/lib/python3.12/site-packages/airflow/example_dags/example_task_group_decorator.py
[2024-10-02T01:56:31.202+0000] {processor.py:830} INFO - Processing file /home/airflow/.local/lib/python3.12/site-packages/airflow/example_dags/example_task_group_decorator.py for tasks to queue
[2024-10-02T01:56:31.205+0000] {logging_mixin.py:188} INFO - [2024-10-02T01:56:31.204+0000] {dagbag.py:545} INFO - Filling up the DagBag from /home/airflow/.local/lib/python3.12/site-packages/airflow/example_dags/example_task_group_decorator.py
[2024-10-02T01:56:31.218+0000] {processor.py:840} INFO - DAG(s) 'example_task_group_decorator' retrieved from /home/airflow/.local/lib/python3.12/site-packages/airflow/example_dags/example_task_group_decorator.py
[2024-10-02T01:56:31.245+0000] {logging_mixin.py:188} INFO - [2024-10-02T01:56:31.245+0000] {dag.py:3096} INFO - Sync 1 DAGs
[2024-10-02T01:56:31.262+0000] {logging_mixin.py:188} INFO - [2024-10-02T01:56:31.262+0000] {dag.py:3954} INFO - Setting next_dagrun for example_task_group_decorator to 2024-10-01 00:00:00+00:00, run_after=2024-10-02 00:00:00+00:00
[2024-10-02T01:56:31.273+0000] {processor.py:183} INFO - Processing /home/airflow/.local/lib/python3.12/site-packages/airflow/example_dags/example_task_group_decorator.py took 0.078 seconds
[2024-10-02T01:57:01.650+0000] {processor.py:161} INFO - Started process (PID=291) to work on /home/airflow/.local/lib/python3.12/site-packages/airflow/example_dags/example_task_group_decorator.py
[2024-10-02T01:57:01.652+0000] {processor.py:830} INFO - Processing file /home/airflow/.local/lib/python3.12/site-packages/airflow/example_dags/example_task_group_decorator.py for tasks to queue
[2024-10-02T01:57:01.653+0000] {logging_mixin.py:188} INFO - [2024-10-02T01:57:01.653+0000] {dagbag.py:545} INFO - Filling up the DagBag from /home/airflow/.local/lib/python3.12/site-packages/airflow/example_dags/example_task_group_decorator.py
[2024-10-02T01:57:01.662+0000] {processor.py:840} INFO - DAG(s) 'example_task_group_decorator' retrieved from /home/airflow/.local/lib/python3.12/site-packages/airflow/example_dags/example_task_group_decorator.py
[2024-10-02T01:57:01.679+0000] {logging_mixin.py:188} INFO - [2024-10-02T01:57:01.679+0000] {dag.py:3096} INFO - Sync 1 DAGs
[2024-10-02T01:57:01.691+0000] {logging_mixin.py:188} INFO - [2024-10-02T01:57:01.691+0000] {dag.py:3954} INFO - Setting next_dagrun for example_task_group_decorator to 2024-10-01 00:00:00+00:00, run_after=2024-10-02 00:00:00+00:00
[2024-10-02T01:57:01.701+0000] {processor.py:183} INFO - Processing /home/airflow/.local/lib/python3.12/site-packages/airflow/example_dags/example_task_group_decorator.py took 0.055 seconds
[2024-10-02T01:57:32.029+0000] {processor.py:161} INFO - Started process (PID=349) to work on /home/airflow/.local/lib/python3.12/site-packages/airflow/example_dags/example_task_group_decorator.py
[2024-10-02T01:57:32.030+0000] {processor.py:830} INFO - Processing file /home/airflow/.local/lib/python3.12/site-packages/airflow/example_dags/example_task_group_decorator.py for tasks to queue
[2024-10-02T01:57:32.032+0000] {logging_mixin.py:188} INFO - [2024-10-02T01:57:32.031+0000] {dagbag.py:545} INFO - Filling up the DagBag from /home/airflow/.local/lib/python3.12/site-packages/airflow/example_dags/example_task_group_decorator.py
[2024-10-02T01:57:32.040+0000] {processor.py:840} INFO - DAG(s) 'example_task_group_decorator' retrieved from /home/airflow/.local/lib/python3.12/site-packages/airflow/example_dags/example_task_group_decorator.py
[2024-10-02T01:57:32.062+0000] {logging_mixin.py:188} INFO - [2024-10-02T01:57:32.062+0000] {dag.py:3096} INFO - Sync 1 DAGs
[2024-10-02T01:57:32.076+0000] {logging_mixin.py:188} INFO - [2024-10-02T01:57:32.075+0000] {dag.py:3954} INFO - Setting next_dagrun for example_task_group_decorator to 2024-10-01 00:00:00+00:00, run_after=2024-10-02 00:00:00+00:00
[2024-10-02T01:57:32.087+0000] {processor.py:183} INFO - Processing /home/airflow/.local/lib/python3.12/site-packages/airflow/example_dags/example_task_group_decorator.py took 0.062 seconds
[2024-10-02T01:58:02.441+0000] {processor.py:161} INFO - Started process (PID=407) to work on /home/airflow/.local/lib/python3.12/site-packages/airflow/example_dags/example_task_group_decorator.py
[2024-10-02T01:58:02.442+0000] {processor.py:830} INFO - Processing file /home/airflow/.local/lib/python3.12/site-packages/airflow/example_dags/example_task_group_decorator.py for tasks to queue
[2024-10-02T01:58:02.444+0000] {logging_mixin.py:188} INFO - [2024-10-02T01:58:02.443+0000] {dagbag.py:545} INFO - Filling up the DagBag from /home/airflow/.local/lib/python3.12/site-packages/airflow/example_dags/example_task_group_decorator.py
[2024-10-02T01:58:02.453+0000] {processor.py:840} INFO - DAG(s) 'example_task_group_decorator' retrieved from /home/airflow/.local/lib/python3.12/site-packages/airflow/example_dags/example_task_group_decorator.py
[2024-10-02T01:58:02.470+0000] {logging_mixin.py:188} INFO - [2024-10-02T01:58:02.470+0000] {dag.py:3096} INFO - Sync 1 DAGs
[2024-10-02T01:58:02.483+0000] {logging_mixin.py:188} INFO - [2024-10-02T01:58:02.482+0000] {dag.py:3954} INFO - Setting next_dagrun for example_task_group_decorator to 2024-10-01 00:00:00+00:00, run_after=2024-10-02 00:00:00+00:00
[2024-10-02T01:58:02.492+0000] {processor.py:183} INFO - Processing /home/airflow/.local/lib/python3.12/site-packages/airflow/example_dags/example_task_group_decorator.py took 0.056 seconds
[2024-10-02T01:58:33.026+0000] {processor.py:161} INFO - Started process (PID=465) to work on /home/airflow/.local/lib/python3.12/site-packages/airflow/example_dags/example_task_group_decorator.py
[2024-10-02T01:58:33.027+0000] {processor.py:830} INFO - Processing file /home/airflow/.local/lib/python3.12/site-packages/airflow/example_dags/example_task_group_decorator.py for tasks to queue
[2024-10-02T01:58:33.029+0000] {logging_mixin.py:188} INFO - [2024-10-02T01:58:33.029+0000] {dagbag.py:545} INFO - Filling up the DagBag from /home/airflow/.local/lib/python3.12/site-packages/airflow/example_dags/example_task_group_decorator.py
[2024-10-02T01:58:33.038+0000] {processor.py:840} INFO - DAG(s) 'example_task_group_decorator' retrieved from /home/airflow/.local/lib/python3.12/site-packages/airflow/example_dags/example_task_group_decorator.py
[2024-10-02T01:58:33.055+0000] {logging_mixin.py:188} INFO - [2024-10-02T01:58:33.055+0000] {dag.py:3096} INFO - Sync 1 DAGs
[2024-10-02T01:58:33.067+0000] {logging_mixin.py:188} INFO - [2024-10-02T01:58:33.067+0000] {dag.py:3954} INFO - Setting next_dagrun for example_task_group_decorator to 2024-10-01 00:00:00+00:00, run_after=2024-10-02 00:00:00+00:00
[2024-10-02T01:58:33.076+0000] {processor.py:183} INFO - Processing /home/airflow/.local/lib/python3.12/site-packages/airflow/example_dags/example_task_group_decorator.py took 0.055 seconds
[2024-10-02T01:59:03.435+0000] {processor.py:161} INFO - Started process (PID=524) to work on /home/airflow/.local/lib/python3.12/site-packages/airflow/example_dags/example_task_group_decorator.py
[2024-10-02T01:59:03.436+0000] {processor.py:830} INFO - Processing file /home/airflow/.local/lib/python3.12/site-packages/airflow/example_dags/example_task_group_decorator.py for tasks to queue
[2024-10-02T01:59:03.438+0000] {logging_mixin.py:188} INFO - [2024-10-02T01:59:03.437+0000] {dagbag.py:545} INFO - Filling up the DagBag from /home/airflow/.local/lib/python3.12/site-packages/airflow/example_dags/example_task_group_decorator.py
[2024-10-02T01:59:03.447+0000] {processor.py:840} INFO - DAG(s) 'example_task_group_decorator' retrieved from /home/airflow/.local/lib/python3.12/site-packages/airflow/example_dags/example_task_group_decorator.py
[2024-10-02T01:59:03.464+0000] {logging_mixin.py:188} INFO - [2024-10-02T01:59:03.464+0000] {dag.py:3096} INFO - Sync 1 DAGs
[2024-10-02T01:59:03.477+0000] {logging_mixin.py:188} INFO - [2024-10-02T01:59:03.477+0000] {dag.py:3954} INFO - Setting next_dagrun for example_task_group_decorator to 2024-10-01 00:00:00+00:00, run_after=2024-10-02 00:00:00+00:00
[2024-10-02T01:59:03.487+0000] {processor.py:183} INFO - Processing /home/airflow/.local/lib/python3.12/site-packages/airflow/example_dags/example_task_group_decorator.py took 0.057 seconds
[2024-10-02T01:59:33.823+0000] {processor.py:161} INFO - Started process (PID=582) to work on /home/airflow/.local/lib/python3.12/site-packages/airflow/example_dags/example_task_group_decorator.py
[2024-10-02T01:59:33.825+0000] {processor.py:830} INFO - Processing file /home/airflow/.local/lib/python3.12/site-packages/airflow/example_dags/example_task_group_decorator.py for tasks to queue
[2024-10-02T01:59:33.827+0000] {logging_mixin.py:188} INFO - [2024-10-02T01:59:33.826+0000] {dagbag.py:545} INFO - Filling up the DagBag from /home/airflow/.local/lib/python3.12/site-packages/airflow/example_dags/example_task_group_decorator.py
[2024-10-02T01:59:33.836+0000] {processor.py:840} INFO - DAG(s) 'example_task_group_decorator' retrieved from /home/airflow/.local/lib/python3.12/site-packages/airflow/example_dags/example_task_group_decorator.py
[2024-10-02T01:59:33.853+0000] {logging_mixin.py:188} INFO - [2024-10-02T01:59:33.853+0000] {dag.py:3096} INFO - Sync 1 DAGs
[2024-10-02T01:59:33.866+0000] {logging_mixin.py:188} INFO - [2024-10-02T01:59:33.865+0000] {dag.py:3954} INFO - Setting next_dagrun for example_task_group_decorator to 2024-10-01 00:00:00+00:00, run_after=2024-10-02 00:00:00+00:00
[2024-10-02T01:59:33.876+0000] {processor.py:183} INFO - Processing /home/airflow/.local/lib/python3.12/site-packages/airflow/example_dags/example_task_group_decorator.py took 0.057 seconds
[2024-10-02T02:00:04.248+0000] {processor.py:161} INFO - Started process (PID=640) to work on /home/airflow/.local/lib/python3.12/site-packages/airflow/example_dags/example_task_group_decorator.py
[2024-10-02T02:00:04.249+0000] {processor.py:830} INFO - Processing file /home/airflow/.local/lib/python3.12/site-packages/airflow/example_dags/example_task_group_decorator.py for tasks to queue
[2024-10-02T02:00:04.251+0000] {logging_mixin.py:188} INFO - [2024-10-02T02:00:04.251+0000] {dagbag.py:545} INFO - Filling up the DagBag from /home/airflow/.local/lib/python3.12/site-packages/airflow/example_dags/example_task_group_decorator.py
[2024-10-02T02:00:04.260+0000] {processor.py:840} INFO - DAG(s) 'example_task_group_decorator' retrieved from /home/airflow/.local/lib/python3.12/site-packages/airflow/example_dags/example_task_group_decorator.py
[2024-10-02T02:00:04.278+0000] {logging_mixin.py:188} INFO - [2024-10-02T02:00:04.278+0000] {dag.py:3096} INFO - Sync 1 DAGs
[2024-10-02T02:00:04.294+0000] {logging_mixin.py:188} INFO - [2024-10-02T02:00:04.294+0000] {dag.py:3954} INFO - Setting next_dagrun for example_task_group_decorator to 2024-10-01 00:00:00+00:00, run_after=2024-10-02 00:00:00+00:00
[2024-10-02T02:00:04.310+0000] {processor.py:183} INFO - Processing /home/airflow/.local/lib/python3.12/site-packages/airflow/example_dags/example_task_group_decorator.py took 0.066 seconds
[2024-10-02T02:00:35.033+0000] {processor.py:161} INFO - Started process (PID=699) to work on /home/airflow/.local/lib/python3.12/site-packages/airflow/example_dags/example_task_group_decorator.py
[2024-10-02T02:00:35.035+0000] {processor.py:830} INFO - Processing file /home/airflow/.local/lib/python3.12/site-packages/airflow/example_dags/example_task_group_decorator.py for tasks to queue
[2024-10-02T02:00:35.036+0000] {logging_mixin.py:188} INFO - [2024-10-02T02:00:35.036+0000] {dagbag.py:545} INFO - Filling up the DagBag from /home/airflow/.local/lib/python3.12/site-packages/airflow/example_dags/example_task_group_decorator.py
[2024-10-02T02:00:35.045+0000] {processor.py:840} INFO - DAG(s) 'example_task_group_decorator' retrieved from /home/airflow/.local/lib/python3.12/site-packages/airflow/example_dags/example_task_group_decorator.py
[2024-10-02T02:00:35.063+0000] {logging_mixin.py:188} INFO - [2024-10-02T02:00:35.063+0000] {dag.py:3096} INFO - Sync 1 DAGs
[2024-10-02T02:00:35.076+0000] {logging_mixin.py:188} INFO - [2024-10-02T02:00:35.076+0000] {dag.py:3954} INFO - Setting next_dagrun for example_task_group_decorator to 2024-10-01 00:00:00+00:00, run_after=2024-10-02 00:00:00+00:00
[2024-10-02T02:00:35.087+0000] {processor.py:183} INFO - Processing /home/airflow/.local/lib/python3.12/site-packages/airflow/example_dags/example_task_group_decorator.py took 0.058 seconds
[2024-10-02T02:01:05.676+0000] {processor.py:161} INFO - Started process (PID=757) to work on /home/airflow/.local/lib/python3.12/site-packages/airflow/example_dags/example_task_group_decorator.py
[2024-10-02T02:01:05.678+0000] {processor.py:830} INFO - Processing file /home/airflow/.local/lib/python3.12/site-packages/airflow/example_dags/example_task_group_decorator.py for tasks to queue
[2024-10-02T02:01:05.680+0000] {logging_mixin.py:188} INFO - [2024-10-02T02:01:05.680+0000] {dagbag.py:545} INFO - Filling up the DagBag from /home/airflow/.local/lib/python3.12/site-packages/airflow/example_dags/example_task_group_decorator.py
[2024-10-02T02:01:05.692+0000] {processor.py:840} INFO - DAG(s) 'example_task_group_decorator' retrieved from /home/airflow/.local/lib/python3.12/site-packages/airflow/example_dags/example_task_group_decorator.py
[2024-10-02T02:01:05.713+0000] {logging_mixin.py:188} INFO - [2024-10-02T02:01:05.713+0000] {dag.py:3096} INFO - Sync 1 DAGs
[2024-10-02T02:01:05.728+0000] {logging_mixin.py:188} INFO - [2024-10-02T02:01:05.728+0000] {dag.py:3954} INFO - Setting next_dagrun for example_task_group_decorator to 2024-10-01 00:00:00+00:00, run_after=2024-10-02 00:00:00+00:00
[2024-10-02T02:01:05.741+0000] {processor.py:183} INFO - Processing /home/airflow/.local/lib/python3.12/site-packages/airflow/example_dags/example_task_group_decorator.py took 0.070 seconds
[2024-10-02T02:01:35.851+0000] {processor.py:161} INFO - Started process (PID=814) to work on /home/airflow/.local/lib/python3.12/site-packages/airflow/example_dags/example_task_group_decorator.py
[2024-10-02T02:01:35.853+0000] {processor.py:830} INFO - Processing file /home/airflow/.local/lib/python3.12/site-packages/airflow/example_dags/example_task_group_decorator.py for tasks to queue
[2024-10-02T02:01:35.856+0000] {logging_mixin.py:188} INFO - [2024-10-02T02:01:35.855+0000] {dagbag.py:545} INFO - Filling up the DagBag from /home/airflow/.local/lib/python3.12/site-packages/airflow/example_dags/example_task_group_decorator.py
[2024-10-02T02:01:35.869+0000] {processor.py:840} INFO - DAG(s) 'example_task_group_decorator' retrieved from /home/airflow/.local/lib/python3.12/site-packages/airflow/example_dags/example_task_group_decorator.py
[2024-10-02T02:01:35.892+0000] {logging_mixin.py:188} INFO - [2024-10-02T02:01:35.892+0000] {dag.py:3096} INFO - Sync 1 DAGs
[2024-10-02T02:01:35.913+0000] {logging_mixin.py:188} INFO - [2024-10-02T02:01:35.913+0000] {dag.py:3954} INFO - Setting next_dagrun for example_task_group_decorator to 2024-10-01 00:00:00+00:00, run_after=2024-10-02 00:00:00+00:00
[2024-10-02T02:01:35.931+0000] {processor.py:183} INFO - Processing /home/airflow/.local/lib/python3.12/site-packages/airflow/example_dags/example_task_group_decorator.py took 0.087 seconds
[2024-10-02T02:02:06.953+0000] {processor.py:161} INFO - Started process (PID=873) to work on /home/airflow/.local/lib/python3.12/site-packages/airflow/example_dags/example_task_group_decorator.py
[2024-10-02T02:02:06.955+0000] {processor.py:830} INFO - Processing file /home/airflow/.local/lib/python3.12/site-packages/airflow/example_dags/example_task_group_decorator.py for tasks to queue
[2024-10-02T02:02:06.957+0000] {logging_mixin.py:188} INFO - [2024-10-02T02:02:06.956+0000] {dagbag.py:545} INFO - Filling up the DagBag from /home/airflow/.local/lib/python3.12/site-packages/airflow/example_dags/example_task_group_decorator.py
[2024-10-02T02:02:06.967+0000] {processor.py:840} INFO - DAG(s) 'example_task_group_decorator' retrieved from /home/airflow/.local/lib/python3.12/site-packages/airflow/example_dags/example_task_group_decorator.py
[2024-10-02T02:02:06.990+0000] {logging_mixin.py:188} INFO - [2024-10-02T02:02:06.990+0000] {dag.py:3096} INFO - Sync 1 DAGs
[2024-10-02T02:02:07.015+0000] {logging_mixin.py:188} INFO - [2024-10-02T02:02:07.015+0000] {dag.py:3954} INFO - Setting next_dagrun for example_task_group_decorator to 2024-10-01 00:00:00+00:00, run_after=2024-10-02 00:00:00+00:00
[2024-10-02T02:02:07.035+0000] {processor.py:183} INFO - Processing /home/airflow/.local/lib/python3.12/site-packages/airflow/example_dags/example_task_group_decorator.py took 0.087 seconds
[2024-10-02T02:02:37.105+0000] {processor.py:161} INFO - Started process (PID=930) to work on /home/airflow/.local/lib/python3.12/site-packages/airflow/example_dags/example_task_group_decorator.py
[2024-10-02T02:02:37.107+0000] {processor.py:830} INFO - Processing file /home/airflow/.local/lib/python3.12/site-packages/airflow/example_dags/example_task_group_decorator.py for tasks to queue
[2024-10-02T02:02:37.110+0000] {logging_mixin.py:188} INFO - [2024-10-02T02:02:37.109+0000] {dagbag.py:545} INFO - Filling up the DagBag from /home/airflow/.local/lib/python3.12/site-packages/airflow/example_dags/example_task_group_decorator.py
[2024-10-02T02:02:37.122+0000] {processor.py:840} INFO - DAG(s) 'example_task_group_decorator' retrieved from /home/airflow/.local/lib/python3.12/site-packages/airflow/example_dags/example_task_group_decorator.py
[2024-10-02T02:02:37.142+0000] {logging_mixin.py:188} INFO - [2024-10-02T02:02:37.142+0000] {dag.py:3096} INFO - Sync 1 DAGs
[2024-10-02T02:02:37.155+0000] {logging_mixin.py:188} INFO - [2024-10-02T02:02:37.154+0000] {dag.py:3954} INFO - Setting next_dagrun for example_task_group_decorator to 2024-10-01 00:00:00+00:00, run_after=2024-10-02 00:00:00+00:00
[2024-10-02T02:02:37.165+0000] {processor.py:183} INFO - Processing /home/airflow/.local/lib/python3.12/site-packages/airflow/example_dags/example_task_group_decorator.py took 0.068 seconds
[2024-10-02T02:03:07.481+0000] {processor.py:161} INFO - Started process (PID=988) to work on /home/airflow/.local/lib/python3.12/site-packages/airflow/example_dags/example_task_group_decorator.py
[2024-10-02T02:03:07.483+0000] {processor.py:830} INFO - Processing file /home/airflow/.local/lib/python3.12/site-packages/airflow/example_dags/example_task_group_decorator.py for tasks to queue
[2024-10-02T02:03:07.485+0000] {logging_mixin.py:188} INFO - [2024-10-02T02:03:07.485+0000] {dagbag.py:545} INFO - Filling up the DagBag from /home/airflow/.local/lib/python3.12/site-packages/airflow/example_dags/example_task_group_decorator.py
[2024-10-02T02:03:07.498+0000] {processor.py:840} INFO - DAG(s) 'example_task_group_decorator' retrieved from /home/airflow/.local/lib/python3.12/site-packages/airflow/example_dags/example_task_group_decorator.py
[2024-10-02T02:03:07.518+0000] {logging_mixin.py:188} INFO - [2024-10-02T02:03:07.518+0000] {dag.py:3096} INFO - Sync 1 DAGs
[2024-10-02T02:03:07.530+0000] {logging_mixin.py:188} INFO - [2024-10-02T02:03:07.530+0000] {dag.py:3954} INFO - Setting next_dagrun for example_task_group_decorator to 2024-10-01 00:00:00+00:00, run_after=2024-10-02 00:00:00+00:00
[2024-10-02T02:03:07.540+0000] {processor.py:183} INFO - Processing /home/airflow/.local/lib/python3.12/site-packages/airflow/example_dags/example_task_group_decorator.py took 0.067 seconds
[2024-10-02T02:03:37.892+0000] {processor.py:161} INFO - Started process (PID=1046) to work on /home/airflow/.local/lib/python3.12/site-packages/airflow/example_dags/example_task_group_decorator.py
[2024-10-02T02:03:37.894+0000] {processor.py:830} INFO - Processing file /home/airflow/.local/lib/python3.12/site-packages/airflow/example_dags/example_task_group_decorator.py for tasks to queue
[2024-10-02T02:03:37.896+0000] {logging_mixin.py:188} INFO - [2024-10-02T02:03:37.896+0000] {dagbag.py:545} INFO - Filling up the DagBag from /home/airflow/.local/lib/python3.12/site-packages/airflow/example_dags/example_task_group_decorator.py
[2024-10-02T02:03:37.908+0000] {processor.py:840} INFO - DAG(s) 'example_task_group_decorator' retrieved from /home/airflow/.local/lib/python3.12/site-packages/airflow/example_dags/example_task_group_decorator.py
[2024-10-02T02:03:37.928+0000] {logging_mixin.py:188} INFO - [2024-10-02T02:03:37.928+0000] {dag.py:3096} INFO - Sync 1 DAGs
[2024-10-02T02:03:37.941+0000] {logging_mixin.py:188} INFO - [2024-10-02T02:03:37.941+0000] {dag.py:3954} INFO - Setting next_dagrun for example_task_group_decorator to 2024-10-01 00:00:00+00:00, run_after=2024-10-02 00:00:00+00:00
[2024-10-02T02:03:37.956+0000] {processor.py:183} INFO - Processing /home/airflow/.local/lib/python3.12/site-packages/airflow/example_dags/example_task_group_decorator.py took 0.072 seconds
[2024-10-02T02:04:08.150+0000] {processor.py:161} INFO - Started process (PID=1104) to work on /home/airflow/.local/lib/python3.12/site-packages/airflow/example_dags/example_task_group_decorator.py
[2024-10-02T02:04:08.152+0000] {processor.py:830} INFO - Processing file /home/airflow/.local/lib/python3.12/site-packages/airflow/example_dags/example_task_group_decorator.py for tasks to queue
[2024-10-02T02:04:08.154+0000] {logging_mixin.py:188} INFO - [2024-10-02T02:04:08.154+0000] {dagbag.py:545} INFO - Filling up the DagBag from /home/airflow/.local/lib/python3.12/site-packages/airflow/example_dags/example_task_group_decorator.py
[2024-10-02T02:04:08.166+0000] {processor.py:840} INFO - DAG(s) 'example_task_group_decorator' retrieved from /home/airflow/.local/lib/python3.12/site-packages/airflow/example_dags/example_task_group_decorator.py
[2024-10-02T02:04:08.187+0000] {logging_mixin.py:188} INFO - [2024-10-02T02:04:08.186+0000] {dag.py:3096} INFO - Sync 1 DAGs
[2024-10-02T02:04:08.200+0000] {logging_mixin.py:188} INFO - [2024-10-02T02:04:08.200+0000] {dag.py:3954} INFO - Setting next_dagrun for example_task_group_decorator to 2024-10-01 00:00:00+00:00, run_after=2024-10-02 00:00:00+00:00
[2024-10-02T02:04:08.210+0000] {processor.py:183} INFO - Processing /home/airflow/.local/lib/python3.12/site-packages/airflow/example_dags/example_task_group_decorator.py took 0.067 seconds
[2024-10-02T02:04:38.526+0000] {processor.py:161} INFO - Started process (PID=1162) to work on /home/airflow/.local/lib/python3.12/site-packages/airflow/example_dags/example_task_group_decorator.py
[2024-10-02T02:04:38.528+0000] {processor.py:830} INFO - Processing file /home/airflow/.local/lib/python3.12/site-packages/airflow/example_dags/example_task_group_decorator.py for tasks to queue
[2024-10-02T02:04:38.531+0000] {logging_mixin.py:188} INFO - [2024-10-02T02:04:38.530+0000] {dagbag.py:545} INFO - Filling up the DagBag from /home/airflow/.local/lib/python3.12/site-packages/airflow/example_dags/example_task_group_decorator.py
[2024-10-02T02:04:38.543+0000] {processor.py:840} INFO - DAG(s) 'example_task_group_decorator' retrieved from /home/airflow/.local/lib/python3.12/site-packages/airflow/example_dags/example_task_group_decorator.py
[2024-10-02T02:04:38.563+0000] {logging_mixin.py:188} INFO - [2024-10-02T02:04:38.563+0000] {dag.py:3096} INFO - Sync 1 DAGs
[2024-10-02T02:04:38.575+0000] {logging_mixin.py:188} INFO - [2024-10-02T02:04:38.575+0000] {dag.py:3954} INFO - Setting next_dagrun for example_task_group_decorator to 2024-10-01 00:00:00+00:00, run_after=2024-10-02 00:00:00+00:00
[2024-10-02T02:04:38.587+0000] {processor.py:183} INFO - Processing /home/airflow/.local/lib/python3.12/site-packages/airflow/example_dags/example_task_group_decorator.py took 0.068 seconds
[2024-10-02T02:05:09.070+0000] {processor.py:161} INFO - Started process (PID=1220) to work on /home/airflow/.local/lib/python3.12/site-packages/airflow/example_dags/example_task_group_decorator.py
[2024-10-02T02:05:09.072+0000] {processor.py:830} INFO - Processing file /home/airflow/.local/lib/python3.12/site-packages/airflow/example_dags/example_task_group_decorator.py for tasks to queue
[2024-10-02T02:05:09.075+0000] {logging_mixin.py:188} INFO - [2024-10-02T02:05:09.075+0000] {dagbag.py:545} INFO - Filling up the DagBag from /home/airflow/.local/lib/python3.12/site-packages/airflow/example_dags/example_task_group_decorator.py
[2024-10-02T02:05:09.090+0000] {processor.py:840} INFO - DAG(s) 'example_task_group_decorator' retrieved from /home/airflow/.local/lib/python3.12/site-packages/airflow/example_dags/example_task_group_decorator.py
[2024-10-02T02:05:09.111+0000] {logging_mixin.py:188} INFO - [2024-10-02T02:05:09.111+0000] {dag.py:3096} INFO - Sync 1 DAGs
[2024-10-02T02:05:09.126+0000] {logging_mixin.py:188} INFO - [2024-10-02T02:05:09.126+0000] {dag.py:3954} INFO - Setting next_dagrun for example_task_group_decorator to 2024-10-01 00:00:00+00:00, run_after=2024-10-02 00:00:00+00:00
[2024-10-02T02:05:09.138+0000] {processor.py:183} INFO - Processing /home/airflow/.local/lib/python3.12/site-packages/airflow/example_dags/example_task_group_decorator.py took 0.079 seconds
