[2024-10-02T01:54:59.936+0000] {processor.py:161} INFO - Started process (PID=71) to work on /home/airflow/.local/lib/python3.12/site-packages/airflow/example_dags/example_sla_dag.py
[2024-10-02T01:54:59.937+0000] {processor.py:830} INFO - Processing file /home/airflow/.local/lib/python3.12/site-packages/airflow/example_dags/example_sla_dag.py for tasks to queue
[2024-10-02T01:54:59.940+0000] {logging_mixin.py:188} INFO - [2024-10-02T01:54:59.939+0000] {dagbag.py:545} INFO - Filling up the DagBag from /home/airflow/.local/lib/python3.12/site-packages/airflow/example_dags/example_sla_dag.py
[2024-10-02T01:54:59.948+0000] {processor.py:840} INFO - DAG(s) 'example_sla_dag' retrieved from /home/airflow/.local/lib/python3.12/site-packages/airflow/example_dags/example_sla_dag.py
[2024-10-02T01:54:59.959+0000] {logging_mixin.py:188} INFO - [2024-10-02T01:54:59.959+0000] {dag.py:3096} INFO - Sync 1 DAGs
[2024-10-02T01:54:59.978+0000] {logging_mixin.py:188} INFO - [2024-10-02T01:54:59.978+0000] {dag.py:3954} INFO - Setting next_dagrun for example_sla_dag to 2024-10-02 01:52:00+00:00, run_after=2024-10-02 01:54:00+00:00
[2024-10-02T01:55:00.000+0000] {processor.py:183} INFO - Processing /home/airflow/.local/lib/python3.12/site-packages/airflow/example_dags/example_sla_dag.py took 0.069 seconds
[2024-10-02T01:55:30.503+0000] {processor.py:161} INFO - Started process (PID=129) to work on /home/airflow/.local/lib/python3.12/site-packages/airflow/example_dags/example_sla_dag.py
[2024-10-02T01:55:30.504+0000] {processor.py:830} INFO - Processing file /home/airflow/.local/lib/python3.12/site-packages/airflow/example_dags/example_sla_dag.py for tasks to queue
[2024-10-02T01:55:30.506+0000] {logging_mixin.py:188} INFO - [2024-10-02T01:55:30.506+0000] {dagbag.py:545} INFO - Filling up the DagBag from /home/airflow/.local/lib/python3.12/site-packages/airflow/example_dags/example_sla_dag.py
[2024-10-02T01:55:30.513+0000] {processor.py:840} INFO - DAG(s) 'example_sla_dag' retrieved from /home/airflow/.local/lib/python3.12/site-packages/airflow/example_dags/example_sla_dag.py
[2024-10-02T01:55:30.567+0000] {logging_mixin.py:188} INFO - [2024-10-02T01:55:30.566+0000] {dag.py:3096} INFO - Sync 1 DAGs
[2024-10-02T01:55:30.578+0000] {logging_mixin.py:188} INFO - [2024-10-02T01:55:30.578+0000] {dag.py:3954} INFO - Setting next_dagrun for example_sla_dag to 2024-10-02 01:52:00+00:00, run_after=2024-10-02 01:54:00+00:00
[2024-10-02T01:55:30.587+0000] {processor.py:183} INFO - Processing /home/airflow/.local/lib/python3.12/site-packages/airflow/example_dags/example_sla_dag.py took 0.088 seconds
[2024-10-02T01:56:00.899+0000] {processor.py:161} INFO - Started process (PID=187) to work on /home/airflow/.local/lib/python3.12/site-packages/airflow/example_dags/example_sla_dag.py
[2024-10-02T01:56:00.900+0000] {processor.py:830} INFO - Processing file /home/airflow/.local/lib/python3.12/site-packages/airflow/example_dags/example_sla_dag.py for tasks to queue
[2024-10-02T01:56:00.902+0000] {logging_mixin.py:188} INFO - [2024-10-02T01:56:00.901+0000] {dagbag.py:545} INFO - Filling up the DagBag from /home/airflow/.local/lib/python3.12/site-packages/airflow/example_dags/example_sla_dag.py
[2024-10-02T01:56:00.909+0000] {processor.py:840} INFO - DAG(s) 'example_sla_dag' retrieved from /home/airflow/.local/lib/python3.12/site-packages/airflow/example_dags/example_sla_dag.py
[2024-10-02T01:56:00.925+0000] {logging_mixin.py:188} INFO - [2024-10-02T01:56:00.925+0000] {dag.py:3096} INFO - Sync 1 DAGs
[2024-10-02T01:56:00.938+0000] {logging_mixin.py:188} INFO - [2024-10-02T01:56:00.938+0000] {dag.py:3954} INFO - Setting next_dagrun for example_sla_dag to 2024-10-02 01:54:00+00:00, run_after=2024-10-02 01:56:00+00:00
[2024-10-02T01:56:00.948+0000] {processor.py:183} INFO - Processing /home/airflow/.local/lib/python3.12/site-packages/airflow/example_dags/example_sla_dag.py took 0.053 seconds
[2024-10-02T01:56:31.718+0000] {processor.py:161} INFO - Started process (PID=245) to work on /home/airflow/.local/lib/python3.12/site-packages/airflow/example_dags/example_sla_dag.py
[2024-10-02T01:56:31.719+0000] {processor.py:830} INFO - Processing file /home/airflow/.local/lib/python3.12/site-packages/airflow/example_dags/example_sla_dag.py for tasks to queue
[2024-10-02T01:56:31.721+0000] {logging_mixin.py:188} INFO - [2024-10-02T01:56:31.721+0000] {dagbag.py:545} INFO - Filling up the DagBag from /home/airflow/.local/lib/python3.12/site-packages/airflow/example_dags/example_sla_dag.py
[2024-10-02T01:56:31.728+0000] {processor.py:840} INFO - DAG(s) 'example_sla_dag' retrieved from /home/airflow/.local/lib/python3.12/site-packages/airflow/example_dags/example_sla_dag.py
[2024-10-02T01:56:31.743+0000] {logging_mixin.py:188} INFO - [2024-10-02T01:56:31.743+0000] {dag.py:3096} INFO - Sync 1 DAGs
[2024-10-02T01:56:31.757+0000] {logging_mixin.py:188} INFO - [2024-10-02T01:56:31.757+0000] {dag.py:3954} INFO - Setting next_dagrun for example_sla_dag to 2024-10-02 01:54:00+00:00, run_after=2024-10-02 01:56:00+00:00
[2024-10-02T01:56:31.768+0000] {processor.py:183} INFO - Processing /home/airflow/.local/lib/python3.12/site-packages/airflow/example_dags/example_sla_dag.py took 0.055 seconds
[2024-10-02T01:57:02.108+0000] {processor.py:161} INFO - Started process (PID=303) to work on /home/airflow/.local/lib/python3.12/site-packages/airflow/example_dags/example_sla_dag.py
[2024-10-02T01:57:02.109+0000] {processor.py:830} INFO - Processing file /home/airflow/.local/lib/python3.12/site-packages/airflow/example_dags/example_sla_dag.py for tasks to queue
[2024-10-02T01:57:02.111+0000] {logging_mixin.py:188} INFO - [2024-10-02T01:57:02.110+0000] {dagbag.py:545} INFO - Filling up the DagBag from /home/airflow/.local/lib/python3.12/site-packages/airflow/example_dags/example_sla_dag.py
[2024-10-02T01:57:02.117+0000] {processor.py:840} INFO - DAG(s) 'example_sla_dag' retrieved from /home/airflow/.local/lib/python3.12/site-packages/airflow/example_dags/example_sla_dag.py
[2024-10-02T01:57:02.132+0000] {logging_mixin.py:188} INFO - [2024-10-02T01:57:02.132+0000] {dag.py:3096} INFO - Sync 1 DAGs
[2024-10-02T01:57:02.145+0000] {logging_mixin.py:188} INFO - [2024-10-02T01:57:02.145+0000] {dag.py:3954} INFO - Setting next_dagrun for example_sla_dag to 2024-10-02 01:54:00+00:00, run_after=2024-10-02 01:56:00+00:00
[2024-10-02T01:57:02.155+0000] {processor.py:183} INFO - Processing /home/airflow/.local/lib/python3.12/site-packages/airflow/example_dags/example_sla_dag.py took 0.052 seconds
[2024-10-02T01:57:32.458+0000] {processor.py:161} INFO - Started process (PID=361) to work on /home/airflow/.local/lib/python3.12/site-packages/airflow/example_dags/example_sla_dag.py
[2024-10-02T01:57:32.460+0000] {processor.py:830} INFO - Processing file /home/airflow/.local/lib/python3.12/site-packages/airflow/example_dags/example_sla_dag.py for tasks to queue
[2024-10-02T01:57:32.461+0000] {logging_mixin.py:188} INFO - [2024-10-02T01:57:32.461+0000] {dagbag.py:545} INFO - Filling up the DagBag from /home/airflow/.local/lib/python3.12/site-packages/airflow/example_dags/example_sla_dag.py
[2024-10-02T01:57:32.468+0000] {processor.py:840} INFO - DAG(s) 'example_sla_dag' retrieved from /home/airflow/.local/lib/python3.12/site-packages/airflow/example_dags/example_sla_dag.py
[2024-10-02T01:57:32.483+0000] {logging_mixin.py:188} INFO - [2024-10-02T01:57:32.483+0000] {dag.py:3096} INFO - Sync 1 DAGs
[2024-10-02T01:57:32.498+0000] {logging_mixin.py:188} INFO - [2024-10-02T01:57:32.498+0000] {dag.py:3954} INFO - Setting next_dagrun for example_sla_dag to 2024-10-02 01:54:00+00:00, run_after=2024-10-02 01:56:00+00:00
[2024-10-02T01:57:32.508+0000] {processor.py:183} INFO - Processing /home/airflow/.local/lib/python3.12/site-packages/airflow/example_dags/example_sla_dag.py took 0.055 seconds
[2024-10-02T01:58:02.975+0000] {processor.py:161} INFO - Started process (PID=419) to work on /home/airflow/.local/lib/python3.12/site-packages/airflow/example_dags/example_sla_dag.py
[2024-10-02T01:58:02.976+0000] {processor.py:830} INFO - Processing file /home/airflow/.local/lib/python3.12/site-packages/airflow/example_dags/example_sla_dag.py for tasks to queue
[2024-10-02T01:58:02.978+0000] {logging_mixin.py:188} INFO - [2024-10-02T01:58:02.978+0000] {dagbag.py:545} INFO - Filling up the DagBag from /home/airflow/.local/lib/python3.12/site-packages/airflow/example_dags/example_sla_dag.py
[2024-10-02T01:58:02.984+0000] {processor.py:840} INFO - DAG(s) 'example_sla_dag' retrieved from /home/airflow/.local/lib/python3.12/site-packages/airflow/example_dags/example_sla_dag.py
[2024-10-02T01:58:02.999+0000] {logging_mixin.py:188} INFO - [2024-10-02T01:58:02.999+0000] {dag.py:3096} INFO - Sync 1 DAGs
[2024-10-02T01:58:03.013+0000] {logging_mixin.py:188} INFO - [2024-10-02T01:58:03.013+0000] {dag.py:3954} INFO - Setting next_dagrun for example_sla_dag to 2024-10-02 01:56:00+00:00, run_after=2024-10-02 01:58:00+00:00
[2024-10-02T01:58:03.023+0000] {processor.py:183} INFO - Processing /home/airflow/.local/lib/python3.12/site-packages/airflow/example_dags/example_sla_dag.py took 0.052 seconds
[2024-10-02T01:58:33.440+0000] {processor.py:161} INFO - Started process (PID=477) to work on /home/airflow/.local/lib/python3.12/site-packages/airflow/example_dags/example_sla_dag.py
[2024-10-02T01:58:33.441+0000] {processor.py:830} INFO - Processing file /home/airflow/.local/lib/python3.12/site-packages/airflow/example_dags/example_sla_dag.py for tasks to queue
[2024-10-02T01:58:33.443+0000] {logging_mixin.py:188} INFO - [2024-10-02T01:58:33.443+0000] {dagbag.py:545} INFO - Filling up the DagBag from /home/airflow/.local/lib/python3.12/site-packages/airflow/example_dags/example_sla_dag.py
[2024-10-02T01:58:33.450+0000] {processor.py:840} INFO - DAG(s) 'example_sla_dag' retrieved from /home/airflow/.local/lib/python3.12/site-packages/airflow/example_dags/example_sla_dag.py
[2024-10-02T01:58:33.469+0000] {logging_mixin.py:188} INFO - [2024-10-02T01:58:33.469+0000] {dag.py:3096} INFO - Sync 1 DAGs
[2024-10-02T01:58:33.482+0000] {logging_mixin.py:188} INFO - [2024-10-02T01:58:33.482+0000] {dag.py:3954} INFO - Setting next_dagrun for example_sla_dag to 2024-10-02 01:56:00+00:00, run_after=2024-10-02 01:58:00+00:00
[2024-10-02T01:58:33.492+0000] {processor.py:183} INFO - Processing /home/airflow/.local/lib/python3.12/site-packages/airflow/example_dags/example_sla_dag.py took 0.056 seconds
[2024-10-02T01:59:03.857+0000] {processor.py:161} INFO - Started process (PID=536) to work on /home/airflow/.local/lib/python3.12/site-packages/airflow/example_dags/example_sla_dag.py
[2024-10-02T01:59:03.858+0000] {processor.py:830} INFO - Processing file /home/airflow/.local/lib/python3.12/site-packages/airflow/example_dags/example_sla_dag.py for tasks to queue
[2024-10-02T01:59:03.860+0000] {logging_mixin.py:188} INFO - [2024-10-02T01:59:03.860+0000] {dagbag.py:545} INFO - Filling up the DagBag from /home/airflow/.local/lib/python3.12/site-packages/airflow/example_dags/example_sla_dag.py
[2024-10-02T01:59:03.866+0000] {processor.py:840} INFO - DAG(s) 'example_sla_dag' retrieved from /home/airflow/.local/lib/python3.12/site-packages/airflow/example_dags/example_sla_dag.py
[2024-10-02T01:59:03.882+0000] {logging_mixin.py:188} INFO - [2024-10-02T01:59:03.882+0000] {dag.py:3096} INFO - Sync 1 DAGs
[2024-10-02T01:59:03.896+0000] {logging_mixin.py:188} INFO - [2024-10-02T01:59:03.896+0000] {dag.py:3954} INFO - Setting next_dagrun for example_sla_dag to 2024-10-02 01:56:00+00:00, run_after=2024-10-02 01:58:00+00:00
[2024-10-02T01:59:03.906+0000] {processor.py:183} INFO - Processing /home/airflow/.local/lib/python3.12/site-packages/airflow/example_dags/example_sla_dag.py took 0.053 seconds
[2024-10-02T01:59:34.288+0000] {processor.py:161} INFO - Started process (PID=594) to work on /home/airflow/.local/lib/python3.12/site-packages/airflow/example_dags/example_sla_dag.py
[2024-10-02T01:59:34.289+0000] {processor.py:830} INFO - Processing file /home/airflow/.local/lib/python3.12/site-packages/airflow/example_dags/example_sla_dag.py for tasks to queue
[2024-10-02T01:59:34.292+0000] {logging_mixin.py:188} INFO - [2024-10-02T01:59:34.291+0000] {dagbag.py:545} INFO - Filling up the DagBag from /home/airflow/.local/lib/python3.12/site-packages/airflow/example_dags/example_sla_dag.py
[2024-10-02T01:59:34.300+0000] {processor.py:840} INFO - DAG(s) 'example_sla_dag' retrieved from /home/airflow/.local/lib/python3.12/site-packages/airflow/example_dags/example_sla_dag.py
[2024-10-02T01:59:34.320+0000] {logging_mixin.py:188} INFO - [2024-10-02T01:59:34.320+0000] {dag.py:3096} INFO - Sync 1 DAGs
[2024-10-02T01:59:34.334+0000] {logging_mixin.py:188} INFO - [2024-10-02T01:59:34.334+0000] {dag.py:3954} INFO - Setting next_dagrun for example_sla_dag to 2024-10-02 01:56:00+00:00, run_after=2024-10-02 01:58:00+00:00
[2024-10-02T01:59:34.344+0000] {processor.py:183} INFO - Processing /home/airflow/.local/lib/python3.12/site-packages/airflow/example_dags/example_sla_dag.py took 0.063 seconds
[2024-10-02T02:00:04.749+0000] {processor.py:161} INFO - Started process (PID=652) to work on /home/airflow/.local/lib/python3.12/site-packages/airflow/example_dags/example_sla_dag.py
[2024-10-02T02:00:04.750+0000] {processor.py:830} INFO - Processing file /home/airflow/.local/lib/python3.12/site-packages/airflow/example_dags/example_sla_dag.py for tasks to queue
[2024-10-02T02:00:04.752+0000] {logging_mixin.py:188} INFO - [2024-10-02T02:00:04.751+0000] {dagbag.py:545} INFO - Filling up the DagBag from /home/airflow/.local/lib/python3.12/site-packages/airflow/example_dags/example_sla_dag.py
[2024-10-02T02:00:04.761+0000] {processor.py:840} INFO - DAG(s) 'example_sla_dag' retrieved from /home/airflow/.local/lib/python3.12/site-packages/airflow/example_dags/example_sla_dag.py
[2024-10-02T02:00:04.779+0000] {logging_mixin.py:188} INFO - [2024-10-02T02:00:04.778+0000] {dag.py:3096} INFO - Sync 1 DAGs
[2024-10-02T02:00:04.794+0000] {logging_mixin.py:188} INFO - [2024-10-02T02:00:04.794+0000] {dag.py:3954} INFO - Setting next_dagrun for example_sla_dag to 2024-10-02 01:58:00+00:00, run_after=2024-10-02 02:00:00+00:00
[2024-10-02T02:00:04.805+0000] {processor.py:183} INFO - Processing /home/airflow/.local/lib/python3.12/site-packages/airflow/example_dags/example_sla_dag.py took 0.060 seconds
[2024-10-02T02:00:35.467+0000] {processor.py:161} INFO - Started process (PID=711) to work on /home/airflow/.local/lib/python3.12/site-packages/airflow/example_dags/example_sla_dag.py
[2024-10-02T02:00:35.469+0000] {processor.py:830} INFO - Processing file /home/airflow/.local/lib/python3.12/site-packages/airflow/example_dags/example_sla_dag.py for tasks to queue
[2024-10-02T02:00:35.470+0000] {logging_mixin.py:188} INFO - [2024-10-02T02:00:35.470+0000] {dagbag.py:545} INFO - Filling up the DagBag from /home/airflow/.local/lib/python3.12/site-packages/airflow/example_dags/example_sla_dag.py
[2024-10-02T02:00:35.477+0000] {processor.py:840} INFO - DAG(s) 'example_sla_dag' retrieved from /home/airflow/.local/lib/python3.12/site-packages/airflow/example_dags/example_sla_dag.py
[2024-10-02T02:00:35.493+0000] {logging_mixin.py:188} INFO - [2024-10-02T02:00:35.492+0000] {dag.py:3096} INFO - Sync 1 DAGs
[2024-10-02T02:00:35.506+0000] {logging_mixin.py:188} INFO - [2024-10-02T02:00:35.506+0000] {dag.py:3954} INFO - Setting next_dagrun for example_sla_dag to 2024-10-02 01:58:00+00:00, run_after=2024-10-02 02:00:00+00:00
[2024-10-02T02:00:35.516+0000] {processor.py:183} INFO - Processing /home/airflow/.local/lib/python3.12/site-packages/airflow/example_dags/example_sla_dag.py took 0.053 seconds
[2024-10-02T02:01:06.256+0000] {processor.py:161} INFO - Started process (PID=769) to work on /home/airflow/.local/lib/python3.12/site-packages/airflow/example_dags/example_sla_dag.py
[2024-10-02T02:01:06.257+0000] {processor.py:830} INFO - Processing file /home/airflow/.local/lib/python3.12/site-packages/airflow/example_dags/example_sla_dag.py for tasks to queue
[2024-10-02T02:01:06.259+0000] {logging_mixin.py:188} INFO - [2024-10-02T02:01:06.258+0000] {dagbag.py:545} INFO - Filling up the DagBag from /home/airflow/.local/lib/python3.12/site-packages/airflow/example_dags/example_sla_dag.py
[2024-10-02T02:01:06.265+0000] {processor.py:840} INFO - DAG(s) 'example_sla_dag' retrieved from /home/airflow/.local/lib/python3.12/site-packages/airflow/example_dags/example_sla_dag.py
[2024-10-02T02:01:06.280+0000] {logging_mixin.py:188} INFO - [2024-10-02T02:01:06.280+0000] {dag.py:3096} INFO - Sync 1 DAGs
[2024-10-02T02:01:06.294+0000] {logging_mixin.py:188} INFO - [2024-10-02T02:01:06.294+0000] {dag.py:3954} INFO - Setting next_dagrun for example_sla_dag to 2024-10-02 01:58:00+00:00, run_after=2024-10-02 02:00:00+00:00
[2024-10-02T02:01:06.306+0000] {processor.py:183} INFO - Processing /home/airflow/.local/lib/python3.12/site-packages/airflow/example_dags/example_sla_dag.py took 0.054 seconds
[2024-10-02T02:01:36.696+0000] {processor.py:161} INFO - Started process (PID=827) to work on /home/airflow/.local/lib/python3.12/site-packages/airflow/example_dags/example_sla_dag.py
[2024-10-02T02:01:36.698+0000] {processor.py:830} INFO - Processing file /home/airflow/.local/lib/python3.12/site-packages/airflow/example_dags/example_sla_dag.py for tasks to queue
[2024-10-02T02:01:36.701+0000] {logging_mixin.py:188} INFO - [2024-10-02T02:01:36.700+0000] {dagbag.py:545} INFO - Filling up the DagBag from /home/airflow/.local/lib/python3.12/site-packages/airflow/example_dags/example_sla_dag.py
[2024-10-02T02:01:36.712+0000] {processor.py:840} INFO - DAG(s) 'example_sla_dag' retrieved from /home/airflow/.local/lib/python3.12/site-packages/airflow/example_dags/example_sla_dag.py
[2024-10-02T02:01:36.734+0000] {logging_mixin.py:188} INFO - [2024-10-02T02:01:36.734+0000] {dag.py:3096} INFO - Sync 1 DAGs
[2024-10-02T02:01:36.760+0000] {logging_mixin.py:188} INFO - [2024-10-02T02:01:36.759+0000] {dag.py:3954} INFO - Setting next_dagrun for example_sla_dag to 2024-10-02 01:58:00+00:00, run_after=2024-10-02 02:00:00+00:00
[2024-10-02T02:01:36.779+0000] {processor.py:183} INFO - Processing /home/airflow/.local/lib/python3.12/site-packages/airflow/example_dags/example_sla_dag.py took 0.089 seconds
[2024-10-02T02:02:07.839+0000] {processor.py:161} INFO - Started process (PID=885) to work on /home/airflow/.local/lib/python3.12/site-packages/airflow/example_dags/example_sla_dag.py
[2024-10-02T02:02:07.841+0000] {processor.py:830} INFO - Processing file /home/airflow/.local/lib/python3.12/site-packages/airflow/example_dags/example_sla_dag.py for tasks to queue
[2024-10-02T02:02:07.843+0000] {logging_mixin.py:188} INFO - [2024-10-02T02:02:07.843+0000] {dagbag.py:545} INFO - Filling up the DagBag from /home/airflow/.local/lib/python3.12/site-packages/airflow/example_dags/example_sla_dag.py
[2024-10-02T02:02:07.852+0000] {processor.py:840} INFO - DAG(s) 'example_sla_dag' retrieved from /home/airflow/.local/lib/python3.12/site-packages/airflow/example_dags/example_sla_dag.py
[2024-10-02T02:02:07.871+0000] {logging_mixin.py:188} INFO - [2024-10-02T02:02:07.871+0000] {dag.py:3096} INFO - Sync 1 DAGs
[2024-10-02T02:02:07.888+0000] {logging_mixin.py:188} INFO - [2024-10-02T02:02:07.887+0000] {dag.py:3954} INFO - Setting next_dagrun for example_sla_dag to 2024-10-02 02:00:00+00:00, run_after=2024-10-02 02:02:00+00:00
[2024-10-02T02:02:07.899+0000] {processor.py:183} INFO - Processing /home/airflow/.local/lib/python3.12/site-packages/airflow/example_dags/example_sla_dag.py took 0.066 seconds
[2024-10-02T02:02:38.730+0000] {processor.py:161} INFO - Started process (PID=943) to work on /home/airflow/.local/lib/python3.12/site-packages/airflow/example_dags/example_sla_dag.py
[2024-10-02T02:02:38.732+0000] {processor.py:830} INFO - Processing file /home/airflow/.local/lib/python3.12/site-packages/airflow/example_dags/example_sla_dag.py for tasks to queue
[2024-10-02T02:02:38.733+0000] {logging_mixin.py:188} INFO - [2024-10-02T02:02:38.733+0000] {dagbag.py:545} INFO - Filling up the DagBag from /home/airflow/.local/lib/python3.12/site-packages/airflow/example_dags/example_sla_dag.py
[2024-10-02T02:02:38.740+0000] {processor.py:840} INFO - DAG(s) 'example_sla_dag' retrieved from /home/airflow/.local/lib/python3.12/site-packages/airflow/example_dags/example_sla_dag.py
[2024-10-02T02:02:38.760+0000] {logging_mixin.py:188} INFO - [2024-10-02T02:02:38.760+0000] {dag.py:3096} INFO - Sync 1 DAGs
[2024-10-02T02:02:38.775+0000] {logging_mixin.py:188} INFO - [2024-10-02T02:02:38.775+0000] {dag.py:3954} INFO - Setting next_dagrun for example_sla_dag to 2024-10-02 02:00:00+00:00, run_after=2024-10-02 02:02:00+00:00
[2024-10-02T02:02:38.786+0000] {processor.py:183} INFO - Processing /home/airflow/.local/lib/python3.12/site-packages/airflow/example_dags/example_sla_dag.py took 0.060 seconds
[2024-10-02T02:03:09.121+0000] {processor.py:161} INFO - Started process (PID=1001) to work on /home/airflow/.local/lib/python3.12/site-packages/airflow/example_dags/example_sla_dag.py
[2024-10-02T02:03:09.122+0000] {processor.py:830} INFO - Processing file /home/airflow/.local/lib/python3.12/site-packages/airflow/example_dags/example_sla_dag.py for tasks to queue
[2024-10-02T02:03:09.124+0000] {logging_mixin.py:188} INFO - [2024-10-02T02:03:09.124+0000] {dagbag.py:545} INFO - Filling up the DagBag from /home/airflow/.local/lib/python3.12/site-packages/airflow/example_dags/example_sla_dag.py
[2024-10-02T02:03:09.131+0000] {processor.py:840} INFO - DAG(s) 'example_sla_dag' retrieved from /home/airflow/.local/lib/python3.12/site-packages/airflow/example_dags/example_sla_dag.py
[2024-10-02T02:03:09.147+0000] {logging_mixin.py:188} INFO - [2024-10-02T02:03:09.147+0000] {dag.py:3096} INFO - Sync 1 DAGs
[2024-10-02T02:03:09.160+0000] {logging_mixin.py:188} INFO - [2024-10-02T02:03:09.160+0000] {dag.py:3954} INFO - Setting next_dagrun for example_sla_dag to 2024-10-02 02:00:00+00:00, run_after=2024-10-02 02:02:00+00:00
[2024-10-02T02:03:09.170+0000] {processor.py:183} INFO - Processing /home/airflow/.local/lib/python3.12/site-packages/airflow/example_dags/example_sla_dag.py took 0.053 seconds
[2024-10-02T02:03:39.447+0000] {processor.py:161} INFO - Started process (PID=1059) to work on /home/airflow/.local/lib/python3.12/site-packages/airflow/example_dags/example_sla_dag.py
[2024-10-02T02:03:39.449+0000] {processor.py:830} INFO - Processing file /home/airflow/.local/lib/python3.12/site-packages/airflow/example_dags/example_sla_dag.py for tasks to queue
[2024-10-02T02:03:39.450+0000] {logging_mixin.py:188} INFO - [2024-10-02T02:03:39.450+0000] {dagbag.py:545} INFO - Filling up the DagBag from /home/airflow/.local/lib/python3.12/site-packages/airflow/example_dags/example_sla_dag.py
[2024-10-02T02:03:39.456+0000] {processor.py:840} INFO - DAG(s) 'example_sla_dag' retrieved from /home/airflow/.local/lib/python3.12/site-packages/airflow/example_dags/example_sla_dag.py
[2024-10-02T02:03:39.472+0000] {logging_mixin.py:188} INFO - [2024-10-02T02:03:39.472+0000] {dag.py:3096} INFO - Sync 1 DAGs
[2024-10-02T02:03:39.486+0000] {logging_mixin.py:188} INFO - [2024-10-02T02:03:39.486+0000] {dag.py:3954} INFO - Setting next_dagrun for example_sla_dag to 2024-10-02 02:00:00+00:00, run_after=2024-10-02 02:02:00+00:00
[2024-10-02T02:03:39.497+0000] {processor.py:183} INFO - Processing /home/airflow/.local/lib/python3.12/site-packages/airflow/example_dags/example_sla_dag.py took 0.054 seconds
[2024-10-02T02:04:09.771+0000] {processor.py:161} INFO - Started process (PID=1117) to work on /home/airflow/.local/lib/python3.12/site-packages/airflow/example_dags/example_sla_dag.py
[2024-10-02T02:04:09.773+0000] {processor.py:830} INFO - Processing file /home/airflow/.local/lib/python3.12/site-packages/airflow/example_dags/example_sla_dag.py for tasks to queue
[2024-10-02T02:04:09.774+0000] {logging_mixin.py:188} INFO - [2024-10-02T02:04:09.774+0000] {dagbag.py:545} INFO - Filling up the DagBag from /home/airflow/.local/lib/python3.12/site-packages/airflow/example_dags/example_sla_dag.py
[2024-10-02T02:04:09.781+0000] {processor.py:840} INFO - DAG(s) 'example_sla_dag' retrieved from /home/airflow/.local/lib/python3.12/site-packages/airflow/example_dags/example_sla_dag.py
[2024-10-02T02:04:09.796+0000] {logging_mixin.py:188} INFO - [2024-10-02T02:04:09.796+0000] {dag.py:3096} INFO - Sync 1 DAGs
[2024-10-02T02:04:09.810+0000] {logging_mixin.py:188} INFO - [2024-10-02T02:04:09.810+0000] {dag.py:3954} INFO - Setting next_dagrun for example_sla_dag to 2024-10-02 02:02:00+00:00, run_after=2024-10-02 02:04:00+00:00
[2024-10-02T02:04:09.820+0000] {processor.py:183} INFO - Processing /home/airflow/.local/lib/python3.12/site-packages/airflow/example_dags/example_sla_dag.py took 0.053 seconds
[2024-10-02T02:04:40.169+0000] {processor.py:161} INFO - Started process (PID=1175) to work on /home/airflow/.local/lib/python3.12/site-packages/airflow/example_dags/example_sla_dag.py
[2024-10-02T02:04:40.171+0000] {processor.py:830} INFO - Processing file /home/airflow/.local/lib/python3.12/site-packages/airflow/example_dags/example_sla_dag.py for tasks to queue
[2024-10-02T02:04:40.172+0000] {logging_mixin.py:188} INFO - [2024-10-02T02:04:40.172+0000] {dagbag.py:545} INFO - Filling up the DagBag from /home/airflow/.local/lib/python3.12/site-packages/airflow/example_dags/example_sla_dag.py
[2024-10-02T02:04:40.179+0000] {processor.py:840} INFO - DAG(s) 'example_sla_dag' retrieved from /home/airflow/.local/lib/python3.12/site-packages/airflow/example_dags/example_sla_dag.py
[2024-10-02T02:04:40.194+0000] {logging_mixin.py:188} INFO - [2024-10-02T02:04:40.194+0000] {dag.py:3096} INFO - Sync 1 DAGs
[2024-10-02T02:04:40.208+0000] {logging_mixin.py:188} INFO - [2024-10-02T02:04:40.208+0000] {dag.py:3954} INFO - Setting next_dagrun for example_sla_dag to 2024-10-02 02:02:00+00:00, run_after=2024-10-02 02:04:00+00:00
[2024-10-02T02:04:40.218+0000] {processor.py:183} INFO - Processing /home/airflow/.local/lib/python3.12/site-packages/airflow/example_dags/example_sla_dag.py took 0.053 seconds
[2024-10-02T02:05:10.768+0000] {processor.py:161} INFO - Started process (PID=1233) to work on /home/airflow/.local/lib/python3.12/site-packages/airflow/example_dags/example_sla_dag.py
[2024-10-02T02:05:10.770+0000] {processor.py:830} INFO - Processing file /home/airflow/.local/lib/python3.12/site-packages/airflow/example_dags/example_sla_dag.py for tasks to queue
[2024-10-02T02:05:10.771+0000] {logging_mixin.py:188} INFO - [2024-10-02T02:05:10.771+0000] {dagbag.py:545} INFO - Filling up the DagBag from /home/airflow/.local/lib/python3.12/site-packages/airflow/example_dags/example_sla_dag.py
[2024-10-02T02:05:10.778+0000] {processor.py:840} INFO - DAG(s) 'example_sla_dag' retrieved from /home/airflow/.local/lib/python3.12/site-packages/airflow/example_dags/example_sla_dag.py
[2024-10-02T02:05:10.794+0000] {logging_mixin.py:188} INFO - [2024-10-02T02:05:10.794+0000] {dag.py:3096} INFO - Sync 1 DAGs
[2024-10-02T02:05:10.809+0000] {logging_mixin.py:188} INFO - [2024-10-02T02:05:10.809+0000] {dag.py:3954} INFO - Setting next_dagrun for example_sla_dag to 2024-10-02 02:02:00+00:00, run_after=2024-10-02 02:04:00+00:00
[2024-10-02T02:05:10.820+0000] {processor.py:183} INFO - Processing /home/airflow/.local/lib/python3.12/site-packages/airflow/example_dags/example_sla_dag.py took 0.055 seconds
