[2024-10-02T01:54:58.202+0000] {processor.py:161} INFO - Started process (PID=50) to work on /home/airflow/.local/lib/python3.12/site-packages/airflow/example_dags/example_datasets.py
[2024-10-02T01:54:58.212+0000] {processor.py:830} INFO - Processing file /home/airflow/.local/lib/python3.12/site-packages/airflow/example_dags/example_datasets.py for tasks to queue
[2024-10-02T01:54:58.218+0000] {logging_mixin.py:188} INFO - [2024-10-02T01:54:58.217+0000] {dagbag.py:545} INFO - Filling up the DagBag from /home/airflow/.local/lib/python3.12/site-packages/airflow/example_dags/example_datasets.py
[2024-10-02T01:54:58.281+0000] {processor.py:840} INFO - DAG(s) 'dataset_consumes_1_never_scheduled', 'dataset_consumes_1', 'dataset_produces_1', 'conditional_dataset_and_time_based_timetable', 'dataset_produces_2', 'consume_1_and_2_with_dataset_expressions', 'dataset_consumes_unknown_never_scheduled', 'consume_1_or_both_2_and_3_with_dataset_expressions', 'consume_1_or_2_with_dataset_expressions', 'dataset_consumes_1_and_2' retrieved from /home/airflow/.local/lib/python3.12/site-packages/airflow/example_dags/example_datasets.py
[2024-10-02T01:54:58.330+0000] {logging_mixin.py:188} INFO - [2024-10-02T01:54:58.330+0000] {dag.py:3096} INFO - Sync 10 DAGs
[2024-10-02T01:54:58.362+0000] {logging_mixin.py:188} INFO - [2024-10-02T01:54:58.362+0000] {dag.py:3954} INFO - Setting next_dagrun for conditional_dataset_and_time_based_timetable to 2024-10-02 01:00:00+00:00, run_after=2024-10-02 01:00:00+00:00
[2024-10-02T01:54:58.367+0000] {logging_mixin.py:188} INFO - [2024-10-02T01:54:58.366+0000] {dag.py:3954} INFO - Setting next_dagrun for consume_1_and_2_with_dataset_expressions to None, run_after=None
[2024-10-02T01:54:58.369+0000] {logging_mixin.py:188} INFO - [2024-10-02T01:54:58.368+0000] {dag.py:3954} INFO - Setting next_dagrun for consume_1_or_2_with_dataset_expressions to None, run_after=None
[2024-10-02T01:54:58.370+0000] {logging_mixin.py:188} INFO - [2024-10-02T01:54:58.370+0000] {dag.py:3954} INFO - Setting next_dagrun for consume_1_or_both_2_and_3_with_dataset_expressions to None, run_after=None
[2024-10-02T01:54:58.375+0000] {logging_mixin.py:188} INFO - [2024-10-02T01:54:58.375+0000] {dag.py:3954} INFO - Setting next_dagrun for dataset_consumes_1 to None, run_after=None
[2024-10-02T01:54:58.382+0000] {logging_mixin.py:188} INFO - [2024-10-02T01:54:58.382+0000] {dag.py:3954} INFO - Setting next_dagrun for dataset_consumes_1_and_2 to None, run_after=None
[2024-10-02T01:54:58.384+0000] {logging_mixin.py:188} INFO - [2024-10-02T01:54:58.384+0000] {dag.py:3954} INFO - Setting next_dagrun for dataset_consumes_1_never_scheduled to None, run_after=None
[2024-10-02T01:54:58.387+0000] {logging_mixin.py:188} INFO - [2024-10-02T01:54:58.387+0000] {dag.py:3954} INFO - Setting next_dagrun for dataset_consumes_unknown_never_scheduled to None, run_after=None
[2024-10-02T01:54:58.391+0000] {logging_mixin.py:188} INFO - [2024-10-02T01:54:58.391+0000] {dag.py:3954} INFO - Setting next_dagrun for dataset_produces_1 to 2024-10-01 00:00:00+00:00, run_after=2024-10-02 00:00:00+00:00
[2024-10-02T01:54:58.393+0000] {logging_mixin.py:188} INFO - [2024-10-02T01:54:58.393+0000] {dag.py:3954} INFO - Setting next_dagrun for dataset_produces_2 to None, run_after=None
[2024-10-02T01:54:58.423+0000] {processor.py:183} INFO - Processing /home/airflow/.local/lib/python3.12/site-packages/airflow/example_dags/example_datasets.py took 0.235 seconds
[2024-10-02T01:55:28.964+0000] {processor.py:161} INFO - Started process (PID=108) to work on /home/airflow/.local/lib/python3.12/site-packages/airflow/example_dags/example_datasets.py
[2024-10-02T01:55:28.966+0000] {processor.py:830} INFO - Processing file /home/airflow/.local/lib/python3.12/site-packages/airflow/example_dags/example_datasets.py for tasks to queue
[2024-10-02T01:55:28.968+0000] {logging_mixin.py:188} INFO - [2024-10-02T01:55:28.968+0000] {dagbag.py:545} INFO - Filling up the DagBag from /home/airflow/.local/lib/python3.12/site-packages/airflow/example_dags/example_datasets.py
[2024-10-02T01:55:28.983+0000] {processor.py:840} INFO - DAG(s) 'dataset_consumes_1_never_scheduled', 'dataset_consumes_unknown_never_scheduled', 'dataset_produces_1', 'dataset_consumes_1_and_2', 'dataset_consumes_1', 'dataset_produces_2', 'consume_1_or_both_2_and_3_with_dataset_expressions', 'conditional_dataset_and_time_based_timetable', 'consume_1_or_2_with_dataset_expressions', 'consume_1_and_2_with_dataset_expressions' retrieved from /home/airflow/.local/lib/python3.12/site-packages/airflow/example_dags/example_datasets.py
[2024-10-02T01:55:29.090+0000] {logging_mixin.py:188} INFO - [2024-10-02T01:55:29.090+0000] {dag.py:3096} INFO - Sync 10 DAGs
[2024-10-02T01:55:29.104+0000] {logging_mixin.py:188} INFO - [2024-10-02T01:55:29.104+0000] {dag.py:3954} INFO - Setting next_dagrun for conditional_dataset_and_time_based_timetable to 2024-10-02 01:00:00+00:00, run_after=2024-10-02 01:00:00+00:00
[2024-10-02T01:55:29.106+0000] {logging_mixin.py:188} INFO - [2024-10-02T01:55:29.106+0000] {dag.py:3954} INFO - Setting next_dagrun for consume_1_and_2_with_dataset_expressions to None, run_after=None
[2024-10-02T01:55:29.107+0000] {logging_mixin.py:188} INFO - [2024-10-02T01:55:29.107+0000] {dag.py:3954} INFO - Setting next_dagrun for consume_1_or_2_with_dataset_expressions to None, run_after=None
[2024-10-02T01:55:29.108+0000] {logging_mixin.py:188} INFO - [2024-10-02T01:55:29.108+0000] {dag.py:3954} INFO - Setting next_dagrun for consume_1_or_both_2_and_3_with_dataset_expressions to None, run_after=None
[2024-10-02T01:55:29.109+0000] {logging_mixin.py:188} INFO - [2024-10-02T01:55:29.109+0000] {dag.py:3954} INFO - Setting next_dagrun for dataset_consumes_1 to None, run_after=None
[2024-10-02T01:55:29.110+0000] {logging_mixin.py:188} INFO - [2024-10-02T01:55:29.110+0000] {dag.py:3954} INFO - Setting next_dagrun for dataset_consumes_1_and_2 to None, run_after=None
[2024-10-02T01:55:29.111+0000] {logging_mixin.py:188} INFO - [2024-10-02T01:55:29.111+0000] {dag.py:3954} INFO - Setting next_dagrun for dataset_consumes_1_never_scheduled to None, run_after=None
[2024-10-02T01:55:29.112+0000] {logging_mixin.py:188} INFO - [2024-10-02T01:55:29.112+0000] {dag.py:3954} INFO - Setting next_dagrun for dataset_consumes_unknown_never_scheduled to None, run_after=None
[2024-10-02T01:55:29.113+0000] {logging_mixin.py:188} INFO - [2024-10-02T01:55:29.113+0000] {dag.py:3954} INFO - Setting next_dagrun for dataset_produces_1 to 2024-10-01 00:00:00+00:00, run_after=2024-10-02 00:00:00+00:00
[2024-10-02T01:55:29.114+0000] {logging_mixin.py:188} INFO - [2024-10-02T01:55:29.114+0000] {dag.py:3954} INFO - Setting next_dagrun for dataset_produces_2 to None, run_after=None
[2024-10-02T01:55:29.131+0000] {processor.py:183} INFO - Processing /home/airflow/.local/lib/python3.12/site-packages/airflow/example_dags/example_datasets.py took 0.173 seconds
[2024-10-02T01:56:00.010+0000] {processor.py:161} INFO - Started process (PID=166) to work on /home/airflow/.local/lib/python3.12/site-packages/airflow/example_dags/example_datasets.py
[2024-10-02T01:56:00.011+0000] {processor.py:830} INFO - Processing file /home/airflow/.local/lib/python3.12/site-packages/airflow/example_dags/example_datasets.py for tasks to queue
[2024-10-02T01:56:00.012+0000] {logging_mixin.py:188} INFO - [2024-10-02T01:56:00.012+0000] {dagbag.py:545} INFO - Filling up the DagBag from /home/airflow/.local/lib/python3.12/site-packages/airflow/example_dags/example_datasets.py
[2024-10-02T01:56:00.021+0000] {processor.py:840} INFO - DAG(s) 'dataset_consumes_1', 'consume_1_and_2_with_dataset_expressions', 'consume_1_or_2_with_dataset_expressions', 'dataset_produces_2', 'conditional_dataset_and_time_based_timetable', 'dataset_consumes_1_and_2', 'dataset_consumes_unknown_never_scheduled', 'consume_1_or_both_2_and_3_with_dataset_expressions', 'dataset_produces_1', 'dataset_consumes_1_never_scheduled' retrieved from /home/airflow/.local/lib/python3.12/site-packages/airflow/example_dags/example_datasets.py
[2024-10-02T01:56:00.046+0000] {logging_mixin.py:188} INFO - [2024-10-02T01:56:00.046+0000] {dag.py:3096} INFO - Sync 10 DAGs
[2024-10-02T01:56:00.060+0000] {logging_mixin.py:188} INFO - [2024-10-02T01:56:00.059+0000] {dag.py:3954} INFO - Setting next_dagrun for conditional_dataset_and_time_based_timetable to 2024-10-02 01:00:00+00:00, run_after=2024-10-02 01:00:00+00:00
[2024-10-02T01:56:00.062+0000] {logging_mixin.py:188} INFO - [2024-10-02T01:56:00.062+0000] {dag.py:3954} INFO - Setting next_dagrun for consume_1_and_2_with_dataset_expressions to None, run_after=None
[2024-10-02T01:56:00.063+0000] {logging_mixin.py:188} INFO - [2024-10-02T01:56:00.063+0000] {dag.py:3954} INFO - Setting next_dagrun for consume_1_or_2_with_dataset_expressions to None, run_after=None
[2024-10-02T01:56:00.064+0000] {logging_mixin.py:188} INFO - [2024-10-02T01:56:00.064+0000] {dag.py:3954} INFO - Setting next_dagrun for consume_1_or_both_2_and_3_with_dataset_expressions to None, run_after=None
[2024-10-02T01:56:00.065+0000] {logging_mixin.py:188} INFO - [2024-10-02T01:56:00.065+0000] {dag.py:3954} INFO - Setting next_dagrun for dataset_consumes_1 to None, run_after=None
[2024-10-02T01:56:00.066+0000] {logging_mixin.py:188} INFO - [2024-10-02T01:56:00.066+0000] {dag.py:3954} INFO - Setting next_dagrun for dataset_consumes_1_and_2 to None, run_after=None
[2024-10-02T01:56:00.066+0000] {logging_mixin.py:188} INFO - [2024-10-02T01:56:00.066+0000] {dag.py:3954} INFO - Setting next_dagrun for dataset_consumes_1_never_scheduled to None, run_after=None
[2024-10-02T01:56:00.067+0000] {logging_mixin.py:188} INFO - [2024-10-02T01:56:00.067+0000] {dag.py:3954} INFO - Setting next_dagrun for dataset_consumes_unknown_never_scheduled to None, run_after=None
[2024-10-02T01:56:00.068+0000] {logging_mixin.py:188} INFO - [2024-10-02T01:56:00.068+0000] {dag.py:3954} INFO - Setting next_dagrun for dataset_produces_1 to 2024-10-01 00:00:00+00:00, run_after=2024-10-02 00:00:00+00:00
[2024-10-02T01:56:00.069+0000] {logging_mixin.py:188} INFO - [2024-10-02T01:56:00.069+0000] {dag.py:3954} INFO - Setting next_dagrun for dataset_produces_2 to None, run_after=None
[2024-10-02T01:56:00.085+0000] {processor.py:183} INFO - Processing /home/airflow/.local/lib/python3.12/site-packages/airflow/example_dags/example_datasets.py took 0.079 seconds
[2024-10-02T01:56:30.539+0000] {processor.py:161} INFO - Started process (PID=224) to work on /home/airflow/.local/lib/python3.12/site-packages/airflow/example_dags/example_datasets.py
[2024-10-02T01:56:30.541+0000] {processor.py:830} INFO - Processing file /home/airflow/.local/lib/python3.12/site-packages/airflow/example_dags/example_datasets.py for tasks to queue
[2024-10-02T01:56:30.543+0000] {logging_mixin.py:188} INFO - [2024-10-02T01:56:30.543+0000] {dagbag.py:545} INFO - Filling up the DagBag from /home/airflow/.local/lib/python3.12/site-packages/airflow/example_dags/example_datasets.py
[2024-10-02T01:56:30.558+0000] {processor.py:840} INFO - DAG(s) 'dataset_consumes_1_and_2', 'consume_1_and_2_with_dataset_expressions', 'conditional_dataset_and_time_based_timetable', 'dataset_produces_2', 'consume_1_or_2_with_dataset_expressions', 'dataset_produces_1', 'dataset_consumes_1', 'dataset_consumes_1_never_scheduled', 'dataset_consumes_unknown_never_scheduled', 'consume_1_or_both_2_and_3_with_dataset_expressions' retrieved from /home/airflow/.local/lib/python3.12/site-packages/airflow/example_dags/example_datasets.py
[2024-10-02T01:56:30.631+0000] {logging_mixin.py:188} INFO - [2024-10-02T01:56:30.630+0000] {dag.py:3096} INFO - Sync 10 DAGs
[2024-10-02T01:56:30.681+0000] {logging_mixin.py:188} INFO - [2024-10-02T01:56:30.681+0000] {dag.py:3954} INFO - Setting next_dagrun for conditional_dataset_and_time_based_timetable to 2024-10-02 01:00:00+00:00, run_after=2024-10-02 01:00:00+00:00
[2024-10-02T01:56:30.688+0000] {logging_mixin.py:188} INFO - [2024-10-02T01:56:30.687+0000] {dag.py:3954} INFO - Setting next_dagrun for consume_1_and_2_with_dataset_expressions to None, run_after=None
[2024-10-02T01:56:30.690+0000] {logging_mixin.py:188} INFO - [2024-10-02T01:56:30.690+0000] {dag.py:3954} INFO - Setting next_dagrun for consume_1_or_2_with_dataset_expressions to None, run_after=None
[2024-10-02T01:56:30.692+0000] {logging_mixin.py:188} INFO - [2024-10-02T01:56:30.692+0000] {dag.py:3954} INFO - Setting next_dagrun for consume_1_or_both_2_and_3_with_dataset_expressions to None, run_after=None
[2024-10-02T01:56:30.694+0000] {logging_mixin.py:188} INFO - [2024-10-02T01:56:30.693+0000] {dag.py:3954} INFO - Setting next_dagrun for dataset_consumes_1 to None, run_after=None
[2024-10-02T01:56:30.696+0000] {logging_mixin.py:188} INFO - [2024-10-02T01:56:30.696+0000] {dag.py:3954} INFO - Setting next_dagrun for dataset_consumes_1_and_2 to None, run_after=None
[2024-10-02T01:56:30.698+0000] {logging_mixin.py:188} INFO - [2024-10-02T01:56:30.698+0000] {dag.py:3954} INFO - Setting next_dagrun for dataset_consumes_1_never_scheduled to None, run_after=None
[2024-10-02T01:56:30.700+0000] {logging_mixin.py:188} INFO - [2024-10-02T01:56:30.700+0000] {dag.py:3954} INFO - Setting next_dagrun for dataset_consumes_unknown_never_scheduled to None, run_after=None
[2024-10-02T01:56:30.702+0000] {logging_mixin.py:188} INFO - [2024-10-02T01:56:30.702+0000] {dag.py:3954} INFO - Setting next_dagrun for dataset_produces_1 to 2024-10-01 00:00:00+00:00, run_after=2024-10-02 00:00:00+00:00
[2024-10-02T01:56:30.703+0000] {logging_mixin.py:188} INFO - [2024-10-02T01:56:30.703+0000] {dag.py:3954} INFO - Setting next_dagrun for dataset_produces_2 to None, run_after=None
[2024-10-02T01:56:30.728+0000] {processor.py:183} INFO - Processing /home/airflow/.local/lib/python3.12/site-packages/airflow/example_dags/example_datasets.py took 0.194 seconds
[2024-10-02T01:57:01.207+0000] {processor.py:161} INFO - Started process (PID=282) to work on /home/airflow/.local/lib/python3.12/site-packages/airflow/example_dags/example_datasets.py
[2024-10-02T01:57:01.208+0000] {processor.py:830} INFO - Processing file /home/airflow/.local/lib/python3.12/site-packages/airflow/example_dags/example_datasets.py for tasks to queue
[2024-10-02T01:57:01.210+0000] {logging_mixin.py:188} INFO - [2024-10-02T01:57:01.210+0000] {dagbag.py:545} INFO - Filling up the DagBag from /home/airflow/.local/lib/python3.12/site-packages/airflow/example_dags/example_datasets.py
[2024-10-02T01:57:01.220+0000] {processor.py:840} INFO - DAG(s) 'consume_1_or_2_with_dataset_expressions', 'dataset_produces_2', 'dataset_consumes_unknown_never_scheduled', 'conditional_dataset_and_time_based_timetable', 'dataset_consumes_1_never_scheduled', 'dataset_consumes_1', 'consume_1_or_both_2_and_3_with_dataset_expressions', 'dataset_produces_1', 'dataset_consumes_1_and_2', 'consume_1_and_2_with_dataset_expressions' retrieved from /home/airflow/.local/lib/python3.12/site-packages/airflow/example_dags/example_datasets.py
[2024-10-02T01:57:01.246+0000] {logging_mixin.py:188} INFO - [2024-10-02T01:57:01.245+0000] {dag.py:3096} INFO - Sync 10 DAGs
[2024-10-02T01:57:01.264+0000] {logging_mixin.py:188} INFO - [2024-10-02T01:57:01.263+0000] {dag.py:3954} INFO - Setting next_dagrun for conditional_dataset_and_time_based_timetable to 2024-10-02 01:00:00+00:00, run_after=2024-10-02 01:00:00+00:00
[2024-10-02T01:57:01.267+0000] {logging_mixin.py:188} INFO - [2024-10-02T01:57:01.266+0000] {dag.py:3954} INFO - Setting next_dagrun for consume_1_and_2_with_dataset_expressions to None, run_after=None
[2024-10-02T01:57:01.268+0000] {logging_mixin.py:188} INFO - [2024-10-02T01:57:01.268+0000] {dag.py:3954} INFO - Setting next_dagrun for consume_1_or_2_with_dataset_expressions to None, run_after=None
[2024-10-02T01:57:01.269+0000] {logging_mixin.py:188} INFO - [2024-10-02T01:57:01.269+0000] {dag.py:3954} INFO - Setting next_dagrun for consume_1_or_both_2_and_3_with_dataset_expressions to None, run_after=None
[2024-10-02T01:57:01.270+0000] {logging_mixin.py:188} INFO - [2024-10-02T01:57:01.270+0000] {dag.py:3954} INFO - Setting next_dagrun for dataset_consumes_1 to None, run_after=None
[2024-10-02T01:57:01.271+0000] {logging_mixin.py:188} INFO - [2024-10-02T01:57:01.271+0000] {dag.py:3954} INFO - Setting next_dagrun for dataset_consumes_1_and_2 to None, run_after=None
[2024-10-02T01:57:01.272+0000] {logging_mixin.py:188} INFO - [2024-10-02T01:57:01.272+0000] {dag.py:3954} INFO - Setting next_dagrun for dataset_consumes_1_never_scheduled to None, run_after=None
[2024-10-02T01:57:01.273+0000] {logging_mixin.py:188} INFO - [2024-10-02T01:57:01.273+0000] {dag.py:3954} INFO - Setting next_dagrun for dataset_consumes_unknown_never_scheduled to None, run_after=None
[2024-10-02T01:57:01.274+0000] {logging_mixin.py:188} INFO - [2024-10-02T01:57:01.274+0000] {dag.py:3954} INFO - Setting next_dagrun for dataset_produces_1 to 2024-10-01 00:00:00+00:00, run_after=2024-10-02 00:00:00+00:00
[2024-10-02T01:57:01.275+0000] {logging_mixin.py:188} INFO - [2024-10-02T01:57:01.275+0000] {dag.py:3954} INFO - Setting next_dagrun for dataset_produces_2 to None, run_after=None
[2024-10-02T01:57:01.294+0000] {processor.py:183} INFO - Processing /home/airflow/.local/lib/python3.12/site-packages/airflow/example_dags/example_datasets.py took 0.091 seconds
[2024-10-02T01:57:31.647+0000] {processor.py:161} INFO - Started process (PID=340) to work on /home/airflow/.local/lib/python3.12/site-packages/airflow/example_dags/example_datasets.py
[2024-10-02T01:57:31.649+0000] {processor.py:830} INFO - Processing file /home/airflow/.local/lib/python3.12/site-packages/airflow/example_dags/example_datasets.py for tasks to queue
[2024-10-02T01:57:31.651+0000] {logging_mixin.py:188} INFO - [2024-10-02T01:57:31.650+0000] {dagbag.py:545} INFO - Filling up the DagBag from /home/airflow/.local/lib/python3.12/site-packages/airflow/example_dags/example_datasets.py
[2024-10-02T01:57:31.668+0000] {processor.py:840} INFO - DAG(s) 'dataset_consumes_1_and_2', 'dataset_consumes_unknown_never_scheduled', 'conditional_dataset_and_time_based_timetable', 'consume_1_or_both_2_and_3_with_dataset_expressions', 'consume_1_and_2_with_dataset_expressions', 'dataset_produces_2', 'dataset_consumes_1_never_scheduled', 'dataset_produces_1', 'dataset_consumes_1', 'consume_1_or_2_with_dataset_expressions' retrieved from /home/airflow/.local/lib/python3.12/site-packages/airflow/example_dags/example_datasets.py
[2024-10-02T01:57:31.697+0000] {logging_mixin.py:188} INFO - [2024-10-02T01:57:31.697+0000] {dag.py:3096} INFO - Sync 10 DAGs
[2024-10-02T01:57:31.711+0000] {logging_mixin.py:188} INFO - [2024-10-02T01:57:31.711+0000] {dag.py:3954} INFO - Setting next_dagrun for conditional_dataset_and_time_based_timetable to 2024-10-02 01:00:00+00:00, run_after=2024-10-02 01:00:00+00:00
[2024-10-02T01:57:31.714+0000] {logging_mixin.py:188} INFO - [2024-10-02T01:57:31.714+0000] {dag.py:3954} INFO - Setting next_dagrun for consume_1_and_2_with_dataset_expressions to None, run_after=None
[2024-10-02T01:57:31.715+0000] {logging_mixin.py:188} INFO - [2024-10-02T01:57:31.715+0000] {dag.py:3954} INFO - Setting next_dagrun for consume_1_or_2_with_dataset_expressions to None, run_after=None
[2024-10-02T01:57:31.716+0000] {logging_mixin.py:188} INFO - [2024-10-02T01:57:31.716+0000] {dag.py:3954} INFO - Setting next_dagrun for consume_1_or_both_2_and_3_with_dataset_expressions to None, run_after=None
[2024-10-02T01:57:31.717+0000] {logging_mixin.py:188} INFO - [2024-10-02T01:57:31.717+0000] {dag.py:3954} INFO - Setting next_dagrun for dataset_consumes_1 to None, run_after=None
[2024-10-02T01:57:31.718+0000] {logging_mixin.py:188} INFO - [2024-10-02T01:57:31.718+0000] {dag.py:3954} INFO - Setting next_dagrun for dataset_consumes_1_and_2 to None, run_after=None
[2024-10-02T01:57:31.718+0000] {logging_mixin.py:188} INFO - [2024-10-02T01:57:31.718+0000] {dag.py:3954} INFO - Setting next_dagrun for dataset_consumes_1_never_scheduled to None, run_after=None
[2024-10-02T01:57:31.719+0000] {logging_mixin.py:188} INFO - [2024-10-02T01:57:31.719+0000] {dag.py:3954} INFO - Setting next_dagrun for dataset_consumes_unknown_never_scheduled to None, run_after=None
[2024-10-02T01:57:31.721+0000] {logging_mixin.py:188} INFO - [2024-10-02T01:57:31.720+0000] {dag.py:3954} INFO - Setting next_dagrun for dataset_produces_1 to 2024-10-01 00:00:00+00:00, run_after=2024-10-02 00:00:00+00:00
[2024-10-02T01:57:31.721+0000] {logging_mixin.py:188} INFO - [2024-10-02T01:57:31.721+0000] {dag.py:3954} INFO - Setting next_dagrun for dataset_produces_2 to None, run_after=None
[2024-10-02T01:57:31.739+0000] {processor.py:183} INFO - Processing /home/airflow/.local/lib/python3.12/site-packages/airflow/example_dags/example_datasets.py took 0.096 seconds
[2024-10-02T01:58:02.049+0000] {processor.py:161} INFO - Started process (PID=398) to work on /home/airflow/.local/lib/python3.12/site-packages/airflow/example_dags/example_datasets.py
[2024-10-02T01:58:02.050+0000] {processor.py:830} INFO - Processing file /home/airflow/.local/lib/python3.12/site-packages/airflow/example_dags/example_datasets.py for tasks to queue
[2024-10-02T01:58:02.052+0000] {logging_mixin.py:188} INFO - [2024-10-02T01:58:02.052+0000] {dagbag.py:545} INFO - Filling up the DagBag from /home/airflow/.local/lib/python3.12/site-packages/airflow/example_dags/example_datasets.py
[2024-10-02T01:58:02.063+0000] {processor.py:840} INFO - DAG(s) 'consume_1_or_both_2_and_3_with_dataset_expressions', 'consume_1_and_2_with_dataset_expressions', 'dataset_consumes_1_and_2', 'dataset_consumes_unknown_never_scheduled', 'dataset_produces_1', 'dataset_consumes_1_never_scheduled', 'consume_1_or_2_with_dataset_expressions', 'conditional_dataset_and_time_based_timetable', 'dataset_produces_2', 'dataset_consumes_1' retrieved from /home/airflow/.local/lib/python3.12/site-packages/airflow/example_dags/example_datasets.py
[2024-10-02T01:58:02.090+0000] {logging_mixin.py:188} INFO - [2024-10-02T01:58:02.090+0000] {dag.py:3096} INFO - Sync 10 DAGs
[2024-10-02T01:58:02.104+0000] {logging_mixin.py:188} INFO - [2024-10-02T01:58:02.104+0000] {dag.py:3954} INFO - Setting next_dagrun for conditional_dataset_and_time_based_timetable to 2024-10-02 01:00:00+00:00, run_after=2024-10-02 01:00:00+00:00
[2024-10-02T01:58:02.107+0000] {logging_mixin.py:188} INFO - [2024-10-02T01:58:02.107+0000] {dag.py:3954} INFO - Setting next_dagrun for consume_1_and_2_with_dataset_expressions to None, run_after=None
[2024-10-02T01:58:02.108+0000] {logging_mixin.py:188} INFO - [2024-10-02T01:58:02.108+0000] {dag.py:3954} INFO - Setting next_dagrun for consume_1_or_2_with_dataset_expressions to None, run_after=None
[2024-10-02T01:58:02.109+0000] {logging_mixin.py:188} INFO - [2024-10-02T01:58:02.109+0000] {dag.py:3954} INFO - Setting next_dagrun for consume_1_or_both_2_and_3_with_dataset_expressions to None, run_after=None
[2024-10-02T01:58:02.110+0000] {logging_mixin.py:188} INFO - [2024-10-02T01:58:02.110+0000] {dag.py:3954} INFO - Setting next_dagrun for dataset_consumes_1 to None, run_after=None
[2024-10-02T01:58:02.111+0000] {logging_mixin.py:188} INFO - [2024-10-02T01:58:02.111+0000] {dag.py:3954} INFO - Setting next_dagrun for dataset_consumes_1_and_2 to None, run_after=None
[2024-10-02T01:58:02.112+0000] {logging_mixin.py:188} INFO - [2024-10-02T01:58:02.112+0000] {dag.py:3954} INFO - Setting next_dagrun for dataset_consumes_1_never_scheduled to None, run_after=None
[2024-10-02T01:58:02.113+0000] {logging_mixin.py:188} INFO - [2024-10-02T01:58:02.113+0000] {dag.py:3954} INFO - Setting next_dagrun for dataset_consumes_unknown_never_scheduled to None, run_after=None
[2024-10-02T01:58:02.114+0000] {logging_mixin.py:188} INFO - [2024-10-02T01:58:02.114+0000] {dag.py:3954} INFO - Setting next_dagrun for dataset_produces_1 to 2024-10-01 00:00:00+00:00, run_after=2024-10-02 00:00:00+00:00
[2024-10-02T01:58:02.116+0000] {logging_mixin.py:188} INFO - [2024-10-02T01:58:02.115+0000] {dag.py:3954} INFO - Setting next_dagrun for dataset_produces_2 to None, run_after=None
[2024-10-02T01:58:02.132+0000] {processor.py:183} INFO - Processing /home/airflow/.local/lib/python3.12/site-packages/airflow/example_dags/example_datasets.py took 0.088 seconds
[2024-10-02T01:58:32.486+0000] {processor.py:161} INFO - Started process (PID=456) to work on /home/airflow/.local/lib/python3.12/site-packages/airflow/example_dags/example_datasets.py
[2024-10-02T01:58:32.487+0000] {processor.py:830} INFO - Processing file /home/airflow/.local/lib/python3.12/site-packages/airflow/example_dags/example_datasets.py for tasks to queue
[2024-10-02T01:58:32.490+0000] {logging_mixin.py:188} INFO - [2024-10-02T01:58:32.489+0000] {dagbag.py:545} INFO - Filling up the DagBag from /home/airflow/.local/lib/python3.12/site-packages/airflow/example_dags/example_datasets.py
[2024-10-02T01:58:32.502+0000] {processor.py:840} INFO - DAG(s) 'dataset_consumes_1', 'dataset_produces_1', 'dataset_produces_2', 'dataset_consumes_1_never_scheduled', 'consume_1_and_2_with_dataset_expressions', 'dataset_consumes_1_and_2', 'consume_1_or_both_2_and_3_with_dataset_expressions', 'dataset_consumes_unknown_never_scheduled', 'conditional_dataset_and_time_based_timetable', 'consume_1_or_2_with_dataset_expressions' retrieved from /home/airflow/.local/lib/python3.12/site-packages/airflow/example_dags/example_datasets.py
[2024-10-02T01:58:32.534+0000] {logging_mixin.py:188} INFO - [2024-10-02T01:58:32.533+0000] {dag.py:3096} INFO - Sync 10 DAGs
[2024-10-02T01:58:32.569+0000] {logging_mixin.py:188} INFO - [2024-10-02T01:58:32.569+0000] {dag.py:3954} INFO - Setting next_dagrun for conditional_dataset_and_time_based_timetable to 2024-10-02 01:00:00+00:00, run_after=2024-10-02 01:00:00+00:00
[2024-10-02T01:58:32.578+0000] {logging_mixin.py:188} INFO - [2024-10-02T01:58:32.578+0000] {dag.py:3954} INFO - Setting next_dagrun for consume_1_and_2_with_dataset_expressions to None, run_after=None
[2024-10-02T01:58:32.580+0000] {logging_mixin.py:188} INFO - [2024-10-02T01:58:32.580+0000] {dag.py:3954} INFO - Setting next_dagrun for consume_1_or_2_with_dataset_expressions to None, run_after=None
[2024-10-02T01:58:32.587+0000] {logging_mixin.py:188} INFO - [2024-10-02T01:58:32.587+0000] {dag.py:3954} INFO - Setting next_dagrun for consume_1_or_both_2_and_3_with_dataset_expressions to None, run_after=None
[2024-10-02T01:58:32.589+0000] {logging_mixin.py:188} INFO - [2024-10-02T01:58:32.589+0000] {dag.py:3954} INFO - Setting next_dagrun for dataset_consumes_1 to None, run_after=None
[2024-10-02T01:58:32.591+0000] {logging_mixin.py:188} INFO - [2024-10-02T01:58:32.591+0000] {dag.py:3954} INFO - Setting next_dagrun for dataset_consumes_1_and_2 to None, run_after=None
[2024-10-02T01:58:32.594+0000] {logging_mixin.py:188} INFO - [2024-10-02T01:58:32.594+0000] {dag.py:3954} INFO - Setting next_dagrun for dataset_consumes_1_never_scheduled to None, run_after=None
[2024-10-02T01:58:32.598+0000] {logging_mixin.py:188} INFO - [2024-10-02T01:58:32.598+0000] {dag.py:3954} INFO - Setting next_dagrun for dataset_consumes_unknown_never_scheduled to None, run_after=None
[2024-10-02T01:58:32.601+0000] {logging_mixin.py:188} INFO - [2024-10-02T01:58:32.601+0000] {dag.py:3954} INFO - Setting next_dagrun for dataset_produces_1 to 2024-10-01 00:00:00+00:00, run_after=2024-10-02 00:00:00+00:00
[2024-10-02T01:58:32.606+0000] {logging_mixin.py:188} INFO - [2024-10-02T01:58:32.605+0000] {dag.py:3954} INFO - Setting next_dagrun for dataset_produces_2 to None, run_after=None
[2024-10-02T01:58:32.650+0000] {processor.py:183} INFO - Processing /home/airflow/.local/lib/python3.12/site-packages/airflow/example_dags/example_datasets.py took 0.169 seconds
[2024-10-02T01:59:03.065+0000] {processor.py:161} INFO - Started process (PID=515) to work on /home/airflow/.local/lib/python3.12/site-packages/airflow/example_dags/example_datasets.py
[2024-10-02T01:59:03.066+0000] {processor.py:830} INFO - Processing file /home/airflow/.local/lib/python3.12/site-packages/airflow/example_dags/example_datasets.py for tasks to queue
[2024-10-02T01:59:03.068+0000] {logging_mixin.py:188} INFO - [2024-10-02T01:59:03.068+0000] {dagbag.py:545} INFO - Filling up the DagBag from /home/airflow/.local/lib/python3.12/site-packages/airflow/example_dags/example_datasets.py
[2024-10-02T01:59:03.078+0000] {processor.py:840} INFO - DAG(s) 'dataset_consumes_unknown_never_scheduled', 'consume_1_or_both_2_and_3_with_dataset_expressions', 'dataset_consumes_1', 'consume_1_and_2_with_dataset_expressions', 'consume_1_or_2_with_dataset_expressions', 'conditional_dataset_and_time_based_timetable', 'dataset_consumes_1_and_2', 'dataset_produces_2', 'dataset_produces_1', 'dataset_consumes_1_never_scheduled' retrieved from /home/airflow/.local/lib/python3.12/site-packages/airflow/example_dags/example_datasets.py
[2024-10-02T01:59:03.104+0000] {logging_mixin.py:188} INFO - [2024-10-02T01:59:03.104+0000] {dag.py:3096} INFO - Sync 10 DAGs
[2024-10-02T01:59:03.119+0000] {logging_mixin.py:188} INFO - [2024-10-02T01:59:03.118+0000] {dag.py:3954} INFO - Setting next_dagrun for conditional_dataset_and_time_based_timetable to 2024-10-02 01:00:00+00:00, run_after=2024-10-02 01:00:00+00:00
[2024-10-02T01:59:03.122+0000] {logging_mixin.py:188} INFO - [2024-10-02T01:59:03.121+0000] {dag.py:3954} INFO - Setting next_dagrun for consume_1_and_2_with_dataset_expressions to None, run_after=None
[2024-10-02T01:59:03.123+0000] {logging_mixin.py:188} INFO - [2024-10-02T01:59:03.122+0000] {dag.py:3954} INFO - Setting next_dagrun for consume_1_or_2_with_dataset_expressions to None, run_after=None
[2024-10-02T01:59:03.123+0000] {logging_mixin.py:188} INFO - [2024-10-02T01:59:03.123+0000] {dag.py:3954} INFO - Setting next_dagrun for consume_1_or_both_2_and_3_with_dataset_expressions to None, run_after=None
[2024-10-02T01:59:03.124+0000] {logging_mixin.py:188} INFO - [2024-10-02T01:59:03.124+0000] {dag.py:3954} INFO - Setting next_dagrun for dataset_consumes_1 to None, run_after=None
[2024-10-02T01:59:03.125+0000] {logging_mixin.py:188} INFO - [2024-10-02T01:59:03.125+0000] {dag.py:3954} INFO - Setting next_dagrun for dataset_consumes_1_and_2 to None, run_after=None
[2024-10-02T01:59:03.126+0000] {logging_mixin.py:188} INFO - [2024-10-02T01:59:03.126+0000] {dag.py:3954} INFO - Setting next_dagrun for dataset_consumes_1_never_scheduled to None, run_after=None
[2024-10-02T01:59:03.127+0000] {logging_mixin.py:188} INFO - [2024-10-02T01:59:03.127+0000] {dag.py:3954} INFO - Setting next_dagrun for dataset_consumes_unknown_never_scheduled to None, run_after=None
[2024-10-02T01:59:03.129+0000] {logging_mixin.py:188} INFO - [2024-10-02T01:59:03.129+0000] {dag.py:3954} INFO - Setting next_dagrun for dataset_produces_1 to 2024-10-01 00:00:00+00:00, run_after=2024-10-02 00:00:00+00:00
[2024-10-02T01:59:03.130+0000] {logging_mixin.py:188} INFO - [2024-10-02T01:59:03.130+0000] {dag.py:3954} INFO - Setting next_dagrun for dataset_produces_2 to None, run_after=None
[2024-10-02T01:59:03.153+0000] {processor.py:183} INFO - Processing /home/airflow/.local/lib/python3.12/site-packages/airflow/example_dags/example_datasets.py took 0.092 seconds
[2024-10-02T01:59:33.380+0000] {processor.py:161} INFO - Started process (PID=573) to work on /home/airflow/.local/lib/python3.12/site-packages/airflow/example_dags/example_datasets.py
[2024-10-02T01:59:33.381+0000] {processor.py:830} INFO - Processing file /home/airflow/.local/lib/python3.12/site-packages/airflow/example_dags/example_datasets.py for tasks to queue
[2024-10-02T01:59:33.383+0000] {logging_mixin.py:188} INFO - [2024-10-02T01:59:33.383+0000] {dagbag.py:545} INFO - Filling up the DagBag from /home/airflow/.local/lib/python3.12/site-packages/airflow/example_dags/example_datasets.py
[2024-10-02T01:59:33.394+0000] {processor.py:840} INFO - DAG(s) 'dataset_consumes_unknown_never_scheduled', 'dataset_consumes_1', 'consume_1_or_2_with_dataset_expressions', 'consume_1_and_2_with_dataset_expressions', 'dataset_consumes_1_never_scheduled', 'dataset_consumes_1_and_2', 'dataset_produces_2', 'conditional_dataset_and_time_based_timetable', 'consume_1_or_both_2_and_3_with_dataset_expressions', 'dataset_produces_1' retrieved from /home/airflow/.local/lib/python3.12/site-packages/airflow/example_dags/example_datasets.py
[2024-10-02T01:59:33.421+0000] {logging_mixin.py:188} INFO - [2024-10-02T01:59:33.420+0000] {dag.py:3096} INFO - Sync 10 DAGs
[2024-10-02T01:59:33.435+0000] {logging_mixin.py:188} INFO - [2024-10-02T01:59:33.435+0000] {dag.py:3954} INFO - Setting next_dagrun for conditional_dataset_and_time_based_timetable to 2024-10-02 01:00:00+00:00, run_after=2024-10-02 01:00:00+00:00
[2024-10-02T01:59:33.438+0000] {logging_mixin.py:188} INFO - [2024-10-02T01:59:33.438+0000] {dag.py:3954} INFO - Setting next_dagrun for consume_1_and_2_with_dataset_expressions to None, run_after=None
[2024-10-02T01:59:33.441+0000] {logging_mixin.py:188} INFO - [2024-10-02T01:59:33.441+0000] {dag.py:3954} INFO - Setting next_dagrun for consume_1_or_2_with_dataset_expressions to None, run_after=None
[2024-10-02T01:59:33.442+0000] {logging_mixin.py:188} INFO - [2024-10-02T01:59:33.442+0000] {dag.py:3954} INFO - Setting next_dagrun for consume_1_or_both_2_and_3_with_dataset_expressions to None, run_after=None
[2024-10-02T01:59:33.444+0000] {logging_mixin.py:188} INFO - [2024-10-02T01:59:33.444+0000] {dag.py:3954} INFO - Setting next_dagrun for dataset_consumes_1 to None, run_after=None
[2024-10-02T01:59:33.445+0000] {logging_mixin.py:188} INFO - [2024-10-02T01:59:33.445+0000] {dag.py:3954} INFO - Setting next_dagrun for dataset_consumes_1_and_2 to None, run_after=None
[2024-10-02T01:59:33.447+0000] {logging_mixin.py:188} INFO - [2024-10-02T01:59:33.447+0000] {dag.py:3954} INFO - Setting next_dagrun for dataset_consumes_1_never_scheduled to None, run_after=None
[2024-10-02T01:59:33.448+0000] {logging_mixin.py:188} INFO - [2024-10-02T01:59:33.448+0000] {dag.py:3954} INFO - Setting next_dagrun for dataset_consumes_unknown_never_scheduled to None, run_after=None
[2024-10-02T01:59:33.450+0000] {logging_mixin.py:188} INFO - [2024-10-02T01:59:33.450+0000] {dag.py:3954} INFO - Setting next_dagrun for dataset_produces_1 to 2024-10-01 00:00:00+00:00, run_after=2024-10-02 00:00:00+00:00
[2024-10-02T01:59:33.451+0000] {logging_mixin.py:188} INFO - [2024-10-02T01:59:33.451+0000] {dag.py:3954} INFO - Setting next_dagrun for dataset_produces_2 to None, run_after=None
[2024-10-02T01:59:33.476+0000] {processor.py:183} INFO - Processing /home/airflow/.local/lib/python3.12/site-packages/airflow/example_dags/example_datasets.py took 0.100 seconds
[2024-10-02T02:00:03.853+0000] {processor.py:161} INFO - Started process (PID=631) to work on /home/airflow/.local/lib/python3.12/site-packages/airflow/example_dags/example_datasets.py
[2024-10-02T02:00:03.855+0000] {processor.py:830} INFO - Processing file /home/airflow/.local/lib/python3.12/site-packages/airflow/example_dags/example_datasets.py for tasks to queue
[2024-10-02T02:00:03.857+0000] {logging_mixin.py:188} INFO - [2024-10-02T02:00:03.857+0000] {dagbag.py:545} INFO - Filling up the DagBag from /home/airflow/.local/lib/python3.12/site-packages/airflow/example_dags/example_datasets.py
[2024-10-02T02:00:03.866+0000] {processor.py:840} INFO - DAG(s) 'dataset_consumes_1_and_2', 'consume_1_and_2_with_dataset_expressions', 'conditional_dataset_and_time_based_timetable', 'consume_1_or_both_2_and_3_with_dataset_expressions', 'consume_1_or_2_with_dataset_expressions', 'dataset_produces_2', 'dataset_produces_1', 'dataset_consumes_1_never_scheduled', 'dataset_consumes_1', 'dataset_consumes_unknown_never_scheduled' retrieved from /home/airflow/.local/lib/python3.12/site-packages/airflow/example_dags/example_datasets.py
[2024-10-02T02:00:03.920+0000] {logging_mixin.py:188} INFO - [2024-10-02T02:00:03.920+0000] {dag.py:3096} INFO - Sync 10 DAGs
[2024-10-02T02:00:03.938+0000] {logging_mixin.py:188} INFO - [2024-10-02T02:00:03.938+0000] {dag.py:3954} INFO - Setting next_dagrun for conditional_dataset_and_time_based_timetable to 2024-10-02 01:00:00+00:00, run_after=2024-10-02 01:00:00+00:00
[2024-10-02T02:00:03.941+0000] {logging_mixin.py:188} INFO - [2024-10-02T02:00:03.941+0000] {dag.py:3954} INFO - Setting next_dagrun for consume_1_and_2_with_dataset_expressions to None, run_after=None
[2024-10-02T02:00:03.942+0000] {logging_mixin.py:188} INFO - [2024-10-02T02:00:03.942+0000] {dag.py:3954} INFO - Setting next_dagrun for consume_1_or_2_with_dataset_expressions to None, run_after=None
[2024-10-02T02:00:03.943+0000] {logging_mixin.py:188} INFO - [2024-10-02T02:00:03.943+0000] {dag.py:3954} INFO - Setting next_dagrun for consume_1_or_both_2_and_3_with_dataset_expressions to None, run_after=None
[2024-10-02T02:00:03.944+0000] {logging_mixin.py:188} INFO - [2024-10-02T02:00:03.944+0000] {dag.py:3954} INFO - Setting next_dagrun for dataset_consumes_1 to None, run_after=None
[2024-10-02T02:00:03.946+0000] {logging_mixin.py:188} INFO - [2024-10-02T02:00:03.946+0000] {dag.py:3954} INFO - Setting next_dagrun for dataset_consumes_1_and_2 to None, run_after=None
[2024-10-02T02:00:03.948+0000] {logging_mixin.py:188} INFO - [2024-10-02T02:00:03.948+0000] {dag.py:3954} INFO - Setting next_dagrun for dataset_consumes_1_never_scheduled to None, run_after=None
[2024-10-02T02:00:03.949+0000] {logging_mixin.py:188} INFO - [2024-10-02T02:00:03.949+0000] {dag.py:3954} INFO - Setting next_dagrun for dataset_consumes_unknown_never_scheduled to None, run_after=None
[2024-10-02T02:00:03.951+0000] {logging_mixin.py:188} INFO - [2024-10-02T02:00:03.951+0000] {dag.py:3954} INFO - Setting next_dagrun for dataset_produces_1 to 2024-10-01 00:00:00+00:00, run_after=2024-10-02 00:00:00+00:00
[2024-10-02T02:00:03.952+0000] {logging_mixin.py:188} INFO - [2024-10-02T02:00:03.952+0000] {dag.py:3954} INFO - Setting next_dagrun for dataset_produces_2 to None, run_after=None
[2024-10-02T02:00:03.973+0000] {processor.py:183} INFO - Processing /home/airflow/.local/lib/python3.12/site-packages/airflow/example_dags/example_datasets.py took 0.123 seconds
[2024-10-02T02:00:34.526+0000] {processor.py:161} INFO - Started process (PID=690) to work on /home/airflow/.local/lib/python3.12/site-packages/airflow/example_dags/example_datasets.py
[2024-10-02T02:00:34.527+0000] {processor.py:830} INFO - Processing file /home/airflow/.local/lib/python3.12/site-packages/airflow/example_dags/example_datasets.py for tasks to queue
[2024-10-02T02:00:34.529+0000] {logging_mixin.py:188} INFO - [2024-10-02T02:00:34.528+0000] {dagbag.py:545} INFO - Filling up the DagBag from /home/airflow/.local/lib/python3.12/site-packages/airflow/example_dags/example_datasets.py
[2024-10-02T02:00:34.539+0000] {processor.py:840} INFO - DAG(s) 'consume_1_and_2_with_dataset_expressions', 'dataset_consumes_1_never_scheduled', 'conditional_dataset_and_time_based_timetable', 'dataset_produces_1', 'dataset_consumes_1_and_2', 'dataset_consumes_unknown_never_scheduled', 'dataset_produces_2', 'consume_1_or_2_with_dataset_expressions', 'dataset_consumes_1', 'consume_1_or_both_2_and_3_with_dataset_expressions' retrieved from /home/airflow/.local/lib/python3.12/site-packages/airflow/example_dags/example_datasets.py
[2024-10-02T02:00:34.565+0000] {logging_mixin.py:188} INFO - [2024-10-02T02:00:34.565+0000] {dag.py:3096} INFO - Sync 10 DAGs
[2024-10-02T02:00:34.579+0000] {logging_mixin.py:188} INFO - [2024-10-02T02:00:34.579+0000] {dag.py:3954} INFO - Setting next_dagrun for conditional_dataset_and_time_based_timetable to 2024-10-02 01:00:00+00:00, run_after=2024-10-02 01:00:00+00:00
[2024-10-02T02:00:34.582+0000] {logging_mixin.py:188} INFO - [2024-10-02T02:00:34.581+0000] {dag.py:3954} INFO - Setting next_dagrun for consume_1_and_2_with_dataset_expressions to None, run_after=None
[2024-10-02T02:00:34.582+0000] {logging_mixin.py:188} INFO - [2024-10-02T02:00:34.582+0000] {dag.py:3954} INFO - Setting next_dagrun for consume_1_or_2_with_dataset_expressions to None, run_after=None
[2024-10-02T02:00:34.583+0000] {logging_mixin.py:188} INFO - [2024-10-02T02:00:34.583+0000] {dag.py:3954} INFO - Setting next_dagrun for consume_1_or_both_2_and_3_with_dataset_expressions to None, run_after=None
[2024-10-02T02:00:34.584+0000] {logging_mixin.py:188} INFO - [2024-10-02T02:00:34.584+0000] {dag.py:3954} INFO - Setting next_dagrun for dataset_consumes_1 to None, run_after=None
[2024-10-02T02:00:34.585+0000] {logging_mixin.py:188} INFO - [2024-10-02T02:00:34.585+0000] {dag.py:3954} INFO - Setting next_dagrun for dataset_consumes_1_and_2 to None, run_after=None
[2024-10-02T02:00:34.586+0000] {logging_mixin.py:188} INFO - [2024-10-02T02:00:34.586+0000] {dag.py:3954} INFO - Setting next_dagrun for dataset_consumes_1_never_scheduled to None, run_after=None
[2024-10-02T02:00:34.587+0000] {logging_mixin.py:188} INFO - [2024-10-02T02:00:34.587+0000] {dag.py:3954} INFO - Setting next_dagrun for dataset_consumes_unknown_never_scheduled to None, run_after=None
[2024-10-02T02:00:34.589+0000] {logging_mixin.py:188} INFO - [2024-10-02T02:00:34.589+0000] {dag.py:3954} INFO - Setting next_dagrun for dataset_produces_1 to 2024-10-01 00:00:00+00:00, run_after=2024-10-02 00:00:00+00:00
[2024-10-02T02:00:34.592+0000] {logging_mixin.py:188} INFO - [2024-10-02T02:00:34.592+0000] {dag.py:3954} INFO - Setting next_dagrun for dataset_produces_2 to None, run_after=None
[2024-10-02T02:00:34.614+0000] {processor.py:183} INFO - Processing /home/airflow/.local/lib/python3.12/site-packages/airflow/example_dags/example_datasets.py took 0.093 seconds
[2024-10-02T02:01:05.136+0000] {processor.py:161} INFO - Started process (PID=748) to work on /home/airflow/.local/lib/python3.12/site-packages/airflow/example_dags/example_datasets.py
[2024-10-02T02:01:05.137+0000] {processor.py:830} INFO - Processing file /home/airflow/.local/lib/python3.12/site-packages/airflow/example_dags/example_datasets.py for tasks to queue
[2024-10-02T02:01:05.139+0000] {logging_mixin.py:188} INFO - [2024-10-02T02:01:05.139+0000] {dagbag.py:545} INFO - Filling up the DagBag from /home/airflow/.local/lib/python3.12/site-packages/airflow/example_dags/example_datasets.py
[2024-10-02T02:01:05.149+0000] {processor.py:840} INFO - DAG(s) 'consume_1_and_2_with_dataset_expressions', 'conditional_dataset_and_time_based_timetable', 'dataset_consumes_1', 'dataset_consumes_1_and_2', 'dataset_consumes_1_never_scheduled', 'dataset_produces_1', 'consume_1_or_2_with_dataset_expressions', 'consume_1_or_both_2_and_3_with_dataset_expressions', 'dataset_consumes_unknown_never_scheduled', 'dataset_produces_2' retrieved from /home/airflow/.local/lib/python3.12/site-packages/airflow/example_dags/example_datasets.py
[2024-10-02T02:01:05.191+0000] {logging_mixin.py:188} INFO - [2024-10-02T02:01:05.190+0000] {dag.py:3096} INFO - Sync 10 DAGs
[2024-10-02T02:01:05.204+0000] {logging_mixin.py:188} INFO - [2024-10-02T02:01:05.204+0000] {dag.py:3954} INFO - Setting next_dagrun for conditional_dataset_and_time_based_timetable to 2024-10-02 01:00:00+00:00, run_after=2024-10-02 01:00:00+00:00
[2024-10-02T02:01:05.207+0000] {logging_mixin.py:188} INFO - [2024-10-02T02:01:05.207+0000] {dag.py:3954} INFO - Setting next_dagrun for consume_1_and_2_with_dataset_expressions to None, run_after=None
[2024-10-02T02:01:05.208+0000] {logging_mixin.py:188} INFO - [2024-10-02T02:01:05.208+0000] {dag.py:3954} INFO - Setting next_dagrun for consume_1_or_2_with_dataset_expressions to None, run_after=None
[2024-10-02T02:01:05.209+0000] {logging_mixin.py:188} INFO - [2024-10-02T02:01:05.209+0000] {dag.py:3954} INFO - Setting next_dagrun for consume_1_or_both_2_and_3_with_dataset_expressions to None, run_after=None
[2024-10-02T02:01:05.210+0000] {logging_mixin.py:188} INFO - [2024-10-02T02:01:05.209+0000] {dag.py:3954} INFO - Setting next_dagrun for dataset_consumes_1 to None, run_after=None
[2024-10-02T02:01:05.210+0000] {logging_mixin.py:188} INFO - [2024-10-02T02:01:05.210+0000] {dag.py:3954} INFO - Setting next_dagrun for dataset_consumes_1_and_2 to None, run_after=None
[2024-10-02T02:01:05.211+0000] {logging_mixin.py:188} INFO - [2024-10-02T02:01:05.211+0000] {dag.py:3954} INFO - Setting next_dagrun for dataset_consumes_1_never_scheduled to None, run_after=None
[2024-10-02T02:01:05.212+0000] {logging_mixin.py:188} INFO - [2024-10-02T02:01:05.212+0000] {dag.py:3954} INFO - Setting next_dagrun for dataset_consumes_unknown_never_scheduled to None, run_after=None
[2024-10-02T02:01:05.213+0000] {logging_mixin.py:188} INFO - [2024-10-02T02:01:05.213+0000] {dag.py:3954} INFO - Setting next_dagrun for dataset_produces_1 to 2024-10-01 00:00:00+00:00, run_after=2024-10-02 00:00:00+00:00
[2024-10-02T02:01:05.214+0000] {logging_mixin.py:188} INFO - [2024-10-02T02:01:05.214+0000] {dag.py:3954} INFO - Setting next_dagrun for dataset_produces_2 to None, run_after=None
[2024-10-02T02:01:05.229+0000] {processor.py:183} INFO - Processing /home/airflow/.local/lib/python3.12/site-packages/airflow/example_dags/example_datasets.py took 0.098 seconds
[2024-10-02T02:01:35.303+0000] {processor.py:161} INFO - Started process (PID=806) to work on /home/airflow/.local/lib/python3.12/site-packages/airflow/example_dags/example_datasets.py
[2024-10-02T02:01:35.304+0000] {processor.py:830} INFO - Processing file /home/airflow/.local/lib/python3.12/site-packages/airflow/example_dags/example_datasets.py for tasks to queue
[2024-10-02T02:01:35.306+0000] {logging_mixin.py:188} INFO - [2024-10-02T02:01:35.306+0000] {dagbag.py:545} INFO - Filling up the DagBag from /home/airflow/.local/lib/python3.12/site-packages/airflow/example_dags/example_datasets.py
[2024-10-02T02:01:35.318+0000] {processor.py:840} INFO - DAG(s) 'conditional_dataset_and_time_based_timetable', 'consume_1_or_both_2_and_3_with_dataset_expressions', 'dataset_produces_1', 'consume_1_or_2_with_dataset_expressions', 'consume_1_and_2_with_dataset_expressions', 'dataset_consumes_1_and_2', 'dataset_consumes_1_never_scheduled', 'dataset_consumes_1', 'dataset_produces_2', 'dataset_consumes_unknown_never_scheduled' retrieved from /home/airflow/.local/lib/python3.12/site-packages/airflow/example_dags/example_datasets.py
[2024-10-02T02:01:35.347+0000] {logging_mixin.py:188} INFO - [2024-10-02T02:01:35.347+0000] {dag.py:3096} INFO - Sync 10 DAGs
[2024-10-02T02:01:35.362+0000] {logging_mixin.py:188} INFO - [2024-10-02T02:01:35.362+0000] {dag.py:3954} INFO - Setting next_dagrun for conditional_dataset_and_time_based_timetable to 2024-10-02 01:00:00+00:00, run_after=2024-10-02 01:00:00+00:00
[2024-10-02T02:01:35.365+0000] {logging_mixin.py:188} INFO - [2024-10-02T02:01:35.365+0000] {dag.py:3954} INFO - Setting next_dagrun for consume_1_and_2_with_dataset_expressions to None, run_after=None
[2024-10-02T02:01:35.366+0000] {logging_mixin.py:188} INFO - [2024-10-02T02:01:35.366+0000] {dag.py:3954} INFO - Setting next_dagrun for consume_1_or_2_with_dataset_expressions to None, run_after=None
[2024-10-02T02:01:35.367+0000] {logging_mixin.py:188} INFO - [2024-10-02T02:01:35.367+0000] {dag.py:3954} INFO - Setting next_dagrun for consume_1_or_both_2_and_3_with_dataset_expressions to None, run_after=None
[2024-10-02T02:01:35.368+0000] {logging_mixin.py:188} INFO - [2024-10-02T02:01:35.368+0000] {dag.py:3954} INFO - Setting next_dagrun for dataset_consumes_1 to None, run_after=None
[2024-10-02T02:01:35.369+0000] {logging_mixin.py:188} INFO - [2024-10-02T02:01:35.369+0000] {dag.py:3954} INFO - Setting next_dagrun for dataset_consumes_1_and_2 to None, run_after=None
[2024-10-02T02:01:35.370+0000] {logging_mixin.py:188} INFO - [2024-10-02T02:01:35.370+0000] {dag.py:3954} INFO - Setting next_dagrun for dataset_consumes_1_never_scheduled to None, run_after=None
[2024-10-02T02:01:35.371+0000] {logging_mixin.py:188} INFO - [2024-10-02T02:01:35.371+0000] {dag.py:3954} INFO - Setting next_dagrun for dataset_consumes_unknown_never_scheduled to None, run_after=None
[2024-10-02T02:01:35.373+0000] {logging_mixin.py:188} INFO - [2024-10-02T02:01:35.373+0000] {dag.py:3954} INFO - Setting next_dagrun for dataset_produces_1 to 2024-10-01 00:00:00+00:00, run_after=2024-10-02 00:00:00+00:00
[2024-10-02T02:01:35.374+0000] {logging_mixin.py:188} INFO - [2024-10-02T02:01:35.374+0000] {dag.py:3954} INFO - Setting next_dagrun for dataset_produces_2 to None, run_after=None
[2024-10-02T02:01:35.392+0000] {processor.py:183} INFO - Processing /home/airflow/.local/lib/python3.12/site-packages/airflow/example_dags/example_datasets.py took 0.094 seconds
[2024-10-02T02:02:05.534+0000] {processor.py:161} INFO - Started process (PID=864) to work on /home/airflow/.local/lib/python3.12/site-packages/airflow/example_dags/example_datasets.py
[2024-10-02T02:02:05.535+0000] {processor.py:830} INFO - Processing file /home/airflow/.local/lib/python3.12/site-packages/airflow/example_dags/example_datasets.py for tasks to queue
[2024-10-02T02:02:05.537+0000] {logging_mixin.py:188} INFO - [2024-10-02T02:02:05.536+0000] {dagbag.py:545} INFO - Filling up the DagBag from /home/airflow/.local/lib/python3.12/site-packages/airflow/example_dags/example_datasets.py
[2024-10-02T02:02:05.546+0000] {processor.py:840} INFO - DAG(s) 'conditional_dataset_and_time_based_timetable', 'consume_1_or_both_2_and_3_with_dataset_expressions', 'dataset_produces_2', 'dataset_produces_1', 'dataset_consumes_1_and_2', 'consume_1_and_2_with_dataset_expressions', 'consume_1_or_2_with_dataset_expressions', 'dataset_consumes_1', 'dataset_consumes_unknown_never_scheduled', 'dataset_consumes_1_never_scheduled' retrieved from /home/airflow/.local/lib/python3.12/site-packages/airflow/example_dags/example_datasets.py
[2024-10-02T02:02:05.571+0000] {logging_mixin.py:188} INFO - [2024-10-02T02:02:05.571+0000] {dag.py:3096} INFO - Sync 10 DAGs
[2024-10-02T02:02:05.584+0000] {logging_mixin.py:188} INFO - [2024-10-02T02:02:05.584+0000] {dag.py:3954} INFO - Setting next_dagrun for conditional_dataset_and_time_based_timetable to 2024-10-02 01:00:00+00:00, run_after=2024-10-02 01:00:00+00:00
[2024-10-02T02:02:05.587+0000] {logging_mixin.py:188} INFO - [2024-10-02T02:02:05.587+0000] {dag.py:3954} INFO - Setting next_dagrun for consume_1_and_2_with_dataset_expressions to None, run_after=None
[2024-10-02T02:02:05.588+0000] {logging_mixin.py:188} INFO - [2024-10-02T02:02:05.588+0000] {dag.py:3954} INFO - Setting next_dagrun for consume_1_or_2_with_dataset_expressions to None, run_after=None
[2024-10-02T02:02:05.589+0000] {logging_mixin.py:188} INFO - [2024-10-02T02:02:05.588+0000] {dag.py:3954} INFO - Setting next_dagrun for consume_1_or_both_2_and_3_with_dataset_expressions to None, run_after=None
[2024-10-02T02:02:05.589+0000] {logging_mixin.py:188} INFO - [2024-10-02T02:02:05.589+0000] {dag.py:3954} INFO - Setting next_dagrun for dataset_consumes_1 to None, run_after=None
[2024-10-02T02:02:05.590+0000] {logging_mixin.py:188} INFO - [2024-10-02T02:02:05.590+0000] {dag.py:3954} INFO - Setting next_dagrun for dataset_consumes_1_and_2 to None, run_after=None
[2024-10-02T02:02:05.591+0000] {logging_mixin.py:188} INFO - [2024-10-02T02:02:05.591+0000] {dag.py:3954} INFO - Setting next_dagrun for dataset_consumes_1_never_scheduled to None, run_after=None
[2024-10-02T02:02:05.592+0000] {logging_mixin.py:188} INFO - [2024-10-02T02:02:05.592+0000] {dag.py:3954} INFO - Setting next_dagrun for dataset_consumes_unknown_never_scheduled to None, run_after=None
[2024-10-02T02:02:05.593+0000] {logging_mixin.py:188} INFO - [2024-10-02T02:02:05.593+0000] {dag.py:3954} INFO - Setting next_dagrun for dataset_produces_1 to 2024-10-01 00:00:00+00:00, run_after=2024-10-02 00:00:00+00:00
[2024-10-02T02:02:05.594+0000] {logging_mixin.py:188} INFO - [2024-10-02T02:02:05.594+0000] {dag.py:3954} INFO - Setting next_dagrun for dataset_produces_2 to None, run_after=None
[2024-10-02T02:02:05.609+0000] {processor.py:183} INFO - Processing /home/airflow/.local/lib/python3.12/site-packages/airflow/example_dags/example_datasets.py took 0.079 seconds
[2024-10-02T02:02:35.808+0000] {processor.py:161} INFO - Started process (PID=922) to work on /home/airflow/.local/lib/python3.12/site-packages/airflow/example_dags/example_datasets.py
[2024-10-02T02:02:35.809+0000] {processor.py:830} INFO - Processing file /home/airflow/.local/lib/python3.12/site-packages/airflow/example_dags/example_datasets.py for tasks to queue
[2024-10-02T02:02:35.811+0000] {logging_mixin.py:188} INFO - [2024-10-02T02:02:35.811+0000] {dagbag.py:545} INFO - Filling up the DagBag from /home/airflow/.local/lib/python3.12/site-packages/airflow/example_dags/example_datasets.py
[2024-10-02T02:02:35.820+0000] {processor.py:840} INFO - DAG(s) 'consume_1_and_2_with_dataset_expressions', 'conditional_dataset_and_time_based_timetable', 'consume_1_or_2_with_dataset_expressions', 'dataset_consumes_unknown_never_scheduled', 'dataset_consumes_1_never_scheduled', 'consume_1_or_both_2_and_3_with_dataset_expressions', 'dataset_produces_1', 'dataset_consumes_1_and_2', 'dataset_produces_2', 'dataset_consumes_1' retrieved from /home/airflow/.local/lib/python3.12/site-packages/airflow/example_dags/example_datasets.py
[2024-10-02T02:02:35.846+0000] {logging_mixin.py:188} INFO - [2024-10-02T02:02:35.846+0000] {dag.py:3096} INFO - Sync 10 DAGs
[2024-10-02T02:02:35.860+0000] {logging_mixin.py:188} INFO - [2024-10-02T02:02:35.860+0000] {dag.py:3954} INFO - Setting next_dagrun for conditional_dataset_and_time_based_timetable to 2024-10-02 01:00:00+00:00, run_after=2024-10-02 01:00:00+00:00
[2024-10-02T02:02:35.863+0000] {logging_mixin.py:188} INFO - [2024-10-02T02:02:35.863+0000] {dag.py:3954} INFO - Setting next_dagrun for consume_1_and_2_with_dataset_expressions to None, run_after=None
[2024-10-02T02:02:35.864+0000] {logging_mixin.py:188} INFO - [2024-10-02T02:02:35.864+0000] {dag.py:3954} INFO - Setting next_dagrun for consume_1_or_2_with_dataset_expressions to None, run_after=None
[2024-10-02T02:02:35.865+0000] {logging_mixin.py:188} INFO - [2024-10-02T02:02:35.865+0000] {dag.py:3954} INFO - Setting next_dagrun for consume_1_or_both_2_and_3_with_dataset_expressions to None, run_after=None
[2024-10-02T02:02:35.866+0000] {logging_mixin.py:188} INFO - [2024-10-02T02:02:35.866+0000] {dag.py:3954} INFO - Setting next_dagrun for dataset_consumes_1 to None, run_after=None
[2024-10-02T02:02:35.866+0000] {logging_mixin.py:188} INFO - [2024-10-02T02:02:35.866+0000] {dag.py:3954} INFO - Setting next_dagrun for dataset_consumes_1_and_2 to None, run_after=None
[2024-10-02T02:02:35.867+0000] {logging_mixin.py:188} INFO - [2024-10-02T02:02:35.867+0000] {dag.py:3954} INFO - Setting next_dagrun for dataset_consumes_1_never_scheduled to None, run_after=None
[2024-10-02T02:02:35.868+0000] {logging_mixin.py:188} INFO - [2024-10-02T02:02:35.868+0000] {dag.py:3954} INFO - Setting next_dagrun for dataset_consumes_unknown_never_scheduled to None, run_after=None
[2024-10-02T02:02:35.869+0000] {logging_mixin.py:188} INFO - [2024-10-02T02:02:35.869+0000] {dag.py:3954} INFO - Setting next_dagrun for dataset_produces_1 to 2024-10-01 00:00:00+00:00, run_after=2024-10-02 00:00:00+00:00
[2024-10-02T02:02:35.870+0000] {logging_mixin.py:188} INFO - [2024-10-02T02:02:35.870+0000] {dag.py:3954} INFO - Setting next_dagrun for dataset_produces_2 to None, run_after=None
[2024-10-02T02:02:35.887+0000] {processor.py:183} INFO - Processing /home/airflow/.local/lib/python3.12/site-packages/airflow/example_dags/example_datasets.py took 0.084 seconds
[2024-10-02T02:03:06.180+0000] {processor.py:161} INFO - Started process (PID=981) to work on /home/airflow/.local/lib/python3.12/site-packages/airflow/example_dags/example_datasets.py
[2024-10-02T02:03:06.181+0000] {processor.py:830} INFO - Processing file /home/airflow/.local/lib/python3.12/site-packages/airflow/example_dags/example_datasets.py for tasks to queue
[2024-10-02T02:03:06.183+0000] {logging_mixin.py:188} INFO - [2024-10-02T02:03:06.182+0000] {dagbag.py:545} INFO - Filling up the DagBag from /home/airflow/.local/lib/python3.12/site-packages/airflow/example_dags/example_datasets.py
[2024-10-02T02:03:06.192+0000] {processor.py:840} INFO - DAG(s) 'dataset_produces_1', 'dataset_consumes_1_never_scheduled', 'consume_1_or_both_2_and_3_with_dataset_expressions', 'consume_1_or_2_with_dataset_expressions', 'dataset_consumes_unknown_never_scheduled', 'consume_1_and_2_with_dataset_expressions', 'conditional_dataset_and_time_based_timetable', 'dataset_consumes_1', 'dataset_consumes_1_and_2', 'dataset_produces_2' retrieved from /home/airflow/.local/lib/python3.12/site-packages/airflow/example_dags/example_datasets.py
[2024-10-02T02:03:06.219+0000] {logging_mixin.py:188} INFO - [2024-10-02T02:03:06.219+0000] {dag.py:3096} INFO - Sync 10 DAGs
[2024-10-02T02:03:06.234+0000] {logging_mixin.py:188} INFO - [2024-10-02T02:03:06.234+0000] {dag.py:3954} INFO - Setting next_dagrun for conditional_dataset_and_time_based_timetable to 2024-10-02 01:00:00+00:00, run_after=2024-10-02 01:00:00+00:00
[2024-10-02T02:03:06.236+0000] {logging_mixin.py:188} INFO - [2024-10-02T02:03:06.236+0000] {dag.py:3954} INFO - Setting next_dagrun for consume_1_and_2_with_dataset_expressions to None, run_after=None
[2024-10-02T02:03:06.238+0000] {logging_mixin.py:188} INFO - [2024-10-02T02:03:06.237+0000] {dag.py:3954} INFO - Setting next_dagrun for consume_1_or_2_with_dataset_expressions to None, run_after=None
[2024-10-02T02:03:06.239+0000] {logging_mixin.py:188} INFO - [2024-10-02T02:03:06.239+0000] {dag.py:3954} INFO - Setting next_dagrun for consume_1_or_both_2_and_3_with_dataset_expressions to None, run_after=None
[2024-10-02T02:03:06.240+0000] {logging_mixin.py:188} INFO - [2024-10-02T02:03:06.240+0000] {dag.py:3954} INFO - Setting next_dagrun for dataset_consumes_1 to None, run_after=None
[2024-10-02T02:03:06.240+0000] {logging_mixin.py:188} INFO - [2024-10-02T02:03:06.240+0000] {dag.py:3954} INFO - Setting next_dagrun for dataset_consumes_1_and_2 to None, run_after=None
[2024-10-02T02:03:06.241+0000] {logging_mixin.py:188} INFO - [2024-10-02T02:03:06.241+0000] {dag.py:3954} INFO - Setting next_dagrun for dataset_consumes_1_never_scheduled to None, run_after=None
[2024-10-02T02:03:06.242+0000] {logging_mixin.py:188} INFO - [2024-10-02T02:03:06.242+0000] {dag.py:3954} INFO - Setting next_dagrun for dataset_consumes_unknown_never_scheduled to None, run_after=None
[2024-10-02T02:03:06.244+0000] {logging_mixin.py:188} INFO - [2024-10-02T02:03:06.243+0000] {dag.py:3954} INFO - Setting next_dagrun for dataset_produces_1 to 2024-10-01 00:00:00+00:00, run_after=2024-10-02 00:00:00+00:00
[2024-10-02T02:03:06.244+0000] {logging_mixin.py:188} INFO - [2024-10-02T02:03:06.244+0000] {dag.py:3954} INFO - Setting next_dagrun for dataset_produces_2 to None, run_after=None
[2024-10-02T02:03:06.261+0000] {processor.py:183} INFO - Processing /home/airflow/.local/lib/python3.12/site-packages/airflow/example_dags/example_datasets.py took 0.085 seconds
[2024-10-02T02:03:36.598+0000] {processor.py:161} INFO - Started process (PID=1038) to work on /home/airflow/.local/lib/python3.12/site-packages/airflow/example_dags/example_datasets.py
[2024-10-02T02:03:36.599+0000] {processor.py:830} INFO - Processing file /home/airflow/.local/lib/python3.12/site-packages/airflow/example_dags/example_datasets.py for tasks to queue
[2024-10-02T02:03:36.601+0000] {logging_mixin.py:188} INFO - [2024-10-02T02:03:36.600+0000] {dagbag.py:545} INFO - Filling up the DagBag from /home/airflow/.local/lib/python3.12/site-packages/airflow/example_dags/example_datasets.py
[2024-10-02T02:03:36.610+0000] {processor.py:840} INFO - DAG(s) 'conditional_dataset_and_time_based_timetable', 'dataset_consumes_1_never_scheduled', 'dataset_consumes_1', 'dataset_consumes_unknown_never_scheduled', 'consume_1_or_2_with_dataset_expressions', 'consume_1_or_both_2_and_3_with_dataset_expressions', 'dataset_produces_1', 'dataset_produces_2', 'dataset_consumes_1_and_2', 'consume_1_and_2_with_dataset_expressions' retrieved from /home/airflow/.local/lib/python3.12/site-packages/airflow/example_dags/example_datasets.py
[2024-10-02T02:03:36.637+0000] {logging_mixin.py:188} INFO - [2024-10-02T02:03:36.637+0000] {dag.py:3096} INFO - Sync 10 DAGs
[2024-10-02T02:03:36.652+0000] {logging_mixin.py:188} INFO - [2024-10-02T02:03:36.651+0000] {dag.py:3954} INFO - Setting next_dagrun for conditional_dataset_and_time_based_timetable to 2024-10-02 01:00:00+00:00, run_after=2024-10-02 01:00:00+00:00
[2024-10-02T02:03:36.655+0000] {logging_mixin.py:188} INFO - [2024-10-02T02:03:36.654+0000] {dag.py:3954} INFO - Setting next_dagrun for consume_1_and_2_with_dataset_expressions to None, run_after=None
[2024-10-02T02:03:36.656+0000] {logging_mixin.py:188} INFO - [2024-10-02T02:03:36.656+0000] {dag.py:3954} INFO - Setting next_dagrun for consume_1_or_2_with_dataset_expressions to None, run_after=None
[2024-10-02T02:03:36.657+0000] {logging_mixin.py:188} INFO - [2024-10-02T02:03:36.657+0000] {dag.py:3954} INFO - Setting next_dagrun for consume_1_or_both_2_and_3_with_dataset_expressions to None, run_after=None
[2024-10-02T02:03:36.658+0000] {logging_mixin.py:188} INFO - [2024-10-02T02:03:36.658+0000] {dag.py:3954} INFO - Setting next_dagrun for dataset_consumes_1 to None, run_after=None
[2024-10-02T02:03:36.659+0000] {logging_mixin.py:188} INFO - [2024-10-02T02:03:36.658+0000] {dag.py:3954} INFO - Setting next_dagrun for dataset_consumes_1_and_2 to None, run_after=None
[2024-10-02T02:03:36.660+0000] {logging_mixin.py:188} INFO - [2024-10-02T02:03:36.660+0000] {dag.py:3954} INFO - Setting next_dagrun for dataset_consumes_1_never_scheduled to None, run_after=None
[2024-10-02T02:03:36.661+0000] {logging_mixin.py:188} INFO - [2024-10-02T02:03:36.660+0000] {dag.py:3954} INFO - Setting next_dagrun for dataset_consumes_unknown_never_scheduled to None, run_after=None
[2024-10-02T02:03:36.662+0000] {logging_mixin.py:188} INFO - [2024-10-02T02:03:36.662+0000] {dag.py:3954} INFO - Setting next_dagrun for dataset_produces_1 to 2024-10-01 00:00:00+00:00, run_after=2024-10-02 00:00:00+00:00
[2024-10-02T02:03:36.663+0000] {logging_mixin.py:188} INFO - [2024-10-02T02:03:36.663+0000] {dag.py:3954} INFO - Setting next_dagrun for dataset_produces_2 to None, run_after=None
[2024-10-02T02:03:36.679+0000] {processor.py:183} INFO - Processing /home/airflow/.local/lib/python3.12/site-packages/airflow/example_dags/example_datasets.py took 0.085 seconds
[2024-10-02T02:04:06.855+0000] {processor.py:161} INFO - Started process (PID=1096) to work on /home/airflow/.local/lib/python3.12/site-packages/airflow/example_dags/example_datasets.py
[2024-10-02T02:04:06.856+0000] {processor.py:830} INFO - Processing file /home/airflow/.local/lib/python3.12/site-packages/airflow/example_dags/example_datasets.py for tasks to queue
[2024-10-02T02:04:06.858+0000] {logging_mixin.py:188} INFO - [2024-10-02T02:04:06.858+0000] {dagbag.py:545} INFO - Filling up the DagBag from /home/airflow/.local/lib/python3.12/site-packages/airflow/example_dags/example_datasets.py
[2024-10-02T02:04:06.868+0000] {processor.py:840} INFO - DAG(s) 'consume_1_or_both_2_and_3_with_dataset_expressions', 'dataset_produces_1', 'dataset_consumes_1_never_scheduled', 'consume_1_and_2_with_dataset_expressions', 'conditional_dataset_and_time_based_timetable', 'dataset_consumes_1', 'dataset_consumes_unknown_never_scheduled', 'dataset_consumes_1_and_2', 'dataset_produces_2', 'consume_1_or_2_with_dataset_expressions' retrieved from /home/airflow/.local/lib/python3.12/site-packages/airflow/example_dags/example_datasets.py
[2024-10-02T02:04:06.894+0000] {logging_mixin.py:188} INFO - [2024-10-02T02:04:06.894+0000] {dag.py:3096} INFO - Sync 10 DAGs
[2024-10-02T02:04:06.908+0000] {logging_mixin.py:188} INFO - [2024-10-02T02:04:06.908+0000] {dag.py:3954} INFO - Setting next_dagrun for conditional_dataset_and_time_based_timetable to 2024-10-02 01:00:00+00:00, run_after=2024-10-02 01:00:00+00:00
[2024-10-02T02:04:06.911+0000] {logging_mixin.py:188} INFO - [2024-10-02T02:04:06.911+0000] {dag.py:3954} INFO - Setting next_dagrun for consume_1_and_2_with_dataset_expressions to None, run_after=None
[2024-10-02T02:04:06.912+0000] {logging_mixin.py:188} INFO - [2024-10-02T02:04:06.912+0000] {dag.py:3954} INFO - Setting next_dagrun for consume_1_or_2_with_dataset_expressions to None, run_after=None
[2024-10-02T02:04:06.913+0000] {logging_mixin.py:188} INFO - [2024-10-02T02:04:06.913+0000] {dag.py:3954} INFO - Setting next_dagrun for consume_1_or_both_2_and_3_with_dataset_expressions to None, run_after=None
[2024-10-02T02:04:06.914+0000] {logging_mixin.py:188} INFO - [2024-10-02T02:04:06.913+0000] {dag.py:3954} INFO - Setting next_dagrun for dataset_consumes_1 to None, run_after=None
[2024-10-02T02:04:06.914+0000] {logging_mixin.py:188} INFO - [2024-10-02T02:04:06.914+0000] {dag.py:3954} INFO - Setting next_dagrun for dataset_consumes_1_and_2 to None, run_after=None
[2024-10-02T02:04:06.915+0000] {logging_mixin.py:188} INFO - [2024-10-02T02:04:06.915+0000] {dag.py:3954} INFO - Setting next_dagrun for dataset_consumes_1_never_scheduled to None, run_after=None
[2024-10-02T02:04:06.916+0000] {logging_mixin.py:188} INFO - [2024-10-02T02:04:06.916+0000] {dag.py:3954} INFO - Setting next_dagrun for dataset_consumes_unknown_never_scheduled to None, run_after=None
[2024-10-02T02:04:06.918+0000] {logging_mixin.py:188} INFO - [2024-10-02T02:04:06.918+0000] {dag.py:3954} INFO - Setting next_dagrun for dataset_produces_1 to 2024-10-01 00:00:00+00:00, run_after=2024-10-02 00:00:00+00:00
[2024-10-02T02:04:06.918+0000] {logging_mixin.py:188} INFO - [2024-10-02T02:04:06.918+0000] {dag.py:3954} INFO - Setting next_dagrun for dataset_produces_2 to None, run_after=None
[2024-10-02T02:04:06.935+0000] {processor.py:183} INFO - Processing /home/airflow/.local/lib/python3.12/site-packages/airflow/example_dags/example_datasets.py took 0.084 seconds
[2024-10-02T02:04:37.228+0000] {processor.py:161} INFO - Started process (PID=1154) to work on /home/airflow/.local/lib/python3.12/site-packages/airflow/example_dags/example_datasets.py
[2024-10-02T02:04:37.229+0000] {processor.py:830} INFO - Processing file /home/airflow/.local/lib/python3.12/site-packages/airflow/example_dags/example_datasets.py for tasks to queue
[2024-10-02T02:04:37.231+0000] {logging_mixin.py:188} INFO - [2024-10-02T02:04:37.231+0000] {dagbag.py:545} INFO - Filling up the DagBag from /home/airflow/.local/lib/python3.12/site-packages/airflow/example_dags/example_datasets.py
[2024-10-02T02:04:37.240+0000] {processor.py:840} INFO - DAG(s) 'dataset_consumes_1_and_2', 'consume_1_or_2_with_dataset_expressions', 'dataset_consumes_unknown_never_scheduled', 'conditional_dataset_and_time_based_timetable', 'dataset_produces_2', 'consume_1_and_2_with_dataset_expressions', 'dataset_produces_1', 'consume_1_or_both_2_and_3_with_dataset_expressions', 'dataset_consumes_1_never_scheduled', 'dataset_consumes_1' retrieved from /home/airflow/.local/lib/python3.12/site-packages/airflow/example_dags/example_datasets.py
[2024-10-02T02:04:37.266+0000] {logging_mixin.py:188} INFO - [2024-10-02T02:04:37.266+0000] {dag.py:3096} INFO - Sync 10 DAGs
[2024-10-02T02:04:37.279+0000] {logging_mixin.py:188} INFO - [2024-10-02T02:04:37.279+0000] {dag.py:3954} INFO - Setting next_dagrun for conditional_dataset_and_time_based_timetable to 2024-10-02 01:00:00+00:00, run_after=2024-10-02 01:00:00+00:00
[2024-10-02T02:04:37.283+0000] {logging_mixin.py:188} INFO - [2024-10-02T02:04:37.282+0000] {dag.py:3954} INFO - Setting next_dagrun for consume_1_and_2_with_dataset_expressions to None, run_after=None
[2024-10-02T02:04:37.284+0000] {logging_mixin.py:188} INFO - [2024-10-02T02:04:37.284+0000] {dag.py:3954} INFO - Setting next_dagrun for consume_1_or_2_with_dataset_expressions to None, run_after=None
[2024-10-02T02:04:37.285+0000] {logging_mixin.py:188} INFO - [2024-10-02T02:04:37.285+0000] {dag.py:3954} INFO - Setting next_dagrun for consume_1_or_both_2_and_3_with_dataset_expressions to None, run_after=None
[2024-10-02T02:04:37.286+0000] {logging_mixin.py:188} INFO - [2024-10-02T02:04:37.286+0000] {dag.py:3954} INFO - Setting next_dagrun for dataset_consumes_1 to None, run_after=None
[2024-10-02T02:04:37.287+0000] {logging_mixin.py:188} INFO - [2024-10-02T02:04:37.287+0000] {dag.py:3954} INFO - Setting next_dagrun for dataset_consumes_1_and_2 to None, run_after=None
[2024-10-02T02:04:37.288+0000] {logging_mixin.py:188} INFO - [2024-10-02T02:04:37.288+0000] {dag.py:3954} INFO - Setting next_dagrun for dataset_consumes_1_never_scheduled to None, run_after=None
[2024-10-02T02:04:37.289+0000] {logging_mixin.py:188} INFO - [2024-10-02T02:04:37.289+0000] {dag.py:3954} INFO - Setting next_dagrun for dataset_consumes_unknown_never_scheduled to None, run_after=None
[2024-10-02T02:04:37.290+0000] {logging_mixin.py:188} INFO - [2024-10-02T02:04:37.290+0000] {dag.py:3954} INFO - Setting next_dagrun for dataset_produces_1 to 2024-10-01 00:00:00+00:00, run_after=2024-10-02 00:00:00+00:00
[2024-10-02T02:04:37.291+0000] {logging_mixin.py:188} INFO - [2024-10-02T02:04:37.291+0000] {dag.py:3954} INFO - Setting next_dagrun for dataset_produces_2 to None, run_after=None
[2024-10-02T02:04:37.307+0000] {processor.py:183} INFO - Processing /home/airflow/.local/lib/python3.12/site-packages/airflow/example_dags/example_datasets.py took 0.083 seconds
[2024-10-02T02:05:07.758+0000] {processor.py:161} INFO - Started process (PID=1212) to work on /home/airflow/.local/lib/python3.12/site-packages/airflow/example_dags/example_datasets.py
[2024-10-02T02:05:07.759+0000] {processor.py:830} INFO - Processing file /home/airflow/.local/lib/python3.12/site-packages/airflow/example_dags/example_datasets.py for tasks to queue
[2024-10-02T02:05:07.761+0000] {logging_mixin.py:188} INFO - [2024-10-02T02:05:07.761+0000] {dagbag.py:545} INFO - Filling up the DagBag from /home/airflow/.local/lib/python3.12/site-packages/airflow/example_dags/example_datasets.py
[2024-10-02T02:05:07.771+0000] {processor.py:840} INFO - DAG(s) 'consume_1_or_2_with_dataset_expressions', 'conditional_dataset_and_time_based_timetable', 'dataset_consumes_1_and_2', 'consume_1_and_2_with_dataset_expressions', 'dataset_consumes_1', 'dataset_consumes_1_never_scheduled', 'dataset_produces_1', 'dataset_produces_2', 'consume_1_or_both_2_and_3_with_dataset_expressions', 'dataset_consumes_unknown_never_scheduled' retrieved from /home/airflow/.local/lib/python3.12/site-packages/airflow/example_dags/example_datasets.py
[2024-10-02T02:05:07.798+0000] {logging_mixin.py:188} INFO - [2024-10-02T02:05:07.797+0000] {dag.py:3096} INFO - Sync 10 DAGs
[2024-10-02T02:05:07.812+0000] {logging_mixin.py:188} INFO - [2024-10-02T02:05:07.812+0000] {dag.py:3954} INFO - Setting next_dagrun for conditional_dataset_and_time_based_timetable to 2024-10-02 01:00:00+00:00, run_after=2024-10-02 01:00:00+00:00
[2024-10-02T02:05:07.814+0000] {logging_mixin.py:188} INFO - [2024-10-02T02:05:07.814+0000] {dag.py:3954} INFO - Setting next_dagrun for consume_1_and_2_with_dataset_expressions to None, run_after=None
[2024-10-02T02:05:07.815+0000] {logging_mixin.py:188} INFO - [2024-10-02T02:05:07.815+0000] {dag.py:3954} INFO - Setting next_dagrun for consume_1_or_2_with_dataset_expressions to None, run_after=None
[2024-10-02T02:05:07.816+0000] {logging_mixin.py:188} INFO - [2024-10-02T02:05:07.816+0000] {dag.py:3954} INFO - Setting next_dagrun for consume_1_or_both_2_and_3_with_dataset_expressions to None, run_after=None
[2024-10-02T02:05:07.817+0000] {logging_mixin.py:188} INFO - [2024-10-02T02:05:07.817+0000] {dag.py:3954} INFO - Setting next_dagrun for dataset_consumes_1 to None, run_after=None
[2024-10-02T02:05:07.818+0000] {logging_mixin.py:188} INFO - [2024-10-02T02:05:07.818+0000] {dag.py:3954} INFO - Setting next_dagrun for dataset_consumes_1_and_2 to None, run_after=None
[2024-10-02T02:05:07.819+0000] {logging_mixin.py:188} INFO - [2024-10-02T02:05:07.819+0000] {dag.py:3954} INFO - Setting next_dagrun for dataset_consumes_1_never_scheduled to None, run_after=None
[2024-10-02T02:05:07.820+0000] {logging_mixin.py:188} INFO - [2024-10-02T02:05:07.820+0000] {dag.py:3954} INFO - Setting next_dagrun for dataset_consumes_unknown_never_scheduled to None, run_after=None
[2024-10-02T02:05:07.821+0000] {logging_mixin.py:188} INFO - [2024-10-02T02:05:07.821+0000] {dag.py:3954} INFO - Setting next_dagrun for dataset_produces_1 to 2024-10-01 00:00:00+00:00, run_after=2024-10-02 00:00:00+00:00
[2024-10-02T02:05:07.822+0000] {logging_mixin.py:188} INFO - [2024-10-02T02:05:07.822+0000] {dag.py:3954} INFO - Setting next_dagrun for dataset_produces_2 to None, run_after=None
[2024-10-02T02:05:07.840+0000] {processor.py:183} INFO - Processing /home/airflow/.local/lib/python3.12/site-packages/airflow/example_dags/example_datasets.py took 0.087 seconds
