[2024-10-02T01:54:59.247+0000] {processor.py:161} INFO - Started process (PID=57) to work on /home/airflow/.local/lib/python3.12/site-packages/airflow/example_dags/example_python_decorator.py
[2024-10-02T01:54:59.249+0000] {processor.py:830} INFO - Processing file /home/airflow/.local/lib/python3.12/site-packages/airflow/example_dags/example_python_decorator.py for tasks to queue
[2024-10-02T01:54:59.251+0000] {logging_mixin.py:188} INFO - [2024-10-02T01:54:59.251+0000] {dagbag.py:545} INFO - Filling up the DagBag from /home/airflow/.local/lib/python3.12/site-packages/airflow/example_dags/example_python_decorator.py
[2024-10-02T01:54:59.261+0000] {processor.py:840} INFO - DAG(s) 'example_python_decorator' retrieved from /home/airflow/.local/lib/python3.12/site-packages/airflow/example_dags/example_python_decorator.py
[2024-10-02T01:54:59.272+0000] {logging_mixin.py:188} INFO - [2024-10-02T01:54:59.272+0000] {dag.py:3096} INFO - Sync 1 DAGs
[2024-10-02T01:54:59.282+0000] {logging_mixin.py:188} INFO - [2024-10-02T01:54:59.282+0000] {dag.py:3954} INFO - Setting next_dagrun for example_python_decorator to None, run_after=None
[2024-10-02T01:54:59.293+0000] {processor.py:183} INFO - Processing /home/airflow/.local/lib/python3.12/site-packages/airflow/example_dags/example_python_decorator.py took 0.051 seconds
[2024-10-02T01:55:29.443+0000] {processor.py:161} INFO - Started process (PID=115) to work on /home/airflow/.local/lib/python3.12/site-packages/airflow/example_dags/example_python_decorator.py
[2024-10-02T01:55:29.444+0000] {processor.py:830} INFO - Processing file /home/airflow/.local/lib/python3.12/site-packages/airflow/example_dags/example_python_decorator.py for tasks to queue
[2024-10-02T01:55:29.445+0000] {logging_mixin.py:188} INFO - [2024-10-02T01:55:29.445+0000] {dagbag.py:545} INFO - Filling up the DagBag from /home/airflow/.local/lib/python3.12/site-packages/airflow/example_dags/example_python_decorator.py
[2024-10-02T01:55:29.454+0000] {processor.py:840} INFO - DAG(s) 'example_python_decorator' retrieved from /home/airflow/.local/lib/python3.12/site-packages/airflow/example_dags/example_python_decorator.py
[2024-10-02T01:55:29.508+0000] {logging_mixin.py:188} INFO - [2024-10-02T01:55:29.508+0000] {dag.py:3096} INFO - Sync 1 DAGs
[2024-10-02T01:55:29.514+0000] {logging_mixin.py:188} INFO - [2024-10-02T01:55:29.514+0000] {dag.py:3954} INFO - Setting next_dagrun for example_python_decorator to None, run_after=None
[2024-10-02T01:55:29.523+0000] {processor.py:183} INFO - Processing /home/airflow/.local/lib/python3.12/site-packages/airflow/example_dags/example_python_decorator.py took 0.085 seconds
[2024-10-02T01:56:00.416+0000] {processor.py:161} INFO - Started process (PID=173) to work on /home/airflow/.local/lib/python3.12/site-packages/airflow/example_dags/example_python_decorator.py
[2024-10-02T01:56:00.417+0000] {processor.py:830} INFO - Processing file /home/airflow/.local/lib/python3.12/site-packages/airflow/example_dags/example_python_decorator.py for tasks to queue
[2024-10-02T01:56:00.419+0000] {logging_mixin.py:188} INFO - [2024-10-02T01:56:00.419+0000] {dagbag.py:545} INFO - Filling up the DagBag from /home/airflow/.local/lib/python3.12/site-packages/airflow/example_dags/example_python_decorator.py
[2024-10-02T01:56:00.428+0000] {processor.py:840} INFO - DAG(s) 'example_python_decorator' retrieved from /home/airflow/.local/lib/python3.12/site-packages/airflow/example_dags/example_python_decorator.py
[2024-10-02T01:56:00.445+0000] {logging_mixin.py:188} INFO - [2024-10-02T01:56:00.445+0000] {dag.py:3096} INFO - Sync 1 DAGs
[2024-10-02T01:56:00.452+0000] {logging_mixin.py:188} INFO - [2024-10-02T01:56:00.452+0000] {dag.py:3954} INFO - Setting next_dagrun for example_python_decorator to None, run_after=None
[2024-10-02T01:56:00.462+0000] {processor.py:183} INFO - Processing /home/airflow/.local/lib/python3.12/site-packages/airflow/example_dags/example_python_decorator.py took 0.051 seconds
[2024-10-02T01:56:31.118+0000] {processor.py:161} INFO - Started process (PID=231) to work on /home/airflow/.local/lib/python3.12/site-packages/airflow/example_dags/example_python_decorator.py
[2024-10-02T01:56:31.120+0000] {processor.py:830} INFO - Processing file /home/airflow/.local/lib/python3.12/site-packages/airflow/example_dags/example_python_decorator.py for tasks to queue
[2024-10-02T01:56:31.121+0000] {logging_mixin.py:188} INFO - [2024-10-02T01:56:31.121+0000] {dagbag.py:545} INFO - Filling up the DagBag from /home/airflow/.local/lib/python3.12/site-packages/airflow/example_dags/example_python_decorator.py
[2024-10-02T01:56:31.134+0000] {processor.py:840} INFO - DAG(s) 'example_python_decorator' retrieved from /home/airflow/.local/lib/python3.12/site-packages/airflow/example_dags/example_python_decorator.py
[2024-10-02T01:56:31.155+0000] {logging_mixin.py:188} INFO - [2024-10-02T01:56:31.155+0000] {dag.py:3096} INFO - Sync 1 DAGs
[2024-10-02T01:56:31.163+0000] {logging_mixin.py:188} INFO - [2024-10-02T01:56:31.162+0000] {dag.py:3954} INFO - Setting next_dagrun for example_python_decorator to None, run_after=None
[2024-10-02T01:56:31.174+0000] {processor.py:183} INFO - Processing /home/airflow/.local/lib/python3.12/site-packages/airflow/example_dags/example_python_decorator.py took 0.061 seconds
[2024-10-02T01:57:01.500+0000] {processor.py:161} INFO - Started process (PID=289) to work on /home/airflow/.local/lib/python3.12/site-packages/airflow/example_dags/example_python_decorator.py
[2024-10-02T01:57:01.501+0000] {processor.py:830} INFO - Processing file /home/airflow/.local/lib/python3.12/site-packages/airflow/example_dags/example_python_decorator.py for tasks to queue
[2024-10-02T01:57:01.503+0000] {logging_mixin.py:188} INFO - [2024-10-02T01:57:01.503+0000] {dagbag.py:545} INFO - Filling up the DagBag from /home/airflow/.local/lib/python3.12/site-packages/airflow/example_dags/example_python_decorator.py
[2024-10-02T01:57:01.513+0000] {processor.py:840} INFO - DAG(s) 'example_python_decorator' retrieved from /home/airflow/.local/lib/python3.12/site-packages/airflow/example_dags/example_python_decorator.py
[2024-10-02T01:57:01.531+0000] {logging_mixin.py:188} INFO - [2024-10-02T01:57:01.531+0000] {dag.py:3096} INFO - Sync 1 DAGs
[2024-10-02T01:57:01.545+0000] {logging_mixin.py:188} INFO - [2024-10-02T01:57:01.545+0000] {dag.py:3954} INFO - Setting next_dagrun for example_python_decorator to None, run_after=None
[2024-10-02T01:57:01.558+0000] {processor.py:183} INFO - Processing /home/airflow/.local/lib/python3.12/site-packages/airflow/example_dags/example_python_decorator.py took 0.062 seconds
[2024-10-02T01:57:31.955+0000] {processor.py:161} INFO - Started process (PID=347) to work on /home/airflow/.local/lib/python3.12/site-packages/airflow/example_dags/example_python_decorator.py
[2024-10-02T01:57:31.956+0000] {processor.py:830} INFO - Processing file /home/airflow/.local/lib/python3.12/site-packages/airflow/example_dags/example_python_decorator.py for tasks to queue
[2024-10-02T01:57:31.958+0000] {logging_mixin.py:188} INFO - [2024-10-02T01:57:31.958+0000] {dagbag.py:545} INFO - Filling up the DagBag from /home/airflow/.local/lib/python3.12/site-packages/airflow/example_dags/example_python_decorator.py
[2024-10-02T01:57:31.967+0000] {processor.py:840} INFO - DAG(s) 'example_python_decorator' retrieved from /home/airflow/.local/lib/python3.12/site-packages/airflow/example_dags/example_python_decorator.py
[2024-10-02T01:57:31.985+0000] {logging_mixin.py:188} INFO - [2024-10-02T01:57:31.985+0000] {dag.py:3096} INFO - Sync 1 DAGs
[2024-10-02T01:57:31.993+0000] {logging_mixin.py:188} INFO - [2024-10-02T01:57:31.993+0000] {dag.py:3954} INFO - Setting next_dagrun for example_python_decorator to None, run_after=None
[2024-10-02T01:57:32.005+0000] {processor.py:183} INFO - Processing /home/airflow/.local/lib/python3.12/site-packages/airflow/example_dags/example_python_decorator.py took 0.054 seconds
[2024-10-02T01:58:02.371+0000] {processor.py:161} INFO - Started process (PID=405) to work on /home/airflow/.local/lib/python3.12/site-packages/airflow/example_dags/example_python_decorator.py
[2024-10-02T01:58:02.373+0000] {processor.py:830} INFO - Processing file /home/airflow/.local/lib/python3.12/site-packages/airflow/example_dags/example_python_decorator.py for tasks to queue
[2024-10-02T01:58:02.375+0000] {logging_mixin.py:188} INFO - [2024-10-02T01:58:02.374+0000] {dagbag.py:545} INFO - Filling up the DagBag from /home/airflow/.local/lib/python3.12/site-packages/airflow/example_dags/example_python_decorator.py
[2024-10-02T01:58:02.384+0000] {processor.py:840} INFO - DAG(s) 'example_python_decorator' retrieved from /home/airflow/.local/lib/python3.12/site-packages/airflow/example_dags/example_python_decorator.py
[2024-10-02T01:58:02.400+0000] {logging_mixin.py:188} INFO - [2024-10-02T01:58:02.400+0000] {dag.py:3096} INFO - Sync 1 DAGs
[2024-10-02T01:58:02.407+0000] {logging_mixin.py:188} INFO - [2024-10-02T01:58:02.407+0000] {dag.py:3954} INFO - Setting next_dagrun for example_python_decorator to None, run_after=None
[2024-10-02T01:58:02.417+0000] {processor.py:183} INFO - Processing /home/airflow/.local/lib/python3.12/site-packages/airflow/example_dags/example_python_decorator.py took 0.050 seconds
[2024-10-02T01:58:32.955+0000] {processor.py:161} INFO - Started process (PID=463) to work on /home/airflow/.local/lib/python3.12/site-packages/airflow/example_dags/example_python_decorator.py
[2024-10-02T01:58:32.956+0000] {processor.py:830} INFO - Processing file /home/airflow/.local/lib/python3.12/site-packages/airflow/example_dags/example_python_decorator.py for tasks to queue
[2024-10-02T01:58:32.958+0000] {logging_mixin.py:188} INFO - [2024-10-02T01:58:32.958+0000] {dagbag.py:545} INFO - Filling up the DagBag from /home/airflow/.local/lib/python3.12/site-packages/airflow/example_dags/example_python_decorator.py
[2024-10-02T01:58:32.967+0000] {processor.py:840} INFO - DAG(s) 'example_python_decorator' retrieved from /home/airflow/.local/lib/python3.12/site-packages/airflow/example_dags/example_python_decorator.py
[2024-10-02T01:58:32.983+0000] {logging_mixin.py:188} INFO - [2024-10-02T01:58:32.983+0000] {dag.py:3096} INFO - Sync 1 DAGs
[2024-10-02T01:58:32.991+0000] {logging_mixin.py:188} INFO - [2024-10-02T01:58:32.990+0000] {dag.py:3954} INFO - Setting next_dagrun for example_python_decorator to None, run_after=None
[2024-10-02T01:58:33.001+0000] {processor.py:183} INFO - Processing /home/airflow/.local/lib/python3.12/site-packages/airflow/example_dags/example_python_decorator.py took 0.052 seconds
[2024-10-02T01:59:03.364+0000] {processor.py:161} INFO - Started process (PID=522) to work on /home/airflow/.local/lib/python3.12/site-packages/airflow/example_dags/example_python_decorator.py
[2024-10-02T01:59:03.365+0000] {processor.py:830} INFO - Processing file /home/airflow/.local/lib/python3.12/site-packages/airflow/example_dags/example_python_decorator.py for tasks to queue
[2024-10-02T01:59:03.367+0000] {logging_mixin.py:188} INFO - [2024-10-02T01:59:03.367+0000] {dagbag.py:545} INFO - Filling up the DagBag from /home/airflow/.local/lib/python3.12/site-packages/airflow/example_dags/example_python_decorator.py
[2024-10-02T01:59:03.376+0000] {processor.py:840} INFO - DAG(s) 'example_python_decorator' retrieved from /home/airflow/.local/lib/python3.12/site-packages/airflow/example_dags/example_python_decorator.py
[2024-10-02T01:59:03.393+0000] {logging_mixin.py:188} INFO - [2024-10-02T01:59:03.392+0000] {dag.py:3096} INFO - Sync 1 DAGs
[2024-10-02T01:59:03.400+0000] {logging_mixin.py:188} INFO - [2024-10-02T01:59:03.400+0000] {dag.py:3954} INFO - Setting next_dagrun for example_python_decorator to None, run_after=None
[2024-10-02T01:59:03.411+0000] {processor.py:183} INFO - Processing /home/airflow/.local/lib/python3.12/site-packages/airflow/example_dags/example_python_decorator.py took 0.052 seconds
[2024-10-02T01:59:33.752+0000] {processor.py:161} INFO - Started process (PID=580) to work on /home/airflow/.local/lib/python3.12/site-packages/airflow/example_dags/example_python_decorator.py
[2024-10-02T01:59:33.754+0000] {processor.py:830} INFO - Processing file /home/airflow/.local/lib/python3.12/site-packages/airflow/example_dags/example_python_decorator.py for tasks to queue
[2024-10-02T01:59:33.756+0000] {logging_mixin.py:188} INFO - [2024-10-02T01:59:33.756+0000] {dagbag.py:545} INFO - Filling up the DagBag from /home/airflow/.local/lib/python3.12/site-packages/airflow/example_dags/example_python_decorator.py
[2024-10-02T01:59:33.765+0000] {processor.py:840} INFO - DAG(s) 'example_python_decorator' retrieved from /home/airflow/.local/lib/python3.12/site-packages/airflow/example_dags/example_python_decorator.py
[2024-10-02T01:59:33.781+0000] {logging_mixin.py:188} INFO - [2024-10-02T01:59:33.781+0000] {dag.py:3096} INFO - Sync 1 DAGs
[2024-10-02T01:59:33.789+0000] {logging_mixin.py:188} INFO - [2024-10-02T01:59:33.788+0000] {dag.py:3954} INFO - Setting next_dagrun for example_python_decorator to None, run_after=None
[2024-10-02T01:59:33.799+0000] {processor.py:183} INFO - Processing /home/airflow/.local/lib/python3.12/site-packages/airflow/example_dags/example_python_decorator.py took 0.051 seconds
[2024-10-02T02:00:04.176+0000] {processor.py:161} INFO - Started process (PID=638) to work on /home/airflow/.local/lib/python3.12/site-packages/airflow/example_dags/example_python_decorator.py
[2024-10-02T02:00:04.177+0000] {processor.py:830} INFO - Processing file /home/airflow/.local/lib/python3.12/site-packages/airflow/example_dags/example_python_decorator.py for tasks to queue
[2024-10-02T02:00:04.179+0000] {logging_mixin.py:188} INFO - [2024-10-02T02:00:04.178+0000] {dagbag.py:545} INFO - Filling up the DagBag from /home/airflow/.local/lib/python3.12/site-packages/airflow/example_dags/example_python_decorator.py
[2024-10-02T02:00:04.187+0000] {processor.py:840} INFO - DAG(s) 'example_python_decorator' retrieved from /home/airflow/.local/lib/python3.12/site-packages/airflow/example_dags/example_python_decorator.py
[2024-10-02T02:00:04.204+0000] {logging_mixin.py:188} INFO - [2024-10-02T02:00:04.204+0000] {dag.py:3096} INFO - Sync 1 DAGs
[2024-10-02T02:00:04.213+0000] {logging_mixin.py:188} INFO - [2024-10-02T02:00:04.213+0000] {dag.py:3954} INFO - Setting next_dagrun for example_python_decorator to None, run_after=None
[2024-10-02T02:00:04.224+0000] {processor.py:183} INFO - Processing /home/airflow/.local/lib/python3.12/site-packages/airflow/example_dags/example_python_decorator.py took 0.052 seconds
[2024-10-02T02:00:34.903+0000] {processor.py:161} INFO - Started process (PID=697) to work on /home/airflow/.local/lib/python3.12/site-packages/airflow/example_dags/example_python_decorator.py
[2024-10-02T02:00:34.905+0000] {processor.py:830} INFO - Processing file /home/airflow/.local/lib/python3.12/site-packages/airflow/example_dags/example_python_decorator.py for tasks to queue
[2024-10-02T02:00:34.907+0000] {logging_mixin.py:188} INFO - [2024-10-02T02:00:34.906+0000] {dagbag.py:545} INFO - Filling up the DagBag from /home/airflow/.local/lib/python3.12/site-packages/airflow/example_dags/example_python_decorator.py
[2024-10-02T02:00:34.917+0000] {processor.py:840} INFO - DAG(s) 'example_python_decorator' retrieved from /home/airflow/.local/lib/python3.12/site-packages/airflow/example_dags/example_python_decorator.py
[2024-10-02T02:00:34.937+0000] {logging_mixin.py:188} INFO - [2024-10-02T02:00:34.937+0000] {dag.py:3096} INFO - Sync 1 DAGs
[2024-10-02T02:00:34.946+0000] {logging_mixin.py:188} INFO - [2024-10-02T02:00:34.946+0000] {dag.py:3954} INFO - Setting next_dagrun for example_python_decorator to None, run_after=None
[2024-10-02T02:00:34.958+0000] {processor.py:183} INFO - Processing /home/airflow/.local/lib/python3.12/site-packages/airflow/example_dags/example_python_decorator.py took 0.059 seconds
[2024-10-02T02:01:05.504+0000] {processor.py:161} INFO - Started process (PID=755) to work on /home/airflow/.local/lib/python3.12/site-packages/airflow/example_dags/example_python_decorator.py
[2024-10-02T02:01:05.506+0000] {processor.py:830} INFO - Processing file /home/airflow/.local/lib/python3.12/site-packages/airflow/example_dags/example_python_decorator.py for tasks to queue
[2024-10-02T02:01:05.508+0000] {logging_mixin.py:188} INFO - [2024-10-02T02:01:05.508+0000] {dagbag.py:545} INFO - Filling up the DagBag from /home/airflow/.local/lib/python3.12/site-packages/airflow/example_dags/example_python_decorator.py
[2024-10-02T02:01:05.522+0000] {processor.py:840} INFO - DAG(s) 'example_python_decorator' retrieved from /home/airflow/.local/lib/python3.12/site-packages/airflow/example_dags/example_python_decorator.py
[2024-10-02T02:01:05.548+0000] {logging_mixin.py:188} INFO - [2024-10-02T02:01:05.548+0000] {dag.py:3096} INFO - Sync 1 DAGs
[2024-10-02T02:01:05.561+0000] {logging_mixin.py:188} INFO - [2024-10-02T02:01:05.561+0000] {dag.py:3954} INFO - Setting next_dagrun for example_python_decorator to None, run_after=None
[2024-10-02T02:01:05.573+0000] {processor.py:183} INFO - Processing /home/airflow/.local/lib/python3.12/site-packages/airflow/example_dags/example_python_decorator.py took 0.077 seconds
[2024-10-02T02:01:35.747+0000] {processor.py:161} INFO - Started process (PID=812) to work on /home/airflow/.local/lib/python3.12/site-packages/airflow/example_dags/example_python_decorator.py
[2024-10-02T02:01:35.749+0000] {processor.py:830} INFO - Processing file /home/airflow/.local/lib/python3.12/site-packages/airflow/example_dags/example_python_decorator.py for tasks to queue
[2024-10-02T02:01:35.752+0000] {logging_mixin.py:188} INFO - [2024-10-02T02:01:35.752+0000] {dagbag.py:545} INFO - Filling up the DagBag from /home/airflow/.local/lib/python3.12/site-packages/airflow/example_dags/example_python_decorator.py
[2024-10-02T02:01:35.764+0000] {processor.py:840} INFO - DAG(s) 'example_python_decorator' retrieved from /home/airflow/.local/lib/python3.12/site-packages/airflow/example_dags/example_python_decorator.py
[2024-10-02T02:01:35.786+0000] {logging_mixin.py:188} INFO - [2024-10-02T02:01:35.786+0000] {dag.py:3096} INFO - Sync 1 DAGs
[2024-10-02T02:01:35.796+0000] {logging_mixin.py:188} INFO - [2024-10-02T02:01:35.796+0000] {dag.py:3954} INFO - Setting next_dagrun for example_python_decorator to None, run_after=None
[2024-10-02T02:01:35.813+0000] {processor.py:183} INFO - Processing /home/airflow/.local/lib/python3.12/site-packages/airflow/example_dags/example_python_decorator.py took 0.077 seconds
[2024-10-02T02:02:05.844+0000] {processor.py:161} INFO - Started process (PID=870) to work on /home/airflow/.local/lib/python3.12/site-packages/airflow/example_dags/example_python_decorator.py
[2024-10-02T02:02:05.845+0000] {processor.py:830} INFO - Processing file /home/airflow/.local/lib/python3.12/site-packages/airflow/example_dags/example_python_decorator.py for tasks to queue
[2024-10-02T02:02:05.847+0000] {logging_mixin.py:188} INFO - [2024-10-02T02:02:05.846+0000] {dagbag.py:545} INFO - Filling up the DagBag from /home/airflow/.local/lib/python3.12/site-packages/airflow/example_dags/example_python_decorator.py
[2024-10-02T02:02:05.855+0000] {processor.py:840} INFO - DAG(s) 'example_python_decorator' retrieved from /home/airflow/.local/lib/python3.12/site-packages/airflow/example_dags/example_python_decorator.py
[2024-10-02T02:02:05.871+0000] {logging_mixin.py:188} INFO - [2024-10-02T02:02:05.871+0000] {dag.py:3096} INFO - Sync 1 DAGs
[2024-10-02T02:02:05.879+0000] {logging_mixin.py:188} INFO - [2024-10-02T02:02:05.879+0000] {dag.py:3954} INFO - Setting next_dagrun for example_python_decorator to None, run_after=None
[2024-10-02T02:02:05.888+0000] {processor.py:183} INFO - Processing /home/airflow/.local/lib/python3.12/site-packages/airflow/example_dags/example_python_decorator.py took 0.048 seconds
[2024-10-02T02:02:36.032+0000] {processor.py:161} INFO - Started process (PID=928) to work on /home/airflow/.local/lib/python3.12/site-packages/airflow/example_dags/example_python_decorator.py
[2024-10-02T02:02:36.033+0000] {processor.py:830} INFO - Processing file /home/airflow/.local/lib/python3.12/site-packages/airflow/example_dags/example_python_decorator.py for tasks to queue
[2024-10-02T02:02:36.035+0000] {logging_mixin.py:188} INFO - [2024-10-02T02:02:36.034+0000] {dagbag.py:545} INFO - Filling up the DagBag from /home/airflow/.local/lib/python3.12/site-packages/airflow/example_dags/example_python_decorator.py
[2024-10-02T02:02:36.044+0000] {processor.py:840} INFO - DAG(s) 'example_python_decorator' retrieved from /home/airflow/.local/lib/python3.12/site-packages/airflow/example_dags/example_python_decorator.py
[2024-10-02T02:02:36.059+0000] {logging_mixin.py:188} INFO - [2024-10-02T02:02:36.059+0000] {dag.py:3096} INFO - Sync 1 DAGs
[2024-10-02T02:02:36.067+0000] {logging_mixin.py:188} INFO - [2024-10-02T02:02:36.067+0000] {dag.py:3954} INFO - Setting next_dagrun for example_python_decorator to None, run_after=None
[2024-10-02T02:02:36.076+0000] {processor.py:183} INFO - Processing /home/airflow/.local/lib/python3.12/site-packages/airflow/example_dags/example_python_decorator.py took 0.048 seconds
[2024-10-02T02:03:06.378+0000] {processor.py:161} INFO - Started process (PID=986) to work on /home/airflow/.local/lib/python3.12/site-packages/airflow/example_dags/example_python_decorator.py
[2024-10-02T02:03:06.379+0000] {processor.py:830} INFO - Processing file /home/airflow/.local/lib/python3.12/site-packages/airflow/example_dags/example_python_decorator.py for tasks to queue
[2024-10-02T02:03:06.381+0000] {logging_mixin.py:188} INFO - [2024-10-02T02:03:06.380+0000] {dagbag.py:545} INFO - Filling up the DagBag from /home/airflow/.local/lib/python3.12/site-packages/airflow/example_dags/example_python_decorator.py
[2024-10-02T02:03:06.389+0000] {processor.py:840} INFO - DAG(s) 'example_python_decorator' retrieved from /home/airflow/.local/lib/python3.12/site-packages/airflow/example_dags/example_python_decorator.py
[2024-10-02T02:03:06.405+0000] {logging_mixin.py:188} INFO - [2024-10-02T02:03:06.405+0000] {dag.py:3096} INFO - Sync 1 DAGs
[2024-10-02T02:03:06.413+0000] {logging_mixin.py:188} INFO - [2024-10-02T02:03:06.413+0000] {dag.py:3954} INFO - Setting next_dagrun for example_python_decorator to None, run_after=None
[2024-10-02T02:03:06.424+0000] {processor.py:183} INFO - Processing /home/airflow/.local/lib/python3.12/site-packages/airflow/example_dags/example_python_decorator.py took 0.050 seconds
[2024-10-02T02:03:36.811+0000] {processor.py:161} INFO - Started process (PID=1044) to work on /home/airflow/.local/lib/python3.12/site-packages/airflow/example_dags/example_python_decorator.py
[2024-10-02T02:03:36.813+0000] {processor.py:830} INFO - Processing file /home/airflow/.local/lib/python3.12/site-packages/airflow/example_dags/example_python_decorator.py for tasks to queue
[2024-10-02T02:03:36.814+0000] {logging_mixin.py:188} INFO - [2024-10-02T02:03:36.814+0000] {dagbag.py:545} INFO - Filling up the DagBag from /home/airflow/.local/lib/python3.12/site-packages/airflow/example_dags/example_python_decorator.py
[2024-10-02T02:03:36.823+0000] {processor.py:840} INFO - DAG(s) 'example_python_decorator' retrieved from /home/airflow/.local/lib/python3.12/site-packages/airflow/example_dags/example_python_decorator.py
[2024-10-02T02:03:36.839+0000] {logging_mixin.py:188} INFO - [2024-10-02T02:03:36.839+0000] {dag.py:3096} INFO - Sync 1 DAGs
[2024-10-02T02:03:36.847+0000] {logging_mixin.py:188} INFO - [2024-10-02T02:03:36.847+0000] {dag.py:3954} INFO - Setting next_dagrun for example_python_decorator to None, run_after=None
[2024-10-02T02:03:36.856+0000] {processor.py:183} INFO - Processing /home/airflow/.local/lib/python3.12/site-packages/airflow/example_dags/example_python_decorator.py took 0.049 seconds
[2024-10-02T02:04:07.083+0000] {processor.py:161} INFO - Started process (PID=1102) to work on /home/airflow/.local/lib/python3.12/site-packages/airflow/example_dags/example_python_decorator.py
[2024-10-02T02:04:07.084+0000] {processor.py:830} INFO - Processing file /home/airflow/.local/lib/python3.12/site-packages/airflow/example_dags/example_python_decorator.py for tasks to queue
[2024-10-02T02:04:07.086+0000] {logging_mixin.py:188} INFO - [2024-10-02T02:04:07.085+0000] {dagbag.py:545} INFO - Filling up the DagBag from /home/airflow/.local/lib/python3.12/site-packages/airflow/example_dags/example_python_decorator.py
[2024-10-02T02:04:07.095+0000] {processor.py:840} INFO - DAG(s) 'example_python_decorator' retrieved from /home/airflow/.local/lib/python3.12/site-packages/airflow/example_dags/example_python_decorator.py
[2024-10-02T02:04:07.110+0000] {logging_mixin.py:188} INFO - [2024-10-02T02:04:07.110+0000] {dag.py:3096} INFO - Sync 1 DAGs
[2024-10-02T02:04:07.118+0000] {logging_mixin.py:188} INFO - [2024-10-02T02:04:07.118+0000] {dag.py:3954} INFO - Setting next_dagrun for example_python_decorator to None, run_after=None
[2024-10-02T02:04:07.128+0000] {processor.py:183} INFO - Processing /home/airflow/.local/lib/python3.12/site-packages/airflow/example_dags/example_python_decorator.py took 0.049 seconds
[2024-10-02T02:04:37.442+0000] {processor.py:161} INFO - Started process (PID=1160) to work on /home/airflow/.local/lib/python3.12/site-packages/airflow/example_dags/example_python_decorator.py
[2024-10-02T02:04:37.444+0000] {processor.py:830} INFO - Processing file /home/airflow/.local/lib/python3.12/site-packages/airflow/example_dags/example_python_decorator.py for tasks to queue
[2024-10-02T02:04:37.445+0000] {logging_mixin.py:188} INFO - [2024-10-02T02:04:37.445+0000] {dagbag.py:545} INFO - Filling up the DagBag from /home/airflow/.local/lib/python3.12/site-packages/airflow/example_dags/example_python_decorator.py
[2024-10-02T02:04:37.454+0000] {processor.py:840} INFO - DAG(s) 'example_python_decorator' retrieved from /home/airflow/.local/lib/python3.12/site-packages/airflow/example_dags/example_python_decorator.py
[2024-10-02T02:04:37.471+0000] {logging_mixin.py:188} INFO - [2024-10-02T02:04:37.471+0000] {dag.py:3096} INFO - Sync 1 DAGs
[2024-10-02T02:04:37.478+0000] {logging_mixin.py:188} INFO - [2024-10-02T02:04:37.478+0000] {dag.py:3954} INFO - Setting next_dagrun for example_python_decorator to None, run_after=None
[2024-10-02T02:04:37.487+0000] {processor.py:183} INFO - Processing /home/airflow/.local/lib/python3.12/site-packages/airflow/example_dags/example_python_decorator.py took 0.049 seconds
[2024-10-02T02:05:07.995+0000] {processor.py:161} INFO - Started process (PID=1218) to work on /home/airflow/.local/lib/python3.12/site-packages/airflow/example_dags/example_python_decorator.py
[2024-10-02T02:05:07.996+0000] {processor.py:830} INFO - Processing file /home/airflow/.local/lib/python3.12/site-packages/airflow/example_dags/example_python_decorator.py for tasks to queue
[2024-10-02T02:05:07.998+0000] {logging_mixin.py:188} INFO - [2024-10-02T02:05:07.998+0000] {dagbag.py:545} INFO - Filling up the DagBag from /home/airflow/.local/lib/python3.12/site-packages/airflow/example_dags/example_python_decorator.py
[2024-10-02T02:05:08.008+0000] {processor.py:840} INFO - DAG(s) 'example_python_decorator' retrieved from /home/airflow/.local/lib/python3.12/site-packages/airflow/example_dags/example_python_decorator.py
[2024-10-02T02:05:08.024+0000] {logging_mixin.py:188} INFO - [2024-10-02T02:05:08.024+0000] {dag.py:3096} INFO - Sync 1 DAGs
[2024-10-02T02:05:08.032+0000] {logging_mixin.py:188} INFO - [2024-10-02T02:05:08.031+0000] {dag.py:3954} INFO - Setting next_dagrun for example_python_decorator to None, run_after=None
[2024-10-02T02:05:08.041+0000] {processor.py:183} INFO - Processing /home/airflow/.local/lib/python3.12/site-packages/airflow/example_dags/example_python_decorator.py took 0.053 seconds
