[2024-10-02T01:54:59.730+0000] {processor.py:161} INFO - Started process (PID=69) to work on /home/airflow/.local/lib/python3.12/site-packages/airflow/example_dags/example_external_task_marker_dag.py
[2024-10-02T01:54:59.732+0000] {processor.py:830} INFO - Processing file /home/airflow/.local/lib/python3.12/site-packages/airflow/example_dags/example_external_task_marker_dag.py for tasks to queue
[2024-10-02T01:54:59.734+0000] {logging_mixin.py:188} INFO - [2024-10-02T01:54:59.733+0000] {dagbag.py:545} INFO - Filling up the DagBag from /home/airflow/.local/lib/python3.12/site-packages/airflow/example_dags/example_external_task_marker_dag.py
[2024-10-02T01:54:59.739+0000] {processor.py:840} INFO - DAG(s) 'example_external_task_marker_child', 'example_external_task_marker_parent' retrieved from /home/airflow/.local/lib/python3.12/site-packages/airflow/example_dags/example_external_task_marker_dag.py
[2024-10-02T01:54:59.752+0000] {logging_mixin.py:188} INFO - [2024-10-02T01:54:59.752+0000] {dag.py:3096} INFO - Sync 2 DAGs
[2024-10-02T01:54:59.763+0000] {logging_mixin.py:188} INFO - [2024-10-02T01:54:59.763+0000] {dag.py:3954} INFO - Setting next_dagrun for example_external_task_marker_child to None, run_after=None
[2024-10-02T01:54:59.766+0000] {logging_mixin.py:188} INFO - [2024-10-02T01:54:59.766+0000] {dag.py:3954} INFO - Setting next_dagrun for example_external_task_marker_parent to None, run_after=None
[2024-10-02T01:54:59.777+0000] {processor.py:183} INFO - Processing /home/airflow/.local/lib/python3.12/site-packages/airflow/example_dags/example_external_task_marker_dag.py took 0.052 seconds
[2024-10-02T01:55:30.298+0000] {processor.py:161} INFO - Started process (PID=127) to work on /home/airflow/.local/lib/python3.12/site-packages/airflow/example_dags/example_external_task_marker_dag.py
[2024-10-02T01:55:30.299+0000] {processor.py:830} INFO - Processing file /home/airflow/.local/lib/python3.12/site-packages/airflow/example_dags/example_external_task_marker_dag.py for tasks to queue
[2024-10-02T01:55:30.301+0000] {logging_mixin.py:188} INFO - [2024-10-02T01:55:30.300+0000] {dagbag.py:545} INFO - Filling up the DagBag from /home/airflow/.local/lib/python3.12/site-packages/airflow/example_dags/example_external_task_marker_dag.py
[2024-10-02T01:55:30.307+0000] {processor.py:840} INFO - DAG(s) 'example_external_task_marker_parent', 'example_external_task_marker_child' retrieved from /home/airflow/.local/lib/python3.12/site-packages/airflow/example_dags/example_external_task_marker_dag.py
[2024-10-02T01:55:30.367+0000] {logging_mixin.py:188} INFO - [2024-10-02T01:55:30.367+0000] {dag.py:3096} INFO - Sync 2 DAGs
[2024-10-02T01:55:30.373+0000] {logging_mixin.py:188} INFO - [2024-10-02T01:55:30.373+0000] {dag.py:3954} INFO - Setting next_dagrun for example_external_task_marker_child to None, run_after=None
[2024-10-02T01:55:30.375+0000] {logging_mixin.py:188} INFO - [2024-10-02T01:55:30.375+0000] {dag.py:3954} INFO - Setting next_dagrun for example_external_task_marker_parent to None, run_after=None
[2024-10-02T01:55:30.385+0000] {processor.py:183} INFO - Processing /home/airflow/.local/lib/python3.12/site-packages/airflow/example_dags/example_external_task_marker_dag.py took 0.092 seconds
[2024-10-02T01:56:00.830+0000] {processor.py:161} INFO - Started process (PID=185) to work on /home/airflow/.local/lib/python3.12/site-packages/airflow/example_dags/example_external_task_marker_dag.py
[2024-10-02T01:56:00.831+0000] {processor.py:830} INFO - Processing file /home/airflow/.local/lib/python3.12/site-packages/airflow/example_dags/example_external_task_marker_dag.py for tasks to queue
[2024-10-02T01:56:00.833+0000] {logging_mixin.py:188} INFO - [2024-10-02T01:56:00.833+0000] {dagbag.py:545} INFO - Filling up the DagBag from /home/airflow/.local/lib/python3.12/site-packages/airflow/example_dags/example_external_task_marker_dag.py
[2024-10-02T01:56:00.839+0000] {processor.py:840} INFO - DAG(s) 'example_external_task_marker_parent', 'example_external_task_marker_child' retrieved from /home/airflow/.local/lib/python3.12/site-packages/airflow/example_dags/example_external_task_marker_dag.py
[2024-10-02T01:56:00.856+0000] {logging_mixin.py:188} INFO - [2024-10-02T01:56:00.856+0000] {dag.py:3096} INFO - Sync 2 DAGs
[2024-10-02T01:56:00.864+0000] {logging_mixin.py:188} INFO - [2024-10-02T01:56:00.864+0000] {dag.py:3954} INFO - Setting next_dagrun for example_external_task_marker_child to None, run_after=None
[2024-10-02T01:56:00.867+0000] {logging_mixin.py:188} INFO - [2024-10-02T01:56:00.867+0000] {dag.py:3954} INFO - Setting next_dagrun for example_external_task_marker_parent to None, run_after=None
[2024-10-02T01:56:00.876+0000] {processor.py:183} INFO - Processing /home/airflow/.local/lib/python3.12/site-packages/airflow/example_dags/example_external_task_marker_dag.py took 0.050 seconds
[2024-10-02T01:56:31.649+0000] {processor.py:161} INFO - Started process (PID=243) to work on /home/airflow/.local/lib/python3.12/site-packages/airflow/example_dags/example_external_task_marker_dag.py
[2024-10-02T01:56:31.650+0000] {processor.py:830} INFO - Processing file /home/airflow/.local/lib/python3.12/site-packages/airflow/example_dags/example_external_task_marker_dag.py for tasks to queue
[2024-10-02T01:56:31.652+0000] {logging_mixin.py:188} INFO - [2024-10-02T01:56:31.652+0000] {dagbag.py:545} INFO - Filling up the DagBag from /home/airflow/.local/lib/python3.12/site-packages/airflow/example_dags/example_external_task_marker_dag.py
[2024-10-02T01:56:31.657+0000] {processor.py:840} INFO - DAG(s) 'example_external_task_marker_child', 'example_external_task_marker_parent' retrieved from /home/airflow/.local/lib/python3.12/site-packages/airflow/example_dags/example_external_task_marker_dag.py
[2024-10-02T01:56:31.675+0000] {logging_mixin.py:188} INFO - [2024-10-02T01:56:31.675+0000] {dag.py:3096} INFO - Sync 2 DAGs
[2024-10-02T01:56:31.684+0000] {logging_mixin.py:188} INFO - [2024-10-02T01:56:31.683+0000] {dag.py:3954} INFO - Setting next_dagrun for example_external_task_marker_child to None, run_after=None
[2024-10-02T01:56:31.686+0000] {logging_mixin.py:188} INFO - [2024-10-02T01:56:31.686+0000] {dag.py:3954} INFO - Setting next_dagrun for example_external_task_marker_parent to None, run_after=None
[2024-10-02T01:56:31.695+0000] {processor.py:183} INFO - Processing /home/airflow/.local/lib/python3.12/site-packages/airflow/example_dags/example_external_task_marker_dag.py took 0.051 seconds
[2024-10-02T01:57:02.039+0000] {processor.py:161} INFO - Started process (PID=301) to work on /home/airflow/.local/lib/python3.12/site-packages/airflow/example_dags/example_external_task_marker_dag.py
[2024-10-02T01:57:02.040+0000] {processor.py:830} INFO - Processing file /home/airflow/.local/lib/python3.12/site-packages/airflow/example_dags/example_external_task_marker_dag.py for tasks to queue
[2024-10-02T01:57:02.042+0000] {logging_mixin.py:188} INFO - [2024-10-02T01:57:02.042+0000] {dagbag.py:545} INFO - Filling up the DagBag from /home/airflow/.local/lib/python3.12/site-packages/airflow/example_dags/example_external_task_marker_dag.py
[2024-10-02T01:57:02.049+0000] {processor.py:840} INFO - DAG(s) 'example_external_task_marker_child', 'example_external_task_marker_parent' retrieved from /home/airflow/.local/lib/python3.12/site-packages/airflow/example_dags/example_external_task_marker_dag.py
[2024-10-02T01:57:02.066+0000] {logging_mixin.py:188} INFO - [2024-10-02T01:57:02.066+0000] {dag.py:3096} INFO - Sync 2 DAGs
[2024-10-02T01:57:02.074+0000] {logging_mixin.py:188} INFO - [2024-10-02T01:57:02.074+0000] {dag.py:3954} INFO - Setting next_dagrun for example_external_task_marker_child to None, run_after=None
[2024-10-02T01:57:02.076+0000] {logging_mixin.py:188} INFO - [2024-10-02T01:57:02.076+0000] {dag.py:3954} INFO - Setting next_dagrun for example_external_task_marker_parent to None, run_after=None
[2024-10-02T01:57:02.085+0000] {processor.py:183} INFO - Processing /home/airflow/.local/lib/python3.12/site-packages/airflow/example_dags/example_external_task_marker_dag.py took 0.050 seconds
[2024-10-02T01:57:32.388+0000] {processor.py:161} INFO - Started process (PID=359) to work on /home/airflow/.local/lib/python3.12/site-packages/airflow/example_dags/example_external_task_marker_dag.py
[2024-10-02T01:57:32.390+0000] {processor.py:830} INFO - Processing file /home/airflow/.local/lib/python3.12/site-packages/airflow/example_dags/example_external_task_marker_dag.py for tasks to queue
[2024-10-02T01:57:32.391+0000] {logging_mixin.py:188} INFO - [2024-10-02T01:57:32.391+0000] {dagbag.py:545} INFO - Filling up the DagBag from /home/airflow/.local/lib/python3.12/site-packages/airflow/example_dags/example_external_task_marker_dag.py
[2024-10-02T01:57:32.396+0000] {processor.py:840} INFO - DAG(s) 'example_external_task_marker_parent', 'example_external_task_marker_child' retrieved from /home/airflow/.local/lib/python3.12/site-packages/airflow/example_dags/example_external_task_marker_dag.py
[2024-10-02T01:57:32.413+0000] {logging_mixin.py:188} INFO - [2024-10-02T01:57:32.413+0000] {dag.py:3096} INFO - Sync 2 DAGs
[2024-10-02T01:57:32.421+0000] {logging_mixin.py:188} INFO - [2024-10-02T01:57:32.421+0000] {dag.py:3954} INFO - Setting next_dagrun for example_external_task_marker_child to None, run_after=None
[2024-10-02T01:57:32.424+0000] {logging_mixin.py:188} INFO - [2024-10-02T01:57:32.423+0000] {dag.py:3954} INFO - Setting next_dagrun for example_external_task_marker_parent to None, run_after=None
[2024-10-02T01:57:32.433+0000] {processor.py:183} INFO - Processing /home/airflow/.local/lib/python3.12/site-packages/airflow/example_dags/example_external_task_marker_dag.py took 0.049 seconds
[2024-10-02T01:58:02.852+0000] {processor.py:161} INFO - Started process (PID=417) to work on /home/airflow/.local/lib/python3.12/site-packages/airflow/example_dags/example_external_task_marker_dag.py
[2024-10-02T01:58:02.853+0000] {processor.py:830} INFO - Processing file /home/airflow/.local/lib/python3.12/site-packages/airflow/example_dags/example_external_task_marker_dag.py for tasks to queue
[2024-10-02T01:58:02.855+0000] {logging_mixin.py:188} INFO - [2024-10-02T01:58:02.854+0000] {dagbag.py:545} INFO - Filling up the DagBag from /home/airflow/.local/lib/python3.12/site-packages/airflow/example_dags/example_external_task_marker_dag.py
[2024-10-02T01:58:02.859+0000] {processor.py:840} INFO - DAG(s) 'example_external_task_marker_child', 'example_external_task_marker_parent' retrieved from /home/airflow/.local/lib/python3.12/site-packages/airflow/example_dags/example_external_task_marker_dag.py
[2024-10-02T01:58:02.876+0000] {logging_mixin.py:188} INFO - [2024-10-02T01:58:02.875+0000] {dag.py:3096} INFO - Sync 2 DAGs
[2024-10-02T01:58:02.883+0000] {logging_mixin.py:188} INFO - [2024-10-02T01:58:02.883+0000] {dag.py:3954} INFO - Setting next_dagrun for example_external_task_marker_child to None, run_after=None
[2024-10-02T01:58:02.885+0000] {logging_mixin.py:188} INFO - [2024-10-02T01:58:02.885+0000] {dag.py:3954} INFO - Setting next_dagrun for example_external_task_marker_parent to None, run_after=None
[2024-10-02T01:58:02.894+0000] {processor.py:183} INFO - Processing /home/airflow/.local/lib/python3.12/site-packages/airflow/example_dags/example_external_task_marker_dag.py took 0.045 seconds
[2024-10-02T01:58:33.371+0000] {processor.py:161} INFO - Started process (PID=475) to work on /home/airflow/.local/lib/python3.12/site-packages/airflow/example_dags/example_external_task_marker_dag.py
[2024-10-02T01:58:33.372+0000] {processor.py:830} INFO - Processing file /home/airflow/.local/lib/python3.12/site-packages/airflow/example_dags/example_external_task_marker_dag.py for tasks to queue
[2024-10-02T01:58:33.374+0000] {logging_mixin.py:188} INFO - [2024-10-02T01:58:33.374+0000] {dagbag.py:545} INFO - Filling up the DagBag from /home/airflow/.local/lib/python3.12/site-packages/airflow/example_dags/example_external_task_marker_dag.py
[2024-10-02T01:58:33.380+0000] {processor.py:840} INFO - DAG(s) 'example_external_task_marker_parent', 'example_external_task_marker_child' retrieved from /home/airflow/.local/lib/python3.12/site-packages/airflow/example_dags/example_external_task_marker_dag.py
[2024-10-02T01:58:33.397+0000] {logging_mixin.py:188} INFO - [2024-10-02T01:58:33.397+0000] {dag.py:3096} INFO - Sync 2 DAGs
[2024-10-02T01:58:33.406+0000] {logging_mixin.py:188} INFO - [2024-10-02T01:58:33.406+0000] {dag.py:3954} INFO - Setting next_dagrun for example_external_task_marker_child to None, run_after=None
[2024-10-02T01:58:33.408+0000] {logging_mixin.py:188} INFO - [2024-10-02T01:58:33.408+0000] {dag.py:3954} INFO - Setting next_dagrun for example_external_task_marker_parent to None, run_after=None
[2024-10-02T01:58:33.417+0000] {processor.py:183} INFO - Processing /home/airflow/.local/lib/python3.12/site-packages/airflow/example_dags/example_external_task_marker_dag.py took 0.050 seconds
[2024-10-02T01:59:03.789+0000] {processor.py:161} INFO - Started process (PID=534) to work on /home/airflow/.local/lib/python3.12/site-packages/airflow/example_dags/example_external_task_marker_dag.py
[2024-10-02T01:59:03.791+0000] {processor.py:830} INFO - Processing file /home/airflow/.local/lib/python3.12/site-packages/airflow/example_dags/example_external_task_marker_dag.py for tasks to queue
[2024-10-02T01:59:03.792+0000] {logging_mixin.py:188} INFO - [2024-10-02T01:59:03.792+0000] {dagbag.py:545} INFO - Filling up the DagBag from /home/airflow/.local/lib/python3.12/site-packages/airflow/example_dags/example_external_task_marker_dag.py
[2024-10-02T01:59:03.797+0000] {processor.py:840} INFO - DAG(s) 'example_external_task_marker_parent', 'example_external_task_marker_child' retrieved from /home/airflow/.local/lib/python3.12/site-packages/airflow/example_dags/example_external_task_marker_dag.py
[2024-10-02T01:59:03.815+0000] {logging_mixin.py:188} INFO - [2024-10-02T01:59:03.815+0000] {dag.py:3096} INFO - Sync 2 DAGs
[2024-10-02T01:59:03.823+0000] {logging_mixin.py:188} INFO - [2024-10-02T01:59:03.823+0000] {dag.py:3954} INFO - Setting next_dagrun for example_external_task_marker_child to None, run_after=None
[2024-10-02T01:59:03.825+0000] {logging_mixin.py:188} INFO - [2024-10-02T01:59:03.825+0000] {dag.py:3954} INFO - Setting next_dagrun for example_external_task_marker_parent to None, run_after=None
[2024-10-02T01:59:03.835+0000] {processor.py:183} INFO - Processing /home/airflow/.local/lib/python3.12/site-packages/airflow/example_dags/example_external_task_marker_dag.py took 0.049 seconds
[2024-10-02T01:59:34.175+0000] {processor.py:161} INFO - Started process (PID=592) to work on /home/airflow/.local/lib/python3.12/site-packages/airflow/example_dags/example_external_task_marker_dag.py
[2024-10-02T01:59:34.179+0000] {processor.py:830} INFO - Processing file /home/airflow/.local/lib/python3.12/site-packages/airflow/example_dags/example_external_task_marker_dag.py for tasks to queue
[2024-10-02T01:59:34.181+0000] {logging_mixin.py:188} INFO - [2024-10-02T01:59:34.181+0000] {dagbag.py:545} INFO - Filling up the DagBag from /home/airflow/.local/lib/python3.12/site-packages/airflow/example_dags/example_external_task_marker_dag.py
[2024-10-02T01:59:34.191+0000] {processor.py:840} INFO - DAG(s) 'example_external_task_marker_parent', 'example_external_task_marker_child' retrieved from /home/airflow/.local/lib/python3.12/site-packages/airflow/example_dags/example_external_task_marker_dag.py
[2024-10-02T01:59:34.216+0000] {logging_mixin.py:188} INFO - [2024-10-02T01:59:34.216+0000] {dag.py:3096} INFO - Sync 2 DAGs
[2024-10-02T01:59:34.229+0000] {logging_mixin.py:188} INFO - [2024-10-02T01:59:34.229+0000] {dag.py:3954} INFO - Setting next_dagrun for example_external_task_marker_child to None, run_after=None
[2024-10-02T01:59:34.232+0000] {logging_mixin.py:188} INFO - [2024-10-02T01:59:34.232+0000] {dag.py:3954} INFO - Setting next_dagrun for example_external_task_marker_parent to None, run_after=None
[2024-10-02T01:59:34.252+0000] {processor.py:183} INFO - Processing /home/airflow/.local/lib/python3.12/site-packages/airflow/example_dags/example_external_task_marker_dag.py took 0.084 seconds
[2024-10-02T02:00:04.675+0000] {processor.py:161} INFO - Started process (PID=650) to work on /home/airflow/.local/lib/python3.12/site-packages/airflow/example_dags/example_external_task_marker_dag.py
[2024-10-02T02:00:04.677+0000] {processor.py:830} INFO - Processing file /home/airflow/.local/lib/python3.12/site-packages/airflow/example_dags/example_external_task_marker_dag.py for tasks to queue
[2024-10-02T02:00:04.679+0000] {logging_mixin.py:188} INFO - [2024-10-02T02:00:04.678+0000] {dagbag.py:545} INFO - Filling up the DagBag from /home/airflow/.local/lib/python3.12/site-packages/airflow/example_dags/example_external_task_marker_dag.py
[2024-10-02T02:00:04.684+0000] {processor.py:840} INFO - DAG(s) 'example_external_task_marker_child', 'example_external_task_marker_parent' retrieved from /home/airflow/.local/lib/python3.12/site-packages/airflow/example_dags/example_external_task_marker_dag.py
[2024-10-02T02:00:04.702+0000] {logging_mixin.py:188} INFO - [2024-10-02T02:00:04.702+0000] {dag.py:3096} INFO - Sync 2 DAGs
[2024-10-02T02:00:04.711+0000] {logging_mixin.py:188} INFO - [2024-10-02T02:00:04.711+0000] {dag.py:3954} INFO - Setting next_dagrun for example_external_task_marker_child to None, run_after=None
[2024-10-02T02:00:04.714+0000] {logging_mixin.py:188} INFO - [2024-10-02T02:00:04.714+0000] {dag.py:3954} INFO - Setting next_dagrun for example_external_task_marker_parent to None, run_after=None
[2024-10-02T02:00:04.724+0000] {processor.py:183} INFO - Processing /home/airflow/.local/lib/python3.12/site-packages/airflow/example_dags/example_external_task_marker_dag.py took 0.052 seconds
[2024-10-02T02:00:35.397+0000] {processor.py:161} INFO - Started process (PID=709) to work on /home/airflow/.local/lib/python3.12/site-packages/airflow/example_dags/example_external_task_marker_dag.py
[2024-10-02T02:00:35.398+0000] {processor.py:830} INFO - Processing file /home/airflow/.local/lib/python3.12/site-packages/airflow/example_dags/example_external_task_marker_dag.py for tasks to queue
[2024-10-02T02:00:35.400+0000] {logging_mixin.py:188} INFO - [2024-10-02T02:00:35.399+0000] {dagbag.py:545} INFO - Filling up the DagBag from /home/airflow/.local/lib/python3.12/site-packages/airflow/example_dags/example_external_task_marker_dag.py
[2024-10-02T02:00:35.405+0000] {processor.py:840} INFO - DAG(s) 'example_external_task_marker_child', 'example_external_task_marker_parent' retrieved from /home/airflow/.local/lib/python3.12/site-packages/airflow/example_dags/example_external_task_marker_dag.py
[2024-10-02T02:00:35.425+0000] {logging_mixin.py:188} INFO - [2024-10-02T02:00:35.425+0000] {dag.py:3096} INFO - Sync 2 DAGs
[2024-10-02T02:00:35.433+0000] {logging_mixin.py:188} INFO - [2024-10-02T02:00:35.433+0000] {dag.py:3954} INFO - Setting next_dagrun for example_external_task_marker_child to None, run_after=None
[2024-10-02T02:00:35.436+0000] {logging_mixin.py:188} INFO - [2024-10-02T02:00:35.436+0000] {dag.py:3954} INFO - Setting next_dagrun for example_external_task_marker_parent to None, run_after=None
[2024-10-02T02:00:35.445+0000] {processor.py:183} INFO - Processing /home/airflow/.local/lib/python3.12/site-packages/airflow/example_dags/example_external_task_marker_dag.py took 0.052 seconds
[2024-10-02T02:01:06.182+0000] {processor.py:161} INFO - Started process (PID=767) to work on /home/airflow/.local/lib/python3.12/site-packages/airflow/example_dags/example_external_task_marker_dag.py
[2024-10-02T02:01:06.183+0000] {processor.py:830} INFO - Processing file /home/airflow/.local/lib/python3.12/site-packages/airflow/example_dags/example_external_task_marker_dag.py for tasks to queue
[2024-10-02T02:01:06.185+0000] {logging_mixin.py:188} INFO - [2024-10-02T02:01:06.185+0000] {dagbag.py:545} INFO - Filling up the DagBag from /home/airflow/.local/lib/python3.12/site-packages/airflow/example_dags/example_external_task_marker_dag.py
[2024-10-02T02:01:06.189+0000] {processor.py:840} INFO - DAG(s) 'example_external_task_marker_child', 'example_external_task_marker_parent' retrieved from /home/airflow/.local/lib/python3.12/site-packages/airflow/example_dags/example_external_task_marker_dag.py
[2024-10-02T02:01:06.209+0000] {logging_mixin.py:188} INFO - [2024-10-02T02:01:06.209+0000] {dag.py:3096} INFO - Sync 2 DAGs
[2024-10-02T02:01:06.217+0000] {logging_mixin.py:188} INFO - [2024-10-02T02:01:06.217+0000] {dag.py:3954} INFO - Setting next_dagrun for example_external_task_marker_child to None, run_after=None
[2024-10-02T02:01:06.220+0000] {logging_mixin.py:188} INFO - [2024-10-02T02:01:06.220+0000] {dag.py:3954} INFO - Setting next_dagrun for example_external_task_marker_parent to None, run_after=None
[2024-10-02T02:01:06.228+0000] {processor.py:183} INFO - Processing /home/airflow/.local/lib/python3.12/site-packages/airflow/example_dags/example_external_task_marker_dag.py took 0.050 seconds
[2024-10-02T02:01:36.593+0000] {processor.py:161} INFO - Started process (PID=825) to work on /home/airflow/.local/lib/python3.12/site-packages/airflow/example_dags/example_external_task_marker_dag.py
[2024-10-02T02:01:36.594+0000] {processor.py:830} INFO - Processing file /home/airflow/.local/lib/python3.12/site-packages/airflow/example_dags/example_external_task_marker_dag.py for tasks to queue
[2024-10-02T02:01:36.596+0000] {logging_mixin.py:188} INFO - [2024-10-02T02:01:36.596+0000] {dagbag.py:545} INFO - Filling up the DagBag from /home/airflow/.local/lib/python3.12/site-packages/airflow/example_dags/example_external_task_marker_dag.py
[2024-10-02T02:01:36.601+0000] {processor.py:840} INFO - DAG(s) 'example_external_task_marker_parent', 'example_external_task_marker_child' retrieved from /home/airflow/.local/lib/python3.12/site-packages/airflow/example_dags/example_external_task_marker_dag.py
[2024-10-02T02:01:36.621+0000] {logging_mixin.py:188} INFO - [2024-10-02T02:01:36.621+0000] {dag.py:3096} INFO - Sync 2 DAGs
[2024-10-02T02:01:36.634+0000] {logging_mixin.py:188} INFO - [2024-10-02T02:01:36.634+0000] {dag.py:3954} INFO - Setting next_dagrun for example_external_task_marker_child to None, run_after=None
[2024-10-02T02:01:36.638+0000] {logging_mixin.py:188} INFO - [2024-10-02T02:01:36.638+0000] {dag.py:3954} INFO - Setting next_dagrun for example_external_task_marker_parent to None, run_after=None
[2024-10-02T02:01:36.653+0000] {processor.py:183} INFO - Processing /home/airflow/.local/lib/python3.12/site-packages/airflow/example_dags/example_external_task_marker_dag.py took 0.064 seconds
[2024-10-02T02:02:07.731+0000] {processor.py:161} INFO - Started process (PID=883) to work on /home/airflow/.local/lib/python3.12/site-packages/airflow/example_dags/example_external_task_marker_dag.py
[2024-10-02T02:02:07.732+0000] {processor.py:830} INFO - Processing file /home/airflow/.local/lib/python3.12/site-packages/airflow/example_dags/example_external_task_marker_dag.py for tasks to queue
[2024-10-02T02:02:07.734+0000] {logging_mixin.py:188} INFO - [2024-10-02T02:02:07.734+0000] {dagbag.py:545} INFO - Filling up the DagBag from /home/airflow/.local/lib/python3.12/site-packages/airflow/example_dags/example_external_task_marker_dag.py
[2024-10-02T02:02:07.741+0000] {processor.py:840} INFO - DAG(s) 'example_external_task_marker_child', 'example_external_task_marker_parent' retrieved from /home/airflow/.local/lib/python3.12/site-packages/airflow/example_dags/example_external_task_marker_dag.py
[2024-10-02T02:02:07.782+0000] {logging_mixin.py:188} INFO - [2024-10-02T02:02:07.782+0000] {dag.py:3096} INFO - Sync 2 DAGs
[2024-10-02T02:02:07.793+0000] {logging_mixin.py:188} INFO - [2024-10-02T02:02:07.793+0000] {dag.py:3954} INFO - Setting next_dagrun for example_external_task_marker_child to None, run_after=None
[2024-10-02T02:02:07.796+0000] {logging_mixin.py:188} INFO - [2024-10-02T02:02:07.796+0000] {dag.py:3954} INFO - Setting next_dagrun for example_external_task_marker_parent to None, run_after=None
[2024-10-02T02:02:07.810+0000] {processor.py:183} INFO - Processing /home/airflow/.local/lib/python3.12/site-packages/airflow/example_dags/example_external_task_marker_dag.py took 0.084 seconds
[2024-10-02T02:02:38.655+0000] {processor.py:161} INFO - Started process (PID=941) to work on /home/airflow/.local/lib/python3.12/site-packages/airflow/example_dags/example_external_task_marker_dag.py
[2024-10-02T02:02:38.656+0000] {processor.py:830} INFO - Processing file /home/airflow/.local/lib/python3.12/site-packages/airflow/example_dags/example_external_task_marker_dag.py for tasks to queue
[2024-10-02T02:02:38.659+0000] {logging_mixin.py:188} INFO - [2024-10-02T02:02:38.658+0000] {dagbag.py:545} INFO - Filling up the DagBag from /home/airflow/.local/lib/python3.12/site-packages/airflow/example_dags/example_external_task_marker_dag.py
[2024-10-02T02:02:38.664+0000] {processor.py:840} INFO - DAG(s) 'example_external_task_marker_child', 'example_external_task_marker_parent' retrieved from /home/airflow/.local/lib/python3.12/site-packages/airflow/example_dags/example_external_task_marker_dag.py
[2024-10-02T02:02:38.682+0000] {logging_mixin.py:188} INFO - [2024-10-02T02:02:38.682+0000] {dag.py:3096} INFO - Sync 2 DAGs
[2024-10-02T02:02:38.692+0000] {logging_mixin.py:188} INFO - [2024-10-02T02:02:38.692+0000] {dag.py:3954} INFO - Setting next_dagrun for example_external_task_marker_child to None, run_after=None
[2024-10-02T02:02:38.695+0000] {logging_mixin.py:188} INFO - [2024-10-02T02:02:38.695+0000] {dag.py:3954} INFO - Setting next_dagrun for example_external_task_marker_parent to None, run_after=None
[2024-10-02T02:02:38.706+0000] {processor.py:183} INFO - Processing /home/airflow/.local/lib/python3.12/site-packages/airflow/example_dags/example_external_task_marker_dag.py took 0.055 seconds
[2024-10-02T02:03:09.052+0000] {processor.py:161} INFO - Started process (PID=999) to work on /home/airflow/.local/lib/python3.12/site-packages/airflow/example_dags/example_external_task_marker_dag.py
[2024-10-02T02:03:09.053+0000] {processor.py:830} INFO - Processing file /home/airflow/.local/lib/python3.12/site-packages/airflow/example_dags/example_external_task_marker_dag.py for tasks to queue
[2024-10-02T02:03:09.055+0000] {logging_mixin.py:188} INFO - [2024-10-02T02:03:09.055+0000] {dagbag.py:545} INFO - Filling up the DagBag from /home/airflow/.local/lib/python3.12/site-packages/airflow/example_dags/example_external_task_marker_dag.py
[2024-10-02T02:03:09.061+0000] {processor.py:840} INFO - DAG(s) 'example_external_task_marker_parent', 'example_external_task_marker_child' retrieved from /home/airflow/.local/lib/python3.12/site-packages/airflow/example_dags/example_external_task_marker_dag.py
[2024-10-02T02:03:09.078+0000] {logging_mixin.py:188} INFO - [2024-10-02T02:03:09.078+0000] {dag.py:3096} INFO - Sync 2 DAGs
[2024-10-02T02:03:09.086+0000] {logging_mixin.py:188} INFO - [2024-10-02T02:03:09.086+0000] {dag.py:3954} INFO - Setting next_dagrun for example_external_task_marker_child to None, run_after=None
[2024-10-02T02:03:09.089+0000] {logging_mixin.py:188} INFO - [2024-10-02T02:03:09.089+0000] {dag.py:3954} INFO - Setting next_dagrun for example_external_task_marker_parent to None, run_after=None
[2024-10-02T02:03:09.098+0000] {processor.py:183} INFO - Processing /home/airflow/.local/lib/python3.12/site-packages/airflow/example_dags/example_external_task_marker_dag.py took 0.050 seconds
[2024-10-02T02:03:39.378+0000] {processor.py:161} INFO - Started process (PID=1057) to work on /home/airflow/.local/lib/python3.12/site-packages/airflow/example_dags/example_external_task_marker_dag.py
[2024-10-02T02:03:39.380+0000] {processor.py:830} INFO - Processing file /home/airflow/.local/lib/python3.12/site-packages/airflow/example_dags/example_external_task_marker_dag.py for tasks to queue
[2024-10-02T02:03:39.382+0000] {logging_mixin.py:188} INFO - [2024-10-02T02:03:39.381+0000] {dagbag.py:545} INFO - Filling up the DagBag from /home/airflow/.local/lib/python3.12/site-packages/airflow/example_dags/example_external_task_marker_dag.py
[2024-10-02T02:03:39.386+0000] {processor.py:840} INFO - DAG(s) 'example_external_task_marker_child', 'example_external_task_marker_parent' retrieved from /home/airflow/.local/lib/python3.12/site-packages/airflow/example_dags/example_external_task_marker_dag.py
[2024-10-02T02:03:39.403+0000] {logging_mixin.py:188} INFO - [2024-10-02T02:03:39.403+0000] {dag.py:3096} INFO - Sync 2 DAGs
[2024-10-02T02:03:39.412+0000] {logging_mixin.py:188} INFO - [2024-10-02T02:03:39.412+0000] {dag.py:3954} INFO - Setting next_dagrun for example_external_task_marker_child to None, run_after=None
[2024-10-02T02:03:39.415+0000] {logging_mixin.py:188} INFO - [2024-10-02T02:03:39.415+0000] {dag.py:3954} INFO - Setting next_dagrun for example_external_task_marker_parent to None, run_after=None
[2024-10-02T02:03:39.424+0000] {processor.py:183} INFO - Processing /home/airflow/.local/lib/python3.12/site-packages/airflow/example_dags/example_external_task_marker_dag.py took 0.050 seconds
[2024-10-02T02:04:09.701+0000] {processor.py:161} INFO - Started process (PID=1115) to work on /home/airflow/.local/lib/python3.12/site-packages/airflow/example_dags/example_external_task_marker_dag.py
[2024-10-02T02:04:09.702+0000] {processor.py:830} INFO - Processing file /home/airflow/.local/lib/python3.12/site-packages/airflow/example_dags/example_external_task_marker_dag.py for tasks to queue
[2024-10-02T02:04:09.704+0000] {logging_mixin.py:188} INFO - [2024-10-02T02:04:09.704+0000] {dagbag.py:545} INFO - Filling up the DagBag from /home/airflow/.local/lib/python3.12/site-packages/airflow/example_dags/example_external_task_marker_dag.py
[2024-10-02T02:04:09.709+0000] {processor.py:840} INFO - DAG(s) 'example_external_task_marker_parent', 'example_external_task_marker_child' retrieved from /home/airflow/.local/lib/python3.12/site-packages/airflow/example_dags/example_external_task_marker_dag.py
[2024-10-02T02:04:09.729+0000] {logging_mixin.py:188} INFO - [2024-10-02T02:04:09.729+0000] {dag.py:3096} INFO - Sync 2 DAGs
[2024-10-02T02:04:09.738+0000] {logging_mixin.py:188} INFO - [2024-10-02T02:04:09.737+0000] {dag.py:3954} INFO - Setting next_dagrun for example_external_task_marker_child to None, run_after=None
[2024-10-02T02:04:09.740+0000] {logging_mixin.py:188} INFO - [2024-10-02T02:04:09.740+0000] {dag.py:3954} INFO - Setting next_dagrun for example_external_task_marker_parent to None, run_after=None
[2024-10-02T02:04:09.749+0000] {processor.py:183} INFO - Processing /home/airflow/.local/lib/python3.12/site-packages/airflow/example_dags/example_external_task_marker_dag.py took 0.052 seconds
[2024-10-02T02:04:40.101+0000] {processor.py:161} INFO - Started process (PID=1173) to work on /home/airflow/.local/lib/python3.12/site-packages/airflow/example_dags/example_external_task_marker_dag.py
[2024-10-02T02:04:40.102+0000] {processor.py:830} INFO - Processing file /home/airflow/.local/lib/python3.12/site-packages/airflow/example_dags/example_external_task_marker_dag.py for tasks to queue
[2024-10-02T02:04:40.104+0000] {logging_mixin.py:188} INFO - [2024-10-02T02:04:40.103+0000] {dagbag.py:545} INFO - Filling up the DagBag from /home/airflow/.local/lib/python3.12/site-packages/airflow/example_dags/example_external_task_marker_dag.py
[2024-10-02T02:04:40.108+0000] {processor.py:840} INFO - DAG(s) 'example_external_task_marker_child', 'example_external_task_marker_parent' retrieved from /home/airflow/.local/lib/python3.12/site-packages/airflow/example_dags/example_external_task_marker_dag.py
[2024-10-02T02:04:40.126+0000] {logging_mixin.py:188} INFO - [2024-10-02T02:04:40.126+0000] {dag.py:3096} INFO - Sync 2 DAGs
[2024-10-02T02:04:40.135+0000] {logging_mixin.py:188} INFO - [2024-10-02T02:04:40.134+0000] {dag.py:3954} INFO - Setting next_dagrun for example_external_task_marker_child to None, run_after=None
[2024-10-02T02:04:40.137+0000] {logging_mixin.py:188} INFO - [2024-10-02T02:04:40.137+0000] {dag.py:3954} INFO - Setting next_dagrun for example_external_task_marker_parent to None, run_after=None
[2024-10-02T02:04:40.146+0000] {processor.py:183} INFO - Processing /home/airflow/.local/lib/python3.12/site-packages/airflow/example_dags/example_external_task_marker_dag.py took 0.049 seconds
[2024-10-02T02:05:10.700+0000] {processor.py:161} INFO - Started process (PID=1231) to work on /home/airflow/.local/lib/python3.12/site-packages/airflow/example_dags/example_external_task_marker_dag.py
[2024-10-02T02:05:10.701+0000] {processor.py:830} INFO - Processing file /home/airflow/.local/lib/python3.12/site-packages/airflow/example_dags/example_external_task_marker_dag.py for tasks to queue
[2024-10-02T02:05:10.704+0000] {logging_mixin.py:188} INFO - [2024-10-02T02:05:10.703+0000] {dagbag.py:545} INFO - Filling up the DagBag from /home/airflow/.local/lib/python3.12/site-packages/airflow/example_dags/example_external_task_marker_dag.py
[2024-10-02T02:05:10.709+0000] {processor.py:840} INFO - DAG(s) 'example_external_task_marker_child', 'example_external_task_marker_parent' retrieved from /home/airflow/.local/lib/python3.12/site-packages/airflow/example_dags/example_external_task_marker_dag.py
[2024-10-02T02:05:10.727+0000] {logging_mixin.py:188} INFO - [2024-10-02T02:05:10.727+0000] {dag.py:3096} INFO - Sync 2 DAGs
[2024-10-02T02:05:10.735+0000] {logging_mixin.py:188} INFO - [2024-10-02T02:05:10.735+0000] {dag.py:3954} INFO - Setting next_dagrun for example_external_task_marker_child to None, run_after=None
[2024-10-02T02:05:10.737+0000] {logging_mixin.py:188} INFO - [2024-10-02T02:05:10.737+0000] {dag.py:3954} INFO - Setting next_dagrun for example_external_task_marker_parent to None, run_after=None
[2024-10-02T02:05:10.746+0000] {processor.py:183} INFO - Processing /home/airflow/.local/lib/python3.12/site-packages/airflow/example_dags/example_external_task_marker_dag.py took 0.050 seconds
