[2024-10-02T01:54:58.667+0000] {processor.py:161} INFO - Started process (PID=54) to work on /home/airflow/.local/lib/python3.12/site-packages/airflow/example_dags/example_dag_decorator.py
[2024-10-02T01:54:58.669+0000] {processor.py:830} INFO - Processing file /home/airflow/.local/lib/python3.12/site-packages/airflow/example_dags/example_dag_decorator.py for tasks to queue
[2024-10-02T01:54:58.672+0000] {logging_mixin.py:188} INFO - [2024-10-02T01:54:58.671+0000] {dagbag.py:545} INFO - Filling up the DagBag from /home/airflow/.local/lib/python3.12/site-packages/airflow/example_dags/example_dag_decorator.py
[2024-10-02T01:54:59.096+0000] {processor.py:840} INFO - DAG(s) 'example_dag_decorator' retrieved from /home/airflow/.local/lib/python3.12/site-packages/airflow/example_dags/example_dag_decorator.py
[2024-10-02T01:54:59.129+0000] {logging_mixin.py:188} INFO - [2024-10-02T01:54:59.129+0000] {dag.py:3096} INFO - Sync 1 DAGs
[2024-10-02T01:54:59.153+0000] {logging_mixin.py:188} INFO - [2024-10-02T01:54:59.153+0000] {dag.py:3954} INFO - Setting next_dagrun for example_dag_decorator to None, run_after=None
[2024-10-02T01:54:59.204+0000] {processor.py:183} INFO - Processing /home/airflow/.local/lib/python3.12/site-packages/airflow/example_dags/example_dag_decorator.py took 0.548 seconds
[2024-10-02T01:55:29.278+0000] {processor.py:161} INFO - Started process (PID=113) to work on /home/airflow/.local/lib/python3.12/site-packages/airflow/example_dags/example_dag_decorator.py
[2024-10-02T01:55:29.279+0000] {processor.py:830} INFO - Processing file /home/airflow/.local/lib/python3.12/site-packages/airflow/example_dags/example_dag_decorator.py for tasks to queue
[2024-10-02T01:55:29.281+0000] {logging_mixin.py:188} INFO - [2024-10-02T01:55:29.280+0000] {dagbag.py:545} INFO - Filling up the DagBag from /home/airflow/.local/lib/python3.12/site-packages/airflow/example_dags/example_dag_decorator.py
[2024-10-02T01:55:29.348+0000] {processor.py:840} INFO - DAG(s) 'example_dag_decorator' retrieved from /home/airflow/.local/lib/python3.12/site-packages/airflow/example_dags/example_dag_decorator.py
[2024-10-02T01:55:29.401+0000] {logging_mixin.py:188} INFO - [2024-10-02T01:55:29.401+0000] {dag.py:3096} INFO - Sync 1 DAGs
[2024-10-02T01:55:29.407+0000] {logging_mixin.py:188} INFO - [2024-10-02T01:55:29.407+0000] {dag.py:3954} INFO - Setting next_dagrun for example_dag_decorator to None, run_after=None
[2024-10-02T01:55:29.417+0000] {processor.py:183} INFO - Processing /home/airflow/.local/lib/python3.12/site-packages/airflow/example_dags/example_dag_decorator.py took 0.143 seconds
[2024-10-02T01:56:00.264+0000] {processor.py:161} INFO - Started process (PID=170) to work on /home/airflow/.local/lib/python3.12/site-packages/airflow/example_dags/example_dag_decorator.py
[2024-10-02T01:56:00.265+0000] {processor.py:830} INFO - Processing file /home/airflow/.local/lib/python3.12/site-packages/airflow/example_dags/example_dag_decorator.py for tasks to queue
[2024-10-02T01:56:00.267+0000] {logging_mixin.py:188} INFO - [2024-10-02T01:56:00.267+0000] {dagbag.py:545} INFO - Filling up the DagBag from /home/airflow/.local/lib/python3.12/site-packages/airflow/example_dags/example_dag_decorator.py
[2024-10-02T01:56:00.324+0000] {processor.py:840} INFO - DAG(s) 'example_dag_decorator' retrieved from /home/airflow/.local/lib/python3.12/site-packages/airflow/example_dags/example_dag_decorator.py
[2024-10-02T01:56:00.391+0000] {logging_mixin.py:188} INFO - [2024-10-02T01:56:00.391+0000] {dag.py:3096} INFO - Sync 1 DAGs
[2024-10-02T01:56:00.398+0000] {logging_mixin.py:188} INFO - [2024-10-02T01:56:00.398+0000] {dag.py:3954} INFO - Setting next_dagrun for example_dag_decorator to None, run_after=None
[2024-10-02T01:56:00.409+0000] {processor.py:183} INFO - Processing /home/airflow/.local/lib/python3.12/site-packages/airflow/example_dags/example_dag_decorator.py took 0.149 seconds
[2024-10-02T01:56:30.815+0000] {processor.py:161} INFO - Started process (PID=228) to work on /home/airflow/.local/lib/python3.12/site-packages/airflow/example_dags/example_dag_decorator.py
[2024-10-02T01:56:30.817+0000] {processor.py:830} INFO - Processing file /home/airflow/.local/lib/python3.12/site-packages/airflow/example_dags/example_dag_decorator.py for tasks to queue
[2024-10-02T01:56:30.819+0000] {logging_mixin.py:188} INFO - [2024-10-02T01:56:30.819+0000] {dagbag.py:545} INFO - Filling up the DagBag from /home/airflow/.local/lib/python3.12/site-packages/airflow/example_dags/example_dag_decorator.py
[2024-10-02T01:56:30.890+0000] {processor.py:840} INFO - DAG(s) 'example_dag_decorator' retrieved from /home/airflow/.local/lib/python3.12/site-packages/airflow/example_dags/example_dag_decorator.py
[2024-10-02T01:56:31.064+0000] {logging_mixin.py:188} INFO - [2024-10-02T01:56:31.063+0000] {dag.py:3096} INFO - Sync 1 DAGs
[2024-10-02T01:56:31.073+0000] {logging_mixin.py:188} INFO - [2024-10-02T01:56:31.073+0000] {dag.py:3954} INFO - Setting next_dagrun for example_dag_decorator to None, run_after=None
[2024-10-02T01:56:31.087+0000] {processor.py:183} INFO - Processing /home/airflow/.local/lib/python3.12/site-packages/airflow/example_dags/example_dag_decorator.py took 0.278 seconds
[2024-10-02T01:57:01.397+0000] {processor.py:161} INFO - Started process (PID=287) to work on /home/airflow/.local/lib/python3.12/site-packages/airflow/example_dags/example_dag_decorator.py
[2024-10-02T01:57:01.398+0000] {processor.py:830} INFO - Processing file /home/airflow/.local/lib/python3.12/site-packages/airflow/example_dags/example_dag_decorator.py for tasks to queue
[2024-10-02T01:57:01.400+0000] {logging_mixin.py:188} INFO - [2024-10-02T01:57:01.400+0000] {dagbag.py:545} INFO - Filling up the DagBag from /home/airflow/.local/lib/python3.12/site-packages/airflow/example_dags/example_dag_decorator.py
[2024-10-02T01:57:01.457+0000] {processor.py:840} INFO - DAG(s) 'example_dag_decorator' retrieved from /home/airflow/.local/lib/python3.12/site-packages/airflow/example_dags/example_dag_decorator.py
[2024-10-02T01:57:01.530+0000] {logging_mixin.py:188} INFO - [2024-10-02T01:57:01.530+0000] {dag.py:3096} INFO - Sync 1 DAGs
[2024-10-02T01:57:01.541+0000] {logging_mixin.py:188} INFO - [2024-10-02T01:57:01.541+0000] {dag.py:3954} INFO - Setting next_dagrun for example_dag_decorator to None, run_after=None
[2024-10-02T01:57:01.556+0000] {processor.py:183} INFO - Processing /home/airflow/.local/lib/python3.12/site-packages/airflow/example_dags/example_dag_decorator.py took 0.163 seconds
[2024-10-02T01:57:31.845+0000] {processor.py:161} INFO - Started process (PID=345) to work on /home/airflow/.local/lib/python3.12/site-packages/airflow/example_dags/example_dag_decorator.py
[2024-10-02T01:57:31.846+0000] {processor.py:830} INFO - Processing file /home/airflow/.local/lib/python3.12/site-packages/airflow/example_dags/example_dag_decorator.py for tasks to queue
[2024-10-02T01:57:31.848+0000] {logging_mixin.py:188} INFO - [2024-10-02T01:57:31.848+0000] {dagbag.py:545} INFO - Filling up the DagBag from /home/airflow/.local/lib/python3.12/site-packages/airflow/example_dags/example_dag_decorator.py
[2024-10-02T01:57:31.905+0000] {processor.py:840} INFO - DAG(s) 'example_dag_decorator' retrieved from /home/airflow/.local/lib/python3.12/site-packages/airflow/example_dags/example_dag_decorator.py
[2024-10-02T01:57:31.973+0000] {logging_mixin.py:188} INFO - [2024-10-02T01:57:31.973+0000] {dag.py:3096} INFO - Sync 1 DAGs
[2024-10-02T01:57:31.980+0000] {logging_mixin.py:188} INFO - [2024-10-02T01:57:31.980+0000] {dag.py:3954} INFO - Setting next_dagrun for example_dag_decorator to None, run_after=None
[2024-10-02T01:57:31.990+0000] {processor.py:183} INFO - Processing /home/airflow/.local/lib/python3.12/site-packages/airflow/example_dags/example_dag_decorator.py took 0.149 seconds
[2024-10-02T01:58:02.200+0000] {processor.py:161} INFO - Started process (PID=402) to work on /home/airflow/.local/lib/python3.12/site-packages/airflow/example_dags/example_dag_decorator.py
[2024-10-02T01:58:02.201+0000] {processor.py:830} INFO - Processing file /home/airflow/.local/lib/python3.12/site-packages/airflow/example_dags/example_dag_decorator.py for tasks to queue
[2024-10-02T01:58:02.203+0000] {logging_mixin.py:188} INFO - [2024-10-02T01:58:02.203+0000] {dagbag.py:545} INFO - Filling up the DagBag from /home/airflow/.local/lib/python3.12/site-packages/airflow/example_dags/example_dag_decorator.py
[2024-10-02T01:58:02.261+0000] {processor.py:840} INFO - DAG(s) 'example_dag_decorator' retrieved from /home/airflow/.local/lib/python3.12/site-packages/airflow/example_dags/example_dag_decorator.py
[2024-10-02T01:58:02.328+0000] {logging_mixin.py:188} INFO - [2024-10-02T01:58:02.328+0000] {dag.py:3096} INFO - Sync 1 DAGs
[2024-10-02T01:58:02.333+0000] {logging_mixin.py:188} INFO - [2024-10-02T01:58:02.333+0000] {dag.py:3954} INFO - Setting next_dagrun for example_dag_decorator to None, run_after=None
[2024-10-02T01:58:02.344+0000] {processor.py:183} INFO - Processing /home/airflow/.local/lib/python3.12/site-packages/airflow/example_dags/example_dag_decorator.py took 0.148 seconds
[2024-10-02T01:58:32.748+0000] {processor.py:161} INFO - Started process (PID=460) to work on /home/airflow/.local/lib/python3.12/site-packages/airflow/example_dags/example_dag_decorator.py
[2024-10-02T01:58:32.749+0000] {processor.py:830} INFO - Processing file /home/airflow/.local/lib/python3.12/site-packages/airflow/example_dags/example_dag_decorator.py for tasks to queue
[2024-10-02T01:58:32.751+0000] {logging_mixin.py:188} INFO - [2024-10-02T01:58:32.751+0000] {dagbag.py:545} INFO - Filling up the DagBag from /home/airflow/.local/lib/python3.12/site-packages/airflow/example_dags/example_dag_decorator.py
[2024-10-02T01:58:32.821+0000] {processor.py:840} INFO - DAG(s) 'example_dag_decorator' retrieved from /home/airflow/.local/lib/python3.12/site-packages/airflow/example_dags/example_dag_decorator.py
[2024-10-02T01:58:32.893+0000] {logging_mixin.py:188} INFO - [2024-10-02T01:58:32.893+0000] {dag.py:3096} INFO - Sync 1 DAGs
[2024-10-02T01:58:32.901+0000] {logging_mixin.py:188} INFO - [2024-10-02T01:58:32.901+0000] {dag.py:3954} INFO - Setting next_dagrun for example_dag_decorator to None, run_after=None
[2024-10-02T01:58:32.920+0000] {processor.py:183} INFO - Processing /home/airflow/.local/lib/python3.12/site-packages/airflow/example_dags/example_dag_decorator.py took 0.177 seconds
[2024-10-02T01:59:03.257+0000] {processor.py:161} INFO - Started process (PID=520) to work on /home/airflow/.local/lib/python3.12/site-packages/airflow/example_dags/example_dag_decorator.py
[2024-10-02T01:59:03.258+0000] {processor.py:830} INFO - Processing file /home/airflow/.local/lib/python3.12/site-packages/airflow/example_dags/example_dag_decorator.py for tasks to queue
[2024-10-02T01:59:03.260+0000] {logging_mixin.py:188} INFO - [2024-10-02T01:59:03.259+0000] {dagbag.py:545} INFO - Filling up the DagBag from /home/airflow/.local/lib/python3.12/site-packages/airflow/example_dags/example_dag_decorator.py
[2024-10-02T01:59:03.319+0000] {processor.py:840} INFO - DAG(s) 'example_dag_decorator' retrieved from /home/airflow/.local/lib/python3.12/site-packages/airflow/example_dags/example_dag_decorator.py
[2024-10-02T01:59:03.335+0000] {logging_mixin.py:188} INFO - [2024-10-02T01:59:03.335+0000] {dag.py:3096} INFO - Sync 1 DAGs
[2024-10-02T01:59:03.344+0000] {logging_mixin.py:188} INFO - [2024-10-02T01:59:03.344+0000] {dag.py:3954} INFO - Setting next_dagrun for example_dag_decorator to None, run_after=None
[2024-10-02T01:59:03.355+0000] {processor.py:183} INFO - Processing /home/airflow/.local/lib/python3.12/site-packages/airflow/example_dags/example_dag_decorator.py took 0.102 seconds
[2024-10-02T01:59:33.558+0000] {processor.py:161} INFO - Started process (PID=577) to work on /home/airflow/.local/lib/python3.12/site-packages/airflow/example_dags/example_dag_decorator.py
[2024-10-02T01:59:33.560+0000] {processor.py:830} INFO - Processing file /home/airflow/.local/lib/python3.12/site-packages/airflow/example_dags/example_dag_decorator.py for tasks to queue
[2024-10-02T01:59:33.562+0000] {logging_mixin.py:188} INFO - [2024-10-02T01:59:33.561+0000] {dagbag.py:545} INFO - Filling up the DagBag from /home/airflow/.local/lib/python3.12/site-packages/airflow/example_dags/example_dag_decorator.py
[2024-10-02T01:59:33.632+0000] {processor.py:840} INFO - DAG(s) 'example_dag_decorator' retrieved from /home/airflow/.local/lib/python3.12/site-packages/airflow/example_dags/example_dag_decorator.py
[2024-10-02T01:59:33.702+0000] {logging_mixin.py:188} INFO - [2024-10-02T01:59:33.702+0000] {dag.py:3096} INFO - Sync 1 DAGs
[2024-10-02T01:59:33.712+0000] {logging_mixin.py:188} INFO - [2024-10-02T01:59:33.712+0000] {dag.py:3954} INFO - Setting next_dagrun for example_dag_decorator to None, run_after=None
[2024-10-02T01:59:33.724+0000] {processor.py:183} INFO - Processing /home/airflow/.local/lib/python3.12/site-packages/airflow/example_dags/example_dag_decorator.py took 0.172 seconds
[2024-10-02T02:00:04.048+0000] {processor.py:161} INFO - Started process (PID=635) to work on /home/airflow/.local/lib/python3.12/site-packages/airflow/example_dags/example_dag_decorator.py
[2024-10-02T02:00:04.049+0000] {processor.py:830} INFO - Processing file /home/airflow/.local/lib/python3.12/site-packages/airflow/example_dags/example_dag_decorator.py for tasks to queue
[2024-10-02T02:00:04.051+0000] {logging_mixin.py:188} INFO - [2024-10-02T02:00:04.051+0000] {dagbag.py:545} INFO - Filling up the DagBag from /home/airflow/.local/lib/python3.12/site-packages/airflow/example_dags/example_dag_decorator.py
[2024-10-02T02:00:04.108+0000] {processor.py:840} INFO - DAG(s) 'example_dag_decorator' retrieved from /home/airflow/.local/lib/python3.12/site-packages/airflow/example_dags/example_dag_decorator.py
[2024-10-02T02:00:04.126+0000] {logging_mixin.py:188} INFO - [2024-10-02T02:00:04.126+0000] {dag.py:3096} INFO - Sync 1 DAGs
[2024-10-02T02:00:04.134+0000] {logging_mixin.py:188} INFO - [2024-10-02T02:00:04.134+0000] {dag.py:3954} INFO - Setting next_dagrun for example_dag_decorator to None, run_after=None
[2024-10-02T02:00:04.147+0000] {processor.py:183} INFO - Processing /home/airflow/.local/lib/python3.12/site-packages/airflow/example_dags/example_dag_decorator.py took 0.104 seconds
[2024-10-02T02:00:34.694+0000] {processor.py:161} INFO - Started process (PID=694) to work on /home/airflow/.local/lib/python3.12/site-packages/airflow/example_dags/example_dag_decorator.py
[2024-10-02T02:00:34.696+0000] {processor.py:830} INFO - Processing file /home/airflow/.local/lib/python3.12/site-packages/airflow/example_dags/example_dag_decorator.py for tasks to queue
[2024-10-02T02:00:34.699+0000] {logging_mixin.py:188} INFO - [2024-10-02T02:00:34.698+0000] {dagbag.py:545} INFO - Filling up the DagBag from /home/airflow/.local/lib/python3.12/site-packages/airflow/example_dags/example_dag_decorator.py
[2024-10-02T02:00:34.776+0000] {processor.py:840} INFO - DAG(s) 'example_dag_decorator' retrieved from /home/airflow/.local/lib/python3.12/site-packages/airflow/example_dags/example_dag_decorator.py
[2024-10-02T02:00:34.843+0000] {logging_mixin.py:188} INFO - [2024-10-02T02:00:34.843+0000] {dag.py:3096} INFO - Sync 1 DAGs
[2024-10-02T02:00:34.987+0000] {logging_mixin.py:188} INFO - [2024-10-02T02:00:34.987+0000] {dag.py:3954} INFO - Setting next_dagrun for example_dag_decorator to None, run_after=None
[2024-10-02T02:00:34.996+0000] {processor.py:183} INFO - Processing /home/airflow/.local/lib/python3.12/site-packages/airflow/example_dags/example_dag_decorator.py took 0.309 seconds
[2024-10-02T02:01:05.497+0000] {processor.py:161} INFO - Started process (PID=754) to work on /home/airflow/.local/lib/python3.12/site-packages/airflow/example_dags/example_dag_decorator.py
[2024-10-02T02:01:05.498+0000] {processor.py:830} INFO - Processing file /home/airflow/.local/lib/python3.12/site-packages/airflow/example_dags/example_dag_decorator.py for tasks to queue
[2024-10-02T02:01:05.502+0000] {logging_mixin.py:188} INFO - [2024-10-02T02:01:05.501+0000] {dagbag.py:545} INFO - Filling up the DagBag from /home/airflow/.local/lib/python3.12/site-packages/airflow/example_dags/example_dag_decorator.py
[2024-10-02T02:01:05.582+0000] {processor.py:840} INFO - DAG(s) 'example_dag_decorator' retrieved from /home/airflow/.local/lib/python3.12/site-packages/airflow/example_dags/example_dag_decorator.py
[2024-10-02T02:01:05.650+0000] {logging_mixin.py:188} INFO - [2024-10-02T02:01:05.650+0000] {dag.py:3096} INFO - Sync 1 DAGs
[2024-10-02T02:01:05.798+0000] {logging_mixin.py:188} INFO - [2024-10-02T02:01:05.798+0000] {dag.py:3954} INFO - Setting next_dagrun for example_dag_decorator to None, run_after=None
[2024-10-02T02:01:05.808+0000] {processor.py:183} INFO - Processing /home/airflow/.local/lib/python3.12/site-packages/airflow/example_dags/example_dag_decorator.py took 0.319 seconds
[2024-10-02T02:01:36.028+0000] {processor.py:161} INFO - Started process (PID=816) to work on /home/airflow/.local/lib/python3.12/site-packages/airflow/example_dags/example_dag_decorator.py
[2024-10-02T02:01:36.030+0000] {processor.py:830} INFO - Processing file /home/airflow/.local/lib/python3.12/site-packages/airflow/example_dags/example_dag_decorator.py for tasks to queue
[2024-10-02T02:01:36.033+0000] {logging_mixin.py:188} INFO - [2024-10-02T02:01:36.032+0000] {dagbag.py:545} INFO - Filling up the DagBag from /home/airflow/.local/lib/python3.12/site-packages/airflow/example_dags/example_dag_decorator.py
[2024-10-02T02:01:36.104+0000] {processor.py:840} INFO - DAG(s) 'example_dag_decorator' retrieved from /home/airflow/.local/lib/python3.12/site-packages/airflow/example_dags/example_dag_decorator.py
[2024-10-02T02:01:36.196+0000] {logging_mixin.py:188} INFO - [2024-10-02T02:01:36.196+0000] {dag.py:3096} INFO - Sync 1 DAGs
[2024-10-02T02:01:36.360+0000] {logging_mixin.py:188} INFO - [2024-10-02T02:01:36.360+0000] {dag.py:3954} INFO - Setting next_dagrun for example_dag_decorator to None, run_after=None
[2024-10-02T02:01:36.375+0000] {processor.py:183} INFO - Processing /home/airflow/.local/lib/python3.12/site-packages/airflow/example_dags/example_dag_decorator.py took 0.357 seconds
[2024-10-02T02:02:06.856+0000] {processor.py:161} INFO - Started process (PID=871) to work on /home/airflow/.local/lib/python3.12/site-packages/airflow/example_dags/example_dag_decorator.py
[2024-10-02T02:02:06.857+0000] {processor.py:830} INFO - Processing file /home/airflow/.local/lib/python3.12/site-packages/airflow/example_dags/example_dag_decorator.py for tasks to queue
[2024-10-02T02:02:06.860+0000] {logging_mixin.py:188} INFO - [2024-10-02T02:02:06.859+0000] {dagbag.py:545} INFO - Filling up the DagBag from /home/airflow/.local/lib/python3.12/site-packages/airflow/example_dags/example_dag_decorator.py
[2024-10-02T02:02:06.935+0000] {processor.py:840} INFO - DAG(s) 'example_dag_decorator' retrieved from /home/airflow/.local/lib/python3.12/site-packages/airflow/example_dags/example_dag_decorator.py
[2024-10-02T02:02:07.024+0000] {logging_mixin.py:188} INFO - [2024-10-02T02:02:07.024+0000] {dag.py:3096} INFO - Sync 1 DAGs
[2024-10-02T02:02:07.236+0000] {logging_mixin.py:188} INFO - [2024-10-02T02:02:07.236+0000] {dag.py:3954} INFO - Setting next_dagrun for example_dag_decorator to None, run_after=None
[2024-10-02T02:02:07.249+0000] {processor.py:183} INFO - Processing /home/airflow/.local/lib/python3.12/site-packages/airflow/example_dags/example_dag_decorator.py took 0.398 seconds
[2024-10-02T02:02:38.191+0000] {processor.py:161} INFO - Started process (PID=932) to work on /home/airflow/.local/lib/python3.12/site-packages/airflow/example_dags/example_dag_decorator.py
[2024-10-02T02:02:38.192+0000] {processor.py:830} INFO - Processing file /home/airflow/.local/lib/python3.12/site-packages/airflow/example_dags/example_dag_decorator.py for tasks to queue
[2024-10-02T02:02:38.194+0000] {logging_mixin.py:188} INFO - [2024-10-02T02:02:38.194+0000] {dagbag.py:545} INFO - Filling up the DagBag from /home/airflow/.local/lib/python3.12/site-packages/airflow/example_dags/example_dag_decorator.py
[2024-10-02T02:02:38.248+0000] {processor.py:840} INFO - DAG(s) 'example_dag_decorator' retrieved from /home/airflow/.local/lib/python3.12/site-packages/airflow/example_dags/example_dag_decorator.py
[2024-10-02T02:02:38.319+0000] {logging_mixin.py:188} INFO - [2024-10-02T02:02:38.319+0000] {dag.py:3096} INFO - Sync 1 DAGs
[2024-10-02T02:02:38.327+0000] {logging_mixin.py:188} INFO - [2024-10-02T02:02:38.326+0000] {dag.py:3954} INFO - Setting next_dagrun for example_dag_decorator to None, run_after=None
[2024-10-02T02:02:38.466+0000] {processor.py:183} INFO - Processing /home/airflow/.local/lib/python3.12/site-packages/airflow/example_dags/example_dag_decorator.py took 0.279 seconds
[2024-10-02T02:03:08.598+0000] {processor.py:161} INFO - Started process (PID=990) to work on /home/airflow/.local/lib/python3.12/site-packages/airflow/example_dags/example_dag_decorator.py
[2024-10-02T02:03:08.601+0000] {processor.py:830} INFO - Processing file /home/airflow/.local/lib/python3.12/site-packages/airflow/example_dags/example_dag_decorator.py for tasks to queue
[2024-10-02T02:03:08.604+0000] {logging_mixin.py:188} INFO - [2024-10-02T02:03:08.603+0000] {dagbag.py:545} INFO - Filling up the DagBag from /home/airflow/.local/lib/python3.12/site-packages/airflow/example_dags/example_dag_decorator.py
[2024-10-02T02:03:08.669+0000] {processor.py:840} INFO - DAG(s) 'example_dag_decorator' retrieved from /home/airflow/.local/lib/python3.12/site-packages/airflow/example_dags/example_dag_decorator.py
[2024-10-02T02:03:08.734+0000] {logging_mixin.py:188} INFO - [2024-10-02T02:03:08.734+0000] {dag.py:3096} INFO - Sync 1 DAGs
[2024-10-02T02:03:08.740+0000] {logging_mixin.py:188} INFO - [2024-10-02T02:03:08.740+0000] {dag.py:3954} INFO - Setting next_dagrun for example_dag_decorator to None, run_after=None
[2024-10-02T02:03:08.868+0000] {processor.py:183} INFO - Processing /home/airflow/.local/lib/python3.12/site-packages/airflow/example_dags/example_dag_decorator.py took 0.279 seconds
[2024-10-02T02:03:39.021+0000] {processor.py:161} INFO - Started process (PID=1048) to work on /home/airflow/.local/lib/python3.12/site-packages/airflow/example_dags/example_dag_decorator.py
[2024-10-02T02:03:39.023+0000] {processor.py:830} INFO - Processing file /home/airflow/.local/lib/python3.12/site-packages/airflow/example_dags/example_dag_decorator.py for tasks to queue
[2024-10-02T02:03:39.027+0000] {logging_mixin.py:188} INFO - [2024-10-02T02:03:39.026+0000] {dagbag.py:545} INFO - Filling up the DagBag from /home/airflow/.local/lib/python3.12/site-packages/airflow/example_dags/example_dag_decorator.py
[2024-10-02T02:03:39.092+0000] {processor.py:840} INFO - DAG(s) 'example_dag_decorator' retrieved from /home/airflow/.local/lib/python3.12/site-packages/airflow/example_dags/example_dag_decorator.py
[2024-10-02T02:03:39.158+0000] {logging_mixin.py:188} INFO - [2024-10-02T02:03:39.158+0000] {dag.py:3096} INFO - Sync 1 DAGs
[2024-10-02T02:03:39.164+0000] {logging_mixin.py:188} INFO - [2024-10-02T02:03:39.164+0000] {dag.py:3954} INFO - Setting next_dagrun for example_dag_decorator to None, run_after=None
[2024-10-02T02:03:39.176+0000] {processor.py:183} INFO - Processing /home/airflow/.local/lib/python3.12/site-packages/airflow/example_dags/example_dag_decorator.py took 0.165 seconds
[2024-10-02T02:04:09.261+0000] {processor.py:161} INFO - Started process (PID=1106) to work on /home/airflow/.local/lib/python3.12/site-packages/airflow/example_dags/example_dag_decorator.py
[2024-10-02T02:04:09.264+0000] {processor.py:830} INFO - Processing file /home/airflow/.local/lib/python3.12/site-packages/airflow/example_dags/example_dag_decorator.py for tasks to queue
[2024-10-02T02:04:09.267+0000] {logging_mixin.py:188} INFO - [2024-10-02T02:04:09.267+0000] {dagbag.py:545} INFO - Filling up the DagBag from /home/airflow/.local/lib/python3.12/site-packages/airflow/example_dags/example_dag_decorator.py
[2024-10-02T02:04:09.328+0000] {processor.py:840} INFO - DAG(s) 'example_dag_decorator' retrieved from /home/airflow/.local/lib/python3.12/site-packages/airflow/example_dags/example_dag_decorator.py
[2024-10-02T02:04:09.510+0000] {logging_mixin.py:188} INFO - [2024-10-02T02:04:09.509+0000] {dag.py:3096} INFO - Sync 1 DAGs
[2024-10-02T02:04:09.517+0000] {logging_mixin.py:188} INFO - [2024-10-02T02:04:09.517+0000] {dag.py:3954} INFO - Setting next_dagrun for example_dag_decorator to None, run_after=None
[2024-10-02T02:04:09.527+0000] {processor.py:183} INFO - Processing /home/airflow/.local/lib/python3.12/site-packages/airflow/example_dags/example_dag_decorator.py took 0.274 seconds
[2024-10-02T02:04:39.649+0000] {processor.py:161} INFO - Started process (PID=1164) to work on /home/airflow/.local/lib/python3.12/site-packages/airflow/example_dags/example_dag_decorator.py
[2024-10-02T02:04:39.652+0000] {processor.py:830} INFO - Processing file /home/airflow/.local/lib/python3.12/site-packages/airflow/example_dags/example_dag_decorator.py for tasks to queue
[2024-10-02T02:04:39.655+0000] {logging_mixin.py:188} INFO - [2024-10-02T02:04:39.655+0000] {dagbag.py:545} INFO - Filling up the DagBag from /home/airflow/.local/lib/python3.12/site-packages/airflow/example_dags/example_dag_decorator.py
[2024-10-02T02:04:39.716+0000] {processor.py:840} INFO - DAG(s) 'example_dag_decorator' retrieved from /home/airflow/.local/lib/python3.12/site-packages/airflow/example_dags/example_dag_decorator.py
[2024-10-02T02:04:39.917+0000] {logging_mixin.py:188} INFO - [2024-10-02T02:04:39.917+0000] {dag.py:3096} INFO - Sync 1 DAGs
[2024-10-02T02:04:39.923+0000] {logging_mixin.py:188} INFO - [2024-10-02T02:04:39.923+0000] {dag.py:3954} INFO - Setting next_dagrun for example_dag_decorator to None, run_after=None
[2024-10-02T02:04:39.932+0000] {processor.py:183} INFO - Processing /home/airflow/.local/lib/python3.12/site-packages/airflow/example_dags/example_dag_decorator.py took 0.292 seconds
[2024-10-02T02:05:10.201+0000] {processor.py:161} INFO - Started process (PID=1222) to work on /home/airflow/.local/lib/python3.12/site-packages/airflow/example_dags/example_dag_decorator.py
[2024-10-02T02:05:10.204+0000] {processor.py:830} INFO - Processing file /home/airflow/.local/lib/python3.12/site-packages/airflow/example_dags/example_dag_decorator.py for tasks to queue
[2024-10-02T02:05:10.207+0000] {logging_mixin.py:188} INFO - [2024-10-02T02:05:10.207+0000] {dagbag.py:545} INFO - Filling up the DagBag from /home/airflow/.local/lib/python3.12/site-packages/airflow/example_dags/example_dag_decorator.py
[2024-10-02T02:05:10.279+0000] {processor.py:840} INFO - DAG(s) 'example_dag_decorator' retrieved from /home/airflow/.local/lib/python3.12/site-packages/airflow/example_dags/example_dag_decorator.py
[2024-10-02T02:05:10.524+0000] {logging_mixin.py:188} INFO - [2024-10-02T02:05:10.524+0000] {dag.py:3096} INFO - Sync 1 DAGs
[2024-10-02T02:05:10.529+0000] {logging_mixin.py:188} INFO - [2024-10-02T02:05:10.529+0000] {dag.py:3954} INFO - Setting next_dagrun for example_dag_decorator to None, run_after=None
[2024-10-02T02:05:10.541+0000] {processor.py:183} INFO - Processing /home/airflow/.local/lib/python3.12/site-packages/airflow/example_dags/example_dag_decorator.py took 0.353 seconds
