[2024-10-02T01:54:56.816+0000] {processor.py:161} INFO - Started process (PID=36) to work on /home/airflow/.local/lib/python3.12/site-packages/airflow/example_dags/example_branch_datetime_operator.py
[2024-10-02T01:54:56.817+0000] {processor.py:830} INFO - Processing file /home/airflow/.local/lib/python3.12/site-packages/airflow/example_dags/example_branch_datetime_operator.py for tasks to queue
[2024-10-02T01:54:56.824+0000] {logging_mixin.py:188} INFO - [2024-10-02T01:54:56.824+0000] {dagbag.py:545} INFO - Filling up the DagBag from /home/airflow/.local/lib/python3.12/site-packages/airflow/example_dags/example_branch_datetime_operator.py
[2024-10-02T01:54:56.836+0000] {processor.py:840} INFO - DAG(s) 'example_branch_datetime_operator_3', 'example_branch_datetime_operator', 'example_branch_datetime_operator_2' retrieved from /home/airflow/.local/lib/python3.12/site-packages/airflow/example_dags/example_branch_datetime_operator.py
[2024-10-02T01:54:56.850+0000] {logging_mixin.py:188} INFO - [2024-10-02T01:54:56.850+0000] {dag.py:3096} INFO - Sync 3 DAGs
[2024-10-02T01:54:56.870+0000] {logging_mixin.py:188} INFO - [2024-10-02T01:54:56.870+0000] {dag.py:3954} INFO - Setting next_dagrun for example_branch_datetime_operator to 2024-10-01 00:00:00+00:00, run_after=2024-10-02 00:00:00+00:00
[2024-10-02T01:54:56.874+0000] {logging_mixin.py:188} INFO - [2024-10-02T01:54:56.874+0000] {dag.py:3954} INFO - Setting next_dagrun for example_branch_datetime_operator_2 to 2024-10-01 00:00:00+00:00, run_after=2024-10-02 00:00:00+00:00
[2024-10-02T01:54:56.876+0000] {logging_mixin.py:188} INFO - [2024-10-02T01:54:56.876+0000] {dag.py:3954} INFO - Setting next_dagrun for example_branch_datetime_operator_3 to 2024-10-01 00:00:00+00:00, run_after=2024-10-02 00:00:00+00:00
[2024-10-02T01:54:56.895+0000] {processor.py:183} INFO - Processing /home/airflow/.local/lib/python3.12/site-packages/airflow/example_dags/example_branch_datetime_operator.py took 0.094 seconds
[2024-10-02T01:55:26.985+0000] {processor.py:161} INFO - Started process (PID=94) to work on /home/airflow/.local/lib/python3.12/site-packages/airflow/example_dags/example_branch_datetime_operator.py
[2024-10-02T01:55:26.986+0000] {processor.py:830} INFO - Processing file /home/airflow/.local/lib/python3.12/site-packages/airflow/example_dags/example_branch_datetime_operator.py for tasks to queue
[2024-10-02T01:55:26.988+0000] {logging_mixin.py:188} INFO - [2024-10-02T01:55:26.988+0000] {dagbag.py:545} INFO - Filling up the DagBag from /home/airflow/.local/lib/python3.12/site-packages/airflow/example_dags/example_branch_datetime_operator.py
[2024-10-02T01:55:26.995+0000] {processor.py:840} INFO - DAG(s) 'example_branch_datetime_operator_3', 'example_branch_datetime_operator_2', 'example_branch_datetime_operator' retrieved from /home/airflow/.local/lib/python3.12/site-packages/airflow/example_dags/example_branch_datetime_operator.py
[2024-10-02T01:55:27.062+0000] {logging_mixin.py:188} INFO - [2024-10-02T01:55:27.061+0000] {dag.py:3096} INFO - Sync 3 DAGs
[2024-10-02T01:55:27.073+0000] {logging_mixin.py:188} INFO - [2024-10-02T01:55:27.073+0000] {dag.py:3954} INFO - Setting next_dagrun for example_branch_datetime_operator to 2024-10-01 00:00:00+00:00, run_after=2024-10-02 00:00:00+00:00
[2024-10-02T01:55:27.075+0000] {logging_mixin.py:188} INFO - [2024-10-02T01:55:27.075+0000] {dag.py:3954} INFO - Setting next_dagrun for example_branch_datetime_operator_2 to 2024-10-01 00:00:00+00:00, run_after=2024-10-02 00:00:00+00:00
[2024-10-02T01:55:27.078+0000] {logging_mixin.py:188} INFO - [2024-10-02T01:55:27.078+0000] {dag.py:3954} INFO - Setting next_dagrun for example_branch_datetime_operator_3 to 2024-10-01 00:00:00+00:00, run_after=2024-10-02 00:00:00+00:00
[2024-10-02T01:55:27.087+0000] {processor.py:183} INFO - Processing /home/airflow/.local/lib/python3.12/site-packages/airflow/example_dags/example_branch_datetime_operator.py took 0.106 seconds
[2024-10-02T01:55:57.381+0000] {processor.py:161} INFO - Started process (PID=152) to work on /home/airflow/.local/lib/python3.12/site-packages/airflow/example_dags/example_branch_datetime_operator.py
[2024-10-02T01:55:57.383+0000] {processor.py:830} INFO - Processing file /home/airflow/.local/lib/python3.12/site-packages/airflow/example_dags/example_branch_datetime_operator.py for tasks to queue
[2024-10-02T01:55:57.385+0000] {logging_mixin.py:188} INFO - [2024-10-02T01:55:57.384+0000] {dagbag.py:545} INFO - Filling up the DagBag from /home/airflow/.local/lib/python3.12/site-packages/airflow/example_dags/example_branch_datetime_operator.py
[2024-10-02T01:55:57.391+0000] {processor.py:840} INFO - DAG(s) 'example_branch_datetime_operator_2', 'example_branch_datetime_operator_3', 'example_branch_datetime_operator' retrieved from /home/airflow/.local/lib/python3.12/site-packages/airflow/example_dags/example_branch_datetime_operator.py
[2024-10-02T01:55:57.410+0000] {logging_mixin.py:188} INFO - [2024-10-02T01:55:57.410+0000] {dag.py:3096} INFO - Sync 3 DAGs
[2024-10-02T01:55:57.423+0000] {logging_mixin.py:188} INFO - [2024-10-02T01:55:57.423+0000] {dag.py:3954} INFO - Setting next_dagrun for example_branch_datetime_operator to 2024-10-01 00:00:00+00:00, run_after=2024-10-02 00:00:00+00:00
[2024-10-02T01:55:57.426+0000] {logging_mixin.py:188} INFO - [2024-10-02T01:55:57.426+0000] {dag.py:3954} INFO - Setting next_dagrun for example_branch_datetime_operator_2 to 2024-10-01 00:00:00+00:00, run_after=2024-10-02 00:00:00+00:00
[2024-10-02T01:55:57.429+0000] {logging_mixin.py:188} INFO - [2024-10-02T01:55:57.429+0000] {dag.py:3954} INFO - Setting next_dagrun for example_branch_datetime_operator_3 to 2024-10-01 00:00:00+00:00, run_after=2024-10-02 00:00:00+00:00
[2024-10-02T01:55:57.438+0000] {processor.py:183} INFO - Processing /home/airflow/.local/lib/python3.12/site-packages/airflow/example_dags/example_branch_datetime_operator.py took 0.061 seconds
[2024-10-02T01:56:27.945+0000] {processor.py:161} INFO - Started process (PID=210) to work on /home/airflow/.local/lib/python3.12/site-packages/airflow/example_dags/example_branch_datetime_operator.py
[2024-10-02T01:56:27.946+0000] {processor.py:830} INFO - Processing file /home/airflow/.local/lib/python3.12/site-packages/airflow/example_dags/example_branch_datetime_operator.py for tasks to queue
[2024-10-02T01:56:27.948+0000] {logging_mixin.py:188} INFO - [2024-10-02T01:56:27.948+0000] {dagbag.py:545} INFO - Filling up the DagBag from /home/airflow/.local/lib/python3.12/site-packages/airflow/example_dags/example_branch_datetime_operator.py
[2024-10-02T01:56:27.955+0000] {processor.py:840} INFO - DAG(s) 'example_branch_datetime_operator', 'example_branch_datetime_operator_3', 'example_branch_datetime_operator_2' retrieved from /home/airflow/.local/lib/python3.12/site-packages/airflow/example_dags/example_branch_datetime_operator.py
[2024-10-02T01:56:27.975+0000] {logging_mixin.py:188} INFO - [2024-10-02T01:56:27.975+0000] {dag.py:3096} INFO - Sync 3 DAGs
[2024-10-02T01:56:27.989+0000] {logging_mixin.py:188} INFO - [2024-10-02T01:56:27.989+0000] {dag.py:3954} INFO - Setting next_dagrun for example_branch_datetime_operator to 2024-10-01 00:00:00+00:00, run_after=2024-10-02 00:00:00+00:00
[2024-10-02T01:56:27.992+0000] {logging_mixin.py:188} INFO - [2024-10-02T01:56:27.992+0000] {dag.py:3954} INFO - Setting next_dagrun for example_branch_datetime_operator_2 to 2024-10-01 00:00:00+00:00, run_after=2024-10-02 00:00:00+00:00
[2024-10-02T01:56:27.993+0000] {logging_mixin.py:188} INFO - [2024-10-02T01:56:27.993+0000] {dag.py:3954} INFO - Setting next_dagrun for example_branch_datetime_operator_3 to 2024-10-01 00:00:00+00:00, run_after=2024-10-02 00:00:00+00:00
[2024-10-02T01:56:28.002+0000] {processor.py:183} INFO - Processing /home/airflow/.local/lib/python3.12/site-packages/airflow/example_dags/example_branch_datetime_operator.py took 0.061 seconds
[2024-10-02T01:56:58.635+0000] {processor.py:161} INFO - Started process (PID=268) to work on /home/airflow/.local/lib/python3.12/site-packages/airflow/example_dags/example_branch_datetime_operator.py
[2024-10-02T01:56:58.636+0000] {processor.py:830} INFO - Processing file /home/airflow/.local/lib/python3.12/site-packages/airflow/example_dags/example_branch_datetime_operator.py for tasks to queue
[2024-10-02T01:56:58.639+0000] {logging_mixin.py:188} INFO - [2024-10-02T01:56:58.638+0000] {dagbag.py:545} INFO - Filling up the DagBag from /home/airflow/.local/lib/python3.12/site-packages/airflow/example_dags/example_branch_datetime_operator.py
[2024-10-02T01:56:58.646+0000] {processor.py:840} INFO - DAG(s) 'example_branch_datetime_operator_2', 'example_branch_datetime_operator', 'example_branch_datetime_operator_3' retrieved from /home/airflow/.local/lib/python3.12/site-packages/airflow/example_dags/example_branch_datetime_operator.py
[2024-10-02T01:56:58.667+0000] {logging_mixin.py:188} INFO - [2024-10-02T01:56:58.667+0000] {dag.py:3096} INFO - Sync 3 DAGs
[2024-10-02T01:56:58.681+0000] {logging_mixin.py:188} INFO - [2024-10-02T01:56:58.681+0000] {dag.py:3954} INFO - Setting next_dagrun for example_branch_datetime_operator to 2024-10-01 00:00:00+00:00, run_after=2024-10-02 00:00:00+00:00
[2024-10-02T01:56:58.684+0000] {logging_mixin.py:188} INFO - [2024-10-02T01:56:58.684+0000] {dag.py:3954} INFO - Setting next_dagrun for example_branch_datetime_operator_2 to 2024-10-01 00:00:00+00:00, run_after=2024-10-02 00:00:00+00:00
[2024-10-02T01:56:58.686+0000] {logging_mixin.py:188} INFO - [2024-10-02T01:56:58.686+0000] {dag.py:3954} INFO - Setting next_dagrun for example_branch_datetime_operator_3 to 2024-10-01 00:00:00+00:00, run_after=2024-10-02 00:00:00+00:00
[2024-10-02T01:56:58.694+0000] {processor.py:183} INFO - Processing /home/airflow/.local/lib/python3.12/site-packages/airflow/example_dags/example_branch_datetime_operator.py took 0.065 seconds
[2024-10-02T01:57:29.015+0000] {processor.py:161} INFO - Started process (PID=326) to work on /home/airflow/.local/lib/python3.12/site-packages/airflow/example_dags/example_branch_datetime_operator.py
[2024-10-02T01:57:29.017+0000] {processor.py:830} INFO - Processing file /home/airflow/.local/lib/python3.12/site-packages/airflow/example_dags/example_branch_datetime_operator.py for tasks to queue
[2024-10-02T01:57:29.019+0000] {logging_mixin.py:188} INFO - [2024-10-02T01:57:29.018+0000] {dagbag.py:545} INFO - Filling up the DagBag from /home/airflow/.local/lib/python3.12/site-packages/airflow/example_dags/example_branch_datetime_operator.py
[2024-10-02T01:57:29.026+0000] {processor.py:840} INFO - DAG(s) 'example_branch_datetime_operator_3', 'example_branch_datetime_operator', 'example_branch_datetime_operator_2' retrieved from /home/airflow/.local/lib/python3.12/site-packages/airflow/example_dags/example_branch_datetime_operator.py
[2024-10-02T01:57:29.048+0000] {logging_mixin.py:188} INFO - [2024-10-02T01:57:29.048+0000] {dag.py:3096} INFO - Sync 3 DAGs
[2024-10-02T01:57:29.062+0000] {logging_mixin.py:188} INFO - [2024-10-02T01:57:29.062+0000] {dag.py:3954} INFO - Setting next_dagrun for example_branch_datetime_operator to 2024-10-01 00:00:00+00:00, run_after=2024-10-02 00:00:00+00:00
[2024-10-02T01:57:29.066+0000] {logging_mixin.py:188} INFO - [2024-10-02T01:57:29.066+0000] {dag.py:3954} INFO - Setting next_dagrun for example_branch_datetime_operator_2 to 2024-10-01 00:00:00+00:00, run_after=2024-10-02 00:00:00+00:00
[2024-10-02T01:57:29.068+0000] {logging_mixin.py:188} INFO - [2024-10-02T01:57:29.068+0000] {dag.py:3954} INFO - Setting next_dagrun for example_branch_datetime_operator_3 to 2024-10-01 00:00:00+00:00, run_after=2024-10-02 00:00:00+00:00
[2024-10-02T01:57:29.077+0000] {processor.py:183} INFO - Processing /home/airflow/.local/lib/python3.12/site-packages/airflow/example_dags/example_branch_datetime_operator.py took 0.068 seconds
[2024-10-02T01:57:59.491+0000] {processor.py:161} INFO - Started process (PID=384) to work on /home/airflow/.local/lib/python3.12/site-packages/airflow/example_dags/example_branch_datetime_operator.py
[2024-10-02T01:57:59.492+0000] {processor.py:830} INFO - Processing file /home/airflow/.local/lib/python3.12/site-packages/airflow/example_dags/example_branch_datetime_operator.py for tasks to queue
[2024-10-02T01:57:59.494+0000] {logging_mixin.py:188} INFO - [2024-10-02T01:57:59.494+0000] {dagbag.py:545} INFO - Filling up the DagBag from /home/airflow/.local/lib/python3.12/site-packages/airflow/example_dags/example_branch_datetime_operator.py
[2024-10-02T01:57:59.505+0000] {processor.py:840} INFO - DAG(s) 'example_branch_datetime_operator', 'example_branch_datetime_operator_3', 'example_branch_datetime_operator_2' retrieved from /home/airflow/.local/lib/python3.12/site-packages/airflow/example_dags/example_branch_datetime_operator.py
[2024-10-02T01:57:59.526+0000] {logging_mixin.py:188} INFO - [2024-10-02T01:57:59.526+0000] {dag.py:3096} INFO - Sync 3 DAGs
[2024-10-02T01:57:59.541+0000] {logging_mixin.py:188} INFO - [2024-10-02T01:57:59.540+0000] {dag.py:3954} INFO - Setting next_dagrun for example_branch_datetime_operator to 2024-10-01 00:00:00+00:00, run_after=2024-10-02 00:00:00+00:00
[2024-10-02T01:57:59.544+0000] {logging_mixin.py:188} INFO - [2024-10-02T01:57:59.544+0000] {dag.py:3954} INFO - Setting next_dagrun for example_branch_datetime_operator_2 to 2024-10-01 00:00:00+00:00, run_after=2024-10-02 00:00:00+00:00
[2024-10-02T01:57:59.545+0000] {logging_mixin.py:188} INFO - [2024-10-02T01:57:59.545+0000] {dag.py:3954} INFO - Setting next_dagrun for example_branch_datetime_operator_3 to 2024-10-01 00:00:00+00:00, run_after=2024-10-02 00:00:00+00:00
[2024-10-02T01:57:59.556+0000] {processor.py:183} INFO - Processing /home/airflow/.local/lib/python3.12/site-packages/airflow/example_dags/example_branch_datetime_operator.py took 0.070 seconds
[2024-10-02T01:58:29.874+0000] {processor.py:161} INFO - Started process (PID=442) to work on /home/airflow/.local/lib/python3.12/site-packages/airflow/example_dags/example_branch_datetime_operator.py
[2024-10-02T01:58:29.875+0000] {processor.py:830} INFO - Processing file /home/airflow/.local/lib/python3.12/site-packages/airflow/example_dags/example_branch_datetime_operator.py for tasks to queue
[2024-10-02T01:58:29.877+0000] {logging_mixin.py:188} INFO - [2024-10-02T01:58:29.877+0000] {dagbag.py:545} INFO - Filling up the DagBag from /home/airflow/.local/lib/python3.12/site-packages/airflow/example_dags/example_branch_datetime_operator.py
[2024-10-02T01:58:29.884+0000] {processor.py:840} INFO - DAG(s) 'example_branch_datetime_operator', 'example_branch_datetime_operator_2', 'example_branch_datetime_operator_3' retrieved from /home/airflow/.local/lib/python3.12/site-packages/airflow/example_dags/example_branch_datetime_operator.py
[2024-10-02T01:58:29.905+0000] {logging_mixin.py:188} INFO - [2024-10-02T01:58:29.905+0000] {dag.py:3096} INFO - Sync 3 DAGs
[2024-10-02T01:58:29.919+0000] {logging_mixin.py:188} INFO - [2024-10-02T01:58:29.919+0000] {dag.py:3954} INFO - Setting next_dagrun for example_branch_datetime_operator to 2024-10-01 00:00:00+00:00, run_after=2024-10-02 00:00:00+00:00
[2024-10-02T01:58:29.923+0000] {logging_mixin.py:188} INFO - [2024-10-02T01:58:29.923+0000] {dag.py:3954} INFO - Setting next_dagrun for example_branch_datetime_operator_2 to 2024-10-01 00:00:00+00:00, run_after=2024-10-02 00:00:00+00:00
[2024-10-02T01:58:29.924+0000] {logging_mixin.py:188} INFO - [2024-10-02T01:58:29.924+0000] {dag.py:3954} INFO - Setting next_dagrun for example_branch_datetime_operator_3 to 2024-10-01 00:00:00+00:00, run_after=2024-10-02 00:00:00+00:00
[2024-10-02T01:58:29.933+0000] {processor.py:183} INFO - Processing /home/airflow/.local/lib/python3.12/site-packages/airflow/example_dags/example_branch_datetime_operator.py took 0.065 seconds
[2024-10-02T01:59:00.425+0000] {processor.py:161} INFO - Started process (PID=501) to work on /home/airflow/.local/lib/python3.12/site-packages/airflow/example_dags/example_branch_datetime_operator.py
[2024-10-02T01:59:00.427+0000] {processor.py:830} INFO - Processing file /home/airflow/.local/lib/python3.12/site-packages/airflow/example_dags/example_branch_datetime_operator.py for tasks to queue
[2024-10-02T01:59:00.428+0000] {logging_mixin.py:188} INFO - [2024-10-02T01:59:00.428+0000] {dagbag.py:545} INFO - Filling up the DagBag from /home/airflow/.local/lib/python3.12/site-packages/airflow/example_dags/example_branch_datetime_operator.py
[2024-10-02T01:59:00.435+0000] {processor.py:840} INFO - DAG(s) 'example_branch_datetime_operator_2', 'example_branch_datetime_operator_3', 'example_branch_datetime_operator' retrieved from /home/airflow/.local/lib/python3.12/site-packages/airflow/example_dags/example_branch_datetime_operator.py
[2024-10-02T01:59:00.455+0000] {logging_mixin.py:188} INFO - [2024-10-02T01:59:00.455+0000] {dag.py:3096} INFO - Sync 3 DAGs
[2024-10-02T01:59:00.470+0000] {logging_mixin.py:188} INFO - [2024-10-02T01:59:00.470+0000] {dag.py:3954} INFO - Setting next_dagrun for example_branch_datetime_operator to 2024-10-01 00:00:00+00:00, run_after=2024-10-02 00:00:00+00:00
[2024-10-02T01:59:00.473+0000] {logging_mixin.py:188} INFO - [2024-10-02T01:59:00.473+0000] {dag.py:3954} INFO - Setting next_dagrun for example_branch_datetime_operator_2 to 2024-10-01 00:00:00+00:00, run_after=2024-10-02 00:00:00+00:00
[2024-10-02T01:59:00.475+0000] {logging_mixin.py:188} INFO - [2024-10-02T01:59:00.475+0000] {dag.py:3954} INFO - Setting next_dagrun for example_branch_datetime_operator_3 to 2024-10-01 00:00:00+00:00, run_after=2024-10-02 00:00:00+00:00
[2024-10-02T01:59:00.486+0000] {processor.py:183} INFO - Processing /home/airflow/.local/lib/python3.12/site-packages/airflow/example_dags/example_branch_datetime_operator.py took 0.065 seconds
[2024-10-02T01:59:30.794+0000] {processor.py:161} INFO - Started process (PID=559) to work on /home/airflow/.local/lib/python3.12/site-packages/airflow/example_dags/example_branch_datetime_operator.py
[2024-10-02T01:59:30.795+0000] {processor.py:830} INFO - Processing file /home/airflow/.local/lib/python3.12/site-packages/airflow/example_dags/example_branch_datetime_operator.py for tasks to queue
[2024-10-02T01:59:30.797+0000] {logging_mixin.py:188} INFO - [2024-10-02T01:59:30.797+0000] {dagbag.py:545} INFO - Filling up the DagBag from /home/airflow/.local/lib/python3.12/site-packages/airflow/example_dags/example_branch_datetime_operator.py
[2024-10-02T01:59:30.803+0000] {processor.py:840} INFO - DAG(s) 'example_branch_datetime_operator_3', 'example_branch_datetime_operator_2', 'example_branch_datetime_operator' retrieved from /home/airflow/.local/lib/python3.12/site-packages/airflow/example_dags/example_branch_datetime_operator.py
[2024-10-02T01:59:30.829+0000] {logging_mixin.py:188} INFO - [2024-10-02T01:59:30.829+0000] {dag.py:3096} INFO - Sync 3 DAGs
[2024-10-02T01:59:30.844+0000] {logging_mixin.py:188} INFO - [2024-10-02T01:59:30.843+0000] {dag.py:3954} INFO - Setting next_dagrun for example_branch_datetime_operator to 2024-10-01 00:00:00+00:00, run_after=2024-10-02 00:00:00+00:00
[2024-10-02T01:59:30.847+0000] {logging_mixin.py:188} INFO - [2024-10-02T01:59:30.847+0000] {dag.py:3954} INFO - Setting next_dagrun for example_branch_datetime_operator_2 to 2024-10-01 00:00:00+00:00, run_after=2024-10-02 00:00:00+00:00
[2024-10-02T01:59:30.849+0000] {logging_mixin.py:188} INFO - [2024-10-02T01:59:30.849+0000] {dag.py:3954} INFO - Setting next_dagrun for example_branch_datetime_operator_3 to 2024-10-01 00:00:00+00:00, run_after=2024-10-02 00:00:00+00:00
[2024-10-02T01:59:30.858+0000] {processor.py:183} INFO - Processing /home/airflow/.local/lib/python3.12/site-packages/airflow/example_dags/example_branch_datetime_operator.py took 0.069 seconds
[2024-10-02T02:00:01.235+0000] {processor.py:161} INFO - Started process (PID=617) to work on /home/airflow/.local/lib/python3.12/site-packages/airflow/example_dags/example_branch_datetime_operator.py
[2024-10-02T02:00:01.237+0000] {processor.py:830} INFO - Processing file /home/airflow/.local/lib/python3.12/site-packages/airflow/example_dags/example_branch_datetime_operator.py for tasks to queue
[2024-10-02T02:00:01.248+0000] {logging_mixin.py:188} INFO - [2024-10-02T02:00:01.247+0000] {dagbag.py:545} INFO - Filling up the DagBag from /home/airflow/.local/lib/python3.12/site-packages/airflow/example_dags/example_branch_datetime_operator.py
[2024-10-02T02:00:01.255+0000] {processor.py:840} INFO - DAG(s) 'example_branch_datetime_operator_2', 'example_branch_datetime_operator_3', 'example_branch_datetime_operator' retrieved from /home/airflow/.local/lib/python3.12/site-packages/airflow/example_dags/example_branch_datetime_operator.py
[2024-10-02T02:00:01.284+0000] {logging_mixin.py:188} INFO - [2024-10-02T02:00:01.284+0000] {dag.py:3096} INFO - Sync 3 DAGs
[2024-10-02T02:00:01.302+0000] {logging_mixin.py:188} INFO - [2024-10-02T02:00:01.302+0000] {dag.py:3954} INFO - Setting next_dagrun for example_branch_datetime_operator to 2024-10-01 00:00:00+00:00, run_after=2024-10-02 00:00:00+00:00
[2024-10-02T02:00:01.306+0000] {logging_mixin.py:188} INFO - [2024-10-02T02:00:01.306+0000] {dag.py:3954} INFO - Setting next_dagrun for example_branch_datetime_operator_2 to 2024-10-01 00:00:00+00:00, run_after=2024-10-02 00:00:00+00:00
[2024-10-02T02:00:01.308+0000] {logging_mixin.py:188} INFO - [2024-10-02T02:00:01.308+0000] {dag.py:3954} INFO - Setting next_dagrun for example_branch_datetime_operator_3 to 2024-10-01 00:00:00+00:00, run_after=2024-10-02 00:00:00+00:00
[2024-10-02T02:00:01.317+0000] {processor.py:183} INFO - Processing /home/airflow/.local/lib/python3.12/site-packages/airflow/example_dags/example_branch_datetime_operator.py took 0.094 seconds
[2024-10-02T02:00:31.772+0000] {processor.py:161} INFO - Started process (PID=676) to work on /home/airflow/.local/lib/python3.12/site-packages/airflow/example_dags/example_branch_datetime_operator.py
[2024-10-02T02:00:31.775+0000] {processor.py:830} INFO - Processing file /home/airflow/.local/lib/python3.12/site-packages/airflow/example_dags/example_branch_datetime_operator.py for tasks to queue
[2024-10-02T02:00:31.778+0000] {logging_mixin.py:188} INFO - [2024-10-02T02:00:31.777+0000] {dagbag.py:545} INFO - Filling up the DagBag from /home/airflow/.local/lib/python3.12/site-packages/airflow/example_dags/example_branch_datetime_operator.py
[2024-10-02T02:00:31.787+0000] {processor.py:840} INFO - DAG(s) 'example_branch_datetime_operator_2', 'example_branch_datetime_operator_3', 'example_branch_datetime_operator' retrieved from /home/airflow/.local/lib/python3.12/site-packages/airflow/example_dags/example_branch_datetime_operator.py
[2024-10-02T02:00:31.820+0000] {logging_mixin.py:188} INFO - [2024-10-02T02:00:31.819+0000] {dag.py:3096} INFO - Sync 3 DAGs
[2024-10-02T02:00:31.839+0000] {logging_mixin.py:188} INFO - [2024-10-02T02:00:31.839+0000] {dag.py:3954} INFO - Setting next_dagrun for example_branch_datetime_operator to 2024-10-01 00:00:00+00:00, run_after=2024-10-02 00:00:00+00:00
[2024-10-02T02:00:31.843+0000] {logging_mixin.py:188} INFO - [2024-10-02T02:00:31.843+0000] {dag.py:3954} INFO - Setting next_dagrun for example_branch_datetime_operator_2 to 2024-10-01 00:00:00+00:00, run_after=2024-10-02 00:00:00+00:00
[2024-10-02T02:00:31.845+0000] {logging_mixin.py:188} INFO - [2024-10-02T02:00:31.845+0000] {dag.py:3954} INFO - Setting next_dagrun for example_branch_datetime_operator_3 to 2024-10-01 00:00:00+00:00, run_after=2024-10-02 00:00:00+00:00
[2024-10-02T02:00:31.862+0000] {processor.py:183} INFO - Processing /home/airflow/.local/lib/python3.12/site-packages/airflow/example_dags/example_branch_datetime_operator.py took 0.097 seconds
[2024-10-02T02:01:02.343+0000] {processor.py:161} INFO - Started process (PID=734) to work on /home/airflow/.local/lib/python3.12/site-packages/airflow/example_dags/example_branch_datetime_operator.py
[2024-10-02T02:01:02.344+0000] {processor.py:830} INFO - Processing file /home/airflow/.local/lib/python3.12/site-packages/airflow/example_dags/example_branch_datetime_operator.py for tasks to queue
[2024-10-02T02:01:02.346+0000] {logging_mixin.py:188} INFO - [2024-10-02T02:01:02.345+0000] {dagbag.py:545} INFO - Filling up the DagBag from /home/airflow/.local/lib/python3.12/site-packages/airflow/example_dags/example_branch_datetime_operator.py
[2024-10-02T02:01:02.352+0000] {processor.py:840} INFO - DAG(s) 'example_branch_datetime_operator_2', 'example_branch_datetime_operator_3', 'example_branch_datetime_operator' retrieved from /home/airflow/.local/lib/python3.12/site-packages/airflow/example_dags/example_branch_datetime_operator.py
[2024-10-02T02:01:02.372+0000] {logging_mixin.py:188} INFO - [2024-10-02T02:01:02.372+0000] {dag.py:3096} INFO - Sync 3 DAGs
[2024-10-02T02:01:02.385+0000] {logging_mixin.py:188} INFO - [2024-10-02T02:01:02.385+0000] {dag.py:3954} INFO - Setting next_dagrun for example_branch_datetime_operator to 2024-10-01 00:00:00+00:00, run_after=2024-10-02 00:00:00+00:00
[2024-10-02T02:01:02.389+0000] {logging_mixin.py:188} INFO - [2024-10-02T02:01:02.388+0000] {dag.py:3954} INFO - Setting next_dagrun for example_branch_datetime_operator_2 to 2024-10-01 00:00:00+00:00, run_after=2024-10-02 00:00:00+00:00
[2024-10-02T02:01:02.390+0000] {logging_mixin.py:188} INFO - [2024-10-02T02:01:02.390+0000] {dag.py:3954} INFO - Setting next_dagrun for example_branch_datetime_operator_3 to 2024-10-01 00:00:00+00:00, run_after=2024-10-02 00:00:00+00:00
[2024-10-02T02:01:02.399+0000] {processor.py:183} INFO - Processing /home/airflow/.local/lib/python3.12/site-packages/airflow/example_dags/example_branch_datetime_operator.py took 0.061 seconds
[2024-10-02T02:01:32.528+0000] {processor.py:161} INFO - Started process (PID=792) to work on /home/airflow/.local/lib/python3.12/site-packages/airflow/example_dags/example_branch_datetime_operator.py
[2024-10-02T02:01:32.529+0000] {processor.py:830} INFO - Processing file /home/airflow/.local/lib/python3.12/site-packages/airflow/example_dags/example_branch_datetime_operator.py for tasks to queue
[2024-10-02T02:01:32.531+0000] {logging_mixin.py:188} INFO - [2024-10-02T02:01:32.530+0000] {dagbag.py:545} INFO - Filling up the DagBag from /home/airflow/.local/lib/python3.12/site-packages/airflow/example_dags/example_branch_datetime_operator.py
[2024-10-02T02:01:32.537+0000] {processor.py:840} INFO - DAG(s) 'example_branch_datetime_operator_3', 'example_branch_datetime_operator_2', 'example_branch_datetime_operator' retrieved from /home/airflow/.local/lib/python3.12/site-packages/airflow/example_dags/example_branch_datetime_operator.py
[2024-10-02T02:01:32.557+0000] {logging_mixin.py:188} INFO - [2024-10-02T02:01:32.557+0000] {dag.py:3096} INFO - Sync 3 DAGs
[2024-10-02T02:01:32.571+0000] {logging_mixin.py:188} INFO - [2024-10-02T02:01:32.570+0000] {dag.py:3954} INFO - Setting next_dagrun for example_branch_datetime_operator to 2024-10-01 00:00:00+00:00, run_after=2024-10-02 00:00:00+00:00
[2024-10-02T02:01:32.574+0000] {logging_mixin.py:188} INFO - [2024-10-02T02:01:32.573+0000] {dag.py:3954} INFO - Setting next_dagrun for example_branch_datetime_operator_2 to 2024-10-01 00:00:00+00:00, run_after=2024-10-02 00:00:00+00:00
[2024-10-02T02:01:32.575+0000] {logging_mixin.py:188} INFO - [2024-10-02T02:01:32.575+0000] {dag.py:3954} INFO - Setting next_dagrun for example_branch_datetime_operator_3 to 2024-10-01 00:00:00+00:00, run_after=2024-10-02 00:00:00+00:00
[2024-10-02T02:01:32.584+0000] {processor.py:183} INFO - Processing /home/airflow/.local/lib/python3.12/site-packages/airflow/example_dags/example_branch_datetime_operator.py took 0.061 seconds
[2024-10-02T02:02:02.819+0000] {processor.py:161} INFO - Started process (PID=850) to work on /home/airflow/.local/lib/python3.12/site-packages/airflow/example_dags/example_branch_datetime_operator.py
[2024-10-02T02:02:02.820+0000] {processor.py:830} INFO - Processing file /home/airflow/.local/lib/python3.12/site-packages/airflow/example_dags/example_branch_datetime_operator.py for tasks to queue
[2024-10-02T02:02:02.822+0000] {logging_mixin.py:188} INFO - [2024-10-02T02:02:02.821+0000] {dagbag.py:545} INFO - Filling up the DagBag from /home/airflow/.local/lib/python3.12/site-packages/airflow/example_dags/example_branch_datetime_operator.py
[2024-10-02T02:02:02.828+0000] {processor.py:840} INFO - DAG(s) 'example_branch_datetime_operator_3', 'example_branch_datetime_operator', 'example_branch_datetime_operator_2' retrieved from /home/airflow/.local/lib/python3.12/site-packages/airflow/example_dags/example_branch_datetime_operator.py
[2024-10-02T02:02:02.847+0000] {logging_mixin.py:188} INFO - [2024-10-02T02:02:02.847+0000] {dag.py:3096} INFO - Sync 3 DAGs
[2024-10-02T02:02:02.861+0000] {logging_mixin.py:188} INFO - [2024-10-02T02:02:02.861+0000] {dag.py:3954} INFO - Setting next_dagrun for example_branch_datetime_operator to 2024-10-01 00:00:00+00:00, run_after=2024-10-02 00:00:00+00:00
[2024-10-02T02:02:02.863+0000] {logging_mixin.py:188} INFO - [2024-10-02T02:02:02.863+0000] {dag.py:3954} INFO - Setting next_dagrun for example_branch_datetime_operator_2 to 2024-10-01 00:00:00+00:00, run_after=2024-10-02 00:00:00+00:00
[2024-10-02T02:02:02.865+0000] {logging_mixin.py:188} INFO - [2024-10-02T02:02:02.865+0000] {dag.py:3954} INFO - Setting next_dagrun for example_branch_datetime_operator_3 to 2024-10-01 00:00:00+00:00, run_after=2024-10-02 00:00:00+00:00
[2024-10-02T02:02:02.874+0000] {processor.py:183} INFO - Processing /home/airflow/.local/lib/python3.12/site-packages/airflow/example_dags/example_branch_datetime_operator.py took 0.060 seconds
[2024-10-02T02:02:33.197+0000] {processor.py:161} INFO - Started process (PID=908) to work on /home/airflow/.local/lib/python3.12/site-packages/airflow/example_dags/example_branch_datetime_operator.py
[2024-10-02T02:02:33.198+0000] {processor.py:830} INFO - Processing file /home/airflow/.local/lib/python3.12/site-packages/airflow/example_dags/example_branch_datetime_operator.py for tasks to queue
[2024-10-02T02:02:33.199+0000] {logging_mixin.py:188} INFO - [2024-10-02T02:02:33.199+0000] {dagbag.py:545} INFO - Filling up the DagBag from /home/airflow/.local/lib/python3.12/site-packages/airflow/example_dags/example_branch_datetime_operator.py
[2024-10-02T02:02:33.206+0000] {processor.py:840} INFO - DAG(s) 'example_branch_datetime_operator_3', 'example_branch_datetime_operator_2', 'example_branch_datetime_operator' retrieved from /home/airflow/.local/lib/python3.12/site-packages/airflow/example_dags/example_branch_datetime_operator.py
[2024-10-02T02:02:33.225+0000] {logging_mixin.py:188} INFO - [2024-10-02T02:02:33.225+0000] {dag.py:3096} INFO - Sync 3 DAGs
[2024-10-02T02:02:33.239+0000] {logging_mixin.py:188} INFO - [2024-10-02T02:02:33.239+0000] {dag.py:3954} INFO - Setting next_dagrun for example_branch_datetime_operator to 2024-10-01 00:00:00+00:00, run_after=2024-10-02 00:00:00+00:00
[2024-10-02T02:02:33.242+0000] {logging_mixin.py:188} INFO - [2024-10-02T02:02:33.242+0000] {dag.py:3954} INFO - Setting next_dagrun for example_branch_datetime_operator_2 to 2024-10-01 00:00:00+00:00, run_after=2024-10-02 00:00:00+00:00
[2024-10-02T02:02:33.244+0000] {logging_mixin.py:188} INFO - [2024-10-02T02:02:33.244+0000] {dag.py:3954} INFO - Setting next_dagrun for example_branch_datetime_operator_3 to 2024-10-01 00:00:00+00:00, run_after=2024-10-02 00:00:00+00:00
[2024-10-02T02:02:33.253+0000] {processor.py:183} INFO - Processing /home/airflow/.local/lib/python3.12/site-packages/airflow/example_dags/example_branch_datetime_operator.py took 0.061 seconds
[2024-10-02T02:03:03.538+0000] {processor.py:161} INFO - Started process (PID=966) to work on /home/airflow/.local/lib/python3.12/site-packages/airflow/example_dags/example_branch_datetime_operator.py
[2024-10-02T02:03:03.539+0000] {processor.py:830} INFO - Processing file /home/airflow/.local/lib/python3.12/site-packages/airflow/example_dags/example_branch_datetime_operator.py for tasks to queue
[2024-10-02T02:03:03.541+0000] {logging_mixin.py:188} INFO - [2024-10-02T02:03:03.540+0000] {dagbag.py:545} INFO - Filling up the DagBag from /home/airflow/.local/lib/python3.12/site-packages/airflow/example_dags/example_branch_datetime_operator.py
[2024-10-02T02:03:03.547+0000] {processor.py:840} INFO - DAG(s) 'example_branch_datetime_operator_3', 'example_branch_datetime_operator_2', 'example_branch_datetime_operator' retrieved from /home/airflow/.local/lib/python3.12/site-packages/airflow/example_dags/example_branch_datetime_operator.py
[2024-10-02T02:03:03.567+0000] {logging_mixin.py:188} INFO - [2024-10-02T02:03:03.567+0000] {dag.py:3096} INFO - Sync 3 DAGs
[2024-10-02T02:03:03.581+0000] {logging_mixin.py:188} INFO - [2024-10-02T02:03:03.580+0000] {dag.py:3954} INFO - Setting next_dagrun for example_branch_datetime_operator to 2024-10-01 00:00:00+00:00, run_after=2024-10-02 00:00:00+00:00
[2024-10-02T02:03:03.584+0000] {logging_mixin.py:188} INFO - [2024-10-02T02:03:03.584+0000] {dag.py:3954} INFO - Setting next_dagrun for example_branch_datetime_operator_2 to 2024-10-01 00:00:00+00:00, run_after=2024-10-02 00:00:00+00:00
[2024-10-02T02:03:03.586+0000] {logging_mixin.py:188} INFO - [2024-10-02T02:03:03.586+0000] {dag.py:3954} INFO - Setting next_dagrun for example_branch_datetime_operator_3 to 2024-10-01 00:00:00+00:00, run_after=2024-10-02 00:00:00+00:00
[2024-10-02T02:03:03.596+0000] {processor.py:183} INFO - Processing /home/airflow/.local/lib/python3.12/site-packages/airflow/example_dags/example_branch_datetime_operator.py took 0.062 seconds
[2024-10-02T02:03:33.923+0000] {processor.py:161} INFO - Started process (PID=1024) to work on /home/airflow/.local/lib/python3.12/site-packages/airflow/example_dags/example_branch_datetime_operator.py
[2024-10-02T02:03:33.924+0000] {processor.py:830} INFO - Processing file /home/airflow/.local/lib/python3.12/site-packages/airflow/example_dags/example_branch_datetime_operator.py for tasks to queue
[2024-10-02T02:03:33.926+0000] {logging_mixin.py:188} INFO - [2024-10-02T02:03:33.926+0000] {dagbag.py:545} INFO - Filling up the DagBag from /home/airflow/.local/lib/python3.12/site-packages/airflow/example_dags/example_branch_datetime_operator.py
[2024-10-02T02:03:33.933+0000] {processor.py:840} INFO - DAG(s) 'example_branch_datetime_operator', 'example_branch_datetime_operator_3', 'example_branch_datetime_operator_2' retrieved from /home/airflow/.local/lib/python3.12/site-packages/airflow/example_dags/example_branch_datetime_operator.py
[2024-10-02T02:03:33.952+0000] {logging_mixin.py:188} INFO - [2024-10-02T02:03:33.951+0000] {dag.py:3096} INFO - Sync 3 DAGs
[2024-10-02T02:03:33.972+0000] {logging_mixin.py:188} INFO - [2024-10-02T02:03:33.972+0000] {dag.py:3954} INFO - Setting next_dagrun for example_branch_datetime_operator to 2024-10-01 00:00:00+00:00, run_after=2024-10-02 00:00:00+00:00
[2024-10-02T02:03:33.976+0000] {logging_mixin.py:188} INFO - [2024-10-02T02:03:33.976+0000] {dag.py:3954} INFO - Setting next_dagrun for example_branch_datetime_operator_2 to 2024-10-01 00:00:00+00:00, run_after=2024-10-02 00:00:00+00:00
[2024-10-02T02:03:33.978+0000] {logging_mixin.py:188} INFO - [2024-10-02T02:03:33.978+0000] {dag.py:3954} INFO - Setting next_dagrun for example_branch_datetime_operator_3 to 2024-10-01 00:00:00+00:00, run_after=2024-10-02 00:00:00+00:00
[2024-10-02T02:03:33.989+0000] {processor.py:183} INFO - Processing /home/airflow/.local/lib/python3.12/site-packages/airflow/example_dags/example_branch_datetime_operator.py took 0.070 seconds
[2024-10-02T02:04:04.257+0000] {processor.py:161} INFO - Started process (PID=1082) to work on /home/airflow/.local/lib/python3.12/site-packages/airflow/example_dags/example_branch_datetime_operator.py
[2024-10-02T02:04:04.258+0000] {processor.py:830} INFO - Processing file /home/airflow/.local/lib/python3.12/site-packages/airflow/example_dags/example_branch_datetime_operator.py for tasks to queue
[2024-10-02T02:04:04.260+0000] {logging_mixin.py:188} INFO - [2024-10-02T02:04:04.259+0000] {dagbag.py:545} INFO - Filling up the DagBag from /home/airflow/.local/lib/python3.12/site-packages/airflow/example_dags/example_branch_datetime_operator.py
[2024-10-02T02:04:04.266+0000] {processor.py:840} INFO - DAG(s) 'example_branch_datetime_operator', 'example_branch_datetime_operator_3', 'example_branch_datetime_operator_2' retrieved from /home/airflow/.local/lib/python3.12/site-packages/airflow/example_dags/example_branch_datetime_operator.py
[2024-10-02T02:04:04.284+0000] {logging_mixin.py:188} INFO - [2024-10-02T02:04:04.284+0000] {dag.py:3096} INFO - Sync 3 DAGs
[2024-10-02T02:04:04.298+0000] {logging_mixin.py:188} INFO - [2024-10-02T02:04:04.298+0000] {dag.py:3954} INFO - Setting next_dagrun for example_branch_datetime_operator to 2024-10-01 00:00:00+00:00, run_after=2024-10-02 00:00:00+00:00
[2024-10-02T02:04:04.302+0000] {logging_mixin.py:188} INFO - [2024-10-02T02:04:04.301+0000] {dag.py:3954} INFO - Setting next_dagrun for example_branch_datetime_operator_2 to 2024-10-01 00:00:00+00:00, run_after=2024-10-02 00:00:00+00:00
[2024-10-02T02:04:04.303+0000] {logging_mixin.py:188} INFO - [2024-10-02T02:04:04.303+0000] {dag.py:3954} INFO - Setting next_dagrun for example_branch_datetime_operator_3 to 2024-10-01 00:00:00+00:00, run_after=2024-10-02 00:00:00+00:00
[2024-10-02T02:04:04.313+0000] {processor.py:183} INFO - Processing /home/airflow/.local/lib/python3.12/site-packages/airflow/example_dags/example_branch_datetime_operator.py took 0.060 seconds
[2024-10-02T02:04:34.556+0000] {processor.py:161} INFO - Started process (PID=1140) to work on /home/airflow/.local/lib/python3.12/site-packages/airflow/example_dags/example_branch_datetime_operator.py
[2024-10-02T02:04:34.557+0000] {processor.py:830} INFO - Processing file /home/airflow/.local/lib/python3.12/site-packages/airflow/example_dags/example_branch_datetime_operator.py for tasks to queue
[2024-10-02T02:04:34.559+0000] {logging_mixin.py:188} INFO - [2024-10-02T02:04:34.559+0000] {dagbag.py:545} INFO - Filling up the DagBag from /home/airflow/.local/lib/python3.12/site-packages/airflow/example_dags/example_branch_datetime_operator.py
[2024-10-02T02:04:34.566+0000] {processor.py:840} INFO - DAG(s) 'example_branch_datetime_operator_2', 'example_branch_datetime_operator', 'example_branch_datetime_operator_3' retrieved from /home/airflow/.local/lib/python3.12/site-packages/airflow/example_dags/example_branch_datetime_operator.py
[2024-10-02T02:04:34.586+0000] {logging_mixin.py:188} INFO - [2024-10-02T02:04:34.585+0000] {dag.py:3096} INFO - Sync 3 DAGs
[2024-10-02T02:04:34.599+0000] {logging_mixin.py:188} INFO - [2024-10-02T02:04:34.598+0000] {dag.py:3954} INFO - Setting next_dagrun for example_branch_datetime_operator to 2024-10-01 00:00:00+00:00, run_after=2024-10-02 00:00:00+00:00
[2024-10-02T02:04:34.602+0000] {logging_mixin.py:188} INFO - [2024-10-02T02:04:34.602+0000] {dag.py:3954} INFO - Setting next_dagrun for example_branch_datetime_operator_2 to 2024-10-01 00:00:00+00:00, run_after=2024-10-02 00:00:00+00:00
[2024-10-02T02:04:34.604+0000] {logging_mixin.py:188} INFO - [2024-10-02T02:04:34.604+0000] {dag.py:3954} INFO - Setting next_dagrun for example_branch_datetime_operator_3 to 2024-10-01 00:00:00+00:00, run_after=2024-10-02 00:00:00+00:00
[2024-10-02T02:04:34.613+0000] {processor.py:183} INFO - Processing /home/airflow/.local/lib/python3.12/site-packages/airflow/example_dags/example_branch_datetime_operator.py took 0.061 seconds
[2024-10-02T02:05:05.149+0000] {processor.py:161} INFO - Started process (PID=1198) to work on /home/airflow/.local/lib/python3.12/site-packages/airflow/example_dags/example_branch_datetime_operator.py
[2024-10-02T02:05:05.150+0000] {processor.py:830} INFO - Processing file /home/airflow/.local/lib/python3.12/site-packages/airflow/example_dags/example_branch_datetime_operator.py for tasks to queue
[2024-10-02T02:05:05.152+0000] {logging_mixin.py:188} INFO - [2024-10-02T02:05:05.151+0000] {dagbag.py:545} INFO - Filling up the DagBag from /home/airflow/.local/lib/python3.12/site-packages/airflow/example_dags/example_branch_datetime_operator.py
[2024-10-02T02:05:05.159+0000] {processor.py:840} INFO - DAG(s) 'example_branch_datetime_operator', 'example_branch_datetime_operator_3', 'example_branch_datetime_operator_2' retrieved from /home/airflow/.local/lib/python3.12/site-packages/airflow/example_dags/example_branch_datetime_operator.py
[2024-10-02T02:05:05.181+0000] {logging_mixin.py:188} INFO - [2024-10-02T02:05:05.181+0000] {dag.py:3096} INFO - Sync 3 DAGs
[2024-10-02T02:05:05.194+0000] {logging_mixin.py:188} INFO - [2024-10-02T02:05:05.194+0000] {dag.py:3954} INFO - Setting next_dagrun for example_branch_datetime_operator to 2024-10-01 00:00:00+00:00, run_after=2024-10-02 00:00:00+00:00
[2024-10-02T02:05:05.197+0000] {logging_mixin.py:188} INFO - [2024-10-02T02:05:05.197+0000] {dag.py:3954} INFO - Setting next_dagrun for example_branch_datetime_operator_2 to 2024-10-01 00:00:00+00:00, run_after=2024-10-02 00:00:00+00:00
[2024-10-02T02:05:05.199+0000] {logging_mixin.py:188} INFO - [2024-10-02T02:05:05.199+0000] {dag.py:3954} INFO - Setting next_dagrun for example_branch_datetime_operator_3 to 2024-10-01 00:00:00+00:00, run_after=2024-10-02 00:00:00+00:00
[2024-10-02T02:05:05.208+0000] {processor.py:183} INFO - Processing /home/airflow/.local/lib/python3.12/site-packages/airflow/example_dags/example_branch_datetime_operator.py took 0.064 seconds
