[2024-10-02T01:54:58.912+0000] {processor.py:161} INFO - Started process (PID=55) to work on /home/airflow/.local/lib/python3.12/site-packages/airflow/example_dags/example_nested_branch_dag.py
[2024-10-02T01:54:58.914+0000] {processor.py:830} INFO - Processing file /home/airflow/.local/lib/python3.12/site-packages/airflow/example_dags/example_nested_branch_dag.py for tasks to queue
[2024-10-02T01:54:58.917+0000] {logging_mixin.py:188} INFO - [2024-10-02T01:54:58.917+0000] {dagbag.py:545} INFO - Filling up the DagBag from /home/airflow/.local/lib/python3.12/site-packages/airflow/example_dags/example_nested_branch_dag.py
[2024-10-02T01:54:58.930+0000] {processor.py:840} INFO - DAG(s) 'example_nested_branch_dag' retrieved from /home/airflow/.local/lib/python3.12/site-packages/airflow/example_dags/example_nested_branch_dag.py
[2024-10-02T01:54:58.955+0000] {logging_mixin.py:188} INFO - [2024-10-02T01:54:58.954+0000] {dag.py:3096} INFO - Sync 1 DAGs
[2024-10-02T01:54:59.001+0000] {logging_mixin.py:188} INFO - [2024-10-02T01:54:59.000+0000] {dag.py:3954} INFO - Setting next_dagrun for example_nested_branch_dag to 2024-10-01 00:00:00+00:00, run_after=2024-10-02 00:00:00+00:00
[2024-10-02T01:54:59.080+0000] {processor.py:183} INFO - Processing /home/airflow/.local/lib/python3.12/site-packages/airflow/example_dags/example_nested_branch_dag.py took 0.174 seconds
[2024-10-02T01:55:29.216+0000] {processor.py:161} INFO - Started process (PID=112) to work on /home/airflow/.local/lib/python3.12/site-packages/airflow/example_dags/example_nested_branch_dag.py
[2024-10-02T01:55:29.217+0000] {processor.py:830} INFO - Processing file /home/airflow/.local/lib/python3.12/site-packages/airflow/example_dags/example_nested_branch_dag.py for tasks to queue
[2024-10-02T01:55:29.219+0000] {logging_mixin.py:188} INFO - [2024-10-02T01:55:29.219+0000] {dagbag.py:545} INFO - Filling up the DagBag from /home/airflow/.local/lib/python3.12/site-packages/airflow/example_dags/example_nested_branch_dag.py
[2024-10-02T01:55:29.226+0000] {processor.py:840} INFO - DAG(s) 'example_nested_branch_dag' retrieved from /home/airflow/.local/lib/python3.12/site-packages/airflow/example_dags/example_nested_branch_dag.py
[2024-10-02T01:55:29.286+0000] {logging_mixin.py:188} INFO - [2024-10-02T01:55:29.286+0000] {dag.py:3096} INFO - Sync 1 DAGs
[2024-10-02T01:55:29.298+0000] {logging_mixin.py:188} INFO - [2024-10-02T01:55:29.298+0000] {dag.py:3954} INFO - Setting next_dagrun for example_nested_branch_dag to 2024-10-01 00:00:00+00:00, run_after=2024-10-02 00:00:00+00:00
[2024-10-02T01:55:29.308+0000] {processor.py:183} INFO - Processing /home/airflow/.local/lib/python3.12/site-packages/airflow/example_dags/example_nested_branch_dag.py took 0.096 seconds
[2024-10-02T01:56:00.268+0000] {processor.py:161} INFO - Started process (PID=171) to work on /home/airflow/.local/lib/python3.12/site-packages/airflow/example_dags/example_nested_branch_dag.py
[2024-10-02T01:56:00.269+0000] {processor.py:830} INFO - Processing file /home/airflow/.local/lib/python3.12/site-packages/airflow/example_dags/example_nested_branch_dag.py for tasks to queue
[2024-10-02T01:56:00.271+0000] {logging_mixin.py:188} INFO - [2024-10-02T01:56:00.271+0000] {dagbag.py:545} INFO - Filling up the DagBag from /home/airflow/.local/lib/python3.12/site-packages/airflow/example_dags/example_nested_branch_dag.py
[2024-10-02T01:56:00.279+0000] {processor.py:840} INFO - DAG(s) 'example_nested_branch_dag' retrieved from /home/airflow/.local/lib/python3.12/site-packages/airflow/example_dags/example_nested_branch_dag.py
[2024-10-02T01:56:00.295+0000] {logging_mixin.py:188} INFO - [2024-10-02T01:56:00.295+0000] {dag.py:3096} INFO - Sync 1 DAGs
[2024-10-02T01:56:00.309+0000] {logging_mixin.py:188} INFO - [2024-10-02T01:56:00.309+0000] {dag.py:3954} INFO - Setting next_dagrun for example_nested_branch_dag to 2024-10-01 00:00:00+00:00, run_after=2024-10-02 00:00:00+00:00
[2024-10-02T01:56:00.320+0000] {processor.py:183} INFO - Processing /home/airflow/.local/lib/python3.12/site-packages/airflow/example_dags/example_nested_branch_dag.py took 0.056 seconds
[2024-10-02T01:56:30.866+0000] {processor.py:161} INFO - Started process (PID=229) to work on /home/airflow/.local/lib/python3.12/site-packages/airflow/example_dags/example_nested_branch_dag.py
[2024-10-02T01:56:30.868+0000] {processor.py:830} INFO - Processing file /home/airflow/.local/lib/python3.12/site-packages/airflow/example_dags/example_nested_branch_dag.py for tasks to queue
[2024-10-02T01:56:30.870+0000] {logging_mixin.py:188} INFO - [2024-10-02T01:56:30.869+0000] {dagbag.py:545} INFO - Filling up the DagBag from /home/airflow/.local/lib/python3.12/site-packages/airflow/example_dags/example_nested_branch_dag.py
[2024-10-02T01:56:30.878+0000] {processor.py:840} INFO - DAG(s) 'example_nested_branch_dag' retrieved from /home/airflow/.local/lib/python3.12/site-packages/airflow/example_dags/example_nested_branch_dag.py
[2024-10-02T01:56:30.899+0000] {logging_mixin.py:188} INFO - [2024-10-02T01:56:30.899+0000] {dag.py:3096} INFO - Sync 1 DAGs
[2024-10-02T01:56:30.927+0000] {logging_mixin.py:188} INFO - [2024-10-02T01:56:30.926+0000] {dag.py:3954} INFO - Setting next_dagrun for example_nested_branch_dag to 2024-10-01 00:00:00+00:00, run_after=2024-10-02 00:00:00+00:00
[2024-10-02T01:56:30.979+0000] {processor.py:183} INFO - Processing /home/airflow/.local/lib/python3.12/site-packages/airflow/example_dags/example_nested_branch_dag.py took 0.119 seconds
[2024-10-02T01:57:01.356+0000] {processor.py:161} INFO - Started process (PID=286) to work on /home/airflow/.local/lib/python3.12/site-packages/airflow/example_dags/example_nested_branch_dag.py
[2024-10-02T01:57:01.357+0000] {processor.py:830} INFO - Processing file /home/airflow/.local/lib/python3.12/site-packages/airflow/example_dags/example_nested_branch_dag.py for tasks to queue
[2024-10-02T01:57:01.359+0000] {logging_mixin.py:188} INFO - [2024-10-02T01:57:01.359+0000] {dagbag.py:545} INFO - Filling up the DagBag from /home/airflow/.local/lib/python3.12/site-packages/airflow/example_dags/example_nested_branch_dag.py
[2024-10-02T01:57:01.366+0000] {processor.py:840} INFO - DAG(s) 'example_nested_branch_dag' retrieved from /home/airflow/.local/lib/python3.12/site-packages/airflow/example_dags/example_nested_branch_dag.py
[2024-10-02T01:57:01.384+0000] {logging_mixin.py:188} INFO - [2024-10-02T01:57:01.383+0000] {dag.py:3096} INFO - Sync 1 DAGs
[2024-10-02T01:57:01.397+0000] {logging_mixin.py:188} INFO - [2024-10-02T01:57:01.397+0000] {dag.py:3954} INFO - Setting next_dagrun for example_nested_branch_dag to 2024-10-01 00:00:00+00:00, run_after=2024-10-02 00:00:00+00:00
[2024-10-02T01:57:01.407+0000] {processor.py:183} INFO - Processing /home/airflow/.local/lib/python3.12/site-packages/airflow/example_dags/example_nested_branch_dag.py took 0.055 seconds
[2024-10-02T01:57:31.812+0000] {processor.py:161} INFO - Started process (PID=344) to work on /home/airflow/.local/lib/python3.12/site-packages/airflow/example_dags/example_nested_branch_dag.py
[2024-10-02T01:57:31.813+0000] {processor.py:830} INFO - Processing file /home/airflow/.local/lib/python3.12/site-packages/airflow/example_dags/example_nested_branch_dag.py for tasks to queue
[2024-10-02T01:57:31.815+0000] {logging_mixin.py:188} INFO - [2024-10-02T01:57:31.814+0000] {dagbag.py:545} INFO - Filling up the DagBag from /home/airflow/.local/lib/python3.12/site-packages/airflow/example_dags/example_nested_branch_dag.py
[2024-10-02T01:57:31.821+0000] {processor.py:840} INFO - DAG(s) 'example_nested_branch_dag' retrieved from /home/airflow/.local/lib/python3.12/site-packages/airflow/example_dags/example_nested_branch_dag.py
[2024-10-02T01:57:31.838+0000] {logging_mixin.py:188} INFO - [2024-10-02T01:57:31.838+0000] {dag.py:3096} INFO - Sync 1 DAGs
[2024-10-02T01:57:31.851+0000] {logging_mixin.py:188} INFO - [2024-10-02T01:57:31.851+0000] {dag.py:3954} INFO - Setting next_dagrun for example_nested_branch_dag to 2024-10-01 00:00:00+00:00, run_after=2024-10-02 00:00:00+00:00
[2024-10-02T01:57:31.861+0000] {processor.py:183} INFO - Processing /home/airflow/.local/lib/python3.12/site-packages/airflow/example_dags/example_nested_branch_dag.py took 0.053 seconds
[2024-10-02T01:58:02.237+0000] {processor.py:161} INFO - Started process (PID=403) to work on /home/airflow/.local/lib/python3.12/site-packages/airflow/example_dags/example_nested_branch_dag.py
[2024-10-02T01:58:02.239+0000] {processor.py:830} INFO - Processing file /home/airflow/.local/lib/python3.12/site-packages/airflow/example_dags/example_nested_branch_dag.py for tasks to queue
[2024-10-02T01:58:02.240+0000] {logging_mixin.py:188} INFO - [2024-10-02T01:58:02.240+0000] {dagbag.py:545} INFO - Filling up the DagBag from /home/airflow/.local/lib/python3.12/site-packages/airflow/example_dags/example_nested_branch_dag.py
[2024-10-02T01:58:02.247+0000] {processor.py:840} INFO - DAG(s) 'example_nested_branch_dag' retrieved from /home/airflow/.local/lib/python3.12/site-packages/airflow/example_dags/example_nested_branch_dag.py
[2024-10-02T01:58:02.264+0000] {logging_mixin.py:188} INFO - [2024-10-02T01:58:02.264+0000] {dag.py:3096} INFO - Sync 1 DAGs
[2024-10-02T01:58:02.277+0000] {logging_mixin.py:188} INFO - [2024-10-02T01:58:02.277+0000] {dag.py:3954} INFO - Setting next_dagrun for example_nested_branch_dag to 2024-10-01 00:00:00+00:00, run_after=2024-10-02 00:00:00+00:00
[2024-10-02T01:58:02.288+0000] {processor.py:183} INFO - Processing /home/airflow/.local/lib/python3.12/site-packages/airflow/example_dags/example_nested_branch_dag.py took 0.056 seconds
[2024-10-02T01:58:32.792+0000] {processor.py:161} INFO - Started process (PID=461) to work on /home/airflow/.local/lib/python3.12/site-packages/airflow/example_dags/example_nested_branch_dag.py
[2024-10-02T01:58:32.794+0000] {processor.py:830} INFO - Processing file /home/airflow/.local/lib/python3.12/site-packages/airflow/example_dags/example_nested_branch_dag.py for tasks to queue
[2024-10-02T01:58:32.796+0000] {logging_mixin.py:188} INFO - [2024-10-02T01:58:32.796+0000] {dagbag.py:545} INFO - Filling up the DagBag from /home/airflow/.local/lib/python3.12/site-packages/airflow/example_dags/example_nested_branch_dag.py
[2024-10-02T01:58:32.803+0000] {processor.py:840} INFO - DAG(s) 'example_nested_branch_dag' retrieved from /home/airflow/.local/lib/python3.12/site-packages/airflow/example_dags/example_nested_branch_dag.py
[2024-10-02T01:58:32.823+0000] {logging_mixin.py:188} INFO - [2024-10-02T01:58:32.822+0000] {dag.py:3096} INFO - Sync 1 DAGs
[2024-10-02T01:58:32.837+0000] {logging_mixin.py:188} INFO - [2024-10-02T01:58:32.836+0000] {dag.py:3954} INFO - Setting next_dagrun for example_nested_branch_dag to 2024-10-01 00:00:00+00:00, run_after=2024-10-02 00:00:00+00:00
[2024-10-02T01:58:32.848+0000] {processor.py:183} INFO - Processing /home/airflow/.local/lib/python3.12/site-packages/airflow/example_dags/example_nested_branch_dag.py took 0.061 seconds
[2024-10-02T01:59:03.218+0000] {processor.py:161} INFO - Started process (PID=519) to work on /home/airflow/.local/lib/python3.12/site-packages/airflow/example_dags/example_nested_branch_dag.py
[2024-10-02T01:59:03.219+0000] {processor.py:830} INFO - Processing file /home/airflow/.local/lib/python3.12/site-packages/airflow/example_dags/example_nested_branch_dag.py for tasks to queue
[2024-10-02T01:59:03.221+0000] {logging_mixin.py:188} INFO - [2024-10-02T01:59:03.220+0000] {dagbag.py:545} INFO - Filling up the DagBag from /home/airflow/.local/lib/python3.12/site-packages/airflow/example_dags/example_nested_branch_dag.py
[2024-10-02T01:59:03.227+0000] {processor.py:840} INFO - DAG(s) 'example_nested_branch_dag' retrieved from /home/airflow/.local/lib/python3.12/site-packages/airflow/example_dags/example_nested_branch_dag.py
[2024-10-02T01:59:03.244+0000] {logging_mixin.py:188} INFO - [2024-10-02T01:59:03.244+0000] {dag.py:3096} INFO - Sync 1 DAGs
[2024-10-02T01:59:03.258+0000] {logging_mixin.py:188} INFO - [2024-10-02T01:59:03.258+0000] {dag.py:3954} INFO - Setting next_dagrun for example_nested_branch_dag to 2024-10-01 00:00:00+00:00, run_after=2024-10-02 00:00:00+00:00
[2024-10-02T01:59:03.269+0000] {processor.py:183} INFO - Processing /home/airflow/.local/lib/python3.12/site-packages/airflow/example_dags/example_nested_branch_dag.py took 0.055 seconds
[2024-10-02T01:59:33.610+0000] {processor.py:161} INFO - Started process (PID=578) to work on /home/airflow/.local/lib/python3.12/site-packages/airflow/example_dags/example_nested_branch_dag.py
[2024-10-02T01:59:33.612+0000] {processor.py:830} INFO - Processing file /home/airflow/.local/lib/python3.12/site-packages/airflow/example_dags/example_nested_branch_dag.py for tasks to queue
[2024-10-02T01:59:33.614+0000] {logging_mixin.py:188} INFO - [2024-10-02T01:59:33.613+0000] {dagbag.py:545} INFO - Filling up the DagBag from /home/airflow/.local/lib/python3.12/site-packages/airflow/example_dags/example_nested_branch_dag.py
[2024-10-02T01:59:33.621+0000] {processor.py:840} INFO - DAG(s) 'example_nested_branch_dag' retrieved from /home/airflow/.local/lib/python3.12/site-packages/airflow/example_dags/example_nested_branch_dag.py
[2024-10-02T01:59:33.640+0000] {logging_mixin.py:188} INFO - [2024-10-02T01:59:33.640+0000] {dag.py:3096} INFO - Sync 1 DAGs
[2024-10-02T01:59:33.654+0000] {logging_mixin.py:188} INFO - [2024-10-02T01:59:33.654+0000] {dag.py:3954} INFO - Setting next_dagrun for example_nested_branch_dag to 2024-10-01 00:00:00+00:00, run_after=2024-10-02 00:00:00+00:00
[2024-10-02T01:59:33.668+0000] {processor.py:183} INFO - Processing /home/airflow/.local/lib/python3.12/site-packages/airflow/example_dags/example_nested_branch_dag.py took 0.062 seconds
[2024-10-02T02:00:04.083+0000] {processor.py:161} INFO - Started process (PID=636) to work on /home/airflow/.local/lib/python3.12/site-packages/airflow/example_dags/example_nested_branch_dag.py
[2024-10-02T02:00:04.084+0000] {processor.py:830} INFO - Processing file /home/airflow/.local/lib/python3.12/site-packages/airflow/example_dags/example_nested_branch_dag.py for tasks to queue
[2024-10-02T02:00:04.086+0000] {logging_mixin.py:188} INFO - [2024-10-02T02:00:04.085+0000] {dagbag.py:545} INFO - Filling up the DagBag from /home/airflow/.local/lib/python3.12/site-packages/airflow/example_dags/example_nested_branch_dag.py
[2024-10-02T02:00:04.093+0000] {processor.py:840} INFO - DAG(s) 'example_nested_branch_dag' retrieved from /home/airflow/.local/lib/python3.12/site-packages/airflow/example_dags/example_nested_branch_dag.py
[2024-10-02T02:00:04.110+0000] {logging_mixin.py:188} INFO - [2024-10-02T02:00:04.110+0000] {dag.py:3096} INFO - Sync 1 DAGs
[2024-10-02T02:00:04.123+0000] {logging_mixin.py:188} INFO - [2024-10-02T02:00:04.123+0000] {dag.py:3954} INFO - Setting next_dagrun for example_nested_branch_dag to 2024-10-01 00:00:00+00:00, run_after=2024-10-02 00:00:00+00:00
[2024-10-02T02:00:04.134+0000] {processor.py:183} INFO - Processing /home/airflow/.local/lib/python3.12/site-packages/airflow/example_dags/example_nested_branch_dag.py took 0.056 seconds
[2024-10-02T02:00:34.749+0000] {processor.py:161} INFO - Started process (PID=695) to work on /home/airflow/.local/lib/python3.12/site-packages/airflow/example_dags/example_nested_branch_dag.py
[2024-10-02T02:00:34.750+0000] {processor.py:830} INFO - Processing file /home/airflow/.local/lib/python3.12/site-packages/airflow/example_dags/example_nested_branch_dag.py for tasks to queue
[2024-10-02T02:00:34.752+0000] {logging_mixin.py:188} INFO - [2024-10-02T02:00:34.752+0000] {dagbag.py:545} INFO - Filling up the DagBag from /home/airflow/.local/lib/python3.12/site-packages/airflow/example_dags/example_nested_branch_dag.py
[2024-10-02T02:00:34.759+0000] {processor.py:840} INFO - DAG(s) 'example_nested_branch_dag' retrieved from /home/airflow/.local/lib/python3.12/site-packages/airflow/example_dags/example_nested_branch_dag.py
[2024-10-02T02:00:34.777+0000] {logging_mixin.py:188} INFO - [2024-10-02T02:00:34.777+0000] {dag.py:3096} INFO - Sync 1 DAGs
[2024-10-02T02:00:34.792+0000] {logging_mixin.py:188} INFO - [2024-10-02T02:00:34.792+0000] {dag.py:3954} INFO - Setting next_dagrun for example_nested_branch_dag to 2024-10-01 00:00:00+00:00, run_after=2024-10-02 00:00:00+00:00
[2024-10-02T02:00:34.803+0000] {processor.py:183} INFO - Processing /home/airflow/.local/lib/python3.12/site-packages/airflow/example_dags/example_nested_branch_dag.py took 0.059 seconds
[2024-10-02T02:01:05.399+0000] {processor.py:161} INFO - Started process (PID=752) to work on /home/airflow/.local/lib/python3.12/site-packages/airflow/example_dags/example_nested_branch_dag.py
[2024-10-02T02:01:05.401+0000] {processor.py:830} INFO - Processing file /home/airflow/.local/lib/python3.12/site-packages/airflow/example_dags/example_nested_branch_dag.py for tasks to queue
[2024-10-02T02:01:05.403+0000] {logging_mixin.py:188} INFO - [2024-10-02T02:01:05.402+0000] {dagbag.py:545} INFO - Filling up the DagBag from /home/airflow/.local/lib/python3.12/site-packages/airflow/example_dags/example_nested_branch_dag.py
[2024-10-02T02:01:05.413+0000] {processor.py:840} INFO - DAG(s) 'example_nested_branch_dag' retrieved from /home/airflow/.local/lib/python3.12/site-packages/airflow/example_dags/example_nested_branch_dag.py
[2024-10-02T02:01:05.433+0000] {logging_mixin.py:188} INFO - [2024-10-02T02:01:05.432+0000] {dag.py:3096} INFO - Sync 1 DAGs
[2024-10-02T02:01:05.450+0000] {logging_mixin.py:188} INFO - [2024-10-02T02:01:05.450+0000] {dag.py:3954} INFO - Setting next_dagrun for example_nested_branch_dag to 2024-10-01 00:00:00+00:00, run_after=2024-10-02 00:00:00+00:00
[2024-10-02T02:01:05.464+0000] {processor.py:183} INFO - Processing /home/airflow/.local/lib/python3.12/site-packages/airflow/example_dags/example_nested_branch_dag.py took 0.069 seconds
[2024-10-02T02:01:35.617+0000] {processor.py:161} INFO - Started process (PID=810) to work on /home/airflow/.local/lib/python3.12/site-packages/airflow/example_dags/example_nested_branch_dag.py
[2024-10-02T02:01:35.618+0000] {processor.py:830} INFO - Processing file /home/airflow/.local/lib/python3.12/site-packages/airflow/example_dags/example_nested_branch_dag.py for tasks to queue
[2024-10-02T02:01:35.620+0000] {logging_mixin.py:188} INFO - [2024-10-02T02:01:35.620+0000] {dagbag.py:545} INFO - Filling up the DagBag from /home/airflow/.local/lib/python3.12/site-packages/airflow/example_dags/example_nested_branch_dag.py
[2024-10-02T02:01:35.629+0000] {processor.py:840} INFO - DAG(s) 'example_nested_branch_dag' retrieved from /home/airflow/.local/lib/python3.12/site-packages/airflow/example_dags/example_nested_branch_dag.py
[2024-10-02T02:01:35.666+0000] {logging_mixin.py:188} INFO - [2024-10-02T02:01:35.665+0000] {dag.py:3096} INFO - Sync 1 DAGs
[2024-10-02T02:01:35.687+0000] {logging_mixin.py:188} INFO - [2024-10-02T02:01:35.687+0000] {dag.py:3954} INFO - Setting next_dagrun for example_nested_branch_dag to 2024-10-01 00:00:00+00:00, run_after=2024-10-02 00:00:00+00:00
[2024-10-02T02:01:35.702+0000] {processor.py:183} INFO - Processing /home/airflow/.local/lib/python3.12/site-packages/airflow/example_dags/example_nested_branch_dag.py took 0.091 seconds
[2024-10-02T02:02:05.774+0000] {processor.py:161} INFO - Started process (PID=868) to work on /home/airflow/.local/lib/python3.12/site-packages/airflow/example_dags/example_nested_branch_dag.py
[2024-10-02T02:02:05.775+0000] {processor.py:830} INFO - Processing file /home/airflow/.local/lib/python3.12/site-packages/airflow/example_dags/example_nested_branch_dag.py for tasks to queue
[2024-10-02T02:02:05.776+0000] {logging_mixin.py:188} INFO - [2024-10-02T02:02:05.776+0000] {dagbag.py:545} INFO - Filling up the DagBag from /home/airflow/.local/lib/python3.12/site-packages/airflow/example_dags/example_nested_branch_dag.py
[2024-10-02T02:02:05.783+0000] {processor.py:840} INFO - DAG(s) 'example_nested_branch_dag' retrieved from /home/airflow/.local/lib/python3.12/site-packages/airflow/example_dags/example_nested_branch_dag.py
[2024-10-02T02:02:05.799+0000] {logging_mixin.py:188} INFO - [2024-10-02T02:02:05.799+0000] {dag.py:3096} INFO - Sync 1 DAGs
[2024-10-02T02:02:05.812+0000] {logging_mixin.py:188} INFO - [2024-10-02T02:02:05.812+0000] {dag.py:3954} INFO - Setting next_dagrun for example_nested_branch_dag to 2024-10-01 00:00:00+00:00, run_after=2024-10-02 00:00:00+00:00
[2024-10-02T02:02:05.821+0000] {processor.py:183} INFO - Processing /home/airflow/.local/lib/python3.12/site-packages/airflow/example_dags/example_nested_branch_dag.py took 0.051 seconds
[2024-10-02T02:02:35.960+0000] {processor.py:161} INFO - Started process (PID=926) to work on /home/airflow/.local/lib/python3.12/site-packages/airflow/example_dags/example_nested_branch_dag.py
[2024-10-02T02:02:35.961+0000] {processor.py:830} INFO - Processing file /home/airflow/.local/lib/python3.12/site-packages/airflow/example_dags/example_nested_branch_dag.py for tasks to queue
[2024-10-02T02:02:35.963+0000] {logging_mixin.py:188} INFO - [2024-10-02T02:02:35.962+0000] {dagbag.py:545} INFO - Filling up the DagBag from /home/airflow/.local/lib/python3.12/site-packages/airflow/example_dags/example_nested_branch_dag.py
[2024-10-02T02:02:35.970+0000] {processor.py:840} INFO - DAG(s) 'example_nested_branch_dag' retrieved from /home/airflow/.local/lib/python3.12/site-packages/airflow/example_dags/example_nested_branch_dag.py
[2024-10-02T02:02:35.986+0000] {logging_mixin.py:188} INFO - [2024-10-02T02:02:35.986+0000] {dag.py:3096} INFO - Sync 1 DAGs
[2024-10-02T02:02:35.999+0000] {logging_mixin.py:188} INFO - [2024-10-02T02:02:35.999+0000] {dag.py:3954} INFO - Setting next_dagrun for example_nested_branch_dag to 2024-10-01 00:00:00+00:00, run_after=2024-10-02 00:00:00+00:00
[2024-10-02T02:02:36.009+0000] {processor.py:183} INFO - Processing /home/airflow/.local/lib/python3.12/site-packages/airflow/example_dags/example_nested_branch_dag.py took 0.054 seconds
[2024-10-02T02:03:06.299+0000] {processor.py:161} INFO - Started process (PID=984) to work on /home/airflow/.local/lib/python3.12/site-packages/airflow/example_dags/example_nested_branch_dag.py
[2024-10-02T02:03:06.301+0000] {processor.py:830} INFO - Processing file /home/airflow/.local/lib/python3.12/site-packages/airflow/example_dags/example_nested_branch_dag.py for tasks to queue
[2024-10-02T02:03:06.302+0000] {logging_mixin.py:188} INFO - [2024-10-02T02:03:06.302+0000] {dagbag.py:545} INFO - Filling up the DagBag from /home/airflow/.local/lib/python3.12/site-packages/airflow/example_dags/example_nested_branch_dag.py
[2024-10-02T02:03:06.309+0000] {processor.py:840} INFO - DAG(s) 'example_nested_branch_dag' retrieved from /home/airflow/.local/lib/python3.12/site-packages/airflow/example_dags/example_nested_branch_dag.py
[2024-10-02T02:03:06.325+0000] {logging_mixin.py:188} INFO - [2024-10-02T02:03:06.325+0000] {dag.py:3096} INFO - Sync 1 DAGs
[2024-10-02T02:03:06.339+0000] {logging_mixin.py:188} INFO - [2024-10-02T02:03:06.339+0000] {dag.py:3954} INFO - Setting next_dagrun for example_nested_branch_dag to 2024-10-01 00:00:00+00:00, run_after=2024-10-02 00:00:00+00:00
[2024-10-02T02:03:06.353+0000] {processor.py:183} INFO - Processing /home/airflow/.local/lib/python3.12/site-packages/airflow/example_dags/example_nested_branch_dag.py took 0.058 seconds
[2024-10-02T02:03:36.738+0000] {processor.py:161} INFO - Started process (PID=1042) to work on /home/airflow/.local/lib/python3.12/site-packages/airflow/example_dags/example_nested_branch_dag.py
[2024-10-02T02:03:36.739+0000] {processor.py:830} INFO - Processing file /home/airflow/.local/lib/python3.12/site-packages/airflow/example_dags/example_nested_branch_dag.py for tasks to queue
[2024-10-02T02:03:36.741+0000] {logging_mixin.py:188} INFO - [2024-10-02T02:03:36.740+0000] {dagbag.py:545} INFO - Filling up the DagBag from /home/airflow/.local/lib/python3.12/site-packages/airflow/example_dags/example_nested_branch_dag.py
[2024-10-02T02:03:36.747+0000] {processor.py:840} INFO - DAG(s) 'example_nested_branch_dag' retrieved from /home/airflow/.local/lib/python3.12/site-packages/airflow/example_dags/example_nested_branch_dag.py
[2024-10-02T02:03:36.763+0000] {logging_mixin.py:188} INFO - [2024-10-02T02:03:36.763+0000] {dag.py:3096} INFO - Sync 1 DAGs
[2024-10-02T02:03:36.777+0000] {logging_mixin.py:188} INFO - [2024-10-02T02:03:36.777+0000] {dag.py:3954} INFO - Setting next_dagrun for example_nested_branch_dag to 2024-10-01 00:00:00+00:00, run_after=2024-10-02 00:00:00+00:00
[2024-10-02T02:03:36.788+0000] {processor.py:183} INFO - Processing /home/airflow/.local/lib/python3.12/site-packages/airflow/example_dags/example_nested_branch_dag.py took 0.054 seconds
[2024-10-02T02:04:07.010+0000] {processor.py:161} INFO - Started process (PID=1100) to work on /home/airflow/.local/lib/python3.12/site-packages/airflow/example_dags/example_nested_branch_dag.py
[2024-10-02T02:04:07.011+0000] {processor.py:830} INFO - Processing file /home/airflow/.local/lib/python3.12/site-packages/airflow/example_dags/example_nested_branch_dag.py for tasks to queue
[2024-10-02T02:04:07.013+0000] {logging_mixin.py:188} INFO - [2024-10-02T02:04:07.013+0000] {dagbag.py:545} INFO - Filling up the DagBag from /home/airflow/.local/lib/python3.12/site-packages/airflow/example_dags/example_nested_branch_dag.py
[2024-10-02T02:04:07.020+0000] {processor.py:840} INFO - DAG(s) 'example_nested_branch_dag' retrieved from /home/airflow/.local/lib/python3.12/site-packages/airflow/example_dags/example_nested_branch_dag.py
[2024-10-02T02:04:07.036+0000] {logging_mixin.py:188} INFO - [2024-10-02T02:04:07.036+0000] {dag.py:3096} INFO - Sync 1 DAGs
[2024-10-02T02:04:07.050+0000] {logging_mixin.py:188} INFO - [2024-10-02T02:04:07.049+0000] {dag.py:3954} INFO - Setting next_dagrun for example_nested_branch_dag to 2024-10-01 00:00:00+00:00, run_after=2024-10-02 00:00:00+00:00
[2024-10-02T02:04:07.060+0000] {processor.py:183} INFO - Processing /home/airflow/.local/lib/python3.12/site-packages/airflow/example_dags/example_nested_branch_dag.py took 0.054 seconds
[2024-10-02T02:04:37.368+0000] {processor.py:161} INFO - Started process (PID=1158) to work on /home/airflow/.local/lib/python3.12/site-packages/airflow/example_dags/example_nested_branch_dag.py
[2024-10-02T02:04:37.370+0000] {processor.py:830} INFO - Processing file /home/airflow/.local/lib/python3.12/site-packages/airflow/example_dags/example_nested_branch_dag.py for tasks to queue
[2024-10-02T02:04:37.371+0000] {logging_mixin.py:188} INFO - [2024-10-02T02:04:37.371+0000] {dagbag.py:545} INFO - Filling up the DagBag from /home/airflow/.local/lib/python3.12/site-packages/airflow/example_dags/example_nested_branch_dag.py
[2024-10-02T02:04:37.378+0000] {processor.py:840} INFO - DAG(s) 'example_nested_branch_dag' retrieved from /home/airflow/.local/lib/python3.12/site-packages/airflow/example_dags/example_nested_branch_dag.py
[2024-10-02T02:04:37.394+0000] {logging_mixin.py:188} INFO - [2024-10-02T02:04:37.394+0000] {dag.py:3096} INFO - Sync 1 DAGs
[2024-10-02T02:04:37.408+0000] {logging_mixin.py:188} INFO - [2024-10-02T02:04:37.408+0000] {dag.py:3954} INFO - Setting next_dagrun for example_nested_branch_dag to 2024-10-01 00:00:00+00:00, run_after=2024-10-02 00:00:00+00:00
[2024-10-02T02:04:37.419+0000] {processor.py:183} INFO - Processing /home/airflow/.local/lib/python3.12/site-packages/airflow/example_dags/example_nested_branch_dag.py took 0.054 seconds
[2024-10-02T02:05:07.910+0000] {processor.py:161} INFO - Started process (PID=1216) to work on /home/airflow/.local/lib/python3.12/site-packages/airflow/example_dags/example_nested_branch_dag.py
[2024-10-02T02:05:07.912+0000] {processor.py:830} INFO - Processing file /home/airflow/.local/lib/python3.12/site-packages/airflow/example_dags/example_nested_branch_dag.py for tasks to queue
[2024-10-02T02:05:07.913+0000] {logging_mixin.py:188} INFO - [2024-10-02T02:05:07.913+0000] {dagbag.py:545} INFO - Filling up the DagBag from /home/airflow/.local/lib/python3.12/site-packages/airflow/example_dags/example_nested_branch_dag.py
[2024-10-02T02:05:07.920+0000] {processor.py:840} INFO - DAG(s) 'example_nested_branch_dag' retrieved from /home/airflow/.local/lib/python3.12/site-packages/airflow/example_dags/example_nested_branch_dag.py
[2024-10-02T02:05:07.938+0000] {logging_mixin.py:188} INFO - [2024-10-02T02:05:07.938+0000] {dag.py:3096} INFO - Sync 1 DAGs
[2024-10-02T02:05:07.951+0000] {logging_mixin.py:188} INFO - [2024-10-02T02:05:07.951+0000] {dag.py:3954} INFO - Setting next_dagrun for example_nested_branch_dag to 2024-10-01 00:00:00+00:00, run_after=2024-10-02 00:00:00+00:00
[2024-10-02T02:05:07.963+0000] {processor.py:183} INFO - Processing /home/airflow/.local/lib/python3.12/site-packages/airflow/example_dags/example_nested_branch_dag.py took 0.056 seconds
