[2024-10-02T01:54:59.267+0000] {processor.py:161} INFO - Started process (PID=58) to work on /home/airflow/.local/lib/python3.12/site-packages/airflow/example_dags/example_branch_python_dop_operator_3.py
[2024-10-02T01:54:59.269+0000] {processor.py:830} INFO - Processing file /home/airflow/.local/lib/python3.12/site-packages/airflow/example_dags/example_branch_python_dop_operator_3.py for tasks to queue
[2024-10-02T01:54:59.270+0000] {logging_mixin.py:188} INFO - [2024-10-02T01:54:59.270+0000] {dagbag.py:545} INFO - Filling up the DagBag from /home/airflow/.local/lib/python3.12/site-packages/airflow/example_dags/example_branch_python_dop_operator_3.py
[2024-10-02T01:54:59.278+0000] {processor.py:840} INFO - DAG(s) 'example_branch_dop_operator_v3' retrieved from /home/airflow/.local/lib/python3.12/site-packages/airflow/example_dags/example_branch_python_dop_operator_3.py
[2024-10-02T01:54:59.289+0000] {logging_mixin.py:188} INFO - [2024-10-02T01:54:59.289+0000] {dag.py:3096} INFO - Sync 1 DAGs
[2024-10-02T01:54:59.307+0000] {logging_mixin.py:188} INFO - [2024-10-02T01:54:59.307+0000] {dag.py:3954} INFO - Setting next_dagrun for example_branch_dop_operator_v3 to 2024-10-02 01:53:00+00:00, run_after=2024-10-02 01:54:00+00:00
[2024-10-02T01:54:59.321+0000] {processor.py:183} INFO - Processing /home/airflow/.local/lib/python3.12/site-packages/airflow/example_dags/example_branch_python_dop_operator_3.py took 0.058 seconds
[2024-10-02T01:55:29.547+0000] {processor.py:161} INFO - Started process (PID=116) to work on /home/airflow/.local/lib/python3.12/site-packages/airflow/example_dags/example_branch_python_dop_operator_3.py
[2024-10-02T01:55:29.548+0000] {processor.py:830} INFO - Processing file /home/airflow/.local/lib/python3.12/site-packages/airflow/example_dags/example_branch_python_dop_operator_3.py for tasks to queue
[2024-10-02T01:55:29.550+0000] {logging_mixin.py:188} INFO - [2024-10-02T01:55:29.550+0000] {dagbag.py:545} INFO - Filling up the DagBag from /home/airflow/.local/lib/python3.12/site-packages/airflow/example_dags/example_branch_python_dop_operator_3.py
[2024-10-02T01:55:29.557+0000] {processor.py:840} INFO - DAG(s) 'example_branch_dop_operator_v3' retrieved from /home/airflow/.local/lib/python3.12/site-packages/airflow/example_dags/example_branch_python_dop_operator_3.py
[2024-10-02T01:55:29.612+0000] {logging_mixin.py:188} INFO - [2024-10-02T01:55:29.612+0000] {dag.py:3096} INFO - Sync 1 DAGs
[2024-10-02T01:55:29.624+0000] {logging_mixin.py:188} INFO - [2024-10-02T01:55:29.624+0000] {dag.py:3954} INFO - Setting next_dagrun for example_branch_dop_operator_v3 to 2024-10-02 01:54:00+00:00, run_after=2024-10-02 01:55:00+00:00
[2024-10-02T01:55:29.634+0000] {processor.py:183} INFO - Processing /home/airflow/.local/lib/python3.12/site-packages/airflow/example_dags/example_branch_python_dop_operator_3.py took 0.091 seconds
[2024-10-02T01:56:00.436+0000] {processor.py:161} INFO - Started process (PID=174) to work on /home/airflow/.local/lib/python3.12/site-packages/airflow/example_dags/example_branch_python_dop_operator_3.py
[2024-10-02T01:56:00.437+0000] {processor.py:830} INFO - Processing file /home/airflow/.local/lib/python3.12/site-packages/airflow/example_dags/example_branch_python_dop_operator_3.py for tasks to queue
[2024-10-02T01:56:00.439+0000] {logging_mixin.py:188} INFO - [2024-10-02T01:56:00.439+0000] {dagbag.py:545} INFO - Filling up the DagBag from /home/airflow/.local/lib/python3.12/site-packages/airflow/example_dags/example_branch_python_dop_operator_3.py
[2024-10-02T01:56:00.445+0000] {processor.py:840} INFO - DAG(s) 'example_branch_dop_operator_v3' retrieved from /home/airflow/.local/lib/python3.12/site-packages/airflow/example_dags/example_branch_python_dop_operator_3.py
[2024-10-02T01:56:00.460+0000] {logging_mixin.py:188} INFO - [2024-10-02T01:56:00.460+0000] {dag.py:3096} INFO - Sync 1 DAGs
[2024-10-02T01:56:00.475+0000] {logging_mixin.py:188} INFO - [2024-10-02T01:56:00.475+0000] {dag.py:3954} INFO - Setting next_dagrun for example_branch_dop_operator_v3 to 2024-10-02 01:55:00+00:00, run_after=2024-10-02 01:56:00+00:00
[2024-10-02T01:56:00.486+0000] {processor.py:183} INFO - Processing /home/airflow/.local/lib/python3.12/site-packages/airflow/example_dags/example_branch_python_dop_operator_3.py took 0.054 seconds
[2024-10-02T01:56:31.144+0000] {processor.py:161} INFO - Started process (PID=232) to work on /home/airflow/.local/lib/python3.12/site-packages/airflow/example_dags/example_branch_python_dop_operator_3.py
[2024-10-02T01:56:31.145+0000] {processor.py:830} INFO - Processing file /home/airflow/.local/lib/python3.12/site-packages/airflow/example_dags/example_branch_python_dop_operator_3.py for tasks to queue
[2024-10-02T01:56:31.147+0000] {logging_mixin.py:188} INFO - [2024-10-02T01:56:31.147+0000] {dagbag.py:545} INFO - Filling up the DagBag from /home/airflow/.local/lib/python3.12/site-packages/airflow/example_dags/example_branch_python_dop_operator_3.py
[2024-10-02T01:56:31.155+0000] {processor.py:840} INFO - DAG(s) 'example_branch_dop_operator_v3' retrieved from /home/airflow/.local/lib/python3.12/site-packages/airflow/example_dags/example_branch_python_dop_operator_3.py
[2024-10-02T01:56:31.171+0000] {logging_mixin.py:188} INFO - [2024-10-02T01:56:31.171+0000] {dag.py:3096} INFO - Sync 1 DAGs
[2024-10-02T01:56:31.187+0000] {logging_mixin.py:188} INFO - [2024-10-02T01:56:31.187+0000] {dag.py:3954} INFO - Setting next_dagrun for example_branch_dop_operator_v3 to 2024-10-02 01:55:00+00:00, run_after=2024-10-02 01:56:00+00:00
[2024-10-02T01:56:31.199+0000] {processor.py:183} INFO - Processing /home/airflow/.local/lib/python3.12/site-packages/airflow/example_dags/example_branch_python_dop_operator_3.py took 0.060 seconds
[2024-10-02T01:57:01.582+0000] {processor.py:161} INFO - Started process (PID=290) to work on /home/airflow/.local/lib/python3.12/site-packages/airflow/example_dags/example_branch_python_dop_operator_3.py
[2024-10-02T01:57:01.583+0000] {processor.py:830} INFO - Processing file /home/airflow/.local/lib/python3.12/site-packages/airflow/example_dags/example_branch_python_dop_operator_3.py for tasks to queue
[2024-10-02T01:57:01.584+0000] {logging_mixin.py:188} INFO - [2024-10-02T01:57:01.584+0000] {dagbag.py:545} INFO - Filling up the DagBag from /home/airflow/.local/lib/python3.12/site-packages/airflow/example_dags/example_branch_python_dop_operator_3.py
[2024-10-02T01:57:01.590+0000] {processor.py:840} INFO - DAG(s) 'example_branch_dop_operator_v3' retrieved from /home/airflow/.local/lib/python3.12/site-packages/airflow/example_dags/example_branch_python_dop_operator_3.py
[2024-10-02T01:57:01.606+0000] {logging_mixin.py:188} INFO - [2024-10-02T01:57:01.606+0000] {dag.py:3096} INFO - Sync 1 DAGs
[2024-10-02T01:57:01.619+0000] {logging_mixin.py:188} INFO - [2024-10-02T01:57:01.619+0000] {dag.py:3954} INFO - Setting next_dagrun for example_branch_dop_operator_v3 to 2024-10-02 01:56:00+00:00, run_after=2024-10-02 01:57:00+00:00
[2024-10-02T01:57:01.629+0000] {processor.py:183} INFO - Processing /home/airflow/.local/lib/python3.12/site-packages/airflow/example_dags/example_branch_python_dop_operator_3.py took 0.051 seconds
[2024-10-02T01:57:32.017+0000] {processor.py:161} INFO - Started process (PID=348) to work on /home/airflow/.local/lib/python3.12/site-packages/airflow/example_dags/example_branch_python_dop_operator_3.py
[2024-10-02T01:57:32.018+0000] {processor.py:830} INFO - Processing file /home/airflow/.local/lib/python3.12/site-packages/airflow/example_dags/example_branch_python_dop_operator_3.py for tasks to queue
[2024-10-02T01:57:32.020+0000] {logging_mixin.py:188} INFO - [2024-10-02T01:57:32.020+0000] {dagbag.py:545} INFO - Filling up the DagBag from /home/airflow/.local/lib/python3.12/site-packages/airflow/example_dags/example_branch_python_dop_operator_3.py
[2024-10-02T01:57:32.027+0000] {processor.py:840} INFO - DAG(s) 'example_branch_dop_operator_v3' retrieved from /home/airflow/.local/lib/python3.12/site-packages/airflow/example_dags/example_branch_python_dop_operator_3.py
[2024-10-02T01:57:32.041+0000] {logging_mixin.py:188} INFO - [2024-10-02T01:57:32.041+0000] {dag.py:3096} INFO - Sync 1 DAGs
[2024-10-02T01:57:32.060+0000] {logging_mixin.py:188} INFO - [2024-10-02T01:57:32.060+0000] {dag.py:3954} INFO - Setting next_dagrun for example_branch_dop_operator_v3 to 2024-10-02 01:56:00+00:00, run_after=2024-10-02 01:57:00+00:00
[2024-10-02T01:57:32.070+0000] {processor.py:183} INFO - Processing /home/airflow/.local/lib/python3.12/site-packages/airflow/example_dags/example_branch_python_dop_operator_3.py took 0.057 seconds
[2024-10-02T01:58:02.383+0000] {processor.py:161} INFO - Started process (PID=406) to work on /home/airflow/.local/lib/python3.12/site-packages/airflow/example_dags/example_branch_python_dop_operator_3.py
[2024-10-02T01:58:02.384+0000] {processor.py:830} INFO - Processing file /home/airflow/.local/lib/python3.12/site-packages/airflow/example_dags/example_branch_python_dop_operator_3.py for tasks to queue
[2024-10-02T01:58:02.386+0000] {logging_mixin.py:188} INFO - [2024-10-02T01:58:02.385+0000] {dagbag.py:545} INFO - Filling up the DagBag from /home/airflow/.local/lib/python3.12/site-packages/airflow/example_dags/example_branch_python_dop_operator_3.py
[2024-10-02T01:58:02.392+0000] {processor.py:840} INFO - DAG(s) 'example_branch_dop_operator_v3' retrieved from /home/airflow/.local/lib/python3.12/site-packages/airflow/example_dags/example_branch_python_dop_operator_3.py
[2024-10-02T01:58:02.407+0000] {logging_mixin.py:188} INFO - [2024-10-02T01:58:02.407+0000] {dag.py:3096} INFO - Sync 1 DAGs
[2024-10-02T01:58:02.421+0000] {logging_mixin.py:188} INFO - [2024-10-02T01:58:02.421+0000] {dag.py:3954} INFO - Setting next_dagrun for example_branch_dop_operator_v3 to 2024-10-02 01:57:00+00:00, run_after=2024-10-02 01:58:00+00:00
[2024-10-02T01:58:02.432+0000] {processor.py:183} INFO - Processing /home/airflow/.local/lib/python3.12/site-packages/airflow/example_dags/example_branch_python_dop_operator_3.py took 0.053 seconds
[2024-10-02T01:58:32.969+0000] {processor.py:161} INFO - Started process (PID=464) to work on /home/airflow/.local/lib/python3.12/site-packages/airflow/example_dags/example_branch_python_dop_operator_3.py
[2024-10-02T01:58:32.970+0000] {processor.py:830} INFO - Processing file /home/airflow/.local/lib/python3.12/site-packages/airflow/example_dags/example_branch_python_dop_operator_3.py for tasks to queue
[2024-10-02T01:58:32.972+0000] {logging_mixin.py:188} INFO - [2024-10-02T01:58:32.972+0000] {dagbag.py:545} INFO - Filling up the DagBag from /home/airflow/.local/lib/python3.12/site-packages/airflow/example_dags/example_branch_python_dop_operator_3.py
[2024-10-02T01:58:32.978+0000] {processor.py:840} INFO - DAG(s) 'example_branch_dop_operator_v3' retrieved from /home/airflow/.local/lib/python3.12/site-packages/airflow/example_dags/example_branch_python_dop_operator_3.py
[2024-10-02T01:58:32.994+0000] {logging_mixin.py:188} INFO - [2024-10-02T01:58:32.994+0000] {dag.py:3096} INFO - Sync 1 DAGs
[2024-10-02T01:58:33.009+0000] {logging_mixin.py:188} INFO - [2024-10-02T01:58:33.009+0000] {dag.py:3954} INFO - Setting next_dagrun for example_branch_dop_operator_v3 to 2024-10-02 01:57:00+00:00, run_after=2024-10-02 01:58:00+00:00
[2024-10-02T01:58:33.020+0000] {processor.py:183} INFO - Processing /home/airflow/.local/lib/python3.12/site-packages/airflow/example_dags/example_branch_python_dop_operator_3.py took 0.055 seconds
[2024-10-02T01:59:03.381+0000] {processor.py:161} INFO - Started process (PID=523) to work on /home/airflow/.local/lib/python3.12/site-packages/airflow/example_dags/example_branch_python_dop_operator_3.py
[2024-10-02T01:59:03.382+0000] {processor.py:830} INFO - Processing file /home/airflow/.local/lib/python3.12/site-packages/airflow/example_dags/example_branch_python_dop_operator_3.py for tasks to queue
[2024-10-02T01:59:03.384+0000] {logging_mixin.py:188} INFO - [2024-10-02T01:59:03.384+0000] {dagbag.py:545} INFO - Filling up the DagBag from /home/airflow/.local/lib/python3.12/site-packages/airflow/example_dags/example_branch_python_dop_operator_3.py
[2024-10-02T01:59:03.390+0000] {processor.py:840} INFO - DAG(s) 'example_branch_dop_operator_v3' retrieved from /home/airflow/.local/lib/python3.12/site-packages/airflow/example_dags/example_branch_python_dop_operator_3.py
[2024-10-02T01:59:03.406+0000] {logging_mixin.py:188} INFO - [2024-10-02T01:59:03.406+0000] {dag.py:3096} INFO - Sync 1 DAGs
[2024-10-02T01:59:03.422+0000] {logging_mixin.py:188} INFO - [2024-10-02T01:59:03.421+0000] {dag.py:3954} INFO - Setting next_dagrun for example_branch_dop_operator_v3 to 2024-10-02 01:58:00+00:00, run_after=2024-10-02 01:59:00+00:00
[2024-10-02T01:59:03.434+0000] {processor.py:183} INFO - Processing /home/airflow/.local/lib/python3.12/site-packages/airflow/example_dags/example_branch_python_dop_operator_3.py took 0.057 seconds
[2024-10-02T01:59:33.771+0000] {processor.py:161} INFO - Started process (PID=581) to work on /home/airflow/.local/lib/python3.12/site-packages/airflow/example_dags/example_branch_python_dop_operator_3.py
[2024-10-02T01:59:33.772+0000] {processor.py:830} INFO - Processing file /home/airflow/.local/lib/python3.12/site-packages/airflow/example_dags/example_branch_python_dop_operator_3.py for tasks to queue
[2024-10-02T01:59:33.774+0000] {logging_mixin.py:188} INFO - [2024-10-02T01:59:33.773+0000] {dagbag.py:545} INFO - Filling up the DagBag from /home/airflow/.local/lib/python3.12/site-packages/airflow/example_dags/example_branch_python_dop_operator_3.py
[2024-10-02T01:59:33.780+0000] {processor.py:840} INFO - DAG(s) 'example_branch_dop_operator_v3' retrieved from /home/airflow/.local/lib/python3.12/site-packages/airflow/example_dags/example_branch_python_dop_operator_3.py
[2024-10-02T01:59:33.796+0000] {logging_mixin.py:188} INFO - [2024-10-02T01:59:33.796+0000] {dag.py:3096} INFO - Sync 1 DAGs
[2024-10-02T01:59:33.811+0000] {logging_mixin.py:188} INFO - [2024-10-02T01:59:33.811+0000] {dag.py:3954} INFO - Setting next_dagrun for example_branch_dop_operator_v3 to 2024-10-02 01:58:00+00:00, run_after=2024-10-02 01:59:00+00:00
[2024-10-02T01:59:33.822+0000] {processor.py:183} INFO - Processing /home/airflow/.local/lib/python3.12/site-packages/airflow/example_dags/example_branch_python_dop_operator_3.py took 0.055 seconds
[2024-10-02T02:00:04.228+0000] {processor.py:161} INFO - Started process (PID=639) to work on /home/airflow/.local/lib/python3.12/site-packages/airflow/example_dags/example_branch_python_dop_operator_3.py
[2024-10-02T02:00:04.229+0000] {processor.py:830} INFO - Processing file /home/airflow/.local/lib/python3.12/site-packages/airflow/example_dags/example_branch_python_dop_operator_3.py for tasks to queue
[2024-10-02T02:00:04.231+0000] {logging_mixin.py:188} INFO - [2024-10-02T02:00:04.231+0000] {dagbag.py:545} INFO - Filling up the DagBag from /home/airflow/.local/lib/python3.12/site-packages/airflow/example_dags/example_branch_python_dop_operator_3.py
[2024-10-02T02:00:04.238+0000] {processor.py:840} INFO - DAG(s) 'example_branch_dop_operator_v3' retrieved from /home/airflow/.local/lib/python3.12/site-packages/airflow/example_dags/example_branch_python_dop_operator_3.py
[2024-10-02T02:00:04.253+0000] {logging_mixin.py:188} INFO - [2024-10-02T02:00:04.253+0000] {dag.py:3096} INFO - Sync 1 DAGs
[2024-10-02T02:00:04.268+0000] {logging_mixin.py:188} INFO - [2024-10-02T02:00:04.267+0000] {dag.py:3954} INFO - Setting next_dagrun for example_branch_dop_operator_v3 to 2024-10-02 01:59:00+00:00, run_after=2024-10-02 02:00:00+00:00
[2024-10-02T02:00:04.278+0000] {processor.py:183} INFO - Processing /home/airflow/.local/lib/python3.12/site-packages/airflow/example_dags/example_branch_python_dop_operator_3.py took 0.055 seconds
[2024-10-02T02:00:34.986+0000] {processor.py:161} INFO - Started process (PID=698) to work on /home/airflow/.local/lib/python3.12/site-packages/airflow/example_dags/example_branch_python_dop_operator_3.py
[2024-10-02T02:00:34.987+0000] {processor.py:830} INFO - Processing file /home/airflow/.local/lib/python3.12/site-packages/airflow/example_dags/example_branch_python_dop_operator_3.py for tasks to queue
[2024-10-02T02:00:34.989+0000] {logging_mixin.py:188} INFO - [2024-10-02T02:00:34.988+0000] {dagbag.py:545} INFO - Filling up the DagBag from /home/airflow/.local/lib/python3.12/site-packages/airflow/example_dags/example_branch_python_dop_operator_3.py
[2024-10-02T02:00:34.995+0000] {processor.py:840} INFO - DAG(s) 'example_branch_dop_operator_v3' retrieved from /home/airflow/.local/lib/python3.12/site-packages/airflow/example_dags/example_branch_python_dop_operator_3.py
[2024-10-02T02:00:35.012+0000] {logging_mixin.py:188} INFO - [2024-10-02T02:00:35.012+0000] {dag.py:3096} INFO - Sync 1 DAGs
[2024-10-02T02:00:35.028+0000] {logging_mixin.py:188} INFO - [2024-10-02T02:00:35.028+0000] {dag.py:3954} INFO - Setting next_dagrun for example_branch_dop_operator_v3 to 2024-10-02 01:59:00+00:00, run_after=2024-10-02 02:00:00+00:00
[2024-10-02T02:00:35.038+0000] {processor.py:183} INFO - Processing /home/airflow/.local/lib/python3.12/site-packages/airflow/example_dags/example_branch_python_dop_operator_3.py took 0.057 seconds
[2024-10-02T02:01:05.598+0000] {processor.py:161} INFO - Started process (PID=756) to work on /home/airflow/.local/lib/python3.12/site-packages/airflow/example_dags/example_branch_python_dop_operator_3.py
[2024-10-02T02:01:05.600+0000] {processor.py:830} INFO - Processing file /home/airflow/.local/lib/python3.12/site-packages/airflow/example_dags/example_branch_python_dop_operator_3.py for tasks to queue
[2024-10-02T02:01:05.601+0000] {logging_mixin.py:188} INFO - [2024-10-02T02:01:05.601+0000] {dagbag.py:545} INFO - Filling up the DagBag from /home/airflow/.local/lib/python3.12/site-packages/airflow/example_dags/example_branch_python_dop_operator_3.py
[2024-10-02T02:01:05.608+0000] {processor.py:840} INFO - DAG(s) 'example_branch_dop_operator_v3' retrieved from /home/airflow/.local/lib/python3.12/site-packages/airflow/example_dags/example_branch_python_dop_operator_3.py
[2024-10-02T02:01:05.625+0000] {logging_mixin.py:188} INFO - [2024-10-02T02:01:05.625+0000] {dag.py:3096} INFO - Sync 1 DAGs
[2024-10-02T02:01:05.640+0000] {logging_mixin.py:188} INFO - [2024-10-02T02:01:05.640+0000] {dag.py:3954} INFO - Setting next_dagrun for example_branch_dop_operator_v3 to 2024-10-02 02:00:00+00:00, run_after=2024-10-02 02:01:00+00:00
[2024-10-02T02:01:05.650+0000] {processor.py:183} INFO - Processing /home/airflow/.local/lib/python3.12/site-packages/airflow/example_dags/example_branch_python_dop_operator_3.py took 0.056 seconds
[2024-10-02T02:01:35.842+0000] {processor.py:161} INFO - Started process (PID=813) to work on /home/airflow/.local/lib/python3.12/site-packages/airflow/example_dags/example_branch_python_dop_operator_3.py
[2024-10-02T02:01:35.845+0000] {processor.py:830} INFO - Processing file /home/airflow/.local/lib/python3.12/site-packages/airflow/example_dags/example_branch_python_dop_operator_3.py for tasks to queue
[2024-10-02T02:01:35.849+0000] {logging_mixin.py:188} INFO - [2024-10-02T02:01:35.848+0000] {dagbag.py:545} INFO - Filling up the DagBag from /home/airflow/.local/lib/python3.12/site-packages/airflow/example_dags/example_branch_python_dop_operator_3.py
[2024-10-02T02:01:35.857+0000] {processor.py:840} INFO - DAG(s) 'example_branch_dop_operator_v3' retrieved from /home/airflow/.local/lib/python3.12/site-packages/airflow/example_dags/example_branch_python_dop_operator_3.py
[2024-10-02T02:01:35.876+0000] {logging_mixin.py:188} INFO - [2024-10-02T02:01:35.876+0000] {dag.py:3096} INFO - Sync 1 DAGs
[2024-10-02T02:01:35.894+0000] {logging_mixin.py:188} INFO - [2024-10-02T02:01:35.894+0000] {dag.py:3954} INFO - Setting next_dagrun for example_branch_dop_operator_v3 to 2024-10-02 02:00:00+00:00, run_after=2024-10-02 02:01:00+00:00
[2024-10-02T02:01:35.965+0000] {processor.py:183} INFO - Processing /home/airflow/.local/lib/python3.12/site-packages/airflow/example_dags/example_branch_python_dop_operator_3.py took 0.128 seconds
[2024-10-02T02:02:06.857+0000] {processor.py:161} INFO - Started process (PID=872) to work on /home/airflow/.local/lib/python3.12/site-packages/airflow/example_dags/example_branch_python_dop_operator_3.py
[2024-10-02T02:02:06.859+0000] {processor.py:830} INFO - Processing file /home/airflow/.local/lib/python3.12/site-packages/airflow/example_dags/example_branch_python_dop_operator_3.py for tasks to queue
[2024-10-02T02:02:06.861+0000] {logging_mixin.py:188} INFO - [2024-10-02T02:02:06.860+0000] {dagbag.py:545} INFO - Filling up the DagBag from /home/airflow/.local/lib/python3.12/site-packages/airflow/example_dags/example_branch_python_dop_operator_3.py
[2024-10-02T02:02:06.868+0000] {processor.py:840} INFO - DAG(s) 'example_branch_dop_operator_v3' retrieved from /home/airflow/.local/lib/python3.12/site-packages/airflow/example_dags/example_branch_python_dop_operator_3.py
[2024-10-02T02:02:06.887+0000] {logging_mixin.py:188} INFO - [2024-10-02T02:02:06.887+0000] {dag.py:3096} INFO - Sync 1 DAGs
[2024-10-02T02:02:06.906+0000] {logging_mixin.py:188} INFO - [2024-10-02T02:02:06.906+0000] {dag.py:3954} INFO - Setting next_dagrun for example_branch_dop_operator_v3 to 2024-10-02 02:01:00+00:00, run_after=2024-10-02 02:02:00+00:00
[2024-10-02T02:02:06.920+0000] {processor.py:183} INFO - Processing /home/airflow/.local/lib/python3.12/site-packages/airflow/example_dags/example_branch_python_dop_operator_3.py took 0.067 seconds
[2024-10-02T02:02:37.099+0000] {processor.py:161} INFO - Started process (PID=929) to work on /home/airflow/.local/lib/python3.12/site-packages/airflow/example_dags/example_branch_python_dop_operator_3.py
[2024-10-02T02:02:37.102+0000] {processor.py:830} INFO - Processing file /home/airflow/.local/lib/python3.12/site-packages/airflow/example_dags/example_branch_python_dop_operator_3.py for tasks to queue
[2024-10-02T02:02:37.105+0000] {logging_mixin.py:188} INFO - [2024-10-02T02:02:37.105+0000] {dagbag.py:545} INFO - Filling up the DagBag from /home/airflow/.local/lib/python3.12/site-packages/airflow/example_dags/example_branch_python_dop_operator_3.py
[2024-10-02T02:02:37.116+0000] {processor.py:840} INFO - DAG(s) 'example_branch_dop_operator_v3' retrieved from /home/airflow/.local/lib/python3.12/site-packages/airflow/example_dags/example_branch_python_dop_operator_3.py
[2024-10-02T02:02:37.136+0000] {logging_mixin.py:188} INFO - [2024-10-02T02:02:37.135+0000] {dag.py:3096} INFO - Sync 1 DAGs
[2024-10-02T02:02:37.150+0000] {logging_mixin.py:188} INFO - [2024-10-02T02:02:37.150+0000] {dag.py:3954} INFO - Setting next_dagrun for example_branch_dop_operator_v3 to 2024-10-02 02:01:00+00:00, run_after=2024-10-02 02:02:00+00:00
[2024-10-02T02:02:37.161+0000] {processor.py:183} INFO - Processing /home/airflow/.local/lib/python3.12/site-packages/airflow/example_dags/example_branch_python_dop_operator_3.py took 0.072 seconds
[2024-10-02T02:03:07.475+0000] {processor.py:161} INFO - Started process (PID=987) to work on /home/airflow/.local/lib/python3.12/site-packages/airflow/example_dags/example_branch_python_dop_operator_3.py
[2024-10-02T02:03:07.478+0000] {processor.py:830} INFO - Processing file /home/airflow/.local/lib/python3.12/site-packages/airflow/example_dags/example_branch_python_dop_operator_3.py for tasks to queue
[2024-10-02T02:03:07.481+0000] {logging_mixin.py:188} INFO - [2024-10-02T02:03:07.480+0000] {dagbag.py:545} INFO - Filling up the DagBag from /home/airflow/.local/lib/python3.12/site-packages/airflow/example_dags/example_branch_python_dop_operator_3.py
[2024-10-02T02:03:07.490+0000] {processor.py:840} INFO - DAG(s) 'example_branch_dop_operator_v3' retrieved from /home/airflow/.local/lib/python3.12/site-packages/airflow/example_dags/example_branch_python_dop_operator_3.py
[2024-10-02T02:03:07.511+0000] {logging_mixin.py:188} INFO - [2024-10-02T02:03:07.511+0000] {dag.py:3096} INFO - Sync 1 DAGs
[2024-10-02T02:03:07.526+0000] {logging_mixin.py:188} INFO - [2024-10-02T02:03:07.526+0000] {dag.py:3954} INFO - Setting next_dagrun for example_branch_dop_operator_v3 to 2024-10-02 02:02:00+00:00, run_after=2024-10-02 02:03:00+00:00
[2024-10-02T02:03:07.536+0000] {processor.py:183} INFO - Processing /home/airflow/.local/lib/python3.12/site-packages/airflow/example_dags/example_branch_python_dop_operator_3.py took 0.070 seconds
[2024-10-02T02:03:37.886+0000] {processor.py:161} INFO - Started process (PID=1045) to work on /home/airflow/.local/lib/python3.12/site-packages/airflow/example_dags/example_branch_python_dop_operator_3.py
[2024-10-02T02:03:37.889+0000] {processor.py:830} INFO - Processing file /home/airflow/.local/lib/python3.12/site-packages/airflow/example_dags/example_branch_python_dop_operator_3.py for tasks to queue
[2024-10-02T02:03:37.892+0000] {logging_mixin.py:188} INFO - [2024-10-02T02:03:37.892+0000] {dagbag.py:545} INFO - Filling up the DagBag from /home/airflow/.local/lib/python3.12/site-packages/airflow/example_dags/example_branch_python_dop_operator_3.py
[2024-10-02T02:03:37.903+0000] {processor.py:840} INFO - DAG(s) 'example_branch_dop_operator_v3' retrieved from /home/airflow/.local/lib/python3.12/site-packages/airflow/example_dags/example_branch_python_dop_operator_3.py
[2024-10-02T02:03:37.922+0000] {logging_mixin.py:188} INFO - [2024-10-02T02:03:37.922+0000] {dag.py:3096} INFO - Sync 1 DAGs
[2024-10-02T02:03:37.937+0000] {logging_mixin.py:188} INFO - [2024-10-02T02:03:37.937+0000] {dag.py:3954} INFO - Setting next_dagrun for example_branch_dop_operator_v3 to 2024-10-02 02:02:00+00:00, run_after=2024-10-02 02:03:00+00:00
[2024-10-02T02:03:37.947+0000] {processor.py:183} INFO - Processing /home/airflow/.local/lib/python3.12/site-packages/airflow/example_dags/example_branch_python_dop_operator_3.py took 0.072 seconds
[2024-10-02T02:04:08.143+0000] {processor.py:161} INFO - Started process (PID=1103) to work on /home/airflow/.local/lib/python3.12/site-packages/airflow/example_dags/example_branch_python_dop_operator_3.py
[2024-10-02T02:04:08.147+0000] {processor.py:830} INFO - Processing file /home/airflow/.local/lib/python3.12/site-packages/airflow/example_dags/example_branch_python_dop_operator_3.py for tasks to queue
[2024-10-02T02:04:08.150+0000] {logging_mixin.py:188} INFO - [2024-10-02T02:04:08.149+0000] {dagbag.py:545} INFO - Filling up the DagBag from /home/airflow/.local/lib/python3.12/site-packages/airflow/example_dags/example_branch_python_dop_operator_3.py
[2024-10-02T02:04:08.160+0000] {processor.py:840} INFO - DAG(s) 'example_branch_dop_operator_v3' retrieved from /home/airflow/.local/lib/python3.12/site-packages/airflow/example_dags/example_branch_python_dop_operator_3.py
[2024-10-02T02:04:08.181+0000] {logging_mixin.py:188} INFO - [2024-10-02T02:04:08.180+0000] {dag.py:3096} INFO - Sync 1 DAGs
[2024-10-02T02:04:08.196+0000] {logging_mixin.py:188} INFO - [2024-10-02T02:04:08.196+0000] {dag.py:3954} INFO - Setting next_dagrun for example_branch_dop_operator_v3 to 2024-10-02 02:03:00+00:00, run_after=2024-10-02 02:04:00+00:00
[2024-10-02T02:04:08.206+0000] {processor.py:183} INFO - Processing /home/airflow/.local/lib/python3.12/site-packages/airflow/example_dags/example_branch_python_dop_operator_3.py took 0.073 seconds
[2024-10-02T02:04:38.515+0000] {processor.py:161} INFO - Started process (PID=1161) to work on /home/airflow/.local/lib/python3.12/site-packages/airflow/example_dags/example_branch_python_dop_operator_3.py
[2024-10-02T02:04:38.518+0000] {processor.py:830} INFO - Processing file /home/airflow/.local/lib/python3.12/site-packages/airflow/example_dags/example_branch_python_dop_operator_3.py for tasks to queue
[2024-10-02T02:04:38.521+0000] {logging_mixin.py:188} INFO - [2024-10-02T02:04:38.520+0000] {dagbag.py:545} INFO - Filling up the DagBag from /home/airflow/.local/lib/python3.12/site-packages/airflow/example_dags/example_branch_python_dop_operator_3.py
[2024-10-02T02:04:38.532+0000] {processor.py:840} INFO - DAG(s) 'example_branch_dop_operator_v3' retrieved from /home/airflow/.local/lib/python3.12/site-packages/airflow/example_dags/example_branch_python_dop_operator_3.py
[2024-10-02T02:04:38.552+0000] {logging_mixin.py:188} INFO - [2024-10-02T02:04:38.552+0000] {dag.py:3096} INFO - Sync 1 DAGs
[2024-10-02T02:04:38.567+0000] {logging_mixin.py:188} INFO - [2024-10-02T02:04:38.567+0000] {dag.py:3954} INFO - Setting next_dagrun for example_branch_dop_operator_v3 to 2024-10-02 02:03:00+00:00, run_after=2024-10-02 02:04:00+00:00
[2024-10-02T02:04:38.577+0000] {processor.py:183} INFO - Processing /home/airflow/.local/lib/python3.12/site-packages/airflow/example_dags/example_branch_python_dop_operator_3.py took 0.072 seconds
[2024-10-02T02:05:09.061+0000] {processor.py:161} INFO - Started process (PID=1219) to work on /home/airflow/.local/lib/python3.12/site-packages/airflow/example_dags/example_branch_python_dop_operator_3.py
[2024-10-02T02:05:09.064+0000] {processor.py:830} INFO - Processing file /home/airflow/.local/lib/python3.12/site-packages/airflow/example_dags/example_branch_python_dop_operator_3.py for tasks to queue
[2024-10-02T02:05:09.068+0000] {logging_mixin.py:188} INFO - [2024-10-02T02:05:09.067+0000] {dagbag.py:545} INFO - Filling up the DagBag from /home/airflow/.local/lib/python3.12/site-packages/airflow/example_dags/example_branch_python_dop_operator_3.py
[2024-10-02T02:05:09.081+0000] {processor.py:840} INFO - DAG(s) 'example_branch_dop_operator_v3' retrieved from /home/airflow/.local/lib/python3.12/site-packages/airflow/example_dags/example_branch_python_dop_operator_3.py
[2024-10-02T02:05:09.102+0000] {logging_mixin.py:188} INFO - [2024-10-02T02:05:09.102+0000] {dag.py:3096} INFO - Sync 1 DAGs
[2024-10-02T02:05:09.120+0000] {logging_mixin.py:188} INFO - [2024-10-02T02:05:09.119+0000] {dag.py:3954} INFO - Setting next_dagrun for example_branch_dop_operator_v3 to 2024-10-02 02:04:00+00:00, run_after=2024-10-02 02:05:00+00:00
[2024-10-02T02:05:09.132+0000] {processor.py:183} INFO - Processing /home/airflow/.local/lib/python3.12/site-packages/airflow/example_dags/example_branch_python_dop_operator_3.py took 0.086 seconds
