[2024-10-02T01:54:56.979+0000] {processor.py:161} INFO - Started process (PID=39) to work on /home/airflow/.local/lib/python3.12/site-packages/airflow/example_dags/example_branch_labels.py
[2024-10-02T01:54:56.984+0000] {processor.py:830} INFO - Processing file /home/airflow/.local/lib/python3.12/site-packages/airflow/example_dags/example_branch_labels.py for tasks to queue
[2024-10-02T01:54:56.988+0000] {logging_mixin.py:188} INFO - [2024-10-02T01:54:56.988+0000] {dagbag.py:545} INFO - Filling up the DagBag from /home/airflow/.local/lib/python3.12/site-packages/airflow/example_dags/example_branch_labels.py
[2024-10-02T01:54:56.997+0000] {processor.py:840} INFO - DAG(s) 'example_branch_labels' retrieved from /home/airflow/.local/lib/python3.12/site-packages/airflow/example_dags/example_branch_labels.py
[2024-10-02T01:54:57.022+0000] {logging_mixin.py:188} INFO - [2024-10-02T01:54:57.022+0000] {dag.py:3096} INFO - Sync 1 DAGs
[2024-10-02T01:54:57.079+0000] {logging_mixin.py:188} INFO - [2024-10-02T01:54:57.078+0000] {dag.py:3954} INFO - Setting next_dagrun for example_branch_labels to 2024-10-01 00:00:00+00:00, run_after=2024-10-02 00:00:00+00:00
[2024-10-02T01:54:57.108+0000] {processor.py:183} INFO - Processing /home/airflow/.local/lib/python3.12/site-packages/airflow/example_dags/example_branch_labels.py took 0.141 seconds
[2024-10-02T01:55:28.159+0000] {processor.py:161} INFO - Started process (PID=97) to work on /home/airflow/.local/lib/python3.12/site-packages/airflow/example_dags/example_branch_labels.py
[2024-10-02T01:55:28.161+0000] {processor.py:830} INFO - Processing file /home/airflow/.local/lib/python3.12/site-packages/airflow/example_dags/example_branch_labels.py for tasks to queue
[2024-10-02T01:55:28.163+0000] {logging_mixin.py:188} INFO - [2024-10-02T01:55:28.163+0000] {dagbag.py:545} INFO - Filling up the DagBag from /home/airflow/.local/lib/python3.12/site-packages/airflow/example_dags/example_branch_labels.py
[2024-10-02T01:55:28.171+0000] {processor.py:840} INFO - DAG(s) 'example_branch_labels' retrieved from /home/airflow/.local/lib/python3.12/site-packages/airflow/example_dags/example_branch_labels.py
[2024-10-02T01:55:28.230+0000] {logging_mixin.py:188} INFO - [2024-10-02T01:55:28.230+0000] {dag.py:3096} INFO - Sync 1 DAGs
[2024-10-02T01:55:28.242+0000] {logging_mixin.py:188} INFO - [2024-10-02T01:55:28.241+0000] {dag.py:3954} INFO - Setting next_dagrun for example_branch_labels to 2024-10-01 00:00:00+00:00, run_after=2024-10-02 00:00:00+00:00
[2024-10-02T01:55:28.251+0000] {processor.py:183} INFO - Processing /home/airflow/.local/lib/python3.12/site-packages/airflow/example_dags/example_branch_labels.py took 0.100 seconds
[2024-10-02T01:55:58.502+0000] {processor.py:161} INFO - Started process (PID=155) to work on /home/airflow/.local/lib/python3.12/site-packages/airflow/example_dags/example_branch_labels.py
[2024-10-02T01:55:58.504+0000] {processor.py:830} INFO - Processing file /home/airflow/.local/lib/python3.12/site-packages/airflow/example_dags/example_branch_labels.py for tasks to queue
[2024-10-02T01:55:58.506+0000] {logging_mixin.py:188} INFO - [2024-10-02T01:55:58.506+0000] {dagbag.py:545} INFO - Filling up the DagBag from /home/airflow/.local/lib/python3.12/site-packages/airflow/example_dags/example_branch_labels.py
[2024-10-02T01:55:58.514+0000] {processor.py:840} INFO - DAG(s) 'example_branch_labels' retrieved from /home/airflow/.local/lib/python3.12/site-packages/airflow/example_dags/example_branch_labels.py
[2024-10-02T01:55:58.534+0000] {logging_mixin.py:188} INFO - [2024-10-02T01:55:58.534+0000] {dag.py:3096} INFO - Sync 1 DAGs
[2024-10-02T01:55:58.548+0000] {logging_mixin.py:188} INFO - [2024-10-02T01:55:58.548+0000] {dag.py:3954} INFO - Setting next_dagrun for example_branch_labels to 2024-10-01 00:00:00+00:00, run_after=2024-10-02 00:00:00+00:00
[2024-10-02T01:55:58.558+0000] {processor.py:183} INFO - Processing /home/airflow/.local/lib/python3.12/site-packages/airflow/example_dags/example_branch_labels.py took 0.064 seconds
[2024-10-02T01:56:29.067+0000] {processor.py:161} INFO - Started process (PID=213) to work on /home/airflow/.local/lib/python3.12/site-packages/airflow/example_dags/example_branch_labels.py
[2024-10-02T01:56:29.069+0000] {processor.py:830} INFO - Processing file /home/airflow/.local/lib/python3.12/site-packages/airflow/example_dags/example_branch_labels.py for tasks to queue
[2024-10-02T01:56:29.072+0000] {logging_mixin.py:188} INFO - [2024-10-02T01:56:29.071+0000] {dagbag.py:545} INFO - Filling up the DagBag from /home/airflow/.local/lib/python3.12/site-packages/airflow/example_dags/example_branch_labels.py
[2024-10-02T01:56:29.080+0000] {processor.py:840} INFO - DAG(s) 'example_branch_labels' retrieved from /home/airflow/.local/lib/python3.12/site-packages/airflow/example_dags/example_branch_labels.py
[2024-10-02T01:56:29.100+0000] {logging_mixin.py:188} INFO - [2024-10-02T01:56:29.099+0000] {dag.py:3096} INFO - Sync 1 DAGs
[2024-10-02T01:56:29.114+0000] {logging_mixin.py:188} INFO - [2024-10-02T01:56:29.113+0000] {dag.py:3954} INFO - Setting next_dagrun for example_branch_labels to 2024-10-01 00:00:00+00:00, run_after=2024-10-02 00:00:00+00:00
[2024-10-02T01:56:29.124+0000] {processor.py:183} INFO - Processing /home/airflow/.local/lib/python3.12/site-packages/airflow/example_dags/example_branch_labels.py took 0.065 seconds
[2024-10-02T01:56:59.766+0000] {processor.py:161} INFO - Started process (PID=271) to work on /home/airflow/.local/lib/python3.12/site-packages/airflow/example_dags/example_branch_labels.py
[2024-10-02T01:56:59.768+0000] {processor.py:830} INFO - Processing file /home/airflow/.local/lib/python3.12/site-packages/airflow/example_dags/example_branch_labels.py for tasks to queue
[2024-10-02T01:56:59.771+0000] {logging_mixin.py:188} INFO - [2024-10-02T01:56:59.770+0000] {dagbag.py:545} INFO - Filling up the DagBag from /home/airflow/.local/lib/python3.12/site-packages/airflow/example_dags/example_branch_labels.py
[2024-10-02T01:56:59.779+0000] {processor.py:840} INFO - DAG(s) 'example_branch_labels' retrieved from /home/airflow/.local/lib/python3.12/site-packages/airflow/example_dags/example_branch_labels.py
[2024-10-02T01:56:59.801+0000] {logging_mixin.py:188} INFO - [2024-10-02T01:56:59.801+0000] {dag.py:3096} INFO - Sync 1 DAGs
[2024-10-02T01:56:59.814+0000] {logging_mixin.py:188} INFO - [2024-10-02T01:56:59.814+0000] {dag.py:3954} INFO - Setting next_dagrun for example_branch_labels to 2024-10-01 00:00:00+00:00, run_after=2024-10-02 00:00:00+00:00
[2024-10-02T01:56:59.826+0000] {processor.py:183} INFO - Processing /home/airflow/.local/lib/python3.12/site-packages/airflow/example_dags/example_branch_labels.py took 0.068 seconds
[2024-10-02T01:57:30.148+0000] {processor.py:161} INFO - Started process (PID=329) to work on /home/airflow/.local/lib/python3.12/site-packages/airflow/example_dags/example_branch_labels.py
[2024-10-02T01:57:30.150+0000] {processor.py:830} INFO - Processing file /home/airflow/.local/lib/python3.12/site-packages/airflow/example_dags/example_branch_labels.py for tasks to queue
[2024-10-02T01:57:30.152+0000] {logging_mixin.py:188} INFO - [2024-10-02T01:57:30.152+0000] {dagbag.py:545} INFO - Filling up the DagBag from /home/airflow/.local/lib/python3.12/site-packages/airflow/example_dags/example_branch_labels.py
[2024-10-02T01:57:30.160+0000] {processor.py:840} INFO - DAG(s) 'example_branch_labels' retrieved from /home/airflow/.local/lib/python3.12/site-packages/airflow/example_dags/example_branch_labels.py
[2024-10-02T01:57:30.180+0000] {logging_mixin.py:188} INFO - [2024-10-02T01:57:30.180+0000] {dag.py:3096} INFO - Sync 1 DAGs
[2024-10-02T01:57:30.194+0000] {logging_mixin.py:188} INFO - [2024-10-02T01:57:30.194+0000] {dag.py:3954} INFO - Setting next_dagrun for example_branch_labels to 2024-10-01 00:00:00+00:00, run_after=2024-10-02 00:00:00+00:00
[2024-10-02T01:57:30.204+0000] {processor.py:183} INFO - Processing /home/airflow/.local/lib/python3.12/site-packages/airflow/example_dags/example_branch_labels.py took 0.064 seconds
[2024-10-02T01:58:00.630+0000] {processor.py:161} INFO - Started process (PID=387) to work on /home/airflow/.local/lib/python3.12/site-packages/airflow/example_dags/example_branch_labels.py
[2024-10-02T01:58:00.632+0000] {processor.py:830} INFO - Processing file /home/airflow/.local/lib/python3.12/site-packages/airflow/example_dags/example_branch_labels.py for tasks to queue
[2024-10-02T01:58:00.635+0000] {logging_mixin.py:188} INFO - [2024-10-02T01:58:00.635+0000] {dagbag.py:545} INFO - Filling up the DagBag from /home/airflow/.local/lib/python3.12/site-packages/airflow/example_dags/example_branch_labels.py
[2024-10-02T01:58:00.642+0000] {processor.py:840} INFO - DAG(s) 'example_branch_labels' retrieved from /home/airflow/.local/lib/python3.12/site-packages/airflow/example_dags/example_branch_labels.py
[2024-10-02T01:58:00.663+0000] {logging_mixin.py:188} INFO - [2024-10-02T01:58:00.662+0000] {dag.py:3096} INFO - Sync 1 DAGs
[2024-10-02T01:58:00.676+0000] {logging_mixin.py:188} INFO - [2024-10-02T01:58:00.676+0000] {dag.py:3954} INFO - Setting next_dagrun for example_branch_labels to 2024-10-01 00:00:00+00:00, run_after=2024-10-02 00:00:00+00:00
[2024-10-02T01:58:00.687+0000] {processor.py:183} INFO - Processing /home/airflow/.local/lib/python3.12/site-packages/airflow/example_dags/example_branch_labels.py took 0.065 seconds
[2024-10-02T01:58:31.007+0000] {processor.py:161} INFO - Started process (PID=445) to work on /home/airflow/.local/lib/python3.12/site-packages/airflow/example_dags/example_branch_labels.py
[2024-10-02T01:58:31.008+0000] {processor.py:830} INFO - Processing file /home/airflow/.local/lib/python3.12/site-packages/airflow/example_dags/example_branch_labels.py for tasks to queue
[2024-10-02T01:58:31.012+0000] {logging_mixin.py:188} INFO - [2024-10-02T01:58:31.011+0000] {dagbag.py:545} INFO - Filling up the DagBag from /home/airflow/.local/lib/python3.12/site-packages/airflow/example_dags/example_branch_labels.py
[2024-10-02T01:58:31.021+0000] {processor.py:840} INFO - DAG(s) 'example_branch_labels' retrieved from /home/airflow/.local/lib/python3.12/site-packages/airflow/example_dags/example_branch_labels.py
[2024-10-02T01:58:31.042+0000] {logging_mixin.py:188} INFO - [2024-10-02T01:58:31.041+0000] {dag.py:3096} INFO - Sync 1 DAGs
[2024-10-02T01:58:31.055+0000] {logging_mixin.py:188} INFO - [2024-10-02T01:58:31.055+0000] {dag.py:3954} INFO - Setting next_dagrun for example_branch_labels to 2024-10-01 00:00:00+00:00, run_after=2024-10-02 00:00:00+00:00
[2024-10-02T01:58:31.067+0000] {processor.py:183} INFO - Processing /home/airflow/.local/lib/python3.12/site-packages/airflow/example_dags/example_branch_labels.py took 0.068 seconds
[2024-10-02T01:59:01.558+0000] {processor.py:161} INFO - Started process (PID=504) to work on /home/airflow/.local/lib/python3.12/site-packages/airflow/example_dags/example_branch_labels.py
[2024-10-02T01:59:01.560+0000] {processor.py:830} INFO - Processing file /home/airflow/.local/lib/python3.12/site-packages/airflow/example_dags/example_branch_labels.py for tasks to queue
[2024-10-02T01:59:01.563+0000] {logging_mixin.py:188} INFO - [2024-10-02T01:59:01.562+0000] {dagbag.py:545} INFO - Filling up the DagBag from /home/airflow/.local/lib/python3.12/site-packages/airflow/example_dags/example_branch_labels.py
[2024-10-02T01:59:01.570+0000] {processor.py:840} INFO - DAG(s) 'example_branch_labels' retrieved from /home/airflow/.local/lib/python3.12/site-packages/airflow/example_dags/example_branch_labels.py
[2024-10-02T01:59:01.591+0000] {logging_mixin.py:188} INFO - [2024-10-02T01:59:01.591+0000] {dag.py:3096} INFO - Sync 1 DAGs
[2024-10-02T01:59:01.604+0000] {logging_mixin.py:188} INFO - [2024-10-02T01:59:01.604+0000] {dag.py:3954} INFO - Setting next_dagrun for example_branch_labels to 2024-10-01 00:00:00+00:00, run_after=2024-10-02 00:00:00+00:00
[2024-10-02T01:59:01.615+0000] {processor.py:183} INFO - Processing /home/airflow/.local/lib/python3.12/site-packages/airflow/example_dags/example_branch_labels.py took 0.064 seconds
[2024-10-02T01:59:31.929+0000] {processor.py:161} INFO - Started process (PID=562) to work on /home/airflow/.local/lib/python3.12/site-packages/airflow/example_dags/example_branch_labels.py
[2024-10-02T01:59:31.931+0000] {processor.py:830} INFO - Processing file /home/airflow/.local/lib/python3.12/site-packages/airflow/example_dags/example_branch_labels.py for tasks to queue
[2024-10-02T01:59:31.934+0000] {logging_mixin.py:188} INFO - [2024-10-02T01:59:31.933+0000] {dagbag.py:545} INFO - Filling up the DagBag from /home/airflow/.local/lib/python3.12/site-packages/airflow/example_dags/example_branch_labels.py
[2024-10-02T01:59:31.941+0000] {processor.py:840} INFO - DAG(s) 'example_branch_labels' retrieved from /home/airflow/.local/lib/python3.12/site-packages/airflow/example_dags/example_branch_labels.py
[2024-10-02T01:59:31.962+0000] {logging_mixin.py:188} INFO - [2024-10-02T01:59:31.962+0000] {dag.py:3096} INFO - Sync 1 DAGs
[2024-10-02T01:59:31.976+0000] {logging_mixin.py:188} INFO - [2024-10-02T01:59:31.976+0000] {dag.py:3954} INFO - Setting next_dagrun for example_branch_labels to 2024-10-01 00:00:00+00:00, run_after=2024-10-02 00:00:00+00:00
[2024-10-02T01:59:31.988+0000] {processor.py:183} INFO - Processing /home/airflow/.local/lib/python3.12/site-packages/airflow/example_dags/example_branch_labels.py took 0.066 seconds
[2024-10-02T02:00:02.397+0000] {processor.py:161} INFO - Started process (PID=620) to work on /home/airflow/.local/lib/python3.12/site-packages/airflow/example_dags/example_branch_labels.py
[2024-10-02T02:00:02.399+0000] {processor.py:830} INFO - Processing file /home/airflow/.local/lib/python3.12/site-packages/airflow/example_dags/example_branch_labels.py for tasks to queue
[2024-10-02T02:00:02.401+0000] {logging_mixin.py:188} INFO - [2024-10-02T02:00:02.401+0000] {dagbag.py:545} INFO - Filling up the DagBag from /home/airflow/.local/lib/python3.12/site-packages/airflow/example_dags/example_branch_labels.py
[2024-10-02T02:00:02.409+0000] {processor.py:840} INFO - DAG(s) 'example_branch_labels' retrieved from /home/airflow/.local/lib/python3.12/site-packages/airflow/example_dags/example_branch_labels.py
[2024-10-02T02:00:02.430+0000] {logging_mixin.py:188} INFO - [2024-10-02T02:00:02.430+0000] {dag.py:3096} INFO - Sync 1 DAGs
[2024-10-02T02:00:02.444+0000] {logging_mixin.py:188} INFO - [2024-10-02T02:00:02.444+0000] {dag.py:3954} INFO - Setting next_dagrun for example_branch_labels to 2024-10-01 00:00:00+00:00, run_after=2024-10-02 00:00:00+00:00
[2024-10-02T02:00:02.455+0000] {processor.py:183} INFO - Processing /home/airflow/.local/lib/python3.12/site-packages/airflow/example_dags/example_branch_labels.py took 0.065 seconds
[2024-10-02T02:00:32.903+0000] {processor.py:161} INFO - Started process (PID=679) to work on /home/airflow/.local/lib/python3.12/site-packages/airflow/example_dags/example_branch_labels.py
[2024-10-02T02:00:32.904+0000] {processor.py:830} INFO - Processing file /home/airflow/.local/lib/python3.12/site-packages/airflow/example_dags/example_branch_labels.py for tasks to queue
[2024-10-02T02:00:32.906+0000] {logging_mixin.py:188} INFO - [2024-10-02T02:00:32.906+0000] {dagbag.py:545} INFO - Filling up the DagBag from /home/airflow/.local/lib/python3.12/site-packages/airflow/example_dags/example_branch_labels.py
[2024-10-02T02:00:32.912+0000] {processor.py:840} INFO - DAG(s) 'example_branch_labels' retrieved from /home/airflow/.local/lib/python3.12/site-packages/airflow/example_dags/example_branch_labels.py
[2024-10-02T02:00:32.934+0000] {logging_mixin.py:188} INFO - [2024-10-02T02:00:32.934+0000] {dag.py:3096} INFO - Sync 1 DAGs
[2024-10-02T02:00:32.951+0000] {logging_mixin.py:188} INFO - [2024-10-02T02:00:32.951+0000] {dag.py:3954} INFO - Setting next_dagrun for example_branch_labels to 2024-10-01 00:00:00+00:00, run_after=2024-10-02 00:00:00+00:00
[2024-10-02T02:00:32.963+0000] {processor.py:183} INFO - Processing /home/airflow/.local/lib/python3.12/site-packages/airflow/example_dags/example_branch_labels.py took 0.065 seconds
[2024-10-02T02:01:03.443+0000] {processor.py:161} INFO - Started process (PID=737) to work on /home/airflow/.local/lib/python3.12/site-packages/airflow/example_dags/example_branch_labels.py
[2024-10-02T02:01:03.445+0000] {processor.py:830} INFO - Processing file /home/airflow/.local/lib/python3.12/site-packages/airflow/example_dags/example_branch_labels.py for tasks to queue
[2024-10-02T02:01:03.449+0000] {logging_mixin.py:188} INFO - [2024-10-02T02:01:03.448+0000] {dagbag.py:545} INFO - Filling up the DagBag from /home/airflow/.local/lib/python3.12/site-packages/airflow/example_dags/example_branch_labels.py
[2024-10-02T02:01:03.467+0000] {processor.py:840} INFO - DAG(s) 'example_branch_labels' retrieved from /home/airflow/.local/lib/python3.12/site-packages/airflow/example_dags/example_branch_labels.py
[2024-10-02T02:01:03.500+0000] {logging_mixin.py:188} INFO - [2024-10-02T02:01:03.500+0000] {dag.py:3096} INFO - Sync 1 DAGs
[2024-10-02T02:01:03.526+0000] {logging_mixin.py:188} INFO - [2024-10-02T02:01:03.525+0000] {dag.py:3954} INFO - Setting next_dagrun for example_branch_labels to 2024-10-01 00:00:00+00:00, run_after=2024-10-02 00:00:00+00:00
[2024-10-02T02:01:03.541+0000] {processor.py:183} INFO - Processing /home/airflow/.local/lib/python3.12/site-packages/airflow/example_dags/example_branch_labels.py took 0.108 seconds
[2024-10-02T02:01:33.662+0000] {processor.py:161} INFO - Started process (PID=795) to work on /home/airflow/.local/lib/python3.12/site-packages/airflow/example_dags/example_branch_labels.py
[2024-10-02T02:01:33.664+0000] {processor.py:830} INFO - Processing file /home/airflow/.local/lib/python3.12/site-packages/airflow/example_dags/example_branch_labels.py for tasks to queue
[2024-10-02T02:01:33.666+0000] {logging_mixin.py:188} INFO - [2024-10-02T02:01:33.666+0000] {dagbag.py:545} INFO - Filling up the DagBag from /home/airflow/.local/lib/python3.12/site-packages/airflow/example_dags/example_branch_labels.py
[2024-10-02T02:01:33.674+0000] {processor.py:840} INFO - DAG(s) 'example_branch_labels' retrieved from /home/airflow/.local/lib/python3.12/site-packages/airflow/example_dags/example_branch_labels.py
[2024-10-02T02:01:33.699+0000] {logging_mixin.py:188} INFO - [2024-10-02T02:01:33.699+0000] {dag.py:3096} INFO - Sync 1 DAGs
[2024-10-02T02:01:33.714+0000] {logging_mixin.py:188} INFO - [2024-10-02T02:01:33.714+0000] {dag.py:3954} INFO - Setting next_dagrun for example_branch_labels to 2024-10-01 00:00:00+00:00, run_after=2024-10-02 00:00:00+00:00
[2024-10-02T02:01:33.727+0000] {processor.py:183} INFO - Processing /home/airflow/.local/lib/python3.12/site-packages/airflow/example_dags/example_branch_labels.py took 0.073 seconds
[2024-10-02T02:02:03.955+0000] {processor.py:161} INFO - Started process (PID=853) to work on /home/airflow/.local/lib/python3.12/site-packages/airflow/example_dags/example_branch_labels.py
[2024-10-02T02:02:03.957+0000] {processor.py:830} INFO - Processing file /home/airflow/.local/lib/python3.12/site-packages/airflow/example_dags/example_branch_labels.py for tasks to queue
[2024-10-02T02:02:03.960+0000] {logging_mixin.py:188} INFO - [2024-10-02T02:02:03.959+0000] {dagbag.py:545} INFO - Filling up the DagBag from /home/airflow/.local/lib/python3.12/site-packages/airflow/example_dags/example_branch_labels.py
[2024-10-02T02:02:03.971+0000] {processor.py:840} INFO - DAG(s) 'example_branch_labels' retrieved from /home/airflow/.local/lib/python3.12/site-packages/airflow/example_dags/example_branch_labels.py
[2024-10-02T02:02:03.991+0000] {logging_mixin.py:188} INFO - [2024-10-02T02:02:03.991+0000] {dag.py:3096} INFO - Sync 1 DAGs
[2024-10-02T02:02:04.006+0000] {logging_mixin.py:188} INFO - [2024-10-02T02:02:04.006+0000] {dag.py:3954} INFO - Setting next_dagrun for example_branch_labels to 2024-10-01 00:00:00+00:00, run_after=2024-10-02 00:00:00+00:00
[2024-10-02T02:02:04.017+0000] {processor.py:183} INFO - Processing /home/airflow/.local/lib/python3.12/site-packages/airflow/example_dags/example_branch_labels.py took 0.072 seconds
[2024-10-02T02:02:34.321+0000] {processor.py:161} INFO - Started process (PID=911) to work on /home/airflow/.local/lib/python3.12/site-packages/airflow/example_dags/example_branch_labels.py
[2024-10-02T02:02:34.322+0000] {processor.py:830} INFO - Processing file /home/airflow/.local/lib/python3.12/site-packages/airflow/example_dags/example_branch_labels.py for tasks to queue
[2024-10-02T02:02:34.326+0000] {logging_mixin.py:188} INFO - [2024-10-02T02:02:34.325+0000] {dagbag.py:545} INFO - Filling up the DagBag from /home/airflow/.local/lib/python3.12/site-packages/airflow/example_dags/example_branch_labels.py
[2024-10-02T02:02:34.333+0000] {processor.py:840} INFO - DAG(s) 'example_branch_labels' retrieved from /home/airflow/.local/lib/python3.12/site-packages/airflow/example_dags/example_branch_labels.py
[2024-10-02T02:02:34.353+0000] {logging_mixin.py:188} INFO - [2024-10-02T02:02:34.353+0000] {dag.py:3096} INFO - Sync 1 DAGs
[2024-10-02T02:02:34.366+0000] {logging_mixin.py:188} INFO - [2024-10-02T02:02:34.366+0000] {dag.py:3954} INFO - Setting next_dagrun for example_branch_labels to 2024-10-01 00:00:00+00:00, run_after=2024-10-02 00:00:00+00:00
[2024-10-02T02:02:34.377+0000] {processor.py:183} INFO - Processing /home/airflow/.local/lib/python3.12/site-packages/airflow/example_dags/example_branch_labels.py took 0.064 seconds
[2024-10-02T02:03:04.667+0000] {processor.py:161} INFO - Started process (PID=969) to work on /home/airflow/.local/lib/python3.12/site-packages/airflow/example_dags/example_branch_labels.py
[2024-10-02T02:03:04.669+0000] {processor.py:830} INFO - Processing file /home/airflow/.local/lib/python3.12/site-packages/airflow/example_dags/example_branch_labels.py for tasks to queue
[2024-10-02T02:03:04.672+0000] {logging_mixin.py:188} INFO - [2024-10-02T02:03:04.672+0000] {dagbag.py:545} INFO - Filling up the DagBag from /home/airflow/.local/lib/python3.12/site-packages/airflow/example_dags/example_branch_labels.py
[2024-10-02T02:03:04.680+0000] {processor.py:840} INFO - DAG(s) 'example_branch_labels' retrieved from /home/airflow/.local/lib/python3.12/site-packages/airflow/example_dags/example_branch_labels.py
[2024-10-02T02:03:04.700+0000] {logging_mixin.py:188} INFO - [2024-10-02T02:03:04.699+0000] {dag.py:3096} INFO - Sync 1 DAGs
[2024-10-02T02:03:04.713+0000] {logging_mixin.py:188} INFO - [2024-10-02T02:03:04.713+0000] {dag.py:3954} INFO - Setting next_dagrun for example_branch_labels to 2024-10-01 00:00:00+00:00, run_after=2024-10-02 00:00:00+00:00
[2024-10-02T02:03:04.723+0000] {processor.py:183} INFO - Processing /home/airflow/.local/lib/python3.12/site-packages/airflow/example_dags/example_branch_labels.py took 0.064 seconds
[2024-10-02T02:03:35.058+0000] {processor.py:161} INFO - Started process (PID=1027) to work on /home/airflow/.local/lib/python3.12/site-packages/airflow/example_dags/example_branch_labels.py
[2024-10-02T02:03:35.060+0000] {processor.py:830} INFO - Processing file /home/airflow/.local/lib/python3.12/site-packages/airflow/example_dags/example_branch_labels.py for tasks to queue
[2024-10-02T02:03:35.063+0000] {logging_mixin.py:188} INFO - [2024-10-02T02:03:35.062+0000] {dagbag.py:545} INFO - Filling up the DagBag from /home/airflow/.local/lib/python3.12/site-packages/airflow/example_dags/example_branch_labels.py
[2024-10-02T02:03:35.070+0000] {processor.py:840} INFO - DAG(s) 'example_branch_labels' retrieved from /home/airflow/.local/lib/python3.12/site-packages/airflow/example_dags/example_branch_labels.py
[2024-10-02T02:03:35.091+0000] {logging_mixin.py:188} INFO - [2024-10-02T02:03:35.091+0000] {dag.py:3096} INFO - Sync 1 DAGs
[2024-10-02T02:03:35.105+0000] {logging_mixin.py:188} INFO - [2024-10-02T02:03:35.105+0000] {dag.py:3954} INFO - Setting next_dagrun for example_branch_labels to 2024-10-01 00:00:00+00:00, run_after=2024-10-02 00:00:00+00:00
[2024-10-02T02:03:35.115+0000] {processor.py:183} INFO - Processing /home/airflow/.local/lib/python3.12/site-packages/airflow/example_dags/example_branch_labels.py took 0.065 seconds
[2024-10-02T02:04:05.388+0000] {processor.py:161} INFO - Started process (PID=1085) to work on /home/airflow/.local/lib/python3.12/site-packages/airflow/example_dags/example_branch_labels.py
[2024-10-02T02:04:05.389+0000] {processor.py:830} INFO - Processing file /home/airflow/.local/lib/python3.12/site-packages/airflow/example_dags/example_branch_labels.py for tasks to queue
[2024-10-02T02:04:05.393+0000] {logging_mixin.py:188} INFO - [2024-10-02T02:04:05.392+0000] {dagbag.py:545} INFO - Filling up the DagBag from /home/airflow/.local/lib/python3.12/site-packages/airflow/example_dags/example_branch_labels.py
[2024-10-02T02:04:05.401+0000] {processor.py:840} INFO - DAG(s) 'example_branch_labels' retrieved from /home/airflow/.local/lib/python3.12/site-packages/airflow/example_dags/example_branch_labels.py
[2024-10-02T02:04:05.424+0000] {logging_mixin.py:188} INFO - [2024-10-02T02:04:05.424+0000] {dag.py:3096} INFO - Sync 1 DAGs
[2024-10-02T02:04:05.437+0000] {logging_mixin.py:188} INFO - [2024-10-02T02:04:05.437+0000] {dag.py:3954} INFO - Setting next_dagrun for example_branch_labels to 2024-10-01 00:00:00+00:00, run_after=2024-10-02 00:00:00+00:00
[2024-10-02T02:04:05.447+0000] {processor.py:183} INFO - Processing /home/airflow/.local/lib/python3.12/site-packages/airflow/example_dags/example_branch_labels.py took 0.068 seconds
[2024-10-02T02:04:35.662+0000] {processor.py:161} INFO - Started process (PID=1143) to work on /home/airflow/.local/lib/python3.12/site-packages/airflow/example_dags/example_branch_labels.py
[2024-10-02T02:04:35.663+0000] {processor.py:830} INFO - Processing file /home/airflow/.local/lib/python3.12/site-packages/airflow/example_dags/example_branch_labels.py for tasks to queue
[2024-10-02T02:04:35.665+0000] {logging_mixin.py:188} INFO - [2024-10-02T02:04:35.665+0000] {dagbag.py:545} INFO - Filling up the DagBag from /home/airflow/.local/lib/python3.12/site-packages/airflow/example_dags/example_branch_labels.py
[2024-10-02T02:04:35.672+0000] {processor.py:840} INFO - DAG(s) 'example_branch_labels' retrieved from /home/airflow/.local/lib/python3.12/site-packages/airflow/example_dags/example_branch_labels.py
[2024-10-02T02:04:35.691+0000] {logging_mixin.py:188} INFO - [2024-10-02T02:04:35.691+0000] {dag.py:3096} INFO - Sync 1 DAGs
[2024-10-02T02:04:35.704+0000] {logging_mixin.py:188} INFO - [2024-10-02T02:04:35.703+0000] {dag.py:3954} INFO - Setting next_dagrun for example_branch_labels to 2024-10-01 00:00:00+00:00, run_after=2024-10-02 00:00:00+00:00
[2024-10-02T02:04:35.714+0000] {processor.py:183} INFO - Processing /home/airflow/.local/lib/python3.12/site-packages/airflow/example_dags/example_branch_labels.py took 0.059 seconds
[2024-10-02T02:05:06.281+0000] {processor.py:161} INFO - Started process (PID=1201) to work on /home/airflow/.local/lib/python3.12/site-packages/airflow/example_dags/example_branch_labels.py
[2024-10-02T02:05:06.283+0000] {processor.py:830} INFO - Processing file /home/airflow/.local/lib/python3.12/site-packages/airflow/example_dags/example_branch_labels.py for tasks to queue
[2024-10-02T02:05:06.285+0000] {logging_mixin.py:188} INFO - [2024-10-02T02:05:06.285+0000] {dagbag.py:545} INFO - Filling up the DagBag from /home/airflow/.local/lib/python3.12/site-packages/airflow/example_dags/example_branch_labels.py
[2024-10-02T02:05:06.293+0000] {processor.py:840} INFO - DAG(s) 'example_branch_labels' retrieved from /home/airflow/.local/lib/python3.12/site-packages/airflow/example_dags/example_branch_labels.py
[2024-10-02T02:05:06.312+0000] {logging_mixin.py:188} INFO - [2024-10-02T02:05:06.312+0000] {dag.py:3096} INFO - Sync 1 DAGs
[2024-10-02T02:05:06.325+0000] {logging_mixin.py:188} INFO - [2024-10-02T02:05:06.325+0000] {dag.py:3954} INFO - Setting next_dagrun for example_branch_labels to 2024-10-01 00:00:00+00:00, run_after=2024-10-02 00:00:00+00:00
[2024-10-02T02:05:06.335+0000] {processor.py:183} INFO - Processing /home/airflow/.local/lib/python3.12/site-packages/airflow/example_dags/example_branch_labels.py took 0.061 seconds
