[2024-10-02T01:54:57.716+0000] {processor.py:161} INFO - Started process (PID=45) to work on /home/airflow/.local/lib/python3.12/site-packages/airflow/example_dags/example_complex.py
[2024-10-02T01:54:57.718+0000] {processor.py:830} INFO - Processing file /home/airflow/.local/lib/python3.12/site-packages/airflow/example_dags/example_complex.py for tasks to queue
[2024-10-02T01:54:57.725+0000] {logging_mixin.py:188} INFO - [2024-10-02T01:54:57.724+0000] {dagbag.py:545} INFO - Filling up the DagBag from /home/airflow/.local/lib/python3.12/site-packages/airflow/example_dags/example_complex.py
[2024-10-02T01:54:57.751+0000] {processor.py:840} INFO - DAG(s) 'example_complex' retrieved from /home/airflow/.local/lib/python3.12/site-packages/airflow/example_dags/example_complex.py
[2024-10-02T01:54:57.780+0000] {logging_mixin.py:188} INFO - [2024-10-02T01:54:57.780+0000] {dag.py:3096} INFO - Sync 1 DAGs
[2024-10-02T01:54:57.799+0000] {logging_mixin.py:188} INFO - [2024-10-02T01:54:57.794+0000] {dag.py:3954} INFO - Setting next_dagrun for example_complex to None, run_after=None
[2024-10-02T01:54:57.820+0000] {processor.py:183} INFO - Processing /home/airflow/.local/lib/python3.12/site-packages/airflow/example_dags/example_complex.py took 0.115 seconds
[2024-10-02T01:55:28.611+0000] {processor.py:161} INFO - Started process (PID=103) to work on /home/airflow/.local/lib/python3.12/site-packages/airflow/example_dags/example_complex.py
[2024-10-02T01:55:28.612+0000] {processor.py:830} INFO - Processing file /home/airflow/.local/lib/python3.12/site-packages/airflow/example_dags/example_complex.py for tasks to queue
[2024-10-02T01:55:28.614+0000] {logging_mixin.py:188} INFO - [2024-10-02T01:55:28.614+0000] {dagbag.py:545} INFO - Filling up the DagBag from /home/airflow/.local/lib/python3.12/site-packages/airflow/example_dags/example_complex.py
[2024-10-02T01:55:28.621+0000] {processor.py:840} INFO - DAG(s) 'example_complex' retrieved from /home/airflow/.local/lib/python3.12/site-packages/airflow/example_dags/example_complex.py
[2024-10-02T01:55:28.681+0000] {logging_mixin.py:188} INFO - [2024-10-02T01:55:28.681+0000] {dag.py:3096} INFO - Sync 1 DAGs
[2024-10-02T01:55:28.688+0000] {logging_mixin.py:188} INFO - [2024-10-02T01:55:28.688+0000] {dag.py:3954} INFO - Setting next_dagrun for example_complex to None, run_after=None
[2024-10-02T01:55:28.699+0000] {processor.py:183} INFO - Processing /home/airflow/.local/lib/python3.12/site-packages/airflow/example_dags/example_complex.py took 0.092 seconds
[2024-10-02T01:55:58.746+0000] {processor.py:161} INFO - Started process (PID=161) to work on /home/airflow/.local/lib/python3.12/site-packages/airflow/example_dags/example_complex.py
[2024-10-02T01:55:58.747+0000] {processor.py:830} INFO - Processing file /home/airflow/.local/lib/python3.12/site-packages/airflow/example_dags/example_complex.py for tasks to queue
[2024-10-02T01:55:58.748+0000] {logging_mixin.py:188} INFO - [2024-10-02T01:55:58.748+0000] {dagbag.py:545} INFO - Filling up the DagBag from /home/airflow/.local/lib/python3.12/site-packages/airflow/example_dags/example_complex.py
[2024-10-02T01:55:58.755+0000] {processor.py:840} INFO - DAG(s) 'example_complex' retrieved from /home/airflow/.local/lib/python3.12/site-packages/airflow/example_dags/example_complex.py
[2024-10-02T01:55:58.775+0000] {logging_mixin.py:188} INFO - [2024-10-02T01:55:58.775+0000] {dag.py:3096} INFO - Sync 1 DAGs
[2024-10-02T01:55:58.783+0000] {logging_mixin.py:188} INFO - [2024-10-02T01:55:58.783+0000] {dag.py:3954} INFO - Setting next_dagrun for example_complex to None, run_after=None
[2024-10-02T01:55:58.793+0000] {processor.py:183} INFO - Processing /home/airflow/.local/lib/python3.12/site-packages/airflow/example_dags/example_complex.py took 0.051 seconds
[2024-10-02T01:56:29.316+0000] {processor.py:161} INFO - Started process (PID=219) to work on /home/airflow/.local/lib/python3.12/site-packages/airflow/example_dags/example_complex.py
[2024-10-02T01:56:29.318+0000] {processor.py:830} INFO - Processing file /home/airflow/.local/lib/python3.12/site-packages/airflow/example_dags/example_complex.py for tasks to queue
[2024-10-02T01:56:29.319+0000] {logging_mixin.py:188} INFO - [2024-10-02T01:56:29.319+0000] {dagbag.py:545} INFO - Filling up the DagBag from /home/airflow/.local/lib/python3.12/site-packages/airflow/example_dags/example_complex.py
[2024-10-02T01:56:29.326+0000] {processor.py:840} INFO - DAG(s) 'example_complex' retrieved from /home/airflow/.local/lib/python3.12/site-packages/airflow/example_dags/example_complex.py
[2024-10-02T01:56:29.347+0000] {logging_mixin.py:188} INFO - [2024-10-02T01:56:29.347+0000] {dag.py:3096} INFO - Sync 1 DAGs
[2024-10-02T01:56:29.355+0000] {logging_mixin.py:188} INFO - [2024-10-02T01:56:29.355+0000] {dag.py:3954} INFO - Setting next_dagrun for example_complex to None, run_after=None
[2024-10-02T01:56:29.365+0000] {processor.py:183} INFO - Processing /home/airflow/.local/lib/python3.12/site-packages/airflow/example_dags/example_complex.py took 0.054 seconds
[2024-10-02T01:57:00.002+0000] {processor.py:161} INFO - Started process (PID=277) to work on /home/airflow/.local/lib/python3.12/site-packages/airflow/example_dags/example_complex.py
[2024-10-02T01:57:00.004+0000] {processor.py:830} INFO - Processing file /home/airflow/.local/lib/python3.12/site-packages/airflow/example_dags/example_complex.py for tasks to queue
[2024-10-02T01:57:00.006+0000] {logging_mixin.py:188} INFO - [2024-10-02T01:57:00.005+0000] {dagbag.py:545} INFO - Filling up the DagBag from /home/airflow/.local/lib/python3.12/site-packages/airflow/example_dags/example_complex.py
[2024-10-02T01:57:00.012+0000] {processor.py:840} INFO - DAG(s) 'example_complex' retrieved from /home/airflow/.local/lib/python3.12/site-packages/airflow/example_dags/example_complex.py
[2024-10-02T01:57:00.031+0000] {logging_mixin.py:188} INFO - [2024-10-02T01:57:00.031+0000] {dag.py:3096} INFO - Sync 1 DAGs
[2024-10-02T01:57:00.040+0000] {logging_mixin.py:188} INFO - [2024-10-02T01:57:00.040+0000] {dag.py:3954} INFO - Setting next_dagrun for example_complex to None, run_after=None
[2024-10-02T01:57:00.052+0000] {processor.py:183} INFO - Processing /home/airflow/.local/lib/python3.12/site-packages/airflow/example_dags/example_complex.py took 0.054 seconds
[2024-10-02T01:57:30.382+0000] {processor.py:161} INFO - Started process (PID=335) to work on /home/airflow/.local/lib/python3.12/site-packages/airflow/example_dags/example_complex.py
[2024-10-02T01:57:30.384+0000] {processor.py:830} INFO - Processing file /home/airflow/.local/lib/python3.12/site-packages/airflow/example_dags/example_complex.py for tasks to queue
[2024-10-02T01:57:30.385+0000] {logging_mixin.py:188} INFO - [2024-10-02T01:57:30.385+0000] {dagbag.py:545} INFO - Filling up the DagBag from /home/airflow/.local/lib/python3.12/site-packages/airflow/example_dags/example_complex.py
[2024-10-02T01:57:30.391+0000] {processor.py:840} INFO - DAG(s) 'example_complex' retrieved from /home/airflow/.local/lib/python3.12/site-packages/airflow/example_dags/example_complex.py
[2024-10-02T01:57:30.411+0000] {logging_mixin.py:188} INFO - [2024-10-02T01:57:30.411+0000] {dag.py:3096} INFO - Sync 1 DAGs
[2024-10-02T01:57:30.419+0000] {logging_mixin.py:188} INFO - [2024-10-02T01:57:30.419+0000] {dag.py:3954} INFO - Setting next_dagrun for example_complex to None, run_after=None
[2024-10-02T01:57:30.429+0000] {processor.py:183} INFO - Processing /home/airflow/.local/lib/python3.12/site-packages/airflow/example_dags/example_complex.py took 0.051 seconds
[2024-10-02T01:58:00.872+0000] {processor.py:161} INFO - Started process (PID=393) to work on /home/airflow/.local/lib/python3.12/site-packages/airflow/example_dags/example_complex.py
[2024-10-02T01:58:00.874+0000] {processor.py:830} INFO - Processing file /home/airflow/.local/lib/python3.12/site-packages/airflow/example_dags/example_complex.py for tasks to queue
[2024-10-02T01:58:00.875+0000] {logging_mixin.py:188} INFO - [2024-10-02T01:58:00.875+0000] {dagbag.py:545} INFO - Filling up the DagBag from /home/airflow/.local/lib/python3.12/site-packages/airflow/example_dags/example_complex.py
[2024-10-02T01:58:00.882+0000] {processor.py:840} INFO - DAG(s) 'example_complex' retrieved from /home/airflow/.local/lib/python3.12/site-packages/airflow/example_dags/example_complex.py
[2024-10-02T01:58:00.903+0000] {logging_mixin.py:188} INFO - [2024-10-02T01:58:00.903+0000] {dag.py:3096} INFO - Sync 1 DAGs
[2024-10-02T01:58:00.911+0000] {logging_mixin.py:188} INFO - [2024-10-02T01:58:00.911+0000] {dag.py:3954} INFO - Setting next_dagrun for example_complex to None, run_after=None
[2024-10-02T01:58:00.921+0000] {processor.py:183} INFO - Processing /home/airflow/.local/lib/python3.12/site-packages/airflow/example_dags/example_complex.py took 0.053 seconds
[2024-10-02T01:58:31.261+0000] {processor.py:161} INFO - Started process (PID=451) to work on /home/airflow/.local/lib/python3.12/site-packages/airflow/example_dags/example_complex.py
[2024-10-02T01:58:31.262+0000] {processor.py:830} INFO - Processing file /home/airflow/.local/lib/python3.12/site-packages/airflow/example_dags/example_complex.py for tasks to queue
[2024-10-02T01:58:31.264+0000] {logging_mixin.py:188} INFO - [2024-10-02T01:58:31.263+0000] {dagbag.py:545} INFO - Filling up the DagBag from /home/airflow/.local/lib/python3.12/site-packages/airflow/example_dags/example_complex.py
[2024-10-02T01:58:31.270+0000] {processor.py:840} INFO - DAG(s) 'example_complex' retrieved from /home/airflow/.local/lib/python3.12/site-packages/airflow/example_dags/example_complex.py
[2024-10-02T01:58:31.290+0000] {logging_mixin.py:188} INFO - [2024-10-02T01:58:31.290+0000] {dag.py:3096} INFO - Sync 1 DAGs
[2024-10-02T01:58:31.299+0000] {logging_mixin.py:188} INFO - [2024-10-02T01:58:31.299+0000] {dag.py:3954} INFO - Setting next_dagrun for example_complex to None, run_after=None
[2024-10-02T01:58:31.310+0000] {processor.py:183} INFO - Processing /home/airflow/.local/lib/python3.12/site-packages/airflow/example_dags/example_complex.py took 0.054 seconds
[2024-10-02T01:59:01.806+0000] {processor.py:161} INFO - Started process (PID=510) to work on /home/airflow/.local/lib/python3.12/site-packages/airflow/example_dags/example_complex.py
[2024-10-02T01:59:01.807+0000] {processor.py:830} INFO - Processing file /home/airflow/.local/lib/python3.12/site-packages/airflow/example_dags/example_complex.py for tasks to queue
[2024-10-02T01:59:01.809+0000] {logging_mixin.py:188} INFO - [2024-10-02T01:59:01.809+0000] {dagbag.py:545} INFO - Filling up the DagBag from /home/airflow/.local/lib/python3.12/site-packages/airflow/example_dags/example_complex.py
[2024-10-02T01:59:01.816+0000] {processor.py:840} INFO - DAG(s) 'example_complex' retrieved from /home/airflow/.local/lib/python3.12/site-packages/airflow/example_dags/example_complex.py
[2024-10-02T01:59:01.836+0000] {logging_mixin.py:188} INFO - [2024-10-02T01:59:01.836+0000] {dag.py:3096} INFO - Sync 1 DAGs
[2024-10-02T01:59:01.844+0000] {logging_mixin.py:188} INFO - [2024-10-02T01:59:01.843+0000] {dag.py:3954} INFO - Setting next_dagrun for example_complex to None, run_after=None
[2024-10-02T01:59:01.854+0000] {processor.py:183} INFO - Processing /home/airflow/.local/lib/python3.12/site-packages/airflow/example_dags/example_complex.py took 0.052 seconds
[2024-10-02T01:59:32.177+0000] {processor.py:161} INFO - Started process (PID=568) to work on /home/airflow/.local/lib/python3.12/site-packages/airflow/example_dags/example_complex.py
[2024-10-02T01:59:32.178+0000] {processor.py:830} INFO - Processing file /home/airflow/.local/lib/python3.12/site-packages/airflow/example_dags/example_complex.py for tasks to queue
[2024-10-02T01:59:32.180+0000] {logging_mixin.py:188} INFO - [2024-10-02T01:59:32.179+0000] {dagbag.py:545} INFO - Filling up the DagBag from /home/airflow/.local/lib/python3.12/site-packages/airflow/example_dags/example_complex.py
[2024-10-02T01:59:32.186+0000] {processor.py:840} INFO - DAG(s) 'example_complex' retrieved from /home/airflow/.local/lib/python3.12/site-packages/airflow/example_dags/example_complex.py
[2024-10-02T01:59:32.206+0000] {logging_mixin.py:188} INFO - [2024-10-02T01:59:32.206+0000] {dag.py:3096} INFO - Sync 1 DAGs
[2024-10-02T01:59:32.214+0000] {logging_mixin.py:188} INFO - [2024-10-02T01:59:32.214+0000] {dag.py:3954} INFO - Setting next_dagrun for example_complex to None, run_after=None
[2024-10-02T01:59:32.225+0000] {processor.py:183} INFO - Processing /home/airflow/.local/lib/python3.12/site-packages/airflow/example_dags/example_complex.py took 0.052 seconds
[2024-10-02T02:00:02.647+0000] {processor.py:161} INFO - Started process (PID=626) to work on /home/airflow/.local/lib/python3.12/site-packages/airflow/example_dags/example_complex.py
[2024-10-02T02:00:02.648+0000] {processor.py:830} INFO - Processing file /home/airflow/.local/lib/python3.12/site-packages/airflow/example_dags/example_complex.py for tasks to queue
[2024-10-02T02:00:02.650+0000] {logging_mixin.py:188} INFO - [2024-10-02T02:00:02.649+0000] {dagbag.py:545} INFO - Filling up the DagBag from /home/airflow/.local/lib/python3.12/site-packages/airflow/example_dags/example_complex.py
[2024-10-02T02:00:02.656+0000] {processor.py:840} INFO - DAG(s) 'example_complex' retrieved from /home/airflow/.local/lib/python3.12/site-packages/airflow/example_dags/example_complex.py
[2024-10-02T02:00:02.676+0000] {logging_mixin.py:188} INFO - [2024-10-02T02:00:02.676+0000] {dag.py:3096} INFO - Sync 1 DAGs
[2024-10-02T02:00:02.684+0000] {logging_mixin.py:188} INFO - [2024-10-02T02:00:02.684+0000] {dag.py:3954} INFO - Setting next_dagrun for example_complex to None, run_after=None
[2024-10-02T02:00:02.694+0000] {processor.py:183} INFO - Processing /home/airflow/.local/lib/python3.12/site-packages/airflow/example_dags/example_complex.py took 0.052 seconds
[2024-10-02T02:00:33.254+0000] {processor.py:161} INFO - Started process (PID=685) to work on /home/airflow/.local/lib/python3.12/site-packages/airflow/example_dags/example_complex.py
[2024-10-02T02:00:33.255+0000] {processor.py:830} INFO - Processing file /home/airflow/.local/lib/python3.12/site-packages/airflow/example_dags/example_complex.py for tasks to queue
[2024-10-02T02:00:33.257+0000] {logging_mixin.py:188} INFO - [2024-10-02T02:00:33.256+0000] {dagbag.py:545} INFO - Filling up the DagBag from /home/airflow/.local/lib/python3.12/site-packages/airflow/example_dags/example_complex.py
[2024-10-02T02:00:33.263+0000] {processor.py:840} INFO - DAG(s) 'example_complex' retrieved from /home/airflow/.local/lib/python3.12/site-packages/airflow/example_dags/example_complex.py
[2024-10-02T02:00:33.284+0000] {logging_mixin.py:188} INFO - [2024-10-02T02:00:33.284+0000] {dag.py:3096} INFO - Sync 1 DAGs
[2024-10-02T02:00:33.292+0000] {logging_mixin.py:188} INFO - [2024-10-02T02:00:33.292+0000] {dag.py:3954} INFO - Setting next_dagrun for example_complex to None, run_after=None
[2024-10-02T02:00:33.303+0000] {processor.py:183} INFO - Processing /home/airflow/.local/lib/python3.12/site-packages/airflow/example_dags/example_complex.py took 0.053 seconds
[2024-10-02T02:01:03.850+0000] {processor.py:161} INFO - Started process (PID=743) to work on /home/airflow/.local/lib/python3.12/site-packages/airflow/example_dags/example_complex.py
[2024-10-02T02:01:03.852+0000] {processor.py:830} INFO - Processing file /home/airflow/.local/lib/python3.12/site-packages/airflow/example_dags/example_complex.py for tasks to queue
[2024-10-02T02:01:03.855+0000] {logging_mixin.py:188} INFO - [2024-10-02T02:01:03.854+0000] {dagbag.py:545} INFO - Filling up the DagBag from /home/airflow/.local/lib/python3.12/site-packages/airflow/example_dags/example_complex.py
[2024-10-02T02:01:03.866+0000] {processor.py:840} INFO - DAG(s) 'example_complex' retrieved from /home/airflow/.local/lib/python3.12/site-packages/airflow/example_dags/example_complex.py
[2024-10-02T02:01:03.895+0000] {logging_mixin.py:188} INFO - [2024-10-02T02:01:03.895+0000] {dag.py:3096} INFO - Sync 1 DAGs
[2024-10-02T02:01:03.911+0000] {logging_mixin.py:188} INFO - [2024-10-02T02:01:03.910+0000] {dag.py:3954} INFO - Setting next_dagrun for example_complex to None, run_after=None
[2024-10-02T02:01:03.941+0000] {processor.py:183} INFO - Processing /home/airflow/.local/lib/python3.12/site-packages/airflow/example_dags/example_complex.py took 0.096 seconds
[2024-10-02T02:01:34.923+0000] {processor.py:161} INFO - Started process (PID=801) to work on /home/airflow/.local/lib/python3.12/site-packages/airflow/example_dags/example_complex.py
[2024-10-02T02:01:34.924+0000] {processor.py:830} INFO - Processing file /home/airflow/.local/lib/python3.12/site-packages/airflow/example_dags/example_complex.py for tasks to queue
[2024-10-02T02:01:34.926+0000] {logging_mixin.py:188} INFO - [2024-10-02T02:01:34.926+0000] {dagbag.py:545} INFO - Filling up the DagBag from /home/airflow/.local/lib/python3.12/site-packages/airflow/example_dags/example_complex.py
[2024-10-02T02:01:34.934+0000] {processor.py:840} INFO - DAG(s) 'example_complex' retrieved from /home/airflow/.local/lib/python3.12/site-packages/airflow/example_dags/example_complex.py
[2024-10-02T02:01:34.970+0000] {logging_mixin.py:188} INFO - [2024-10-02T02:01:34.970+0000] {dag.py:3096} INFO - Sync 1 DAGs
[2024-10-02T02:01:34.992+0000] {logging_mixin.py:188} INFO - [2024-10-02T02:01:34.992+0000] {dag.py:3954} INFO - Setting next_dagrun for example_complex to None, run_after=None
[2024-10-02T02:01:35.010+0000] {processor.py:183} INFO - Processing /home/airflow/.local/lib/python3.12/site-packages/airflow/example_dags/example_complex.py took 0.092 seconds
[2024-10-02T02:02:05.220+0000] {processor.py:161} INFO - Started process (PID=859) to work on /home/airflow/.local/lib/python3.12/site-packages/airflow/example_dags/example_complex.py
[2024-10-02T02:02:05.221+0000] {processor.py:830} INFO - Processing file /home/airflow/.local/lib/python3.12/site-packages/airflow/example_dags/example_complex.py for tasks to queue
[2024-10-02T02:02:05.224+0000] {logging_mixin.py:188} INFO - [2024-10-02T02:02:05.223+0000] {dagbag.py:545} INFO - Filling up the DagBag from /home/airflow/.local/lib/python3.12/site-packages/airflow/example_dags/example_complex.py
[2024-10-02T02:02:05.233+0000] {processor.py:840} INFO - DAG(s) 'example_complex' retrieved from /home/airflow/.local/lib/python3.12/site-packages/airflow/example_dags/example_complex.py
[2024-10-02T02:02:05.254+0000] {logging_mixin.py:188} INFO - [2024-10-02T02:02:05.254+0000] {dag.py:3096} INFO - Sync 1 DAGs
[2024-10-02T02:02:05.262+0000] {logging_mixin.py:188} INFO - [2024-10-02T02:02:05.262+0000] {dag.py:3954} INFO - Setting next_dagrun for example_complex to None, run_after=None
[2024-10-02T02:02:05.272+0000] {processor.py:183} INFO - Processing /home/airflow/.local/lib/python3.12/site-packages/airflow/example_dags/example_complex.py took 0.059 seconds
[2024-10-02T02:02:35.569+0000] {processor.py:161} INFO - Started process (PID=917) to work on /home/airflow/.local/lib/python3.12/site-packages/airflow/example_dags/example_complex.py
[2024-10-02T02:02:35.570+0000] {processor.py:830} INFO - Processing file /home/airflow/.local/lib/python3.12/site-packages/airflow/example_dags/example_complex.py for tasks to queue
[2024-10-02T02:02:35.572+0000] {logging_mixin.py:188} INFO - [2024-10-02T02:02:35.572+0000] {dagbag.py:545} INFO - Filling up the DagBag from /home/airflow/.local/lib/python3.12/site-packages/airflow/example_dags/example_complex.py
[2024-10-02T02:02:35.578+0000] {processor.py:840} INFO - DAG(s) 'example_complex' retrieved from /home/airflow/.local/lib/python3.12/site-packages/airflow/example_dags/example_complex.py
[2024-10-02T02:02:35.598+0000] {logging_mixin.py:188} INFO - [2024-10-02T02:02:35.598+0000] {dag.py:3096} INFO - Sync 1 DAGs
[2024-10-02T02:02:35.606+0000] {logging_mixin.py:188} INFO - [2024-10-02T02:02:35.606+0000] {dag.py:3954} INFO - Setting next_dagrun for example_complex to None, run_after=None
[2024-10-02T02:02:35.617+0000] {processor.py:183} INFO - Processing /home/airflow/.local/lib/python3.12/site-packages/airflow/example_dags/example_complex.py took 0.052 seconds
[2024-10-02T02:03:05.926+0000] {processor.py:161} INFO - Started process (PID=975) to work on /home/airflow/.local/lib/python3.12/site-packages/airflow/example_dags/example_complex.py
[2024-10-02T02:03:05.928+0000] {processor.py:830} INFO - Processing file /home/airflow/.local/lib/python3.12/site-packages/airflow/example_dags/example_complex.py for tasks to queue
[2024-10-02T02:03:05.931+0000] {logging_mixin.py:188} INFO - [2024-10-02T02:03:05.931+0000] {dagbag.py:545} INFO - Filling up the DagBag from /home/airflow/.local/lib/python3.12/site-packages/airflow/example_dags/example_complex.py
[2024-10-02T02:03:05.940+0000] {processor.py:840} INFO - DAG(s) 'example_complex' retrieved from /home/airflow/.local/lib/python3.12/site-packages/airflow/example_dags/example_complex.py
[2024-10-02T02:03:05.965+0000] {logging_mixin.py:188} INFO - [2024-10-02T02:03:05.965+0000] {dag.py:3096} INFO - Sync 1 DAGs
[2024-10-02T02:03:05.973+0000] {logging_mixin.py:188} INFO - [2024-10-02T02:03:05.973+0000] {dag.py:3954} INFO - Setting next_dagrun for example_complex to None, run_after=None
[2024-10-02T02:03:05.988+0000] {processor.py:183} INFO - Processing /home/airflow/.local/lib/python3.12/site-packages/airflow/example_dags/example_complex.py took 0.069 seconds
[2024-10-02T02:03:36.308+0000] {processor.py:161} INFO - Started process (PID=1033) to work on /home/airflow/.local/lib/python3.12/site-packages/airflow/example_dags/example_complex.py
[2024-10-02T02:03:36.313+0000] {processor.py:830} INFO - Processing file /home/airflow/.local/lib/python3.12/site-packages/airflow/example_dags/example_complex.py for tasks to queue
[2024-10-02T02:03:36.315+0000] {logging_mixin.py:188} INFO - [2024-10-02T02:03:36.314+0000] {dagbag.py:545} INFO - Filling up the DagBag from /home/airflow/.local/lib/python3.12/site-packages/airflow/example_dags/example_complex.py
[2024-10-02T02:03:36.323+0000] {processor.py:840} INFO - DAG(s) 'example_complex' retrieved from /home/airflow/.local/lib/python3.12/site-packages/airflow/example_dags/example_complex.py
[2024-10-02T02:03:36.344+0000] {logging_mixin.py:188} INFO - [2024-10-02T02:03:36.344+0000] {dag.py:3096} INFO - Sync 1 DAGs
[2024-10-02T02:03:36.351+0000] {logging_mixin.py:188} INFO - [2024-10-02T02:03:36.351+0000] {dag.py:3954} INFO - Setting next_dagrun for example_complex to None, run_after=None
[2024-10-02T02:03:36.361+0000] {processor.py:183} INFO - Processing /home/airflow/.local/lib/python3.12/site-packages/airflow/example_dags/example_complex.py took 0.059 seconds
[2024-10-02T02:04:06.640+0000] {processor.py:161} INFO - Started process (PID=1091) to work on /home/airflow/.local/lib/python3.12/site-packages/airflow/example_dags/example_complex.py
[2024-10-02T02:04:06.641+0000] {processor.py:830} INFO - Processing file /home/airflow/.local/lib/python3.12/site-packages/airflow/example_dags/example_complex.py for tasks to queue
[2024-10-02T02:04:06.643+0000] {logging_mixin.py:188} INFO - [2024-10-02T02:04:06.643+0000] {dagbag.py:545} INFO - Filling up the DagBag from /home/airflow/.local/lib/python3.12/site-packages/airflow/example_dags/example_complex.py
[2024-10-02T02:04:06.651+0000] {processor.py:840} INFO - DAG(s) 'example_complex' retrieved from /home/airflow/.local/lib/python3.12/site-packages/airflow/example_dags/example_complex.py
[2024-10-02T02:04:06.674+0000] {logging_mixin.py:188} INFO - [2024-10-02T02:04:06.674+0000] {dag.py:3096} INFO - Sync 1 DAGs
[2024-10-02T02:04:06.681+0000] {logging_mixin.py:188} INFO - [2024-10-02T02:04:06.681+0000] {dag.py:3954} INFO - Setting next_dagrun for example_complex to None, run_after=None
[2024-10-02T02:04:06.692+0000] {processor.py:183} INFO - Processing /home/airflow/.local/lib/python3.12/site-packages/airflow/example_dags/example_complex.py took 0.057 seconds
[2024-10-02T02:04:36.937+0000] {processor.py:161} INFO - Started process (PID=1149) to work on /home/airflow/.local/lib/python3.12/site-packages/airflow/example_dags/example_complex.py
[2024-10-02T02:04:36.939+0000] {processor.py:830} INFO - Processing file /home/airflow/.local/lib/python3.12/site-packages/airflow/example_dags/example_complex.py for tasks to queue
[2024-10-02T02:04:36.942+0000] {logging_mixin.py:188} INFO - [2024-10-02T02:04:36.941+0000] {dagbag.py:545} INFO - Filling up the DagBag from /home/airflow/.local/lib/python3.12/site-packages/airflow/example_dags/example_complex.py
[2024-10-02T02:04:36.952+0000] {processor.py:840} INFO - DAG(s) 'example_complex' retrieved from /home/airflow/.local/lib/python3.12/site-packages/airflow/example_dags/example_complex.py
[2024-10-02T02:04:36.985+0000] {logging_mixin.py:188} INFO - [2024-10-02T02:04:36.985+0000] {dag.py:3096} INFO - Sync 1 DAGs
[2024-10-02T02:04:36.995+0000] {logging_mixin.py:188} INFO - [2024-10-02T02:04:36.995+0000] {dag.py:3954} INFO - Setting next_dagrun for example_complex to None, run_after=None
[2024-10-02T02:04:37.005+0000] {processor.py:183} INFO - Processing /home/airflow/.local/lib/python3.12/site-packages/airflow/example_dags/example_complex.py took 0.076 seconds
[2024-10-02T02:05:07.543+0000] {processor.py:161} INFO - Started process (PID=1207) to work on /home/airflow/.local/lib/python3.12/site-packages/airflow/example_dags/example_complex.py
[2024-10-02T02:05:07.544+0000] {processor.py:830} INFO - Processing file /home/airflow/.local/lib/python3.12/site-packages/airflow/example_dags/example_complex.py for tasks to queue
[2024-10-02T02:05:07.547+0000] {logging_mixin.py:188} INFO - [2024-10-02T02:05:07.546+0000] {dagbag.py:545} INFO - Filling up the DagBag from /home/airflow/.local/lib/python3.12/site-packages/airflow/example_dags/example_complex.py
[2024-10-02T02:05:07.555+0000] {processor.py:840} INFO - DAG(s) 'example_complex' retrieved from /home/airflow/.local/lib/python3.12/site-packages/airflow/example_dags/example_complex.py
[2024-10-02T02:05:07.577+0000] {logging_mixin.py:188} INFO - [2024-10-02T02:05:07.577+0000] {dag.py:3096} INFO - Sync 1 DAGs
[2024-10-02T02:05:07.585+0000] {logging_mixin.py:188} INFO - [2024-10-02T02:05:07.585+0000] {dag.py:3954} INFO - Setting next_dagrun for example_complex to None, run_after=None
[2024-10-02T02:05:07.596+0000] {processor.py:183} INFO - Processing /home/airflow/.local/lib/python3.12/site-packages/airflow/example_dags/example_complex.py took 0.060 seconds
