[2024-10-02T01:54:59.648+0000] {processor.py:161} INFO - Started process (PID=67) to work on /home/airflow/.local/lib/python3.12/site-packages/airflow/example_dags/example_latest_only_with_trigger.py
[2024-10-02T01:54:59.649+0000] {processor.py:830} INFO - Processing file /home/airflow/.local/lib/python3.12/site-packages/airflow/example_dags/example_latest_only_with_trigger.py for tasks to queue
[2024-10-02T01:54:59.651+0000] {logging_mixin.py:188} INFO - [2024-10-02T01:54:59.651+0000] {dagbag.py:545} INFO - Filling up the DagBag from /home/airflow/.local/lib/python3.12/site-packages/airflow/example_dags/example_latest_only_with_trigger.py
[2024-10-02T01:54:59.657+0000] {processor.py:840} INFO - DAG(s) 'latest_only_with_trigger' retrieved from /home/airflow/.local/lib/python3.12/site-packages/airflow/example_dags/example_latest_only_with_trigger.py
[2024-10-02T01:54:59.668+0000] {logging_mixin.py:188} INFO - [2024-10-02T01:54:59.668+0000] {dag.py:3096} INFO - Sync 1 DAGs
[2024-10-02T01:54:59.686+0000] {logging_mixin.py:188} INFO - [2024-10-02T01:54:59.685+0000] {dag.py:3954} INFO - Setting next_dagrun for latest_only_with_trigger to 2024-10-01 20:00:00+00:00, run_after=2024-10-02 00:00:00+00:00
[2024-10-02T01:54:59.698+0000] {processor.py:183} INFO - Processing /home/airflow/.local/lib/python3.12/site-packages/airflow/example_dags/example_latest_only_with_trigger.py took 0.055 seconds
[2024-10-02T01:55:30.188+0000] {processor.py:161} INFO - Started process (PID=125) to work on /home/airflow/.local/lib/python3.12/site-packages/airflow/example_dags/example_latest_only_with_trigger.py
[2024-10-02T01:55:30.190+0000] {processor.py:830} INFO - Processing file /home/airflow/.local/lib/python3.12/site-packages/airflow/example_dags/example_latest_only_with_trigger.py for tasks to queue
[2024-10-02T01:55:30.191+0000] {logging_mixin.py:188} INFO - [2024-10-02T01:55:30.191+0000] {dagbag.py:545} INFO - Filling up the DagBag from /home/airflow/.local/lib/python3.12/site-packages/airflow/example_dags/example_latest_only_with_trigger.py
[2024-10-02T01:55:30.196+0000] {processor.py:840} INFO - DAG(s) 'latest_only_with_trigger' retrieved from /home/airflow/.local/lib/python3.12/site-packages/airflow/example_dags/example_latest_only_with_trigger.py
[2024-10-02T01:55:30.249+0000] {logging_mixin.py:188} INFO - [2024-10-02T01:55:30.249+0000] {dag.py:3096} INFO - Sync 1 DAGs
[2024-10-02T01:55:30.259+0000] {logging_mixin.py:188} INFO - [2024-10-02T01:55:30.259+0000] {dag.py:3954} INFO - Setting next_dagrun for latest_only_with_trigger to 2024-10-01 20:00:00+00:00, run_after=2024-10-02 00:00:00+00:00
[2024-10-02T01:55:30.268+0000] {processor.py:183} INFO - Processing /home/airflow/.local/lib/python3.12/site-packages/airflow/example_dags/example_latest_only_with_trigger.py took 0.084 seconds
[2024-10-02T01:56:00.761+0000] {processor.py:161} INFO - Started process (PID=183) to work on /home/airflow/.local/lib/python3.12/site-packages/airflow/example_dags/example_latest_only_with_trigger.py
[2024-10-02T01:56:00.762+0000] {processor.py:830} INFO - Processing file /home/airflow/.local/lib/python3.12/site-packages/airflow/example_dags/example_latest_only_with_trigger.py for tasks to queue
[2024-10-02T01:56:00.764+0000] {logging_mixin.py:188} INFO - [2024-10-02T01:56:00.763+0000] {dagbag.py:545} INFO - Filling up the DagBag from /home/airflow/.local/lib/python3.12/site-packages/airflow/example_dags/example_latest_only_with_trigger.py
[2024-10-02T01:56:00.768+0000] {processor.py:840} INFO - DAG(s) 'latest_only_with_trigger' retrieved from /home/airflow/.local/lib/python3.12/site-packages/airflow/example_dags/example_latest_only_with_trigger.py
[2024-10-02T01:56:00.784+0000] {logging_mixin.py:188} INFO - [2024-10-02T01:56:00.784+0000] {dag.py:3096} INFO - Sync 1 DAGs
[2024-10-02T01:56:00.797+0000] {logging_mixin.py:188} INFO - [2024-10-02T01:56:00.797+0000] {dag.py:3954} INFO - Setting next_dagrun for latest_only_with_trigger to 2024-10-01 20:00:00+00:00, run_after=2024-10-02 00:00:00+00:00
[2024-10-02T01:56:00.806+0000] {processor.py:183} INFO - Processing /home/airflow/.local/lib/python3.12/site-packages/airflow/example_dags/example_latest_only_with_trigger.py took 0.050 seconds
[2024-10-02T01:56:31.568+0000] {processor.py:161} INFO - Started process (PID=241) to work on /home/airflow/.local/lib/python3.12/site-packages/airflow/example_dags/example_latest_only_with_trigger.py
[2024-10-02T01:56:31.569+0000] {processor.py:830} INFO - Processing file /home/airflow/.local/lib/python3.12/site-packages/airflow/example_dags/example_latest_only_with_trigger.py for tasks to queue
[2024-10-02T01:56:31.572+0000] {logging_mixin.py:188} INFO - [2024-10-02T01:56:31.572+0000] {dagbag.py:545} INFO - Filling up the DagBag from /home/airflow/.local/lib/python3.12/site-packages/airflow/example_dags/example_latest_only_with_trigger.py
[2024-10-02T01:56:31.578+0000] {processor.py:840} INFO - DAG(s) 'latest_only_with_trigger' retrieved from /home/airflow/.local/lib/python3.12/site-packages/airflow/example_dags/example_latest_only_with_trigger.py
[2024-10-02T01:56:31.598+0000] {logging_mixin.py:188} INFO - [2024-10-02T01:56:31.598+0000] {dag.py:3096} INFO - Sync 1 DAGs
[2024-10-02T01:56:31.613+0000] {logging_mixin.py:188} INFO - [2024-10-02T01:56:31.613+0000] {dag.py:3954} INFO - Setting next_dagrun for latest_only_with_trigger to 2024-10-01 20:00:00+00:00, run_after=2024-10-02 00:00:00+00:00
[2024-10-02T01:56:31.624+0000] {processor.py:183} INFO - Processing /home/airflow/.local/lib/python3.12/site-packages/airflow/example_dags/example_latest_only_with_trigger.py took 0.061 seconds
[2024-10-02T01:57:01.970+0000] {processor.py:161} INFO - Started process (PID=299) to work on /home/airflow/.local/lib/python3.12/site-packages/airflow/example_dags/example_latest_only_with_trigger.py
[2024-10-02T01:57:01.972+0000] {processor.py:830} INFO - Processing file /home/airflow/.local/lib/python3.12/site-packages/airflow/example_dags/example_latest_only_with_trigger.py for tasks to queue
[2024-10-02T01:57:01.974+0000] {logging_mixin.py:188} INFO - [2024-10-02T01:57:01.973+0000] {dagbag.py:545} INFO - Filling up the DagBag from /home/airflow/.local/lib/python3.12/site-packages/airflow/example_dags/example_latest_only_with_trigger.py
[2024-10-02T01:57:01.978+0000] {processor.py:840} INFO - DAG(s) 'latest_only_with_trigger' retrieved from /home/airflow/.local/lib/python3.12/site-packages/airflow/example_dags/example_latest_only_with_trigger.py
[2024-10-02T01:57:01.995+0000] {logging_mixin.py:188} INFO - [2024-10-02T01:57:01.995+0000] {dag.py:3096} INFO - Sync 1 DAGs
[2024-10-02T01:57:02.007+0000] {logging_mixin.py:188} INFO - [2024-10-02T01:57:02.007+0000] {dag.py:3954} INFO - Setting next_dagrun for latest_only_with_trigger to 2024-10-01 20:00:00+00:00, run_after=2024-10-02 00:00:00+00:00
[2024-10-02T01:57:02.017+0000] {processor.py:183} INFO - Processing /home/airflow/.local/lib/python3.12/site-packages/airflow/example_dags/example_latest_only_with_trigger.py took 0.051 seconds
[2024-10-02T01:57:32.317+0000] {processor.py:161} INFO - Started process (PID=357) to work on /home/airflow/.local/lib/python3.12/site-packages/airflow/example_dags/example_latest_only_with_trigger.py
[2024-10-02T01:57:32.318+0000] {processor.py:830} INFO - Processing file /home/airflow/.local/lib/python3.12/site-packages/airflow/example_dags/example_latest_only_with_trigger.py for tasks to queue
[2024-10-02T01:57:32.320+0000] {logging_mixin.py:188} INFO - [2024-10-02T01:57:32.319+0000] {dagbag.py:545} INFO - Filling up the DagBag from /home/airflow/.local/lib/python3.12/site-packages/airflow/example_dags/example_latest_only_with_trigger.py
[2024-10-02T01:57:32.324+0000] {processor.py:840} INFO - DAG(s) 'latest_only_with_trigger' retrieved from /home/airflow/.local/lib/python3.12/site-packages/airflow/example_dags/example_latest_only_with_trigger.py
[2024-10-02T01:57:32.340+0000] {logging_mixin.py:188} INFO - [2024-10-02T01:57:32.339+0000] {dag.py:3096} INFO - Sync 1 DAGs
[2024-10-02T01:57:32.352+0000] {logging_mixin.py:188} INFO - [2024-10-02T01:57:32.352+0000] {dag.py:3954} INFO - Setting next_dagrun for latest_only_with_trigger to 2024-10-01 20:00:00+00:00, run_after=2024-10-02 00:00:00+00:00
[2024-10-02T01:57:32.363+0000] {processor.py:183} INFO - Processing /home/airflow/.local/lib/python3.12/site-packages/airflow/example_dags/example_latest_only_with_trigger.py took 0.051 seconds
[2024-10-02T01:58:02.780+0000] {processor.py:161} INFO - Started process (PID=415) to work on /home/airflow/.local/lib/python3.12/site-packages/airflow/example_dags/example_latest_only_with_trigger.py
[2024-10-02T01:58:02.781+0000] {processor.py:830} INFO - Processing file /home/airflow/.local/lib/python3.12/site-packages/airflow/example_dags/example_latest_only_with_trigger.py for tasks to queue
[2024-10-02T01:58:02.783+0000] {logging_mixin.py:188} INFO - [2024-10-02T01:58:02.782+0000] {dagbag.py:545} INFO - Filling up the DagBag from /home/airflow/.local/lib/python3.12/site-packages/airflow/example_dags/example_latest_only_with_trigger.py
[2024-10-02T01:58:02.787+0000] {processor.py:840} INFO - DAG(s) 'latest_only_with_trigger' retrieved from /home/airflow/.local/lib/python3.12/site-packages/airflow/example_dags/example_latest_only_with_trigger.py
[2024-10-02T01:58:02.803+0000] {logging_mixin.py:188} INFO - [2024-10-02T01:58:02.802+0000] {dag.py:3096} INFO - Sync 1 DAGs
[2024-10-02T01:58:02.819+0000] {logging_mixin.py:188} INFO - [2024-10-02T01:58:02.818+0000] {dag.py:3954} INFO - Setting next_dagrun for latest_only_with_trigger to 2024-10-01 20:00:00+00:00, run_after=2024-10-02 00:00:00+00:00
[2024-10-02T01:58:02.829+0000] {processor.py:183} INFO - Processing /home/airflow/.local/lib/python3.12/site-packages/airflow/example_dags/example_latest_only_with_trigger.py took 0.053 seconds
[2024-10-02T01:58:33.301+0000] {processor.py:161} INFO - Started process (PID=473) to work on /home/airflow/.local/lib/python3.12/site-packages/airflow/example_dags/example_latest_only_with_trigger.py
[2024-10-02T01:58:33.303+0000] {processor.py:830} INFO - Processing file /home/airflow/.local/lib/python3.12/site-packages/airflow/example_dags/example_latest_only_with_trigger.py for tasks to queue
[2024-10-02T01:58:33.305+0000] {logging_mixin.py:188} INFO - [2024-10-02T01:58:33.304+0000] {dagbag.py:545} INFO - Filling up the DagBag from /home/airflow/.local/lib/python3.12/site-packages/airflow/example_dags/example_latest_only_with_trigger.py
[2024-10-02T01:58:33.310+0000] {processor.py:840} INFO - DAG(s) 'latest_only_with_trigger' retrieved from /home/airflow/.local/lib/python3.12/site-packages/airflow/example_dags/example_latest_only_with_trigger.py
[2024-10-02T01:58:33.326+0000] {logging_mixin.py:188} INFO - [2024-10-02T01:58:33.326+0000] {dag.py:3096} INFO - Sync 1 DAGs
[2024-10-02T01:58:33.338+0000] {logging_mixin.py:188} INFO - [2024-10-02T01:58:33.338+0000] {dag.py:3954} INFO - Setting next_dagrun for latest_only_with_trigger to 2024-10-01 20:00:00+00:00, run_after=2024-10-02 00:00:00+00:00
[2024-10-02T01:58:33.348+0000] {processor.py:183} INFO - Processing /home/airflow/.local/lib/python3.12/site-packages/airflow/example_dags/example_latest_only_with_trigger.py took 0.051 seconds
[2024-10-02T01:59:03.720+0000] {processor.py:161} INFO - Started process (PID=532) to work on /home/airflow/.local/lib/python3.12/site-packages/airflow/example_dags/example_latest_only_with_trigger.py
[2024-10-02T01:59:03.721+0000] {processor.py:830} INFO - Processing file /home/airflow/.local/lib/python3.12/site-packages/airflow/example_dags/example_latest_only_with_trigger.py for tasks to queue
[2024-10-02T01:59:03.722+0000] {logging_mixin.py:188} INFO - [2024-10-02T01:59:03.722+0000] {dagbag.py:545} INFO - Filling up the DagBag from /home/airflow/.local/lib/python3.12/site-packages/airflow/example_dags/example_latest_only_with_trigger.py
[2024-10-02T01:59:03.727+0000] {processor.py:840} INFO - DAG(s) 'latest_only_with_trigger' retrieved from /home/airflow/.local/lib/python3.12/site-packages/airflow/example_dags/example_latest_only_with_trigger.py
[2024-10-02T01:59:03.744+0000] {logging_mixin.py:188} INFO - [2024-10-02T01:59:03.744+0000] {dag.py:3096} INFO - Sync 1 DAGs
[2024-10-02T01:59:03.757+0000] {logging_mixin.py:188} INFO - [2024-10-02T01:59:03.757+0000] {dag.py:3954} INFO - Setting next_dagrun for latest_only_with_trigger to 2024-10-01 20:00:00+00:00, run_after=2024-10-02 00:00:00+00:00
[2024-10-02T01:59:03.767+0000] {processor.py:183} INFO - Processing /home/airflow/.local/lib/python3.12/site-packages/airflow/example_dags/example_latest_only_with_trigger.py took 0.051 seconds
[2024-10-02T01:59:34.102+0000] {processor.py:161} INFO - Started process (PID=590) to work on /home/airflow/.local/lib/python3.12/site-packages/airflow/example_dags/example_latest_only_with_trigger.py
[2024-10-02T01:59:34.103+0000] {processor.py:830} INFO - Processing file /home/airflow/.local/lib/python3.12/site-packages/airflow/example_dags/example_latest_only_with_trigger.py for tasks to queue
[2024-10-02T01:59:34.105+0000] {logging_mixin.py:188} INFO - [2024-10-02T01:59:34.105+0000] {dagbag.py:545} INFO - Filling up the DagBag from /home/airflow/.local/lib/python3.12/site-packages/airflow/example_dags/example_latest_only_with_trigger.py
[2024-10-02T01:59:34.110+0000] {processor.py:840} INFO - DAG(s) 'latest_only_with_trigger' retrieved from /home/airflow/.local/lib/python3.12/site-packages/airflow/example_dags/example_latest_only_with_trigger.py
[2024-10-02T01:59:34.126+0000] {logging_mixin.py:188} INFO - [2024-10-02T01:59:34.125+0000] {dag.py:3096} INFO - Sync 1 DAGs
[2024-10-02T01:59:34.138+0000] {logging_mixin.py:188} INFO - [2024-10-02T01:59:34.138+0000] {dag.py:3954} INFO - Setting next_dagrun for latest_only_with_trigger to 2024-10-01 20:00:00+00:00, run_after=2024-10-02 00:00:00+00:00
[2024-10-02T01:59:34.148+0000] {processor.py:183} INFO - Processing /home/airflow/.local/lib/python3.12/site-packages/airflow/example_dags/example_latest_only_with_trigger.py took 0.051 seconds
[2024-10-02T02:00:04.603+0000] {processor.py:161} INFO - Started process (PID=648) to work on /home/airflow/.local/lib/python3.12/site-packages/airflow/example_dags/example_latest_only_with_trigger.py
[2024-10-02T02:00:04.604+0000] {processor.py:830} INFO - Processing file /home/airflow/.local/lib/python3.12/site-packages/airflow/example_dags/example_latest_only_with_trigger.py for tasks to queue
[2024-10-02T02:00:04.605+0000] {logging_mixin.py:188} INFO - [2024-10-02T02:00:04.605+0000] {dagbag.py:545} INFO - Filling up the DagBag from /home/airflow/.local/lib/python3.12/site-packages/airflow/example_dags/example_latest_only_with_trigger.py
[2024-10-02T02:00:04.610+0000] {processor.py:840} INFO - DAG(s) 'latest_only_with_trigger' retrieved from /home/airflow/.local/lib/python3.12/site-packages/airflow/example_dags/example_latest_only_with_trigger.py
[2024-10-02T02:00:04.626+0000] {logging_mixin.py:188} INFO - [2024-10-02T02:00:04.625+0000] {dag.py:3096} INFO - Sync 1 DAGs
[2024-10-02T02:00:04.639+0000] {logging_mixin.py:188} INFO - [2024-10-02T02:00:04.639+0000] {dag.py:3954} INFO - Setting next_dagrun for latest_only_with_trigger to 2024-10-01 20:00:00+00:00, run_after=2024-10-02 00:00:00+00:00
[2024-10-02T02:00:04.651+0000] {processor.py:183} INFO - Processing /home/airflow/.local/lib/python3.12/site-packages/airflow/example_dags/example_latest_only_with_trigger.py took 0.052 seconds
[2024-10-02T02:00:35.326+0000] {processor.py:161} INFO - Started process (PID=707) to work on /home/airflow/.local/lib/python3.12/site-packages/airflow/example_dags/example_latest_only_with_trigger.py
[2024-10-02T02:00:35.328+0000] {processor.py:830} INFO - Processing file /home/airflow/.local/lib/python3.12/site-packages/airflow/example_dags/example_latest_only_with_trigger.py for tasks to queue
[2024-10-02T02:00:35.329+0000] {logging_mixin.py:188} INFO - [2024-10-02T02:00:35.329+0000] {dagbag.py:545} INFO - Filling up the DagBag from /home/airflow/.local/lib/python3.12/site-packages/airflow/example_dags/example_latest_only_with_trigger.py
[2024-10-02T02:00:35.334+0000] {processor.py:840} INFO - DAG(s) 'latest_only_with_trigger' retrieved from /home/airflow/.local/lib/python3.12/site-packages/airflow/example_dags/example_latest_only_with_trigger.py
[2024-10-02T02:00:35.350+0000] {logging_mixin.py:188} INFO - [2024-10-02T02:00:35.350+0000] {dag.py:3096} INFO - Sync 1 DAGs
[2024-10-02T02:00:35.364+0000] {logging_mixin.py:188} INFO - [2024-10-02T02:00:35.364+0000] {dag.py:3954} INFO - Setting next_dagrun for latest_only_with_trigger to 2024-10-01 20:00:00+00:00, run_after=2024-10-02 00:00:00+00:00
[2024-10-02T02:00:35.373+0000] {processor.py:183} INFO - Processing /home/airflow/.local/lib/python3.12/site-packages/airflow/example_dags/example_latest_only_with_trigger.py took 0.052 seconds
[2024-10-02T02:01:06.114+0000] {processor.py:161} INFO - Started process (PID=765) to work on /home/airflow/.local/lib/python3.12/site-packages/airflow/example_dags/example_latest_only_with_trigger.py
[2024-10-02T02:01:06.115+0000] {processor.py:830} INFO - Processing file /home/airflow/.local/lib/python3.12/site-packages/airflow/example_dags/example_latest_only_with_trigger.py for tasks to queue
[2024-10-02T02:01:06.117+0000] {logging_mixin.py:188} INFO - [2024-10-02T02:01:06.116+0000] {dagbag.py:545} INFO - Filling up the DagBag from /home/airflow/.local/lib/python3.12/site-packages/airflow/example_dags/example_latest_only_with_trigger.py
[2024-10-02T02:01:06.121+0000] {processor.py:840} INFO - DAG(s) 'latest_only_with_trigger' retrieved from /home/airflow/.local/lib/python3.12/site-packages/airflow/example_dags/example_latest_only_with_trigger.py
[2024-10-02T02:01:06.136+0000] {logging_mixin.py:188} INFO - [2024-10-02T02:01:06.136+0000] {dag.py:3096} INFO - Sync 1 DAGs
[2024-10-02T02:01:06.149+0000] {logging_mixin.py:188} INFO - [2024-10-02T02:01:06.149+0000] {dag.py:3954} INFO - Setting next_dagrun for latest_only_with_trigger to 2024-10-01 20:00:00+00:00, run_after=2024-10-02 00:00:00+00:00
[2024-10-02T02:01:06.159+0000] {processor.py:183} INFO - Processing /home/airflow/.local/lib/python3.12/site-packages/airflow/example_dags/example_latest_only_with_trigger.py took 0.050 seconds
[2024-10-02T02:01:36.507+0000] {processor.py:161} INFO - Started process (PID=823) to work on /home/airflow/.local/lib/python3.12/site-packages/airflow/example_dags/example_latest_only_with_trigger.py
[2024-10-02T02:01:36.512+0000] {processor.py:830} INFO - Processing file /home/airflow/.local/lib/python3.12/site-packages/airflow/example_dags/example_latest_only_with_trigger.py for tasks to queue
[2024-10-02T02:01:36.515+0000] {logging_mixin.py:188} INFO - [2024-10-02T02:01:36.514+0000] {dagbag.py:545} INFO - Filling up the DagBag from /home/airflow/.local/lib/python3.12/site-packages/airflow/example_dags/example_latest_only_with_trigger.py
[2024-10-02T02:01:36.520+0000] {processor.py:840} INFO - DAG(s) 'latest_only_with_trigger' retrieved from /home/airflow/.local/lib/python3.12/site-packages/airflow/example_dags/example_latest_only_with_trigger.py
[2024-10-02T02:01:36.539+0000] {logging_mixin.py:188} INFO - [2024-10-02T02:01:36.539+0000] {dag.py:3096} INFO - Sync 1 DAGs
[2024-10-02T02:01:36.555+0000] {logging_mixin.py:188} INFO - [2024-10-02T02:01:36.555+0000] {dag.py:3954} INFO - Setting next_dagrun for latest_only_with_trigger to 2024-10-01 20:00:00+00:00, run_after=2024-10-02 00:00:00+00:00
[2024-10-02T02:01:36.568+0000] {processor.py:183} INFO - Processing /home/airflow/.local/lib/python3.12/site-packages/airflow/example_dags/example_latest_only_with_trigger.py took 0.066 seconds
[2024-10-02T02:02:07.555+0000] {processor.py:161} INFO - Started process (PID=881) to work on /home/airflow/.local/lib/python3.12/site-packages/airflow/example_dags/example_latest_only_with_trigger.py
[2024-10-02T02:02:07.556+0000] {processor.py:830} INFO - Processing file /home/airflow/.local/lib/python3.12/site-packages/airflow/example_dags/example_latest_only_with_trigger.py for tasks to queue
[2024-10-02T02:02:07.558+0000] {logging_mixin.py:188} INFO - [2024-10-02T02:02:07.558+0000] {dagbag.py:545} INFO - Filling up the DagBag from /home/airflow/.local/lib/python3.12/site-packages/airflow/example_dags/example_latest_only_with_trigger.py
[2024-10-02T02:02:07.564+0000] {processor.py:840} INFO - DAG(s) 'latest_only_with_trigger' retrieved from /home/airflow/.local/lib/python3.12/site-packages/airflow/example_dags/example_latest_only_with_trigger.py
[2024-10-02T02:02:07.581+0000] {logging_mixin.py:188} INFO - [2024-10-02T02:02:07.580+0000] {dag.py:3096} INFO - Sync 1 DAGs
[2024-10-02T02:02:07.598+0000] {logging_mixin.py:188} INFO - [2024-10-02T02:02:07.598+0000] {dag.py:3954} INFO - Setting next_dagrun for latest_only_with_trigger to 2024-10-01 20:00:00+00:00, run_after=2024-10-02 00:00:00+00:00
[2024-10-02T02:02:07.611+0000] {processor.py:183} INFO - Processing /home/airflow/.local/lib/python3.12/site-packages/airflow/example_dags/example_latest_only_with_trigger.py took 0.066 seconds
[2024-10-02T02:02:38.578+0000] {processor.py:161} INFO - Started process (PID=939) to work on /home/airflow/.local/lib/python3.12/site-packages/airflow/example_dags/example_latest_only_with_trigger.py
[2024-10-02T02:02:38.579+0000] {processor.py:830} INFO - Processing file /home/airflow/.local/lib/python3.12/site-packages/airflow/example_dags/example_latest_only_with_trigger.py for tasks to queue
[2024-10-02T02:02:38.581+0000] {logging_mixin.py:188} INFO - [2024-10-02T02:02:38.581+0000] {dagbag.py:545} INFO - Filling up the DagBag from /home/airflow/.local/lib/python3.12/site-packages/airflow/example_dags/example_latest_only_with_trigger.py
[2024-10-02T02:02:38.586+0000] {processor.py:840} INFO - DAG(s) 'latest_only_with_trigger' retrieved from /home/airflow/.local/lib/python3.12/site-packages/airflow/example_dags/example_latest_only_with_trigger.py
[2024-10-02T02:02:38.603+0000] {logging_mixin.py:188} INFO - [2024-10-02T02:02:38.603+0000] {dag.py:3096} INFO - Sync 1 DAGs
[2024-10-02T02:02:38.619+0000] {logging_mixin.py:188} INFO - [2024-10-02T02:02:38.619+0000] {dag.py:3954} INFO - Setting next_dagrun for latest_only_with_trigger to 2024-10-01 20:00:00+00:00, run_after=2024-10-02 00:00:00+00:00
[2024-10-02T02:02:38.630+0000] {processor.py:183} INFO - Processing /home/airflow/.local/lib/python3.12/site-packages/airflow/example_dags/example_latest_only_with_trigger.py took 0.057 seconds
[2024-10-02T02:03:08.984+0000] {processor.py:161} INFO - Started process (PID=997) to work on /home/airflow/.local/lib/python3.12/site-packages/airflow/example_dags/example_latest_only_with_trigger.py
[2024-10-02T02:03:08.985+0000] {processor.py:830} INFO - Processing file /home/airflow/.local/lib/python3.12/site-packages/airflow/example_dags/example_latest_only_with_trigger.py for tasks to queue
[2024-10-02T02:03:08.987+0000] {logging_mixin.py:188} INFO - [2024-10-02T02:03:08.987+0000] {dagbag.py:545} INFO - Filling up the DagBag from /home/airflow/.local/lib/python3.12/site-packages/airflow/example_dags/example_latest_only_with_trigger.py
[2024-10-02T02:03:08.992+0000] {processor.py:840} INFO - DAG(s) 'latest_only_with_trigger' retrieved from /home/airflow/.local/lib/python3.12/site-packages/airflow/example_dags/example_latest_only_with_trigger.py
[2024-10-02T02:03:09.007+0000] {logging_mixin.py:188} INFO - [2024-10-02T02:03:09.007+0000] {dag.py:3096} INFO - Sync 1 DAGs
[2024-10-02T02:03:09.020+0000] {logging_mixin.py:188} INFO - [2024-10-02T02:03:09.020+0000] {dag.py:3954} INFO - Setting next_dagrun for latest_only_with_trigger to 2024-10-01 20:00:00+00:00, run_after=2024-10-02 00:00:00+00:00
[2024-10-02T02:03:09.030+0000] {processor.py:183} INFO - Processing /home/airflow/.local/lib/python3.12/site-packages/airflow/example_dags/example_latest_only_with_trigger.py took 0.050 seconds
[2024-10-02T02:03:39.308+0000] {processor.py:161} INFO - Started process (PID=1055) to work on /home/airflow/.local/lib/python3.12/site-packages/airflow/example_dags/example_latest_only_with_trigger.py
[2024-10-02T02:03:39.310+0000] {processor.py:830} INFO - Processing file /home/airflow/.local/lib/python3.12/site-packages/airflow/example_dags/example_latest_only_with_trigger.py for tasks to queue
[2024-10-02T02:03:39.312+0000] {logging_mixin.py:188} INFO - [2024-10-02T02:03:39.311+0000] {dagbag.py:545} INFO - Filling up the DagBag from /home/airflow/.local/lib/python3.12/site-packages/airflow/example_dags/example_latest_only_with_trigger.py
[2024-10-02T02:03:39.316+0000] {processor.py:840} INFO - DAG(s) 'latest_only_with_trigger' retrieved from /home/airflow/.local/lib/python3.12/site-packages/airflow/example_dags/example_latest_only_with_trigger.py
[2024-10-02T02:03:39.332+0000] {logging_mixin.py:188} INFO - [2024-10-02T02:03:39.332+0000] {dag.py:3096} INFO - Sync 1 DAGs
[2024-10-02T02:03:39.346+0000] {logging_mixin.py:188} INFO - [2024-10-02T02:03:39.346+0000] {dag.py:3954} INFO - Setting next_dagrun for latest_only_with_trigger to 2024-10-01 20:00:00+00:00, run_after=2024-10-02 00:00:00+00:00
[2024-10-02T02:03:39.356+0000] {processor.py:183} INFO - Processing /home/airflow/.local/lib/python3.12/site-packages/airflow/example_dags/example_latest_only_with_trigger.py took 0.052 seconds
[2024-10-02T02:04:09.629+0000] {processor.py:161} INFO - Started process (PID=1113) to work on /home/airflow/.local/lib/python3.12/site-packages/airflow/example_dags/example_latest_only_with_trigger.py
[2024-10-02T02:04:09.630+0000] {processor.py:830} INFO - Processing file /home/airflow/.local/lib/python3.12/site-packages/airflow/example_dags/example_latest_only_with_trigger.py for tasks to queue
[2024-10-02T02:04:09.632+0000] {logging_mixin.py:188} INFO - [2024-10-02T02:04:09.632+0000] {dagbag.py:545} INFO - Filling up the DagBag from /home/airflow/.local/lib/python3.12/site-packages/airflow/example_dags/example_latest_only_with_trigger.py
[2024-10-02T02:04:09.637+0000] {processor.py:840} INFO - DAG(s) 'latest_only_with_trigger' retrieved from /home/airflow/.local/lib/python3.12/site-packages/airflow/example_dags/example_latest_only_with_trigger.py
[2024-10-02T02:04:09.655+0000] {logging_mixin.py:188} INFO - [2024-10-02T02:04:09.655+0000] {dag.py:3096} INFO - Sync 1 DAGs
[2024-10-02T02:04:09.668+0000] {logging_mixin.py:188} INFO - [2024-10-02T02:04:09.668+0000] {dag.py:3954} INFO - Setting next_dagrun for latest_only_with_trigger to 2024-10-01 20:00:00+00:00, run_after=2024-10-02 00:00:00+00:00
[2024-10-02T02:04:09.679+0000] {processor.py:183} INFO - Processing /home/airflow/.local/lib/python3.12/site-packages/airflow/example_dags/example_latest_only_with_trigger.py took 0.054 seconds
[2024-10-02T02:04:40.031+0000] {processor.py:161} INFO - Started process (PID=1171) to work on /home/airflow/.local/lib/python3.12/site-packages/airflow/example_dags/example_latest_only_with_trigger.py
[2024-10-02T02:04:40.033+0000] {processor.py:830} INFO - Processing file /home/airflow/.local/lib/python3.12/site-packages/airflow/example_dags/example_latest_only_with_trigger.py for tasks to queue
[2024-10-02T02:04:40.034+0000] {logging_mixin.py:188} INFO - [2024-10-02T02:04:40.034+0000] {dagbag.py:545} INFO - Filling up the DagBag from /home/airflow/.local/lib/python3.12/site-packages/airflow/example_dags/example_latest_only_with_trigger.py
[2024-10-02T02:04:40.039+0000] {processor.py:840} INFO - DAG(s) 'latest_only_with_trigger' retrieved from /home/airflow/.local/lib/python3.12/site-packages/airflow/example_dags/example_latest_only_with_trigger.py
[2024-10-02T02:04:40.055+0000] {logging_mixin.py:188} INFO - [2024-10-02T02:04:40.055+0000] {dag.py:3096} INFO - Sync 1 DAGs
[2024-10-02T02:04:40.068+0000] {logging_mixin.py:188} INFO - [2024-10-02T02:04:40.068+0000] {dag.py:3954} INFO - Setting next_dagrun for latest_only_with_trigger to 2024-10-01 20:00:00+00:00, run_after=2024-10-02 00:00:00+00:00
[2024-10-02T02:04:40.078+0000] {processor.py:183} INFO - Processing /home/airflow/.local/lib/python3.12/site-packages/airflow/example_dags/example_latest_only_with_trigger.py took 0.051 seconds
[2024-10-02T02:05:10.629+0000] {processor.py:161} INFO - Started process (PID=1229) to work on /home/airflow/.local/lib/python3.12/site-packages/airflow/example_dags/example_latest_only_with_trigger.py
[2024-10-02T02:05:10.630+0000] {processor.py:830} INFO - Processing file /home/airflow/.local/lib/python3.12/site-packages/airflow/example_dags/example_latest_only_with_trigger.py for tasks to queue
[2024-10-02T02:05:10.632+0000] {logging_mixin.py:188} INFO - [2024-10-02T02:05:10.632+0000] {dagbag.py:545} INFO - Filling up the DagBag from /home/airflow/.local/lib/python3.12/site-packages/airflow/example_dags/example_latest_only_with_trigger.py
[2024-10-02T02:05:10.637+0000] {processor.py:840} INFO - DAG(s) 'latest_only_with_trigger' retrieved from /home/airflow/.local/lib/python3.12/site-packages/airflow/example_dags/example_latest_only_with_trigger.py
[2024-10-02T02:05:10.654+0000] {logging_mixin.py:188} INFO - [2024-10-02T02:05:10.653+0000] {dag.py:3096} INFO - Sync 1 DAGs
[2024-10-02T02:05:10.666+0000] {logging_mixin.py:188} INFO - [2024-10-02T02:05:10.666+0000] {dag.py:3954} INFO - Setting next_dagrun for latest_only_with_trigger to 2024-10-01 20:00:00+00:00, run_after=2024-10-02 00:00:00+00:00
[2024-10-02T02:05:10.677+0000] {processor.py:183} INFO - Processing /home/airflow/.local/lib/python3.12/site-packages/airflow/example_dags/example_latest_only_with_trigger.py took 0.052 seconds
