[2024-10-02T01:54:56.193+0000] {processor.py:161} INFO - Started process (PID=29) to work on /home/airflow/.local/lib/python3.12/site-packages/airflow/example_dags/example_branch_operator.py
[2024-10-02T01:54:56.194+0000] {processor.py:830} INFO - Processing file /home/airflow/.local/lib/python3.12/site-packages/airflow/example_dags/example_branch_operator.py for tasks to queue
[2024-10-02T01:54:56.197+0000] {logging_mixin.py:188} INFO - [2024-10-02T01:54:56.196+0000] {dagbag.py:545} INFO - Filling up the DagBag from /home/airflow/.local/lib/python3.12/site-packages/airflow/example_dags/example_branch_operator.py
[2024-10-02T01:54:56.225+0000] {processor.py:840} INFO - DAG(s) 'example_branch_operator' retrieved from /home/airflow/.local/lib/python3.12/site-packages/airflow/example_dags/example_branch_operator.py
[2024-10-02T01:54:56.242+0000] {logging_mixin.py:188} INFO - [2024-10-02T01:54:56.242+0000] {dag.py:3096} INFO - Sync 1 DAGs
[2024-10-02T01:54:56.280+0000] {logging_mixin.py:188} INFO - [2024-10-02T01:54:56.279+0000] {dag.py:3954} INFO - Setting next_dagrun for example_branch_operator to 2024-10-01 00:00:00+00:00, run_after=2024-10-02 00:00:00+00:00
[2024-10-02T01:54:56.299+0000] {processor.py:183} INFO - Processing /home/airflow/.local/lib/python3.12/site-packages/airflow/example_dags/example_branch_operator.py took 0.112 seconds
[2024-10-02T01:55:26.546+0000] {processor.py:161} INFO - Started process (PID=87) to work on /home/airflow/.local/lib/python3.12/site-packages/airflow/example_dags/example_branch_operator.py
[2024-10-02T01:55:26.548+0000] {processor.py:830} INFO - Processing file /home/airflow/.local/lib/python3.12/site-packages/airflow/example_dags/example_branch_operator.py for tasks to queue
[2024-10-02T01:55:26.549+0000] {logging_mixin.py:188} INFO - [2024-10-02T01:55:26.549+0000] {dagbag.py:545} INFO - Filling up the DagBag from /home/airflow/.local/lib/python3.12/site-packages/airflow/example_dags/example_branch_operator.py
[2024-10-02T01:55:26.561+0000] {processor.py:840} INFO - DAG(s) 'example_branch_operator' retrieved from /home/airflow/.local/lib/python3.12/site-packages/airflow/example_dags/example_branch_operator.py
[2024-10-02T01:55:26.618+0000] {logging_mixin.py:188} INFO - [2024-10-02T01:55:26.618+0000] {dag.py:3096} INFO - Sync 1 DAGs
[2024-10-02T01:55:26.629+0000] {logging_mixin.py:188} INFO - [2024-10-02T01:55:26.629+0000] {dag.py:3954} INFO - Setting next_dagrun for example_branch_operator to 2024-10-01 00:00:00+00:00, run_after=2024-10-02 00:00:00+00:00
[2024-10-02T01:55:26.640+0000] {processor.py:183} INFO - Processing /home/airflow/.local/lib/python3.12/site-packages/airflow/example_dags/example_branch_operator.py took 0.097 seconds
[2024-10-02T01:55:57.098+0000] {processor.py:161} INFO - Started process (PID=145) to work on /home/airflow/.local/lib/python3.12/site-packages/airflow/example_dags/example_branch_operator.py
[2024-10-02T01:55:57.099+0000] {processor.py:830} INFO - Processing file /home/airflow/.local/lib/python3.12/site-packages/airflow/example_dags/example_branch_operator.py for tasks to queue
[2024-10-02T01:55:57.101+0000] {logging_mixin.py:188} INFO - [2024-10-02T01:55:57.101+0000] {dagbag.py:545} INFO - Filling up the DagBag from /home/airflow/.local/lib/python3.12/site-packages/airflow/example_dags/example_branch_operator.py
[2024-10-02T01:55:57.112+0000] {processor.py:840} INFO - DAG(s) 'example_branch_operator' retrieved from /home/airflow/.local/lib/python3.12/site-packages/airflow/example_dags/example_branch_operator.py
[2024-10-02T01:55:57.130+0000] {logging_mixin.py:188} INFO - [2024-10-02T01:55:57.130+0000] {dag.py:3096} INFO - Sync 1 DAGs
[2024-10-02T01:55:57.143+0000] {logging_mixin.py:188} INFO - [2024-10-02T01:55:57.143+0000] {dag.py:3954} INFO - Setting next_dagrun for example_branch_operator to 2024-10-01 00:00:00+00:00, run_after=2024-10-02 00:00:00+00:00
[2024-10-02T01:55:57.153+0000] {processor.py:183} INFO - Processing /home/airflow/.local/lib/python3.12/site-packages/airflow/example_dags/example_branch_operator.py took 0.058 seconds
[2024-10-02T01:56:27.616+0000] {processor.py:161} INFO - Started process (PID=203) to work on /home/airflow/.local/lib/python3.12/site-packages/airflow/example_dags/example_branch_operator.py
[2024-10-02T01:56:27.618+0000] {processor.py:830} INFO - Processing file /home/airflow/.local/lib/python3.12/site-packages/airflow/example_dags/example_branch_operator.py for tasks to queue
[2024-10-02T01:56:27.619+0000] {logging_mixin.py:188} INFO - [2024-10-02T01:56:27.619+0000] {dagbag.py:545} INFO - Filling up the DagBag from /home/airflow/.local/lib/python3.12/site-packages/airflow/example_dags/example_branch_operator.py
[2024-10-02T01:56:27.632+0000] {processor.py:840} INFO - DAG(s) 'example_branch_operator' retrieved from /home/airflow/.local/lib/python3.12/site-packages/airflow/example_dags/example_branch_operator.py
[2024-10-02T01:56:27.654+0000] {logging_mixin.py:188} INFO - [2024-10-02T01:56:27.654+0000] {dag.py:3096} INFO - Sync 1 DAGs
[2024-10-02T01:56:27.667+0000] {logging_mixin.py:188} INFO - [2024-10-02T01:56:27.667+0000] {dag.py:3954} INFO - Setting next_dagrun for example_branch_operator to 2024-10-01 00:00:00+00:00, run_after=2024-10-02 00:00:00+00:00
[2024-10-02T01:56:27.677+0000] {processor.py:183} INFO - Processing /home/airflow/.local/lib/python3.12/site-packages/airflow/example_dags/example_branch_operator.py took 0.065 seconds
[2024-10-02T01:56:58.305+0000] {processor.py:161} INFO - Started process (PID=261) to work on /home/airflow/.local/lib/python3.12/site-packages/airflow/example_dags/example_branch_operator.py
[2024-10-02T01:56:58.306+0000] {processor.py:830} INFO - Processing file /home/airflow/.local/lib/python3.12/site-packages/airflow/example_dags/example_branch_operator.py for tasks to queue
[2024-10-02T01:56:58.308+0000] {logging_mixin.py:188} INFO - [2024-10-02T01:56:58.308+0000] {dagbag.py:545} INFO - Filling up the DagBag from /home/airflow/.local/lib/python3.12/site-packages/airflow/example_dags/example_branch_operator.py
[2024-10-02T01:56:58.320+0000] {processor.py:840} INFO - DAG(s) 'example_branch_operator' retrieved from /home/airflow/.local/lib/python3.12/site-packages/airflow/example_dags/example_branch_operator.py
[2024-10-02T01:56:58.339+0000] {logging_mixin.py:188} INFO - [2024-10-02T01:56:58.339+0000] {dag.py:3096} INFO - Sync 1 DAGs
[2024-10-02T01:56:58.364+0000] {logging_mixin.py:188} INFO - [2024-10-02T01:56:58.364+0000] {dag.py:3954} INFO - Setting next_dagrun for example_branch_operator to 2024-10-01 00:00:00+00:00, run_after=2024-10-02 00:00:00+00:00
[2024-10-02T01:56:58.380+0000] {processor.py:183} INFO - Processing /home/airflow/.local/lib/python3.12/site-packages/airflow/example_dags/example_branch_operator.py took 0.079 seconds
[2024-10-02T01:57:28.698+0000] {processor.py:161} INFO - Started process (PID=319) to work on /home/airflow/.local/lib/python3.12/site-packages/airflow/example_dags/example_branch_operator.py
[2024-10-02T01:57:28.700+0000] {processor.py:830} INFO - Processing file /home/airflow/.local/lib/python3.12/site-packages/airflow/example_dags/example_branch_operator.py for tasks to queue
[2024-10-02T01:57:28.702+0000] {logging_mixin.py:188} INFO - [2024-10-02T01:57:28.701+0000] {dagbag.py:545} INFO - Filling up the DagBag from /home/airflow/.local/lib/python3.12/site-packages/airflow/example_dags/example_branch_operator.py
[2024-10-02T01:57:28.713+0000] {processor.py:840} INFO - DAG(s) 'example_branch_operator' retrieved from /home/airflow/.local/lib/python3.12/site-packages/airflow/example_dags/example_branch_operator.py
[2024-10-02T01:57:28.732+0000] {logging_mixin.py:188} INFO - [2024-10-02T01:57:28.732+0000] {dag.py:3096} INFO - Sync 1 DAGs
[2024-10-02T01:57:28.744+0000] {logging_mixin.py:188} INFO - [2024-10-02T01:57:28.744+0000] {dag.py:3954} INFO - Setting next_dagrun for example_branch_operator to 2024-10-01 00:00:00+00:00, run_after=2024-10-02 00:00:00+00:00
[2024-10-02T01:57:28.753+0000] {processor.py:183} INFO - Processing /home/airflow/.local/lib/python3.12/site-packages/airflow/example_dags/example_branch_operator.py took 0.062 seconds
[2024-10-02T01:57:59.097+0000] {processor.py:161} INFO - Started process (PID=377) to work on /home/airflow/.local/lib/python3.12/site-packages/airflow/example_dags/example_branch_operator.py
[2024-10-02T01:57:59.099+0000] {processor.py:830} INFO - Processing file /home/airflow/.local/lib/python3.12/site-packages/airflow/example_dags/example_branch_operator.py for tasks to queue
[2024-10-02T01:57:59.101+0000] {logging_mixin.py:188} INFO - [2024-10-02T01:57:59.101+0000] {dagbag.py:545} INFO - Filling up the DagBag from /home/airflow/.local/lib/python3.12/site-packages/airflow/example_dags/example_branch_operator.py
[2024-10-02T01:57:59.113+0000] {processor.py:840} INFO - DAG(s) 'example_branch_operator' retrieved from /home/airflow/.local/lib/python3.12/site-packages/airflow/example_dags/example_branch_operator.py
[2024-10-02T01:57:59.132+0000] {logging_mixin.py:188} INFO - [2024-10-02T01:57:59.132+0000] {dag.py:3096} INFO - Sync 1 DAGs
[2024-10-02T01:57:59.144+0000] {logging_mixin.py:188} INFO - [2024-10-02T01:57:59.144+0000] {dag.py:3954} INFO - Setting next_dagrun for example_branch_operator to 2024-10-01 00:00:00+00:00, run_after=2024-10-02 00:00:00+00:00
[2024-10-02T01:57:59.154+0000] {processor.py:183} INFO - Processing /home/airflow/.local/lib/python3.12/site-packages/airflow/example_dags/example_branch_operator.py took 0.063 seconds
[2024-10-02T01:58:29.574+0000] {processor.py:161} INFO - Started process (PID=435) to work on /home/airflow/.local/lib/python3.12/site-packages/airflow/example_dags/example_branch_operator.py
[2024-10-02T01:58:29.575+0000] {processor.py:830} INFO - Processing file /home/airflow/.local/lib/python3.12/site-packages/airflow/example_dags/example_branch_operator.py for tasks to queue
[2024-10-02T01:58:29.577+0000] {logging_mixin.py:188} INFO - [2024-10-02T01:58:29.576+0000] {dagbag.py:545} INFO - Filling up the DagBag from /home/airflow/.local/lib/python3.12/site-packages/airflow/example_dags/example_branch_operator.py
[2024-10-02T01:58:29.588+0000] {processor.py:840} INFO - DAG(s) 'example_branch_operator' retrieved from /home/airflow/.local/lib/python3.12/site-packages/airflow/example_dags/example_branch_operator.py
[2024-10-02T01:58:29.607+0000] {logging_mixin.py:188} INFO - [2024-10-02T01:58:29.607+0000] {dag.py:3096} INFO - Sync 1 DAGs
[2024-10-02T01:58:29.619+0000] {logging_mixin.py:188} INFO - [2024-10-02T01:58:29.619+0000] {dag.py:3954} INFO - Setting next_dagrun for example_branch_operator to 2024-10-01 00:00:00+00:00, run_after=2024-10-02 00:00:00+00:00
[2024-10-02T01:58:29.629+0000] {processor.py:183} INFO - Processing /home/airflow/.local/lib/python3.12/site-packages/airflow/example_dags/example_branch_operator.py took 0.059 seconds
[2024-10-02T01:59:00.118+0000] {processor.py:161} INFO - Started process (PID=494) to work on /home/airflow/.local/lib/python3.12/site-packages/airflow/example_dags/example_branch_operator.py
[2024-10-02T01:59:00.120+0000] {processor.py:830} INFO - Processing file /home/airflow/.local/lib/python3.12/site-packages/airflow/example_dags/example_branch_operator.py for tasks to queue
[2024-10-02T01:59:00.122+0000] {logging_mixin.py:188} INFO - [2024-10-02T01:59:00.121+0000] {dagbag.py:545} INFO - Filling up the DagBag from /home/airflow/.local/lib/python3.12/site-packages/airflow/example_dags/example_branch_operator.py
[2024-10-02T01:59:00.137+0000] {processor.py:840} INFO - DAG(s) 'example_branch_operator' retrieved from /home/airflow/.local/lib/python3.12/site-packages/airflow/example_dags/example_branch_operator.py
[2024-10-02T01:59:00.155+0000] {logging_mixin.py:188} INFO - [2024-10-02T01:59:00.155+0000] {dag.py:3096} INFO - Sync 1 DAGs
[2024-10-02T01:59:00.167+0000] {logging_mixin.py:188} INFO - [2024-10-02T01:59:00.167+0000] {dag.py:3954} INFO - Setting next_dagrun for example_branch_operator to 2024-10-01 00:00:00+00:00, run_after=2024-10-02 00:00:00+00:00
[2024-10-02T01:59:00.178+0000] {processor.py:183} INFO - Processing /home/airflow/.local/lib/python3.12/site-packages/airflow/example_dags/example_branch_operator.py took 0.067 seconds
[2024-10-02T01:59:30.463+0000] {processor.py:161} INFO - Started process (PID=552) to work on /home/airflow/.local/lib/python3.12/site-packages/airflow/example_dags/example_branch_operator.py
[2024-10-02T01:59:30.464+0000] {processor.py:830} INFO - Processing file /home/airflow/.local/lib/python3.12/site-packages/airflow/example_dags/example_branch_operator.py for tasks to queue
[2024-10-02T01:59:30.466+0000] {logging_mixin.py:188} INFO - [2024-10-02T01:59:30.466+0000] {dagbag.py:545} INFO - Filling up the DagBag from /home/airflow/.local/lib/python3.12/site-packages/airflow/example_dags/example_branch_operator.py
[2024-10-02T01:59:30.478+0000] {processor.py:840} INFO - DAG(s) 'example_branch_operator' retrieved from /home/airflow/.local/lib/python3.12/site-packages/airflow/example_dags/example_branch_operator.py
[2024-10-02T01:59:30.497+0000] {logging_mixin.py:188} INFO - [2024-10-02T01:59:30.497+0000] {dag.py:3096} INFO - Sync 1 DAGs
[2024-10-02T01:59:30.511+0000] {logging_mixin.py:188} INFO - [2024-10-02T01:59:30.511+0000] {dag.py:3954} INFO - Setting next_dagrun for example_branch_operator to 2024-10-01 00:00:00+00:00, run_after=2024-10-02 00:00:00+00:00
[2024-10-02T01:59:30.525+0000] {processor.py:183} INFO - Processing /home/airflow/.local/lib/python3.12/site-packages/airflow/example_dags/example_branch_operator.py took 0.066 seconds
[2024-10-02T02:00:00.869+0000] {processor.py:161} INFO - Started process (PID=610) to work on /home/airflow/.local/lib/python3.12/site-packages/airflow/example_dags/example_branch_operator.py
[2024-10-02T02:00:00.871+0000] {processor.py:830} INFO - Processing file /home/airflow/.local/lib/python3.12/site-packages/airflow/example_dags/example_branch_operator.py for tasks to queue
[2024-10-02T02:00:00.873+0000] {logging_mixin.py:188} INFO - [2024-10-02T02:00:00.873+0000] {dagbag.py:545} INFO - Filling up the DagBag from /home/airflow/.local/lib/python3.12/site-packages/airflow/example_dags/example_branch_operator.py
[2024-10-02T02:00:00.887+0000] {processor.py:840} INFO - DAG(s) 'example_branch_operator' retrieved from /home/airflow/.local/lib/python3.12/site-packages/airflow/example_dags/example_branch_operator.py
[2024-10-02T02:00:00.906+0000] {logging_mixin.py:188} INFO - [2024-10-02T02:00:00.906+0000] {dag.py:3096} INFO - Sync 1 DAGs
[2024-10-02T02:00:00.919+0000] {logging_mixin.py:188} INFO - [2024-10-02T02:00:00.919+0000] {dag.py:3954} INFO - Setting next_dagrun for example_branch_operator to 2024-10-01 00:00:00+00:00, run_after=2024-10-02 00:00:00+00:00
[2024-10-02T02:00:00.930+0000] {processor.py:183} INFO - Processing /home/airflow/.local/lib/python3.12/site-packages/airflow/example_dags/example_branch_operator.py took 0.066 seconds
[2024-10-02T02:00:31.376+0000] {processor.py:161} INFO - Started process (PID=669) to work on /home/airflow/.local/lib/python3.12/site-packages/airflow/example_dags/example_branch_operator.py
[2024-10-02T02:00:31.378+0000] {processor.py:830} INFO - Processing file /home/airflow/.local/lib/python3.12/site-packages/airflow/example_dags/example_branch_operator.py for tasks to queue
[2024-10-02T02:00:31.380+0000] {logging_mixin.py:188} INFO - [2024-10-02T02:00:31.379+0000] {dagbag.py:545} INFO - Filling up the DagBag from /home/airflow/.local/lib/python3.12/site-packages/airflow/example_dags/example_branch_operator.py
[2024-10-02T02:00:31.393+0000] {processor.py:840} INFO - DAG(s) 'example_branch_operator' retrieved from /home/airflow/.local/lib/python3.12/site-packages/airflow/example_dags/example_branch_operator.py
[2024-10-02T02:00:31.415+0000] {logging_mixin.py:188} INFO - [2024-10-02T02:00:31.414+0000] {dag.py:3096} INFO - Sync 1 DAGs
[2024-10-02T02:00:31.429+0000] {logging_mixin.py:188} INFO - [2024-10-02T02:00:31.429+0000] {dag.py:3954} INFO - Setting next_dagrun for example_branch_operator to 2024-10-01 00:00:00+00:00, run_after=2024-10-02 00:00:00+00:00
[2024-10-02T02:00:31.441+0000] {processor.py:183} INFO - Processing /home/airflow/.local/lib/python3.12/site-packages/airflow/example_dags/example_branch_operator.py took 0.070 seconds
[2024-10-02T02:01:02.059+0000] {processor.py:161} INFO - Started process (PID=727) to work on /home/airflow/.local/lib/python3.12/site-packages/airflow/example_dags/example_branch_operator.py
[2024-10-02T02:01:02.061+0000] {processor.py:830} INFO - Processing file /home/airflow/.local/lib/python3.12/site-packages/airflow/example_dags/example_branch_operator.py for tasks to queue
[2024-10-02T02:01:02.062+0000] {logging_mixin.py:188} INFO - [2024-10-02T02:01:02.062+0000] {dagbag.py:545} INFO - Filling up the DagBag from /home/airflow/.local/lib/python3.12/site-packages/airflow/example_dags/example_branch_operator.py
[2024-10-02T02:01:02.073+0000] {processor.py:840} INFO - DAG(s) 'example_branch_operator' retrieved from /home/airflow/.local/lib/python3.12/site-packages/airflow/example_dags/example_branch_operator.py
[2024-10-02T02:01:02.092+0000] {logging_mixin.py:188} INFO - [2024-10-02T02:01:02.092+0000] {dag.py:3096} INFO - Sync 1 DAGs
[2024-10-02T02:01:02.105+0000] {logging_mixin.py:188} INFO - [2024-10-02T02:01:02.105+0000] {dag.py:3954} INFO - Setting next_dagrun for example_branch_operator to 2024-10-01 00:00:00+00:00, run_after=2024-10-02 00:00:00+00:00
[2024-10-02T02:01:02.115+0000] {processor.py:183} INFO - Processing /home/airflow/.local/lib/python3.12/site-packages/airflow/example_dags/example_branch_operator.py took 0.062 seconds
[2024-10-02T02:01:32.230+0000] {processor.py:161} INFO - Started process (PID=785) to work on /home/airflow/.local/lib/python3.12/site-packages/airflow/example_dags/example_branch_operator.py
[2024-10-02T02:01:32.232+0000] {processor.py:830} INFO - Processing file /home/airflow/.local/lib/python3.12/site-packages/airflow/example_dags/example_branch_operator.py for tasks to queue
[2024-10-02T02:01:32.235+0000] {logging_mixin.py:188} INFO - [2024-10-02T02:01:32.234+0000] {dagbag.py:545} INFO - Filling up the DagBag from /home/airflow/.local/lib/python3.12/site-packages/airflow/example_dags/example_branch_operator.py
[2024-10-02T02:01:32.250+0000] {processor.py:840} INFO - DAG(s) 'example_branch_operator' retrieved from /home/airflow/.local/lib/python3.12/site-packages/airflow/example_dags/example_branch_operator.py
[2024-10-02T02:01:32.269+0000] {logging_mixin.py:188} INFO - [2024-10-02T02:01:32.268+0000] {dag.py:3096} INFO - Sync 1 DAGs
[2024-10-02T02:01:32.281+0000] {logging_mixin.py:188} INFO - [2024-10-02T02:01:32.281+0000] {dag.py:3954} INFO - Setting next_dagrun for example_branch_operator to 2024-10-01 00:00:00+00:00, run_after=2024-10-02 00:00:00+00:00
[2024-10-02T02:01:32.291+0000] {processor.py:183} INFO - Processing /home/airflow/.local/lib/python3.12/site-packages/airflow/example_dags/example_branch_operator.py took 0.066 seconds
[2024-10-02T02:02:02.466+0000] {processor.py:161} INFO - Started process (PID=843) to work on /home/airflow/.local/lib/python3.12/site-packages/airflow/example_dags/example_branch_operator.py
[2024-10-02T02:02:02.467+0000] {processor.py:830} INFO - Processing file /home/airflow/.local/lib/python3.12/site-packages/airflow/example_dags/example_branch_operator.py for tasks to queue
[2024-10-02T02:02:02.469+0000] {logging_mixin.py:188} INFO - [2024-10-02T02:02:02.469+0000] {dagbag.py:545} INFO - Filling up the DagBag from /home/airflow/.local/lib/python3.12/site-packages/airflow/example_dags/example_branch_operator.py
[2024-10-02T02:02:02.480+0000] {processor.py:840} INFO - DAG(s) 'example_branch_operator' retrieved from /home/airflow/.local/lib/python3.12/site-packages/airflow/example_dags/example_branch_operator.py
[2024-10-02T02:02:02.498+0000] {logging_mixin.py:188} INFO - [2024-10-02T02:02:02.498+0000] {dag.py:3096} INFO - Sync 1 DAGs
[2024-10-02T02:02:02.513+0000] {logging_mixin.py:188} INFO - [2024-10-02T02:02:02.512+0000] {dag.py:3954} INFO - Setting next_dagrun for example_branch_operator to 2024-10-01 00:00:00+00:00, run_after=2024-10-02 00:00:00+00:00
[2024-10-02T02:02:02.524+0000] {processor.py:183} INFO - Processing /home/airflow/.local/lib/python3.12/site-packages/airflow/example_dags/example_branch_operator.py took 0.062 seconds
[2024-10-02T02:02:32.913+0000] {processor.py:161} INFO - Started process (PID=901) to work on /home/airflow/.local/lib/python3.12/site-packages/airflow/example_dags/example_branch_operator.py
[2024-10-02T02:02:32.914+0000] {processor.py:830} INFO - Processing file /home/airflow/.local/lib/python3.12/site-packages/airflow/example_dags/example_branch_operator.py for tasks to queue
[2024-10-02T02:02:32.917+0000] {logging_mixin.py:188} INFO - [2024-10-02T02:02:32.917+0000] {dagbag.py:545} INFO - Filling up the DagBag from /home/airflow/.local/lib/python3.12/site-packages/airflow/example_dags/example_branch_operator.py
[2024-10-02T02:02:32.928+0000] {processor.py:840} INFO - DAG(s) 'example_branch_operator' retrieved from /home/airflow/.local/lib/python3.12/site-packages/airflow/example_dags/example_branch_operator.py
[2024-10-02T02:02:32.946+0000] {logging_mixin.py:188} INFO - [2024-10-02T02:02:32.946+0000] {dag.py:3096} INFO - Sync 1 DAGs
[2024-10-02T02:02:32.958+0000] {logging_mixin.py:188} INFO - [2024-10-02T02:02:32.958+0000] {dag.py:3954} INFO - Setting next_dagrun for example_branch_operator to 2024-10-01 00:00:00+00:00, run_after=2024-10-02 00:00:00+00:00
[2024-10-02T02:02:32.968+0000] {processor.py:183} INFO - Processing /home/airflow/.local/lib/python3.12/site-packages/airflow/example_dags/example_branch_operator.py took 0.063 seconds
[2024-10-02T02:03:03.300+0000] {processor.py:161} INFO - Started process (PID=959) to work on /home/airflow/.local/lib/python3.12/site-packages/airflow/example_dags/example_branch_operator.py
[2024-10-02T02:03:03.302+0000] {processor.py:830} INFO - Processing file /home/airflow/.local/lib/python3.12/site-packages/airflow/example_dags/example_branch_operator.py for tasks to queue
[2024-10-02T02:03:03.305+0000] {logging_mixin.py:188} INFO - [2024-10-02T02:03:03.304+0000] {dagbag.py:545} INFO - Filling up the DagBag from /home/airflow/.local/lib/python3.12/site-packages/airflow/example_dags/example_branch_operator.py
[2024-10-02T02:03:03.316+0000] {processor.py:840} INFO - DAG(s) 'example_branch_operator' retrieved from /home/airflow/.local/lib/python3.12/site-packages/airflow/example_dags/example_branch_operator.py
[2024-10-02T02:03:03.334+0000] {logging_mixin.py:188} INFO - [2024-10-02T02:03:03.334+0000] {dag.py:3096} INFO - Sync 1 DAGs
[2024-10-02T02:03:03.347+0000] {logging_mixin.py:188} INFO - [2024-10-02T02:03:03.347+0000] {dag.py:3954} INFO - Setting next_dagrun for example_branch_operator to 2024-10-01 00:00:00+00:00, run_after=2024-10-02 00:00:00+00:00
[2024-10-02T02:03:03.359+0000] {processor.py:183} INFO - Processing /home/airflow/.local/lib/python3.12/site-packages/airflow/example_dags/example_branch_operator.py took 0.066 seconds
[2024-10-02T02:03:33.645+0000] {processor.py:161} INFO - Started process (PID=1017) to work on /home/airflow/.local/lib/python3.12/site-packages/airflow/example_dags/example_branch_operator.py
[2024-10-02T02:03:33.646+0000] {processor.py:830} INFO - Processing file /home/airflow/.local/lib/python3.12/site-packages/airflow/example_dags/example_branch_operator.py for tasks to queue
[2024-10-02T02:03:33.648+0000] {logging_mixin.py:188} INFO - [2024-10-02T02:03:33.648+0000] {dagbag.py:545} INFO - Filling up the DagBag from /home/airflow/.local/lib/python3.12/site-packages/airflow/example_dags/example_branch_operator.py
[2024-10-02T02:03:33.659+0000] {processor.py:840} INFO - DAG(s) 'example_branch_operator' retrieved from /home/airflow/.local/lib/python3.12/site-packages/airflow/example_dags/example_branch_operator.py
[2024-10-02T02:03:33.677+0000] {logging_mixin.py:188} INFO - [2024-10-02T02:03:33.677+0000] {dag.py:3096} INFO - Sync 1 DAGs
[2024-10-02T02:03:33.691+0000] {logging_mixin.py:188} INFO - [2024-10-02T02:03:33.691+0000] {dag.py:3954} INFO - Setting next_dagrun for example_branch_operator to 2024-10-01 00:00:00+00:00, run_after=2024-10-02 00:00:00+00:00
[2024-10-02T02:03:33.702+0000] {processor.py:183} INFO - Processing /home/airflow/.local/lib/python3.12/site-packages/airflow/example_dags/example_branch_operator.py took 0.061 seconds
[2024-10-02T02:04:04.017+0000] {processor.py:161} INFO - Started process (PID=1075) to work on /home/airflow/.local/lib/python3.12/site-packages/airflow/example_dags/example_branch_operator.py
[2024-10-02T02:04:04.018+0000] {processor.py:830} INFO - Processing file /home/airflow/.local/lib/python3.12/site-packages/airflow/example_dags/example_branch_operator.py for tasks to queue
[2024-10-02T02:04:04.020+0000] {logging_mixin.py:188} INFO - [2024-10-02T02:04:04.020+0000] {dagbag.py:545} INFO - Filling up the DagBag from /home/airflow/.local/lib/python3.12/site-packages/airflow/example_dags/example_branch_operator.py
[2024-10-02T02:04:04.031+0000] {processor.py:840} INFO - DAG(s) 'example_branch_operator' retrieved from /home/airflow/.local/lib/python3.12/site-packages/airflow/example_dags/example_branch_operator.py
[2024-10-02T02:04:04.049+0000] {logging_mixin.py:188} INFO - [2024-10-02T02:04:04.049+0000] {dag.py:3096} INFO - Sync 1 DAGs
[2024-10-02T02:04:04.064+0000] {logging_mixin.py:188} INFO - [2024-10-02T02:04:04.064+0000] {dag.py:3954} INFO - Setting next_dagrun for example_branch_operator to 2024-10-01 00:00:00+00:00, run_after=2024-10-02 00:00:00+00:00
[2024-10-02T02:04:04.075+0000] {processor.py:183} INFO - Processing /home/airflow/.local/lib/python3.12/site-packages/airflow/example_dags/example_branch_operator.py took 0.062 seconds
[2024-10-02T02:04:34.318+0000] {processor.py:161} INFO - Started process (PID=1133) to work on /home/airflow/.local/lib/python3.12/site-packages/airflow/example_dags/example_branch_operator.py
[2024-10-02T02:04:34.320+0000] {processor.py:830} INFO - Processing file /home/airflow/.local/lib/python3.12/site-packages/airflow/example_dags/example_branch_operator.py for tasks to queue
[2024-10-02T02:04:34.324+0000] {logging_mixin.py:188} INFO - [2024-10-02T02:04:34.323+0000] {dagbag.py:545} INFO - Filling up the DagBag from /home/airflow/.local/lib/python3.12/site-packages/airflow/example_dags/example_branch_operator.py
[2024-10-02T02:04:34.336+0000] {processor.py:840} INFO - DAG(s) 'example_branch_operator' retrieved from /home/airflow/.local/lib/python3.12/site-packages/airflow/example_dags/example_branch_operator.py
[2024-10-02T02:04:34.355+0000] {logging_mixin.py:188} INFO - [2024-10-02T02:04:34.355+0000] {dag.py:3096} INFO - Sync 1 DAGs
[2024-10-02T02:04:34.370+0000] {logging_mixin.py:188} INFO - [2024-10-02T02:04:34.369+0000] {dag.py:3954} INFO - Setting next_dagrun for example_branch_operator to 2024-10-01 00:00:00+00:00, run_after=2024-10-02 00:00:00+00:00
[2024-10-02T02:04:34.380+0000] {processor.py:183} INFO - Processing /home/airflow/.local/lib/python3.12/site-packages/airflow/example_dags/example_branch_operator.py took 0.069 seconds
[2024-10-02T02:05:04.856+0000] {processor.py:161} INFO - Started process (PID=1191) to work on /home/airflow/.local/lib/python3.12/site-packages/airflow/example_dags/example_branch_operator.py
[2024-10-02T02:05:04.857+0000] {processor.py:830} INFO - Processing file /home/airflow/.local/lib/python3.12/site-packages/airflow/example_dags/example_branch_operator.py for tasks to queue
[2024-10-02T02:05:04.859+0000] {logging_mixin.py:188} INFO - [2024-10-02T02:05:04.859+0000] {dagbag.py:545} INFO - Filling up the DagBag from /home/airflow/.local/lib/python3.12/site-packages/airflow/example_dags/example_branch_operator.py
[2024-10-02T02:05:04.870+0000] {processor.py:840} INFO - DAG(s) 'example_branch_operator' retrieved from /home/airflow/.local/lib/python3.12/site-packages/airflow/example_dags/example_branch_operator.py
[2024-10-02T02:05:04.888+0000] {logging_mixin.py:188} INFO - [2024-10-02T02:05:04.888+0000] {dag.py:3096} INFO - Sync 1 DAGs
[2024-10-02T02:05:04.903+0000] {logging_mixin.py:188} INFO - [2024-10-02T02:05:04.902+0000] {dag.py:3954} INFO - Setting next_dagrun for example_branch_operator to 2024-10-01 00:00:00+00:00, run_after=2024-10-02 00:00:00+00:00
[2024-10-02T02:05:04.914+0000] {processor.py:183} INFO - Processing /home/airflow/.local/lib/python3.12/site-packages/airflow/example_dags/example_branch_operator.py took 0.062 seconds
