[2024-10-02T01:54:56.493+0000] {processor.py:161} INFO - Started process (PID=33) to work on /home/airflow/.local/lib/python3.12/site-packages/airflow/example_dags/example_kubernetes_executor.py
[2024-10-02T01:54:56.496+0000] {processor.py:830} INFO - Processing file /home/airflow/.local/lib/python3.12/site-packages/airflow/example_dags/example_kubernetes_executor.py for tasks to queue
[2024-10-02T01:54:56.500+0000] {logging_mixin.py:188} INFO - [2024-10-02T01:54:56.499+0000] {dagbag.py:545} INFO - Filling up the DagBag from /home/airflow/.local/lib/python3.12/site-packages/airflow/example_dags/example_kubernetes_executor.py
[2024-10-02T01:54:56.521+0000] {processor.py:840} INFO - DAG(s) 'example_kubernetes_executor' retrieved from /home/airflow/.local/lib/python3.12/site-packages/airflow/example_dags/example_kubernetes_executor.py
[2024-10-02T01:54:56.548+0000] {logging_mixin.py:188} INFO - [2024-10-02T01:54:56.548+0000] {dag.py:3096} INFO - Sync 1 DAGs
[2024-10-02T01:54:56.579+0000] {logging_mixin.py:188} INFO - [2024-10-02T01:54:56.579+0000] {dag.py:3954} INFO - Setting next_dagrun for example_kubernetes_executor to None, run_after=None
[2024-10-02T01:54:56.622+0000] {processor.py:183} INFO - Processing /home/airflow/.local/lib/python3.12/site-packages/airflow/example_dags/example_kubernetes_executor.py took 0.150 seconds
[2024-10-02T01:55:26.769+0000] {processor.py:161} INFO - Started process (PID=91) to work on /home/airflow/.local/lib/python3.12/site-packages/airflow/example_dags/example_kubernetes_executor.py
[2024-10-02T01:55:26.770+0000] {processor.py:830} INFO - Processing file /home/airflow/.local/lib/python3.12/site-packages/airflow/example_dags/example_kubernetes_executor.py for tasks to queue
[2024-10-02T01:55:26.772+0000] {logging_mixin.py:188} INFO - [2024-10-02T01:55:26.772+0000] {dagbag.py:545} INFO - Filling up the DagBag from /home/airflow/.local/lib/python3.12/site-packages/airflow/example_dags/example_kubernetes_executor.py
[2024-10-02T01:55:26.781+0000] {processor.py:840} INFO - DAG(s) 'example_kubernetes_executor' retrieved from /home/airflow/.local/lib/python3.12/site-packages/airflow/example_dags/example_kubernetes_executor.py
[2024-10-02T01:55:26.850+0000] {logging_mixin.py:188} INFO - [2024-10-02T01:55:26.850+0000] {dag.py:3096} INFO - Sync 1 DAGs
[2024-10-02T01:55:26.857+0000] {logging_mixin.py:188} INFO - [2024-10-02T01:55:26.856+0000] {dag.py:3954} INFO - Setting next_dagrun for example_kubernetes_executor to None, run_after=None
[2024-10-02T01:55:26.868+0000] {processor.py:183} INFO - Processing /home/airflow/.local/lib/python3.12/site-packages/airflow/example_dags/example_kubernetes_executor.py took 0.103 seconds
[2024-10-02T01:55:57.249+0000] {processor.py:161} INFO - Started process (PID=149) to work on /home/airflow/.local/lib/python3.12/site-packages/airflow/example_dags/example_kubernetes_executor.py
[2024-10-02T01:55:57.251+0000] {processor.py:830} INFO - Processing file /home/airflow/.local/lib/python3.12/site-packages/airflow/example_dags/example_kubernetes_executor.py for tasks to queue
[2024-10-02T01:55:57.252+0000] {logging_mixin.py:188} INFO - [2024-10-02T01:55:57.252+0000] {dagbag.py:545} INFO - Filling up the DagBag from /home/airflow/.local/lib/python3.12/site-packages/airflow/example_dags/example_kubernetes_executor.py
[2024-10-02T01:55:57.261+0000] {processor.py:840} INFO - DAG(s) 'example_kubernetes_executor' retrieved from /home/airflow/.local/lib/python3.12/site-packages/airflow/example_dags/example_kubernetes_executor.py
[2024-10-02T01:55:57.289+0000] {logging_mixin.py:188} INFO - [2024-10-02T01:55:57.289+0000] {dag.py:3096} INFO - Sync 1 DAGs
[2024-10-02T01:55:57.297+0000] {logging_mixin.py:188} INFO - [2024-10-02T01:55:57.297+0000] {dag.py:3954} INFO - Setting next_dagrun for example_kubernetes_executor to None, run_after=None
[2024-10-02T01:55:57.308+0000] {processor.py:183} INFO - Processing /home/airflow/.local/lib/python3.12/site-packages/airflow/example_dags/example_kubernetes_executor.py took 0.063 seconds
[2024-10-02T01:56:27.790+0000] {processor.py:161} INFO - Started process (PID=207) to work on /home/airflow/.local/lib/python3.12/site-packages/airflow/example_dags/example_kubernetes_executor.py
[2024-10-02T01:56:27.793+0000] {processor.py:830} INFO - Processing file /home/airflow/.local/lib/python3.12/site-packages/airflow/example_dags/example_kubernetes_executor.py for tasks to queue
[2024-10-02T01:56:27.797+0000] {logging_mixin.py:188} INFO - [2024-10-02T01:56:27.797+0000] {dagbag.py:545} INFO - Filling up the DagBag from /home/airflow/.local/lib/python3.12/site-packages/airflow/example_dags/example_kubernetes_executor.py
[2024-10-02T01:56:27.809+0000] {processor.py:840} INFO - DAG(s) 'example_kubernetes_executor' retrieved from /home/airflow/.local/lib/python3.12/site-packages/airflow/example_dags/example_kubernetes_executor.py
[2024-10-02T01:56:27.840+0000] {logging_mixin.py:188} INFO - [2024-10-02T01:56:27.839+0000] {dag.py:3096} INFO - Sync 1 DAGs
[2024-10-02T01:56:27.848+0000] {logging_mixin.py:188} INFO - [2024-10-02T01:56:27.847+0000] {dag.py:3954} INFO - Setting next_dagrun for example_kubernetes_executor to None, run_after=None
[2024-10-02T01:56:27.858+0000] {processor.py:183} INFO - Processing /home/airflow/.local/lib/python3.12/site-packages/airflow/example_dags/example_kubernetes_executor.py took 0.079 seconds
[2024-10-02T01:56:58.468+0000] {processor.py:161} INFO - Started process (PID=265) to work on /home/airflow/.local/lib/python3.12/site-packages/airflow/example_dags/example_kubernetes_executor.py
[2024-10-02T01:56:58.469+0000] {processor.py:830} INFO - Processing file /home/airflow/.local/lib/python3.12/site-packages/airflow/example_dags/example_kubernetes_executor.py for tasks to queue
[2024-10-02T01:56:58.471+0000] {logging_mixin.py:188} INFO - [2024-10-02T01:56:58.470+0000] {dagbag.py:545} INFO - Filling up the DagBag from /home/airflow/.local/lib/python3.12/site-packages/airflow/example_dags/example_kubernetes_executor.py
[2024-10-02T01:56:58.481+0000] {processor.py:840} INFO - DAG(s) 'example_kubernetes_executor' retrieved from /home/airflow/.local/lib/python3.12/site-packages/airflow/example_dags/example_kubernetes_executor.py
[2024-10-02T01:56:58.512+0000] {logging_mixin.py:188} INFO - [2024-10-02T01:56:58.512+0000] {dag.py:3096} INFO - Sync 1 DAGs
[2024-10-02T01:56:58.520+0000] {logging_mixin.py:188} INFO - [2024-10-02T01:56:58.520+0000] {dag.py:3954} INFO - Setting next_dagrun for example_kubernetes_executor to None, run_after=None
[2024-10-02T01:56:58.531+0000] {processor.py:183} INFO - Processing /home/airflow/.local/lib/python3.12/site-packages/airflow/example_dags/example_kubernetes_executor.py took 0.067 seconds
[2024-10-02T01:57:28.867+0000] {processor.py:161} INFO - Started process (PID=323) to work on /home/airflow/.local/lib/python3.12/site-packages/airflow/example_dags/example_kubernetes_executor.py
[2024-10-02T01:57:28.868+0000] {processor.py:830} INFO - Processing file /home/airflow/.local/lib/python3.12/site-packages/airflow/example_dags/example_kubernetes_executor.py for tasks to queue
[2024-10-02T01:57:28.870+0000] {logging_mixin.py:188} INFO - [2024-10-02T01:57:28.870+0000] {dagbag.py:545} INFO - Filling up the DagBag from /home/airflow/.local/lib/python3.12/site-packages/airflow/example_dags/example_kubernetes_executor.py
[2024-10-02T01:57:28.880+0000] {processor.py:840} INFO - DAG(s) 'example_kubernetes_executor' retrieved from /home/airflow/.local/lib/python3.12/site-packages/airflow/example_dags/example_kubernetes_executor.py
[2024-10-02T01:57:28.915+0000] {logging_mixin.py:188} INFO - [2024-10-02T01:57:28.915+0000] {dag.py:3096} INFO - Sync 1 DAGs
[2024-10-02T01:57:28.926+0000] {logging_mixin.py:188} INFO - [2024-10-02T01:57:28.925+0000] {dag.py:3954} INFO - Setting next_dagrun for example_kubernetes_executor to None, run_after=None
[2024-10-02T01:57:28.938+0000] {processor.py:183} INFO - Processing /home/airflow/.local/lib/python3.12/site-packages/airflow/example_dags/example_kubernetes_executor.py took 0.076 seconds
[2024-10-02T01:57:59.326+0000] {processor.py:161} INFO - Started process (PID=381) to work on /home/airflow/.local/lib/python3.12/site-packages/airflow/example_dags/example_kubernetes_executor.py
[2024-10-02T01:57:59.328+0000] {processor.py:830} INFO - Processing file /home/airflow/.local/lib/python3.12/site-packages/airflow/example_dags/example_kubernetes_executor.py for tasks to queue
[2024-10-02T01:57:59.329+0000] {logging_mixin.py:188} INFO - [2024-10-02T01:57:59.329+0000] {dagbag.py:545} INFO - Filling up the DagBag from /home/airflow/.local/lib/python3.12/site-packages/airflow/example_dags/example_kubernetes_executor.py
[2024-10-02T01:57:59.339+0000] {processor.py:840} INFO - DAG(s) 'example_kubernetes_executor' retrieved from /home/airflow/.local/lib/python3.12/site-packages/airflow/example_dags/example_kubernetes_executor.py
[2024-10-02T01:57:59.372+0000] {logging_mixin.py:188} INFO - [2024-10-02T01:57:59.372+0000] {dag.py:3096} INFO - Sync 1 DAGs
[2024-10-02T01:57:59.381+0000] {logging_mixin.py:188} INFO - [2024-10-02T01:57:59.381+0000] {dag.py:3954} INFO - Setting next_dagrun for example_kubernetes_executor to None, run_after=None
[2024-10-02T01:57:59.392+0000] {processor.py:183} INFO - Processing /home/airflow/.local/lib/python3.12/site-packages/airflow/example_dags/example_kubernetes_executor.py took 0.070 seconds
[2024-10-02T01:58:29.730+0000] {processor.py:161} INFO - Started process (PID=439) to work on /home/airflow/.local/lib/python3.12/site-packages/airflow/example_dags/example_kubernetes_executor.py
[2024-10-02T01:58:29.732+0000] {processor.py:830} INFO - Processing file /home/airflow/.local/lib/python3.12/site-packages/airflow/example_dags/example_kubernetes_executor.py for tasks to queue
[2024-10-02T01:58:29.733+0000] {logging_mixin.py:188} INFO - [2024-10-02T01:58:29.733+0000] {dagbag.py:545} INFO - Filling up the DagBag from /home/airflow/.local/lib/python3.12/site-packages/airflow/example_dags/example_kubernetes_executor.py
[2024-10-02T01:58:29.744+0000] {processor.py:840} INFO - DAG(s) 'example_kubernetes_executor' retrieved from /home/airflow/.local/lib/python3.12/site-packages/airflow/example_dags/example_kubernetes_executor.py
[2024-10-02T01:58:29.773+0000] {logging_mixin.py:188} INFO - [2024-10-02T01:58:29.773+0000] {dag.py:3096} INFO - Sync 1 DAGs
[2024-10-02T01:58:29.781+0000] {logging_mixin.py:188} INFO - [2024-10-02T01:58:29.781+0000] {dag.py:3954} INFO - Setting next_dagrun for example_kubernetes_executor to None, run_after=None
[2024-10-02T01:58:29.791+0000] {processor.py:183} INFO - Processing /home/airflow/.local/lib/python3.12/site-packages/airflow/example_dags/example_kubernetes_executor.py took 0.065 seconds
[2024-10-02T01:59:00.285+0000] {processor.py:161} INFO - Started process (PID=498) to work on /home/airflow/.local/lib/python3.12/site-packages/airflow/example_dags/example_kubernetes_executor.py
[2024-10-02T01:59:00.286+0000] {processor.py:830} INFO - Processing file /home/airflow/.local/lib/python3.12/site-packages/airflow/example_dags/example_kubernetes_executor.py for tasks to queue
[2024-10-02T01:59:00.288+0000] {logging_mixin.py:188} INFO - [2024-10-02T01:59:00.287+0000] {dagbag.py:545} INFO - Filling up the DagBag from /home/airflow/.local/lib/python3.12/site-packages/airflow/example_dags/example_kubernetes_executor.py
[2024-10-02T01:59:00.298+0000] {processor.py:840} INFO - DAG(s) 'example_kubernetes_executor' retrieved from /home/airflow/.local/lib/python3.12/site-packages/airflow/example_dags/example_kubernetes_executor.py
[2024-10-02T01:59:00.329+0000] {logging_mixin.py:188} INFO - [2024-10-02T01:59:00.329+0000] {dag.py:3096} INFO - Sync 1 DAGs
[2024-10-02T01:59:00.337+0000] {logging_mixin.py:188} INFO - [2024-10-02T01:59:00.337+0000] {dag.py:3954} INFO - Setting next_dagrun for example_kubernetes_executor to None, run_after=None
[2024-10-02T01:59:00.348+0000] {processor.py:183} INFO - Processing /home/airflow/.local/lib/python3.12/site-packages/airflow/example_dags/example_kubernetes_executor.py took 0.067 seconds
[2024-10-02T01:59:30.642+0000] {processor.py:161} INFO - Started process (PID=556) to work on /home/airflow/.local/lib/python3.12/site-packages/airflow/example_dags/example_kubernetes_executor.py
[2024-10-02T01:59:30.643+0000] {processor.py:830} INFO - Processing file /home/airflow/.local/lib/python3.12/site-packages/airflow/example_dags/example_kubernetes_executor.py for tasks to queue
[2024-10-02T01:59:30.645+0000] {logging_mixin.py:188} INFO - [2024-10-02T01:59:30.645+0000] {dagbag.py:545} INFO - Filling up the DagBag from /home/airflow/.local/lib/python3.12/site-packages/airflow/example_dags/example_kubernetes_executor.py
[2024-10-02T01:59:30.668+0000] {processor.py:840} INFO - DAG(s) 'example_kubernetes_executor' retrieved from /home/airflow/.local/lib/python3.12/site-packages/airflow/example_dags/example_kubernetes_executor.py
[2024-10-02T01:59:30.703+0000] {logging_mixin.py:188} INFO - [2024-10-02T01:59:30.703+0000] {dag.py:3096} INFO - Sync 1 DAGs
[2024-10-02T01:59:30.712+0000] {logging_mixin.py:188} INFO - [2024-10-02T01:59:30.712+0000] {dag.py:3954} INFO - Setting next_dagrun for example_kubernetes_executor to None, run_after=None
[2024-10-02T01:59:30.725+0000] {processor.py:183} INFO - Processing /home/airflow/.local/lib/python3.12/site-packages/airflow/example_dags/example_kubernetes_executor.py took 0.088 seconds
[2024-10-02T02:00:01.064+0000] {processor.py:161} INFO - Started process (PID=614) to work on /home/airflow/.local/lib/python3.12/site-packages/airflow/example_dags/example_kubernetes_executor.py
[2024-10-02T02:00:01.065+0000] {processor.py:830} INFO - Processing file /home/airflow/.local/lib/python3.12/site-packages/airflow/example_dags/example_kubernetes_executor.py for tasks to queue
[2024-10-02T02:00:01.068+0000] {logging_mixin.py:188} INFO - [2024-10-02T02:00:01.067+0000] {dagbag.py:545} INFO - Filling up the DagBag from /home/airflow/.local/lib/python3.12/site-packages/airflow/example_dags/example_kubernetes_executor.py
[2024-10-02T02:00:01.079+0000] {processor.py:840} INFO - DAG(s) 'example_kubernetes_executor' retrieved from /home/airflow/.local/lib/python3.12/site-packages/airflow/example_dags/example_kubernetes_executor.py
[2024-10-02T02:00:01.113+0000] {logging_mixin.py:188} INFO - [2024-10-02T02:00:01.113+0000] {dag.py:3096} INFO - Sync 1 DAGs
[2024-10-02T02:00:01.123+0000] {logging_mixin.py:188} INFO - [2024-10-02T02:00:01.123+0000] {dag.py:3954} INFO - Setting next_dagrun for example_kubernetes_executor to None, run_after=None
[2024-10-02T02:00:01.138+0000] {processor.py:183} INFO - Processing /home/airflow/.local/lib/python3.12/site-packages/airflow/example_dags/example_kubernetes_executor.py took 0.079 seconds
[2024-10-02T02:00:31.571+0000] {processor.py:161} INFO - Started process (PID=673) to work on /home/airflow/.local/lib/python3.12/site-packages/airflow/example_dags/example_kubernetes_executor.py
[2024-10-02T02:00:31.572+0000] {processor.py:830} INFO - Processing file /home/airflow/.local/lib/python3.12/site-packages/airflow/example_dags/example_kubernetes_executor.py for tasks to queue
[2024-10-02T02:00:31.574+0000] {logging_mixin.py:188} INFO - [2024-10-02T02:00:31.574+0000] {dagbag.py:545} INFO - Filling up the DagBag from /home/airflow/.local/lib/python3.12/site-packages/airflow/example_dags/example_kubernetes_executor.py
[2024-10-02T02:00:31.585+0000] {processor.py:840} INFO - DAG(s) 'example_kubernetes_executor' retrieved from /home/airflow/.local/lib/python3.12/site-packages/airflow/example_dags/example_kubernetes_executor.py
[2024-10-02T02:00:31.626+0000] {logging_mixin.py:188} INFO - [2024-10-02T02:00:31.626+0000] {dag.py:3096} INFO - Sync 1 DAGs
[2024-10-02T02:00:31.639+0000] {logging_mixin.py:188} INFO - [2024-10-02T02:00:31.639+0000] {dag.py:3954} INFO - Setting next_dagrun for example_kubernetes_executor to None, run_after=None
[2024-10-02T02:00:31.662+0000] {processor.py:183} INFO - Processing /home/airflow/.local/lib/python3.12/site-packages/airflow/example_dags/example_kubernetes_executor.py took 0.096 seconds
[2024-10-02T02:01:02.206+0000] {processor.py:161} INFO - Started process (PID=731) to work on /home/airflow/.local/lib/python3.12/site-packages/airflow/example_dags/example_kubernetes_executor.py
[2024-10-02T02:01:02.207+0000] {processor.py:830} INFO - Processing file /home/airflow/.local/lib/python3.12/site-packages/airflow/example_dags/example_kubernetes_executor.py for tasks to queue
[2024-10-02T02:01:02.209+0000] {logging_mixin.py:188} INFO - [2024-10-02T02:01:02.209+0000] {dagbag.py:545} INFO - Filling up the DagBag from /home/airflow/.local/lib/python3.12/site-packages/airflow/example_dags/example_kubernetes_executor.py
[2024-10-02T02:01:02.217+0000] {processor.py:840} INFO - DAG(s) 'example_kubernetes_executor' retrieved from /home/airflow/.local/lib/python3.12/site-packages/airflow/example_dags/example_kubernetes_executor.py
[2024-10-02T02:01:02.246+0000] {logging_mixin.py:188} INFO - [2024-10-02T02:01:02.246+0000] {dag.py:3096} INFO - Sync 1 DAGs
[2024-10-02T02:01:02.255+0000] {logging_mixin.py:188} INFO - [2024-10-02T02:01:02.255+0000] {dag.py:3954} INFO - Setting next_dagrun for example_kubernetes_executor to None, run_after=None
[2024-10-02T02:01:02.266+0000] {processor.py:183} INFO - Processing /home/airflow/.local/lib/python3.12/site-packages/airflow/example_dags/example_kubernetes_executor.py took 0.064 seconds
[2024-10-02T02:01:32.393+0000] {processor.py:161} INFO - Started process (PID=789) to work on /home/airflow/.local/lib/python3.12/site-packages/airflow/example_dags/example_kubernetes_executor.py
[2024-10-02T02:01:32.394+0000] {processor.py:830} INFO - Processing file /home/airflow/.local/lib/python3.12/site-packages/airflow/example_dags/example_kubernetes_executor.py for tasks to queue
[2024-10-02T02:01:32.396+0000] {logging_mixin.py:188} INFO - [2024-10-02T02:01:32.395+0000] {dagbag.py:545} INFO - Filling up the DagBag from /home/airflow/.local/lib/python3.12/site-packages/airflow/example_dags/example_kubernetes_executor.py
[2024-10-02T02:01:32.405+0000] {processor.py:840} INFO - DAG(s) 'example_kubernetes_executor' retrieved from /home/airflow/.local/lib/python3.12/site-packages/airflow/example_dags/example_kubernetes_executor.py
[2024-10-02T02:01:32.435+0000] {logging_mixin.py:188} INFO - [2024-10-02T02:01:32.435+0000] {dag.py:3096} INFO - Sync 1 DAGs
[2024-10-02T02:01:32.443+0000] {logging_mixin.py:188} INFO - [2024-10-02T02:01:32.443+0000] {dag.py:3954} INFO - Setting next_dagrun for example_kubernetes_executor to None, run_after=None
[2024-10-02T02:01:32.453+0000] {processor.py:183} INFO - Processing /home/airflow/.local/lib/python3.12/site-packages/airflow/example_dags/example_kubernetes_executor.py took 0.065 seconds
[2024-10-02T02:02:02.669+0000] {processor.py:161} INFO - Started process (PID=847) to work on /home/airflow/.local/lib/python3.12/site-packages/airflow/example_dags/example_kubernetes_executor.py
[2024-10-02T02:02:02.670+0000] {processor.py:830} INFO - Processing file /home/airflow/.local/lib/python3.12/site-packages/airflow/example_dags/example_kubernetes_executor.py for tasks to queue
[2024-10-02T02:02:02.672+0000] {logging_mixin.py:188} INFO - [2024-10-02T02:02:02.672+0000] {dagbag.py:545} INFO - Filling up the DagBag from /home/airflow/.local/lib/python3.12/site-packages/airflow/example_dags/example_kubernetes_executor.py
[2024-10-02T02:02:02.680+0000] {processor.py:840} INFO - DAG(s) 'example_kubernetes_executor' retrieved from /home/airflow/.local/lib/python3.12/site-packages/airflow/example_dags/example_kubernetes_executor.py
[2024-10-02T02:02:02.706+0000] {logging_mixin.py:188} INFO - [2024-10-02T02:02:02.706+0000] {dag.py:3096} INFO - Sync 1 DAGs
[2024-10-02T02:02:02.716+0000] {logging_mixin.py:188} INFO - [2024-10-02T02:02:02.716+0000] {dag.py:3954} INFO - Setting next_dagrun for example_kubernetes_executor to None, run_after=None
[2024-10-02T02:02:02.727+0000] {processor.py:183} INFO - Processing /home/airflow/.local/lib/python3.12/site-packages/airflow/example_dags/example_kubernetes_executor.py took 0.062 seconds
[2024-10-02T02:02:33.066+0000] {processor.py:161} INFO - Started process (PID=905) to work on /home/airflow/.local/lib/python3.12/site-packages/airflow/example_dags/example_kubernetes_executor.py
[2024-10-02T02:02:33.067+0000] {processor.py:830} INFO - Processing file /home/airflow/.local/lib/python3.12/site-packages/airflow/example_dags/example_kubernetes_executor.py for tasks to queue
[2024-10-02T02:02:33.069+0000] {logging_mixin.py:188} INFO - [2024-10-02T02:02:33.069+0000] {dagbag.py:545} INFO - Filling up the DagBag from /home/airflow/.local/lib/python3.12/site-packages/airflow/example_dags/example_kubernetes_executor.py
[2024-10-02T02:02:33.079+0000] {processor.py:840} INFO - DAG(s) 'example_kubernetes_executor' retrieved from /home/airflow/.local/lib/python3.12/site-packages/airflow/example_dags/example_kubernetes_executor.py
[2024-10-02T02:02:33.106+0000] {logging_mixin.py:188} INFO - [2024-10-02T02:02:33.106+0000] {dag.py:3096} INFO - Sync 1 DAGs
[2024-10-02T02:02:33.114+0000] {logging_mixin.py:188} INFO - [2024-10-02T02:02:33.114+0000] {dag.py:3954} INFO - Setting next_dagrun for example_kubernetes_executor to None, run_after=None
[2024-10-02T02:02:33.125+0000] {processor.py:183} INFO - Processing /home/airflow/.local/lib/python3.12/site-packages/airflow/example_dags/example_kubernetes_executor.py took 0.063 seconds
[2024-10-02T02:03:03.448+0000] {processor.py:161} INFO - Started process (PID=963) to work on /home/airflow/.local/lib/python3.12/site-packages/airflow/example_dags/example_kubernetes_executor.py
[2024-10-02T02:03:03.449+0000] {processor.py:830} INFO - Processing file /home/airflow/.local/lib/python3.12/site-packages/airflow/example_dags/example_kubernetes_executor.py for tasks to queue
[2024-10-02T02:03:03.451+0000] {logging_mixin.py:188} INFO - [2024-10-02T02:03:03.451+0000] {dagbag.py:545} INFO - Filling up the DagBag from /home/airflow/.local/lib/python3.12/site-packages/airflow/example_dags/example_kubernetes_executor.py
[2024-10-02T02:03:03.460+0000] {processor.py:840} INFO - DAG(s) 'example_kubernetes_executor' retrieved from /home/airflow/.local/lib/python3.12/site-packages/airflow/example_dags/example_kubernetes_executor.py
[2024-10-02T02:03:03.485+0000] {logging_mixin.py:188} INFO - [2024-10-02T02:03:03.485+0000] {dag.py:3096} INFO - Sync 1 DAGs
[2024-10-02T02:03:03.493+0000] {logging_mixin.py:188} INFO - [2024-10-02T02:03:03.493+0000] {dag.py:3954} INFO - Setting next_dagrun for example_kubernetes_executor to None, run_after=None
[2024-10-02T02:03:03.503+0000] {processor.py:183} INFO - Processing /home/airflow/.local/lib/python3.12/site-packages/airflow/example_dags/example_kubernetes_executor.py took 0.059 seconds
[2024-10-02T02:03:33.790+0000] {processor.py:161} INFO - Started process (PID=1021) to work on /home/airflow/.local/lib/python3.12/site-packages/airflow/example_dags/example_kubernetes_executor.py
[2024-10-02T02:03:33.791+0000] {processor.py:830} INFO - Processing file /home/airflow/.local/lib/python3.12/site-packages/airflow/example_dags/example_kubernetes_executor.py for tasks to queue
[2024-10-02T02:03:33.793+0000] {logging_mixin.py:188} INFO - [2024-10-02T02:03:33.793+0000] {dagbag.py:545} INFO - Filling up the DagBag from /home/airflow/.local/lib/python3.12/site-packages/airflow/example_dags/example_kubernetes_executor.py
[2024-10-02T02:03:33.801+0000] {processor.py:840} INFO - DAG(s) 'example_kubernetes_executor' retrieved from /home/airflow/.local/lib/python3.12/site-packages/airflow/example_dags/example_kubernetes_executor.py
[2024-10-02T02:03:33.828+0000] {logging_mixin.py:188} INFO - [2024-10-02T02:03:33.828+0000] {dag.py:3096} INFO - Sync 1 DAGs
[2024-10-02T02:03:33.836+0000] {logging_mixin.py:188} INFO - [2024-10-02T02:03:33.836+0000] {dag.py:3954} INFO - Setting next_dagrun for example_kubernetes_executor to None, run_after=None
[2024-10-02T02:03:33.847+0000] {processor.py:183} INFO - Processing /home/airflow/.local/lib/python3.12/site-packages/airflow/example_dags/example_kubernetes_executor.py took 0.061 seconds
[2024-10-02T02:04:04.164+0000] {processor.py:161} INFO - Started process (PID=1079) to work on /home/airflow/.local/lib/python3.12/site-packages/airflow/example_dags/example_kubernetes_executor.py
[2024-10-02T02:04:04.165+0000] {processor.py:830} INFO - Processing file /home/airflow/.local/lib/python3.12/site-packages/airflow/example_dags/example_kubernetes_executor.py for tasks to queue
[2024-10-02T02:04:04.167+0000] {logging_mixin.py:188} INFO - [2024-10-02T02:04:04.167+0000] {dagbag.py:545} INFO - Filling up the DagBag from /home/airflow/.local/lib/python3.12/site-packages/airflow/example_dags/example_kubernetes_executor.py
[2024-10-02T02:04:04.176+0000] {processor.py:840} INFO - DAG(s) 'example_kubernetes_executor' retrieved from /home/airflow/.local/lib/python3.12/site-packages/airflow/example_dags/example_kubernetes_executor.py
[2024-10-02T02:04:04.200+0000] {logging_mixin.py:188} INFO - [2024-10-02T02:04:04.200+0000] {dag.py:3096} INFO - Sync 1 DAGs
[2024-10-02T02:04:04.210+0000] {logging_mixin.py:188} INFO - [2024-10-02T02:04:04.209+0000] {dag.py:3954} INFO - Setting next_dagrun for example_kubernetes_executor to None, run_after=None
[2024-10-02T02:04:04.221+0000] {processor.py:183} INFO - Processing /home/airflow/.local/lib/python3.12/site-packages/airflow/example_dags/example_kubernetes_executor.py took 0.062 seconds
[2024-10-02T02:04:34.470+0000] {processor.py:161} INFO - Started process (PID=1137) to work on /home/airflow/.local/lib/python3.12/site-packages/airflow/example_dags/example_kubernetes_executor.py
[2024-10-02T02:04:34.471+0000] {processor.py:830} INFO - Processing file /home/airflow/.local/lib/python3.12/site-packages/airflow/example_dags/example_kubernetes_executor.py for tasks to queue
[2024-10-02T02:04:34.473+0000] {logging_mixin.py:188} INFO - [2024-10-02T02:04:34.473+0000] {dagbag.py:545} INFO - Filling up the DagBag from /home/airflow/.local/lib/python3.12/site-packages/airflow/example_dags/example_kubernetes_executor.py
[2024-10-02T02:04:34.481+0000] {processor.py:840} INFO - DAG(s) 'example_kubernetes_executor' retrieved from /home/airflow/.local/lib/python3.12/site-packages/airflow/example_dags/example_kubernetes_executor.py
[2024-10-02T02:04:34.506+0000] {logging_mixin.py:188} INFO - [2024-10-02T02:04:34.505+0000] {dag.py:3096} INFO - Sync 1 DAGs
[2024-10-02T02:04:34.514+0000] {logging_mixin.py:188} INFO - [2024-10-02T02:04:34.513+0000] {dag.py:3954} INFO - Setting next_dagrun for example_kubernetes_executor to None, run_after=None
[2024-10-02T02:04:34.524+0000] {processor.py:183} INFO - Processing /home/airflow/.local/lib/python3.12/site-packages/airflow/example_dags/example_kubernetes_executor.py took 0.058 seconds
[2024-10-02T02:05:05.003+0000] {processor.py:161} INFO - Started process (PID=1195) to work on /home/airflow/.local/lib/python3.12/site-packages/airflow/example_dags/example_kubernetes_executor.py
[2024-10-02T02:05:05.004+0000] {processor.py:830} INFO - Processing file /home/airflow/.local/lib/python3.12/site-packages/airflow/example_dags/example_kubernetes_executor.py for tasks to queue
[2024-10-02T02:05:05.006+0000] {logging_mixin.py:188} INFO - [2024-10-02T02:05:05.005+0000] {dagbag.py:545} INFO - Filling up the DagBag from /home/airflow/.local/lib/python3.12/site-packages/airflow/example_dags/example_kubernetes_executor.py
[2024-10-02T02:05:05.014+0000] {processor.py:840} INFO - DAG(s) 'example_kubernetes_executor' retrieved from /home/airflow/.local/lib/python3.12/site-packages/airflow/example_dags/example_kubernetes_executor.py
[2024-10-02T02:05:05.041+0000] {logging_mixin.py:188} INFO - [2024-10-02T02:05:05.041+0000] {dag.py:3096} INFO - Sync 1 DAGs
[2024-10-02T02:05:05.050+0000] {logging_mixin.py:188} INFO - [2024-10-02T02:05:05.050+0000] {dag.py:3954} INFO - Setting next_dagrun for example_kubernetes_executor to None, run_after=None
[2024-10-02T02:05:05.060+0000] {processor.py:183} INFO - Processing /home/airflow/.local/lib/python3.12/site-packages/airflow/example_dags/example_kubernetes_executor.py took 0.061 seconds
