[2024-10-02T01:54:59.627+0000] {processor.py:161} INFO - Started process (PID=66) to work on /home/airflow/.local/lib/python3.12/site-packages/airflow/example_dags/example_short_circuit_operator.py
[2024-10-02T01:54:59.628+0000] {processor.py:830} INFO - Processing file /home/airflow/.local/lib/python3.12/site-packages/airflow/example_dags/example_short_circuit_operator.py for tasks to queue
[2024-10-02T01:54:59.630+0000] {logging_mixin.py:188} INFO - [2024-10-02T01:54:59.630+0000] {dagbag.py:545} INFO - Filling up the DagBag from /home/airflow/.local/lib/python3.12/site-packages/airflow/example_dags/example_short_circuit_operator.py
[2024-10-02T01:54:59.641+0000] {processor.py:840} INFO - DAG(s) 'example_short_circuit_operator' retrieved from /home/airflow/.local/lib/python3.12/site-packages/airflow/example_dags/example_short_circuit_operator.py
[2024-10-02T01:54:59.653+0000] {logging_mixin.py:188} INFO - [2024-10-02T01:54:59.653+0000] {dag.py:3096} INFO - Sync 1 DAGs
[2024-10-02T01:54:59.668+0000] {logging_mixin.py:188} INFO - [2024-10-02T01:54:59.668+0000] {dag.py:3954} INFO - Setting next_dagrun for example_short_circuit_operator to 2024-10-01 00:00:00+00:00, run_after=2024-10-02 00:00:00+00:00
[2024-10-02T01:54:59.680+0000] {processor.py:183} INFO - Processing /home/airflow/.local/lib/python3.12/site-packages/airflow/example_dags/example_short_circuit_operator.py took 0.058 seconds
[2024-10-02T01:55:30.084+0000] {processor.py:161} INFO - Started process (PID=124) to work on /home/airflow/.local/lib/python3.12/site-packages/airflow/example_dags/example_short_circuit_operator.py
[2024-10-02T01:55:30.085+0000] {processor.py:830} INFO - Processing file /home/airflow/.local/lib/python3.12/site-packages/airflow/example_dags/example_short_circuit_operator.py for tasks to queue
[2024-10-02T01:55:30.087+0000] {logging_mixin.py:188} INFO - [2024-10-02T01:55:30.086+0000] {dagbag.py:545} INFO - Filling up the DagBag from /home/airflow/.local/lib/python3.12/site-packages/airflow/example_dags/example_short_circuit_operator.py
[2024-10-02T01:55:30.092+0000] {processor.py:840} INFO - DAG(s) 'example_short_circuit_operator' retrieved from /home/airflow/.local/lib/python3.12/site-packages/airflow/example_dags/example_short_circuit_operator.py
[2024-10-02T01:55:30.146+0000] {logging_mixin.py:188} INFO - [2024-10-02T01:55:30.146+0000] {dag.py:3096} INFO - Sync 1 DAGs
[2024-10-02T01:55:30.156+0000] {logging_mixin.py:188} INFO - [2024-10-02T01:55:30.156+0000] {dag.py:3954} INFO - Setting next_dagrun for example_short_circuit_operator to 2024-10-01 00:00:00+00:00, run_after=2024-10-02 00:00:00+00:00
[2024-10-02T01:55:30.165+0000] {processor.py:183} INFO - Processing /home/airflow/.local/lib/python3.12/site-packages/airflow/example_dags/example_short_circuit_operator.py took 0.085 seconds
[2024-10-02T01:56:00.711+0000] {processor.py:161} INFO - Started process (PID=182) to work on /home/airflow/.local/lib/python3.12/site-packages/airflow/example_dags/example_short_circuit_operator.py
[2024-10-02T01:56:00.713+0000] {processor.py:830} INFO - Processing file /home/airflow/.local/lib/python3.12/site-packages/airflow/example_dags/example_short_circuit_operator.py for tasks to queue
[2024-10-02T01:56:00.714+0000] {logging_mixin.py:188} INFO - [2024-10-02T01:56:00.714+0000] {dagbag.py:545} INFO - Filling up the DagBag from /home/airflow/.local/lib/python3.12/site-packages/airflow/example_dags/example_short_circuit_operator.py
[2024-10-02T01:56:00.719+0000] {processor.py:840} INFO - DAG(s) 'example_short_circuit_operator' retrieved from /home/airflow/.local/lib/python3.12/site-packages/airflow/example_dags/example_short_circuit_operator.py
[2024-10-02T01:56:00.737+0000] {logging_mixin.py:188} INFO - [2024-10-02T01:56:00.736+0000] {dag.py:3096} INFO - Sync 1 DAGs
[2024-10-02T01:56:00.750+0000] {logging_mixin.py:188} INFO - [2024-10-02T01:56:00.750+0000] {dag.py:3954} INFO - Setting next_dagrun for example_short_circuit_operator to 2024-10-01 00:00:00+00:00, run_after=2024-10-02 00:00:00+00:00
[2024-10-02T01:56:00.760+0000] {processor.py:183} INFO - Processing /home/airflow/.local/lib/python3.12/site-packages/airflow/example_dags/example_short_circuit_operator.py took 0.053 seconds
[2024-10-02T01:56:31.460+0000] {processor.py:161} INFO - Started process (PID=240) to work on /home/airflow/.local/lib/python3.12/site-packages/airflow/example_dags/example_short_circuit_operator.py
[2024-10-02T01:56:31.462+0000] {processor.py:830} INFO - Processing file /home/airflow/.local/lib/python3.12/site-packages/airflow/example_dags/example_short_circuit_operator.py for tasks to queue
[2024-10-02T01:56:31.464+0000] {logging_mixin.py:188} INFO - [2024-10-02T01:56:31.463+0000] {dagbag.py:545} INFO - Filling up the DagBag from /home/airflow/.local/lib/python3.12/site-packages/airflow/example_dags/example_short_circuit_operator.py
[2024-10-02T01:56:31.469+0000] {processor.py:840} INFO - DAG(s) 'example_short_circuit_operator' retrieved from /home/airflow/.local/lib/python3.12/site-packages/airflow/example_dags/example_short_circuit_operator.py
[2024-10-02T01:56:31.530+0000] {logging_mixin.py:188} INFO - [2024-10-02T01:56:31.529+0000] {dag.py:3096} INFO - Sync 1 DAGs
[2024-10-02T01:56:31.556+0000] {logging_mixin.py:188} INFO - [2024-10-02T01:56:31.556+0000] {dag.py:3954} INFO - Setting next_dagrun for example_short_circuit_operator to 2024-10-01 00:00:00+00:00, run_after=2024-10-02 00:00:00+00:00
[2024-10-02T01:56:31.570+0000] {processor.py:183} INFO - Processing /home/airflow/.local/lib/python3.12/site-packages/airflow/example_dags/example_short_circuit_operator.py took 0.114 seconds
[2024-10-02T01:57:01.918+0000] {processor.py:161} INFO - Started process (PID=298) to work on /home/airflow/.local/lib/python3.12/site-packages/airflow/example_dags/example_short_circuit_operator.py
[2024-10-02T01:57:01.919+0000] {processor.py:830} INFO - Processing file /home/airflow/.local/lib/python3.12/site-packages/airflow/example_dags/example_short_circuit_operator.py for tasks to queue
[2024-10-02T01:57:01.921+0000] {logging_mixin.py:188} INFO - [2024-10-02T01:57:01.921+0000] {dagbag.py:545} INFO - Filling up the DagBag from /home/airflow/.local/lib/python3.12/site-packages/airflow/example_dags/example_short_circuit_operator.py
[2024-10-02T01:57:01.926+0000] {processor.py:840} INFO - DAG(s) 'example_short_circuit_operator' retrieved from /home/airflow/.local/lib/python3.12/site-packages/airflow/example_dags/example_short_circuit_operator.py
[2024-10-02T01:57:01.942+0000] {logging_mixin.py:188} INFO - [2024-10-02T01:57:01.942+0000] {dag.py:3096} INFO - Sync 1 DAGs
[2024-10-02T01:57:01.956+0000] {logging_mixin.py:188} INFO - [2024-10-02T01:57:01.956+0000] {dag.py:3954} INFO - Setting next_dagrun for example_short_circuit_operator to 2024-10-01 00:00:00+00:00, run_after=2024-10-02 00:00:00+00:00
[2024-10-02T01:57:01.967+0000] {processor.py:183} INFO - Processing /home/airflow/.local/lib/python3.12/site-packages/airflow/example_dags/example_short_circuit_operator.py took 0.053 seconds
[2024-10-02T01:57:32.295+0000] {processor.py:161} INFO - Started process (PID=356) to work on /home/airflow/.local/lib/python3.12/site-packages/airflow/example_dags/example_short_circuit_operator.py
[2024-10-02T01:57:32.296+0000] {processor.py:830} INFO - Processing file /home/airflow/.local/lib/python3.12/site-packages/airflow/example_dags/example_short_circuit_operator.py for tasks to queue
[2024-10-02T01:57:32.298+0000] {logging_mixin.py:188} INFO - [2024-10-02T01:57:32.298+0000] {dagbag.py:545} INFO - Filling up the DagBag from /home/airflow/.local/lib/python3.12/site-packages/airflow/example_dags/example_short_circuit_operator.py
[2024-10-02T01:57:32.304+0000] {processor.py:840} INFO - DAG(s) 'example_short_circuit_operator' retrieved from /home/airflow/.local/lib/python3.12/site-packages/airflow/example_dags/example_short_circuit_operator.py
[2024-10-02T01:57:32.321+0000] {logging_mixin.py:188} INFO - [2024-10-02T01:57:32.321+0000] {dag.py:3096} INFO - Sync 1 DAGs
[2024-10-02T01:57:32.333+0000] {logging_mixin.py:188} INFO - [2024-10-02T01:57:32.333+0000] {dag.py:3954} INFO - Setting next_dagrun for example_short_circuit_operator to 2024-10-01 00:00:00+00:00, run_after=2024-10-02 00:00:00+00:00
[2024-10-02T01:57:32.348+0000] {processor.py:183} INFO - Processing /home/airflow/.local/lib/python3.12/site-packages/airflow/example_dags/example_short_circuit_operator.py took 0.058 seconds
[2024-10-02T01:58:02.714+0000] {processor.py:161} INFO - Started process (PID=414) to work on /home/airflow/.local/lib/python3.12/site-packages/airflow/example_dags/example_short_circuit_operator.py
[2024-10-02T01:58:02.715+0000] {processor.py:830} INFO - Processing file /home/airflow/.local/lib/python3.12/site-packages/airflow/example_dags/example_short_circuit_operator.py for tasks to queue
[2024-10-02T01:58:02.716+0000] {logging_mixin.py:188} INFO - [2024-10-02T01:58:02.716+0000] {dagbag.py:545} INFO - Filling up the DagBag from /home/airflow/.local/lib/python3.12/site-packages/airflow/example_dags/example_short_circuit_operator.py
[2024-10-02T01:58:02.721+0000] {processor.py:840} INFO - DAG(s) 'example_short_circuit_operator' retrieved from /home/airflow/.local/lib/python3.12/site-packages/airflow/example_dags/example_short_circuit_operator.py
[2024-10-02T01:58:02.737+0000] {logging_mixin.py:188} INFO - [2024-10-02T01:58:02.737+0000] {dag.py:3096} INFO - Sync 1 DAGs
[2024-10-02T01:58:02.750+0000] {logging_mixin.py:188} INFO - [2024-10-02T01:58:02.749+0000] {dag.py:3954} INFO - Setting next_dagrun for example_short_circuit_operator to 2024-10-01 00:00:00+00:00, run_after=2024-10-02 00:00:00+00:00
[2024-10-02T01:58:02.759+0000] {processor.py:183} INFO - Processing /home/airflow/.local/lib/python3.12/site-packages/airflow/example_dags/example_short_circuit_operator.py took 0.049 seconds
[2024-10-02T01:58:33.251+0000] {processor.py:161} INFO - Started process (PID=472) to work on /home/airflow/.local/lib/python3.12/site-packages/airflow/example_dags/example_short_circuit_operator.py
[2024-10-02T01:58:33.252+0000] {processor.py:830} INFO - Processing file /home/airflow/.local/lib/python3.12/site-packages/airflow/example_dags/example_short_circuit_operator.py for tasks to queue
[2024-10-02T01:58:33.254+0000] {logging_mixin.py:188} INFO - [2024-10-02T01:58:33.253+0000] {dagbag.py:545} INFO - Filling up the DagBag from /home/airflow/.local/lib/python3.12/site-packages/airflow/example_dags/example_short_circuit_operator.py
[2024-10-02T01:58:33.259+0000] {processor.py:840} INFO - DAG(s) 'example_short_circuit_operator' retrieved from /home/airflow/.local/lib/python3.12/site-packages/airflow/example_dags/example_short_circuit_operator.py
[2024-10-02T01:58:33.276+0000] {logging_mixin.py:188} INFO - [2024-10-02T01:58:33.275+0000] {dag.py:3096} INFO - Sync 1 DAGs
[2024-10-02T01:58:33.289+0000] {logging_mixin.py:188} INFO - [2024-10-02T01:58:33.289+0000] {dag.py:3954} INFO - Setting next_dagrun for example_short_circuit_operator to 2024-10-01 00:00:00+00:00, run_after=2024-10-02 00:00:00+00:00
[2024-10-02T01:58:33.299+0000] {processor.py:183} INFO - Processing /home/airflow/.local/lib/python3.12/site-packages/airflow/example_dags/example_short_circuit_operator.py took 0.053 seconds
[2024-10-02T01:59:03.674+0000] {processor.py:161} INFO - Started process (PID=531) to work on /home/airflow/.local/lib/python3.12/site-packages/airflow/example_dags/example_short_circuit_operator.py
[2024-10-02T01:59:03.675+0000] {processor.py:830} INFO - Processing file /home/airflow/.local/lib/python3.12/site-packages/airflow/example_dags/example_short_circuit_operator.py for tasks to queue
[2024-10-02T01:59:03.677+0000] {logging_mixin.py:188} INFO - [2024-10-02T01:59:03.677+0000] {dagbag.py:545} INFO - Filling up the DagBag from /home/airflow/.local/lib/python3.12/site-packages/airflow/example_dags/example_short_circuit_operator.py
[2024-10-02T01:59:03.682+0000] {processor.py:840} INFO - DAG(s) 'example_short_circuit_operator' retrieved from /home/airflow/.local/lib/python3.12/site-packages/airflow/example_dags/example_short_circuit_operator.py
[2024-10-02T01:59:03.699+0000] {logging_mixin.py:188} INFO - [2024-10-02T01:59:03.699+0000] {dag.py:3096} INFO - Sync 1 DAGs
[2024-10-02T01:59:03.713+0000] {logging_mixin.py:188} INFO - [2024-10-02T01:59:03.713+0000] {dag.py:3954} INFO - Setting next_dagrun for example_short_circuit_operator to 2024-10-01 00:00:00+00:00, run_after=2024-10-02 00:00:00+00:00
[2024-10-02T01:59:03.724+0000] {processor.py:183} INFO - Processing /home/airflow/.local/lib/python3.12/site-packages/airflow/example_dags/example_short_circuit_operator.py took 0.054 seconds
[2024-10-02T01:59:34.054+0000] {processor.py:161} INFO - Started process (PID=589) to work on /home/airflow/.local/lib/python3.12/site-packages/airflow/example_dags/example_short_circuit_operator.py
[2024-10-02T01:59:34.055+0000] {processor.py:830} INFO - Processing file /home/airflow/.local/lib/python3.12/site-packages/airflow/example_dags/example_short_circuit_operator.py for tasks to queue
[2024-10-02T01:59:34.057+0000] {logging_mixin.py:188} INFO - [2024-10-02T01:59:34.057+0000] {dagbag.py:545} INFO - Filling up the DagBag from /home/airflow/.local/lib/python3.12/site-packages/airflow/example_dags/example_short_circuit_operator.py
[2024-10-02T01:59:34.062+0000] {processor.py:840} INFO - DAG(s) 'example_short_circuit_operator' retrieved from /home/airflow/.local/lib/python3.12/site-packages/airflow/example_dags/example_short_circuit_operator.py
[2024-10-02T01:59:34.079+0000] {logging_mixin.py:188} INFO - [2024-10-02T01:59:34.079+0000] {dag.py:3096} INFO - Sync 1 DAGs
[2024-10-02T01:59:34.092+0000] {logging_mixin.py:188} INFO - [2024-10-02T01:59:34.092+0000] {dag.py:3954} INFO - Setting next_dagrun for example_short_circuit_operator to 2024-10-01 00:00:00+00:00, run_after=2024-10-02 00:00:00+00:00
[2024-10-02T01:59:34.103+0000] {processor.py:183} INFO - Processing /home/airflow/.local/lib/python3.12/site-packages/airflow/example_dags/example_short_circuit_operator.py took 0.053 seconds
[2024-10-02T02:00:04.575+0000] {processor.py:161} INFO - Started process (PID=647) to work on /home/airflow/.local/lib/python3.12/site-packages/airflow/example_dags/example_short_circuit_operator.py
[2024-10-02T02:00:04.577+0000] {processor.py:830} INFO - Processing file /home/airflow/.local/lib/python3.12/site-packages/airflow/example_dags/example_short_circuit_operator.py for tasks to queue
[2024-10-02T02:00:04.579+0000] {logging_mixin.py:188} INFO - [2024-10-02T02:00:04.578+0000] {dagbag.py:545} INFO - Filling up the DagBag from /home/airflow/.local/lib/python3.12/site-packages/airflow/example_dags/example_short_circuit_operator.py
[2024-10-02T02:00:04.585+0000] {processor.py:840} INFO - DAG(s) 'example_short_circuit_operator' retrieved from /home/airflow/.local/lib/python3.12/site-packages/airflow/example_dags/example_short_circuit_operator.py
[2024-10-02T02:00:04.603+0000] {logging_mixin.py:188} INFO - [2024-10-02T02:00:04.603+0000] {dag.py:3096} INFO - Sync 1 DAGs
[2024-10-02T02:00:04.616+0000] {logging_mixin.py:188} INFO - [2024-10-02T02:00:04.616+0000] {dag.py:3954} INFO - Setting next_dagrun for example_short_circuit_operator to 2024-10-01 00:00:00+00:00, run_after=2024-10-02 00:00:00+00:00
[2024-10-02T02:00:04.626+0000] {processor.py:183} INFO - Processing /home/airflow/.local/lib/python3.12/site-packages/airflow/example_dags/example_short_circuit_operator.py took 0.054 seconds
[2024-10-02T02:00:35.280+0000] {processor.py:161} INFO - Started process (PID=706) to work on /home/airflow/.local/lib/python3.12/site-packages/airflow/example_dags/example_short_circuit_operator.py
[2024-10-02T02:00:35.281+0000] {processor.py:830} INFO - Processing file /home/airflow/.local/lib/python3.12/site-packages/airflow/example_dags/example_short_circuit_operator.py for tasks to queue
[2024-10-02T02:00:35.283+0000] {logging_mixin.py:188} INFO - [2024-10-02T02:00:35.283+0000] {dagbag.py:545} INFO - Filling up the DagBag from /home/airflow/.local/lib/python3.12/site-packages/airflow/example_dags/example_short_circuit_operator.py
[2024-10-02T02:00:35.288+0000] {processor.py:840} INFO - DAG(s) 'example_short_circuit_operator' retrieved from /home/airflow/.local/lib/python3.12/site-packages/airflow/example_dags/example_short_circuit_operator.py
[2024-10-02T02:00:35.305+0000] {logging_mixin.py:188} INFO - [2024-10-02T02:00:35.305+0000] {dag.py:3096} INFO - Sync 1 DAGs
[2024-10-02T02:00:35.319+0000] {logging_mixin.py:188} INFO - [2024-10-02T02:00:35.319+0000] {dag.py:3954} INFO - Setting next_dagrun for example_short_circuit_operator to 2024-10-01 00:00:00+00:00, run_after=2024-10-02 00:00:00+00:00
[2024-10-02T02:00:35.330+0000] {processor.py:183} INFO - Processing /home/airflow/.local/lib/python3.12/site-packages/airflow/example_dags/example_short_circuit_operator.py took 0.054 seconds
[2024-10-02T02:01:06.044+0000] {processor.py:161} INFO - Started process (PID=764) to work on /home/airflow/.local/lib/python3.12/site-packages/airflow/example_dags/example_short_circuit_operator.py
[2024-10-02T02:01:06.045+0000] {processor.py:830} INFO - Processing file /home/airflow/.local/lib/python3.12/site-packages/airflow/example_dags/example_short_circuit_operator.py for tasks to queue
[2024-10-02T02:01:06.047+0000] {logging_mixin.py:188} INFO - [2024-10-02T02:01:06.046+0000] {dagbag.py:545} INFO - Filling up the DagBag from /home/airflow/.local/lib/python3.12/site-packages/airflow/example_dags/example_short_circuit_operator.py
[2024-10-02T02:01:06.051+0000] {processor.py:840} INFO - DAG(s) 'example_short_circuit_operator' retrieved from /home/airflow/.local/lib/python3.12/site-packages/airflow/example_dags/example_short_circuit_operator.py
[2024-10-02T02:01:06.068+0000] {logging_mixin.py:188} INFO - [2024-10-02T02:01:06.067+0000] {dag.py:3096} INFO - Sync 1 DAGs
[2024-10-02T02:01:06.082+0000] {logging_mixin.py:188} INFO - [2024-10-02T02:01:06.082+0000] {dag.py:3954} INFO - Setting next_dagrun for example_short_circuit_operator to 2024-10-01 00:00:00+00:00, run_after=2024-10-02 00:00:00+00:00
[2024-10-02T02:01:06.092+0000] {processor.py:183} INFO - Processing /home/airflow/.local/lib/python3.12/site-packages/airflow/example_dags/example_short_circuit_operator.py took 0.052 seconds
[2024-10-02T02:01:36.467+0000] {processor.py:161} INFO - Started process (PID=822) to work on /home/airflow/.local/lib/python3.12/site-packages/airflow/example_dags/example_short_circuit_operator.py
[2024-10-02T02:01:36.468+0000] {processor.py:830} INFO - Processing file /home/airflow/.local/lib/python3.12/site-packages/airflow/example_dags/example_short_circuit_operator.py for tasks to queue
[2024-10-02T02:01:36.470+0000] {logging_mixin.py:188} INFO - [2024-10-02T02:01:36.470+0000] {dagbag.py:545} INFO - Filling up the DagBag from /home/airflow/.local/lib/python3.12/site-packages/airflow/example_dags/example_short_circuit_operator.py
[2024-10-02T02:01:36.476+0000] {processor.py:840} INFO - DAG(s) 'example_short_circuit_operator' retrieved from /home/airflow/.local/lib/python3.12/site-packages/airflow/example_dags/example_short_circuit_operator.py
[2024-10-02T02:01:36.495+0000] {logging_mixin.py:188} INFO - [2024-10-02T02:01:36.494+0000] {dag.py:3096} INFO - Sync 1 DAGs
[2024-10-02T02:01:36.520+0000] {logging_mixin.py:188} INFO - [2024-10-02T02:01:36.520+0000] {dag.py:3954} INFO - Setting next_dagrun for example_short_circuit_operator to 2024-10-01 00:00:00+00:00, run_after=2024-10-02 00:00:00+00:00
[2024-10-02T02:01:36.531+0000] {processor.py:183} INFO - Processing /home/airflow/.local/lib/python3.12/site-packages/airflow/example_dags/example_short_circuit_operator.py took 0.068 seconds
[2024-10-02T02:02:07.550+0000] {processor.py:161} INFO - Started process (PID=880) to work on /home/airflow/.local/lib/python3.12/site-packages/airflow/example_dags/example_short_circuit_operator.py
[2024-10-02T02:02:07.553+0000] {processor.py:830} INFO - Processing file /home/airflow/.local/lib/python3.12/site-packages/airflow/example_dags/example_short_circuit_operator.py for tasks to queue
[2024-10-02T02:02:07.555+0000] {logging_mixin.py:188} INFO - [2024-10-02T02:02:07.555+0000] {dagbag.py:545} INFO - Filling up the DagBag from /home/airflow/.local/lib/python3.12/site-packages/airflow/example_dags/example_short_circuit_operator.py
[2024-10-02T02:02:07.561+0000] {processor.py:840} INFO - DAG(s) 'example_short_circuit_operator' retrieved from /home/airflow/.local/lib/python3.12/site-packages/airflow/example_dags/example_short_circuit_operator.py
[2024-10-02T02:02:07.581+0000] {logging_mixin.py:188} INFO - [2024-10-02T02:02:07.581+0000] {dag.py:3096} INFO - Sync 1 DAGs
[2024-10-02T02:02:07.598+0000] {logging_mixin.py:188} INFO - [2024-10-02T02:02:07.598+0000] {dag.py:3954} INFO - Setting next_dagrun for example_short_circuit_operator to 2024-10-01 00:00:00+00:00, run_after=2024-10-02 00:00:00+00:00
[2024-10-02T02:02:07.611+0000] {processor.py:183} INFO - Processing /home/airflow/.local/lib/python3.12/site-packages/airflow/example_dags/example_short_circuit_operator.py took 0.065 seconds
[2024-10-02T02:02:38.541+0000] {processor.py:161} INFO - Started process (PID=938) to work on /home/airflow/.local/lib/python3.12/site-packages/airflow/example_dags/example_short_circuit_operator.py
[2024-10-02T02:02:38.543+0000] {processor.py:830} INFO - Processing file /home/airflow/.local/lib/python3.12/site-packages/airflow/example_dags/example_short_circuit_operator.py for tasks to queue
[2024-10-02T02:02:38.545+0000] {logging_mixin.py:188} INFO - [2024-10-02T02:02:38.544+0000] {dagbag.py:545} INFO - Filling up the DagBag from /home/airflow/.local/lib/python3.12/site-packages/airflow/example_dags/example_short_circuit_operator.py
[2024-10-02T02:02:38.550+0000] {processor.py:840} INFO - DAG(s) 'example_short_circuit_operator' retrieved from /home/airflow/.local/lib/python3.12/site-packages/airflow/example_dags/example_short_circuit_operator.py
[2024-10-02T02:02:38.569+0000] {logging_mixin.py:188} INFO - [2024-10-02T02:02:38.569+0000] {dag.py:3096} INFO - Sync 1 DAGs
[2024-10-02T02:02:38.583+0000] {logging_mixin.py:188} INFO - [2024-10-02T02:02:38.583+0000] {dag.py:3954} INFO - Setting next_dagrun for example_short_circuit_operator to 2024-10-01 00:00:00+00:00, run_after=2024-10-02 00:00:00+00:00
[2024-10-02T02:02:38.595+0000] {processor.py:183} INFO - Processing /home/airflow/.local/lib/python3.12/site-packages/airflow/example_dags/example_short_circuit_operator.py took 0.058 seconds
[2024-10-02T02:03:08.928+0000] {processor.py:161} INFO - Started process (PID=996) to work on /home/airflow/.local/lib/python3.12/site-packages/airflow/example_dags/example_short_circuit_operator.py
[2024-10-02T02:03:08.929+0000] {processor.py:830} INFO - Processing file /home/airflow/.local/lib/python3.12/site-packages/airflow/example_dags/example_short_circuit_operator.py for tasks to queue
[2024-10-02T02:03:08.931+0000] {logging_mixin.py:188} INFO - [2024-10-02T02:03:08.931+0000] {dagbag.py:545} INFO - Filling up the DagBag from /home/airflow/.local/lib/python3.12/site-packages/airflow/example_dags/example_short_circuit_operator.py
[2024-10-02T02:03:08.937+0000] {processor.py:840} INFO - DAG(s) 'example_short_circuit_operator' retrieved from /home/airflow/.local/lib/python3.12/site-packages/airflow/example_dags/example_short_circuit_operator.py
[2024-10-02T02:03:08.954+0000] {logging_mixin.py:188} INFO - [2024-10-02T02:03:08.954+0000] {dag.py:3096} INFO - Sync 1 DAGs
[2024-10-02T02:03:08.968+0000] {logging_mixin.py:188} INFO - [2024-10-02T02:03:08.968+0000] {dag.py:3954} INFO - Setting next_dagrun for example_short_circuit_operator to 2024-10-01 00:00:00+00:00, run_after=2024-10-02 00:00:00+00:00
[2024-10-02T02:03:08.982+0000] {processor.py:183} INFO - Processing /home/airflow/.local/lib/python3.12/site-packages/airflow/example_dags/example_short_circuit_operator.py took 0.059 seconds
[2024-10-02T02:03:39.272+0000] {processor.py:161} INFO - Started process (PID=1054) to work on /home/airflow/.local/lib/python3.12/site-packages/airflow/example_dags/example_short_circuit_operator.py
[2024-10-02T02:03:39.274+0000] {processor.py:830} INFO - Processing file /home/airflow/.local/lib/python3.12/site-packages/airflow/example_dags/example_short_circuit_operator.py for tasks to queue
[2024-10-02T02:03:39.275+0000] {logging_mixin.py:188} INFO - [2024-10-02T02:03:39.275+0000] {dagbag.py:545} INFO - Filling up the DagBag from /home/airflow/.local/lib/python3.12/site-packages/airflow/example_dags/example_short_circuit_operator.py
[2024-10-02T02:03:39.281+0000] {processor.py:840} INFO - DAG(s) 'example_short_circuit_operator' retrieved from /home/airflow/.local/lib/python3.12/site-packages/airflow/example_dags/example_short_circuit_operator.py
[2024-10-02T02:03:39.297+0000] {logging_mixin.py:188} INFO - [2024-10-02T02:03:39.297+0000] {dag.py:3096} INFO - Sync 1 DAGs
[2024-10-02T02:03:39.311+0000] {logging_mixin.py:188} INFO - [2024-10-02T02:03:39.311+0000] {dag.py:3954} INFO - Setting next_dagrun for example_short_circuit_operator to 2024-10-01 00:00:00+00:00, run_after=2024-10-02 00:00:00+00:00
[2024-10-02T02:03:39.321+0000] {processor.py:183} INFO - Processing /home/airflow/.local/lib/python3.12/site-packages/airflow/example_dags/example_short_circuit_operator.py took 0.053 seconds
[2024-10-02T02:04:09.584+0000] {processor.py:161} INFO - Started process (PID=1112) to work on /home/airflow/.local/lib/python3.12/site-packages/airflow/example_dags/example_short_circuit_operator.py
[2024-10-02T02:04:09.586+0000] {processor.py:830} INFO - Processing file /home/airflow/.local/lib/python3.12/site-packages/airflow/example_dags/example_short_circuit_operator.py for tasks to queue
[2024-10-02T02:04:09.587+0000] {logging_mixin.py:188} INFO - [2024-10-02T02:04:09.587+0000] {dagbag.py:545} INFO - Filling up the DagBag from /home/airflow/.local/lib/python3.12/site-packages/airflow/example_dags/example_short_circuit_operator.py
[2024-10-02T02:04:09.593+0000] {processor.py:840} INFO - DAG(s) 'example_short_circuit_operator' retrieved from /home/airflow/.local/lib/python3.12/site-packages/airflow/example_dags/example_short_circuit_operator.py
[2024-10-02T02:04:09.609+0000] {logging_mixin.py:188} INFO - [2024-10-02T02:04:09.609+0000] {dag.py:3096} INFO - Sync 1 DAGs
[2024-10-02T02:04:09.624+0000] {logging_mixin.py:188} INFO - [2024-10-02T02:04:09.624+0000] {dag.py:3954} INFO - Setting next_dagrun for example_short_circuit_operator to 2024-10-01 00:00:00+00:00, run_after=2024-10-02 00:00:00+00:00
[2024-10-02T02:04:09.634+0000] {processor.py:183} INFO - Processing /home/airflow/.local/lib/python3.12/site-packages/airflow/example_dags/example_short_circuit_operator.py took 0.054 seconds
[2024-10-02T02:04:39.988+0000] {processor.py:161} INFO - Started process (PID=1170) to work on /home/airflow/.local/lib/python3.12/site-packages/airflow/example_dags/example_short_circuit_operator.py
[2024-10-02T02:04:39.990+0000] {processor.py:830} INFO - Processing file /home/airflow/.local/lib/python3.12/site-packages/airflow/example_dags/example_short_circuit_operator.py for tasks to queue
[2024-10-02T02:04:39.991+0000] {logging_mixin.py:188} INFO - [2024-10-02T02:04:39.991+0000] {dagbag.py:545} INFO - Filling up the DagBag from /home/airflow/.local/lib/python3.12/site-packages/airflow/example_dags/example_short_circuit_operator.py
[2024-10-02T02:04:39.996+0000] {processor.py:840} INFO - DAG(s) 'example_short_circuit_operator' retrieved from /home/airflow/.local/lib/python3.12/site-packages/airflow/example_dags/example_short_circuit_operator.py
[2024-10-02T02:04:40.013+0000] {logging_mixin.py:188} INFO - [2024-10-02T02:04:40.013+0000] {dag.py:3096} INFO - Sync 1 DAGs
[2024-10-02T02:04:40.026+0000] {logging_mixin.py:188} INFO - [2024-10-02T02:04:40.026+0000] {dag.py:3954} INFO - Setting next_dagrun for example_short_circuit_operator to 2024-10-01 00:00:00+00:00, run_after=2024-10-02 00:00:00+00:00
[2024-10-02T02:04:40.037+0000] {processor.py:183} INFO - Processing /home/airflow/.local/lib/python3.12/site-packages/airflow/example_dags/example_short_circuit_operator.py took 0.053 seconds
[2024-10-02T02:05:10.582+0000] {processor.py:161} INFO - Started process (PID=1228) to work on /home/airflow/.local/lib/python3.12/site-packages/airflow/example_dags/example_short_circuit_operator.py
[2024-10-02T02:05:10.583+0000] {processor.py:830} INFO - Processing file /home/airflow/.local/lib/python3.12/site-packages/airflow/example_dags/example_short_circuit_operator.py for tasks to queue
[2024-10-02T02:05:10.585+0000] {logging_mixin.py:188} INFO - [2024-10-02T02:05:10.585+0000] {dagbag.py:545} INFO - Filling up the DagBag from /home/airflow/.local/lib/python3.12/site-packages/airflow/example_dags/example_short_circuit_operator.py
[2024-10-02T02:05:10.591+0000] {processor.py:840} INFO - DAG(s) 'example_short_circuit_operator' retrieved from /home/airflow/.local/lib/python3.12/site-packages/airflow/example_dags/example_short_circuit_operator.py
[2024-10-02T02:05:10.609+0000] {logging_mixin.py:188} INFO - [2024-10-02T02:05:10.609+0000] {dag.py:3096} INFO - Sync 1 DAGs
[2024-10-02T02:05:10.623+0000] {logging_mixin.py:188} INFO - [2024-10-02T02:05:10.623+0000] {dag.py:3954} INFO - Setting next_dagrun for example_short_circuit_operator to 2024-10-01 00:00:00+00:00, run_after=2024-10-02 00:00:00+00:00
[2024-10-02T02:05:10.634+0000] {processor.py:183} INFO - Processing /home/airflow/.local/lib/python3.12/site-packages/airflow/example_dags/example_short_circuit_operator.py took 0.057 seconds
