[2024-10-02T01:54:59.421+0000] {processor.py:161} INFO - Started process (PID=61) to work on /home/airflow/.local/lib/python3.12/site-packages/airflow/example_dags/example_sensors.py
[2024-10-02T01:54:59.422+0000] {processor.py:830} INFO - Processing file /home/airflow/.local/lib/python3.12/site-packages/airflow/example_dags/example_sensors.py for tasks to queue
[2024-10-02T01:54:59.424+0000] {logging_mixin.py:188} INFO - [2024-10-02T01:54:59.424+0000] {dagbag.py:545} INFO - Filling up the DagBag from /home/airflow/.local/lib/python3.12/site-packages/airflow/example_dags/example_sensors.py
[2024-10-02T01:54:59.431+0000] {processor.py:840} INFO - DAG(s) 'example_sensors' retrieved from /home/airflow/.local/lib/python3.12/site-packages/airflow/example_dags/example_sensors.py
[2024-10-02T01:54:59.442+0000] {logging_mixin.py:188} INFO - [2024-10-02T01:54:59.442+0000] {dag.py:3096} INFO - Sync 1 DAGs
[2024-10-02T01:54:59.451+0000] {logging_mixin.py:188} INFO - [2024-10-02T01:54:59.450+0000] {dag.py:3954} INFO - Setting next_dagrun for example_sensors to None, run_after=None
[2024-10-02T01:54:59.461+0000] {processor.py:183} INFO - Processing /home/airflow/.local/lib/python3.12/site-packages/airflow/example_dags/example_sensors.py took 0.045 seconds
[2024-10-02T01:55:29.759+0000] {processor.py:161} INFO - Started process (PID=119) to work on /home/airflow/.local/lib/python3.12/site-packages/airflow/example_dags/example_sensors.py
[2024-10-02T01:55:29.760+0000] {processor.py:830} INFO - Processing file /home/airflow/.local/lib/python3.12/site-packages/airflow/example_dags/example_sensors.py for tasks to queue
[2024-10-02T01:55:29.761+0000] {logging_mixin.py:188} INFO - [2024-10-02T01:55:29.761+0000] {dagbag.py:545} INFO - Filling up the DagBag from /home/airflow/.local/lib/python3.12/site-packages/airflow/example_dags/example_sensors.py
[2024-10-02T01:55:29.768+0000] {processor.py:840} INFO - DAG(s) 'example_sensors' retrieved from /home/airflow/.local/lib/python3.12/site-packages/airflow/example_dags/example_sensors.py
[2024-10-02T01:55:29.823+0000] {logging_mixin.py:188} INFO - [2024-10-02T01:55:29.823+0000] {dag.py:3096} INFO - Sync 1 DAGs
[2024-10-02T01:55:29.829+0000] {logging_mixin.py:188} INFO - [2024-10-02T01:55:29.829+0000] {dag.py:3954} INFO - Setting next_dagrun for example_sensors to None, run_after=None
[2024-10-02T01:55:29.839+0000] {processor.py:183} INFO - Processing /home/airflow/.local/lib/python3.12/site-packages/airflow/example_dags/example_sensors.py took 0.085 seconds
[2024-10-02T01:56:00.564+0000] {processor.py:161} INFO - Started process (PID=177) to work on /home/airflow/.local/lib/python3.12/site-packages/airflow/example_dags/example_sensors.py
[2024-10-02T01:56:00.566+0000] {processor.py:830} INFO - Processing file /home/airflow/.local/lib/python3.12/site-packages/airflow/example_dags/example_sensors.py for tasks to queue
[2024-10-02T01:56:00.567+0000] {logging_mixin.py:188} INFO - [2024-10-02T01:56:00.567+0000] {dagbag.py:545} INFO - Filling up the DagBag from /home/airflow/.local/lib/python3.12/site-packages/airflow/example_dags/example_sensors.py
[2024-10-02T01:56:00.573+0000] {processor.py:840} INFO - DAG(s) 'example_sensors' retrieved from /home/airflow/.local/lib/python3.12/site-packages/airflow/example_dags/example_sensors.py
[2024-10-02T01:56:00.591+0000] {logging_mixin.py:188} INFO - [2024-10-02T01:56:00.591+0000] {dag.py:3096} INFO - Sync 1 DAGs
[2024-10-02T01:56:00.598+0000] {logging_mixin.py:188} INFO - [2024-10-02T01:56:00.598+0000] {dag.py:3954} INFO - Setting next_dagrun for example_sensors to None, run_after=None
[2024-10-02T01:56:00.608+0000] {processor.py:183} INFO - Processing /home/airflow/.local/lib/python3.12/site-packages/airflow/example_dags/example_sensors.py took 0.048 seconds
[2024-10-02T01:56:31.299+0000] {processor.py:161} INFO - Started process (PID=235) to work on /home/airflow/.local/lib/python3.12/site-packages/airflow/example_dags/example_sensors.py
[2024-10-02T01:56:31.300+0000] {processor.py:830} INFO - Processing file /home/airflow/.local/lib/python3.12/site-packages/airflow/example_dags/example_sensors.py for tasks to queue
[2024-10-02T01:56:31.303+0000] {logging_mixin.py:188} INFO - [2024-10-02T01:56:31.302+0000] {dagbag.py:545} INFO - Filling up the DagBag from /home/airflow/.local/lib/python3.12/site-packages/airflow/example_dags/example_sensors.py
[2024-10-02T01:56:31.309+0000] {processor.py:840} INFO - DAG(s) 'example_sensors' retrieved from /home/airflow/.local/lib/python3.12/site-packages/airflow/example_dags/example_sensors.py
[2024-10-02T01:56:31.327+0000] {logging_mixin.py:188} INFO - [2024-10-02T01:56:31.327+0000] {dag.py:3096} INFO - Sync 1 DAGs
[2024-10-02T01:56:31.335+0000] {logging_mixin.py:188} INFO - [2024-10-02T01:56:31.334+0000] {dag.py:3954} INFO - Setting next_dagrun for example_sensors to None, run_after=None
[2024-10-02T01:56:31.345+0000] {processor.py:183} INFO - Processing /home/airflow/.local/lib/python3.12/site-packages/airflow/example_dags/example_sensors.py took 0.051 seconds
[2024-10-02T01:57:01.719+0000] {processor.py:161} INFO - Started process (PID=293) to work on /home/airflow/.local/lib/python3.12/site-packages/airflow/example_dags/example_sensors.py
[2024-10-02T01:57:01.721+0000] {processor.py:830} INFO - Processing file /home/airflow/.local/lib/python3.12/site-packages/airflow/example_dags/example_sensors.py for tasks to queue
[2024-10-02T01:57:01.722+0000] {logging_mixin.py:188} INFO - [2024-10-02T01:57:01.722+0000] {dagbag.py:545} INFO - Filling up the DagBag from /home/airflow/.local/lib/python3.12/site-packages/airflow/example_dags/example_sensors.py
[2024-10-02T01:57:01.728+0000] {processor.py:840} INFO - DAG(s) 'example_sensors' retrieved from /home/airflow/.local/lib/python3.12/site-packages/airflow/example_dags/example_sensors.py
[2024-10-02T01:57:01.745+0000] {logging_mixin.py:188} INFO - [2024-10-02T01:57:01.745+0000] {dag.py:3096} INFO - Sync 1 DAGs
[2024-10-02T01:57:01.753+0000] {logging_mixin.py:188} INFO - [2024-10-02T01:57:01.752+0000] {dag.py:3954} INFO - Setting next_dagrun for example_sensors to None, run_after=None
[2024-10-02T01:57:01.762+0000] {processor.py:183} INFO - Processing /home/airflow/.local/lib/python3.12/site-packages/airflow/example_dags/example_sensors.py took 0.047 seconds
[2024-10-02T01:57:32.113+0000] {processor.py:161} INFO - Started process (PID=351) to work on /home/airflow/.local/lib/python3.12/site-packages/airflow/example_dags/example_sensors.py
[2024-10-02T01:57:32.114+0000] {processor.py:830} INFO - Processing file /home/airflow/.local/lib/python3.12/site-packages/airflow/example_dags/example_sensors.py for tasks to queue
[2024-10-02T01:57:32.116+0000] {logging_mixin.py:188} INFO - [2024-10-02T01:57:32.115+0000] {dagbag.py:545} INFO - Filling up the DagBag from /home/airflow/.local/lib/python3.12/site-packages/airflow/example_dags/example_sensors.py
[2024-10-02T01:57:32.122+0000] {processor.py:840} INFO - DAG(s) 'example_sensors' retrieved from /home/airflow/.local/lib/python3.12/site-packages/airflow/example_dags/example_sensors.py
[2024-10-02T01:57:32.140+0000] {logging_mixin.py:188} INFO - [2024-10-02T01:57:32.139+0000] {dag.py:3096} INFO - Sync 1 DAGs
[2024-10-02T01:57:32.148+0000] {logging_mixin.py:188} INFO - [2024-10-02T01:57:32.148+0000] {dag.py:3954} INFO - Setting next_dagrun for example_sensors to None, run_after=None
[2024-10-02T01:57:32.158+0000] {processor.py:183} INFO - Processing /home/airflow/.local/lib/python3.12/site-packages/airflow/example_dags/example_sensors.py took 0.050 seconds
[2024-10-02T01:58:02.518+0000] {processor.py:161} INFO - Started process (PID=409) to work on /home/airflow/.local/lib/python3.12/site-packages/airflow/example_dags/example_sensors.py
[2024-10-02T01:58:02.519+0000] {processor.py:830} INFO - Processing file /home/airflow/.local/lib/python3.12/site-packages/airflow/example_dags/example_sensors.py for tasks to queue
[2024-10-02T01:58:02.521+0000] {logging_mixin.py:188} INFO - [2024-10-02T01:58:02.520+0000] {dagbag.py:545} INFO - Filling up the DagBag from /home/airflow/.local/lib/python3.12/site-packages/airflow/example_dags/example_sensors.py
[2024-10-02T01:58:02.527+0000] {processor.py:840} INFO - DAG(s) 'example_sensors' retrieved from /home/airflow/.local/lib/python3.12/site-packages/airflow/example_dags/example_sensors.py
[2024-10-02T01:58:02.544+0000] {logging_mixin.py:188} INFO - [2024-10-02T01:58:02.544+0000] {dag.py:3096} INFO - Sync 1 DAGs
[2024-10-02T01:58:02.552+0000] {logging_mixin.py:188} INFO - [2024-10-02T01:58:02.552+0000] {dag.py:3954} INFO - Setting next_dagrun for example_sensors to None, run_after=None
[2024-10-02T01:58:02.562+0000] {processor.py:183} INFO - Processing /home/airflow/.local/lib/python3.12/site-packages/airflow/example_dags/example_sensors.py took 0.049 seconds
[2024-10-02T01:58:33.100+0000] {processor.py:161} INFO - Started process (PID=467) to work on /home/airflow/.local/lib/python3.12/site-packages/airflow/example_dags/example_sensors.py
[2024-10-02T01:58:33.101+0000] {processor.py:830} INFO - Processing file /home/airflow/.local/lib/python3.12/site-packages/airflow/example_dags/example_sensors.py for tasks to queue
[2024-10-02T01:58:33.103+0000] {logging_mixin.py:188} INFO - [2024-10-02T01:58:33.103+0000] {dagbag.py:545} INFO - Filling up the DagBag from /home/airflow/.local/lib/python3.12/site-packages/airflow/example_dags/example_sensors.py
[2024-10-02T01:58:33.109+0000] {processor.py:840} INFO - DAG(s) 'example_sensors' retrieved from /home/airflow/.local/lib/python3.12/site-packages/airflow/example_dags/example_sensors.py
[2024-10-02T01:58:33.127+0000] {logging_mixin.py:188} INFO - [2024-10-02T01:58:33.127+0000] {dag.py:3096} INFO - Sync 1 DAGs
[2024-10-02T01:58:33.134+0000] {logging_mixin.py:188} INFO - [2024-10-02T01:58:33.134+0000] {dag.py:3954} INFO - Setting next_dagrun for example_sensors to None, run_after=None
[2024-10-02T01:58:33.146+0000] {processor.py:183} INFO - Processing /home/airflow/.local/lib/python3.12/site-packages/airflow/example_dags/example_sensors.py took 0.050 seconds
[2024-10-02T01:59:03.514+0000] {processor.py:161} INFO - Started process (PID=526) to work on /home/airflow/.local/lib/python3.12/site-packages/airflow/example_dags/example_sensors.py
[2024-10-02T01:59:03.516+0000] {processor.py:830} INFO - Processing file /home/airflow/.local/lib/python3.12/site-packages/airflow/example_dags/example_sensors.py for tasks to queue
[2024-10-02T01:59:03.518+0000] {logging_mixin.py:188} INFO - [2024-10-02T01:59:03.517+0000] {dagbag.py:545} INFO - Filling up the DagBag from /home/airflow/.local/lib/python3.12/site-packages/airflow/example_dags/example_sensors.py
[2024-10-02T01:59:03.524+0000] {processor.py:840} INFO - DAG(s) 'example_sensors' retrieved from /home/airflow/.local/lib/python3.12/site-packages/airflow/example_dags/example_sensors.py
[2024-10-02T01:59:03.544+0000] {logging_mixin.py:188} INFO - [2024-10-02T01:59:03.544+0000] {dag.py:3096} INFO - Sync 1 DAGs
[2024-10-02T01:59:03.552+0000] {logging_mixin.py:188} INFO - [2024-10-02T01:59:03.552+0000] {dag.py:3954} INFO - Setting next_dagrun for example_sensors to None, run_after=None
[2024-10-02T01:59:03.562+0000] {processor.py:183} INFO - Processing /home/airflow/.local/lib/python3.12/site-packages/airflow/example_dags/example_sensors.py took 0.055 seconds
[2024-10-02T01:59:33.900+0000] {processor.py:161} INFO - Started process (PID=584) to work on /home/airflow/.local/lib/python3.12/site-packages/airflow/example_dags/example_sensors.py
[2024-10-02T01:59:33.901+0000] {processor.py:830} INFO - Processing file /home/airflow/.local/lib/python3.12/site-packages/airflow/example_dags/example_sensors.py for tasks to queue
[2024-10-02T01:59:33.903+0000] {logging_mixin.py:188} INFO - [2024-10-02T01:59:33.903+0000] {dagbag.py:545} INFO - Filling up the DagBag from /home/airflow/.local/lib/python3.12/site-packages/airflow/example_dags/example_sensors.py
[2024-10-02T01:59:33.909+0000] {processor.py:840} INFO - DAG(s) 'example_sensors' retrieved from /home/airflow/.local/lib/python3.12/site-packages/airflow/example_dags/example_sensors.py
[2024-10-02T01:59:33.928+0000] {logging_mixin.py:188} INFO - [2024-10-02T01:59:33.928+0000] {dag.py:3096} INFO - Sync 1 DAGs
[2024-10-02T01:59:33.935+0000] {logging_mixin.py:188} INFO - [2024-10-02T01:59:33.935+0000] {dag.py:3954} INFO - Setting next_dagrun for example_sensors to None, run_after=None
[2024-10-02T01:59:33.946+0000] {processor.py:183} INFO - Processing /home/airflow/.local/lib/python3.12/site-packages/airflow/example_dags/example_sensors.py took 0.051 seconds
[2024-10-02T02:00:04.339+0000] {processor.py:161} INFO - Started process (PID=642) to work on /home/airflow/.local/lib/python3.12/site-packages/airflow/example_dags/example_sensors.py
[2024-10-02T02:00:04.341+0000] {processor.py:830} INFO - Processing file /home/airflow/.local/lib/python3.12/site-packages/airflow/example_dags/example_sensors.py for tasks to queue
[2024-10-02T02:00:04.342+0000] {logging_mixin.py:188} INFO - [2024-10-02T02:00:04.342+0000] {dagbag.py:545} INFO - Filling up the DagBag from /home/airflow/.local/lib/python3.12/site-packages/airflow/example_dags/example_sensors.py
[2024-10-02T02:00:04.349+0000] {processor.py:840} INFO - DAG(s) 'example_sensors' retrieved from /home/airflow/.local/lib/python3.12/site-packages/airflow/example_dags/example_sensors.py
[2024-10-02T02:00:04.368+0000] {logging_mixin.py:188} INFO - [2024-10-02T02:00:04.368+0000] {dag.py:3096} INFO - Sync 1 DAGs
[2024-10-02T02:00:04.376+0000] {logging_mixin.py:188} INFO - [2024-10-02T02:00:04.376+0000] {dag.py:3954} INFO - Setting next_dagrun for example_sensors to None, run_after=None
[2024-10-02T02:00:04.388+0000] {processor.py:183} INFO - Processing /home/airflow/.local/lib/python3.12/site-packages/airflow/example_dags/example_sensors.py took 0.054 seconds
[2024-10-02T02:00:35.111+0000] {processor.py:161} INFO - Started process (PID=701) to work on /home/airflow/.local/lib/python3.12/site-packages/airflow/example_dags/example_sensors.py
[2024-10-02T02:00:35.113+0000] {processor.py:830} INFO - Processing file /home/airflow/.local/lib/python3.12/site-packages/airflow/example_dags/example_sensors.py for tasks to queue
[2024-10-02T02:00:35.115+0000] {logging_mixin.py:188} INFO - [2024-10-02T02:00:35.114+0000] {dagbag.py:545} INFO - Filling up the DagBag from /home/airflow/.local/lib/python3.12/site-packages/airflow/example_dags/example_sensors.py
[2024-10-02T02:00:35.121+0000] {processor.py:840} INFO - DAG(s) 'example_sensors' retrieved from /home/airflow/.local/lib/python3.12/site-packages/airflow/example_dags/example_sensors.py
[2024-10-02T02:00:35.139+0000] {logging_mixin.py:188} INFO - [2024-10-02T02:00:35.139+0000] {dag.py:3096} INFO - Sync 1 DAGs
[2024-10-02T02:00:35.147+0000] {logging_mixin.py:188} INFO - [2024-10-02T02:00:35.146+0000] {dag.py:3954} INFO - Setting next_dagrun for example_sensors to None, run_after=None
[2024-10-02T02:00:35.157+0000] {processor.py:183} INFO - Processing /home/airflow/.local/lib/python3.12/site-packages/airflow/example_dags/example_sensors.py took 0.050 seconds
[2024-10-02T02:01:05.839+0000] {processor.py:161} INFO - Started process (PID=759) to work on /home/airflow/.local/lib/python3.12/site-packages/airflow/example_dags/example_sensors.py
[2024-10-02T02:01:05.840+0000] {processor.py:830} INFO - Processing file /home/airflow/.local/lib/python3.12/site-packages/airflow/example_dags/example_sensors.py for tasks to queue
[2024-10-02T02:01:05.843+0000] {logging_mixin.py:188} INFO - [2024-10-02T02:01:05.842+0000] {dagbag.py:545} INFO - Filling up the DagBag from /home/airflow/.local/lib/python3.12/site-packages/airflow/example_dags/example_sensors.py
[2024-10-02T02:01:05.852+0000] {processor.py:840} INFO - DAG(s) 'example_sensors' retrieved from /home/airflow/.local/lib/python3.12/site-packages/airflow/example_dags/example_sensors.py
[2024-10-02T02:01:05.872+0000] {logging_mixin.py:188} INFO - [2024-10-02T02:01:05.871+0000] {dag.py:3096} INFO - Sync 1 DAGs
[2024-10-02T02:01:05.880+0000] {logging_mixin.py:188} INFO - [2024-10-02T02:01:05.880+0000] {dag.py:3954} INFO - Setting next_dagrun for example_sensors to None, run_after=None
[2024-10-02T02:01:05.890+0000] {processor.py:183} INFO - Processing /home/airflow/.local/lib/python3.12/site-packages/airflow/example_dags/example_sensors.py took 0.056 seconds
[2024-10-02T02:01:36.100+0000] {processor.py:161} INFO - Started process (PID=817) to work on /home/airflow/.local/lib/python3.12/site-packages/airflow/example_dags/example_sensors.py
[2024-10-02T02:01:36.101+0000] {processor.py:830} INFO - Processing file /home/airflow/.local/lib/python3.12/site-packages/airflow/example_dags/example_sensors.py for tasks to queue
[2024-10-02T02:01:36.104+0000] {logging_mixin.py:188} INFO - [2024-10-02T02:01:36.104+0000] {dagbag.py:545} INFO - Filling up the DagBag from /home/airflow/.local/lib/python3.12/site-packages/airflow/example_dags/example_sensors.py
[2024-10-02T02:01:36.119+0000] {processor.py:840} INFO - DAG(s) 'example_sensors' retrieved from /home/airflow/.local/lib/python3.12/site-packages/airflow/example_dags/example_sensors.py
[2024-10-02T02:01:36.145+0000] {logging_mixin.py:188} INFO - [2024-10-02T02:01:36.144+0000] {dag.py:3096} INFO - Sync 1 DAGs
[2024-10-02T02:01:36.169+0000] {logging_mixin.py:188} INFO - [2024-10-02T02:01:36.169+0000] {dag.py:3954} INFO - Setting next_dagrun for example_sensors to None, run_after=None
[2024-10-02T02:01:36.180+0000] {processor.py:183} INFO - Processing /home/airflow/.local/lib/python3.12/site-packages/airflow/example_dags/example_sensors.py took 0.086 seconds
[2024-10-02T02:02:07.177+0000] {processor.py:161} INFO - Started process (PID=875) to work on /home/airflow/.local/lib/python3.12/site-packages/airflow/example_dags/example_sensors.py
[2024-10-02T02:02:07.178+0000] {processor.py:830} INFO - Processing file /home/airflow/.local/lib/python3.12/site-packages/airflow/example_dags/example_sensors.py for tasks to queue
[2024-10-02T02:02:07.180+0000] {logging_mixin.py:188} INFO - [2024-10-02T02:02:07.180+0000] {dagbag.py:545} INFO - Filling up the DagBag from /home/airflow/.local/lib/python3.12/site-packages/airflow/example_dags/example_sensors.py
[2024-10-02T02:02:07.189+0000] {processor.py:840} INFO - DAG(s) 'example_sensors' retrieved from /home/airflow/.local/lib/python3.12/site-packages/airflow/example_dags/example_sensors.py
[2024-10-02T02:02:07.230+0000] {logging_mixin.py:188} INFO - [2024-10-02T02:02:07.230+0000] {dag.py:3096} INFO - Sync 1 DAGs
[2024-10-02T02:02:07.245+0000] {logging_mixin.py:188} INFO - [2024-10-02T02:02:07.245+0000] {dag.py:3954} INFO - Setting next_dagrun for example_sensors to None, run_after=None
[2024-10-02T02:02:07.263+0000] {processor.py:183} INFO - Processing /home/airflow/.local/lib/python3.12/site-packages/airflow/example_dags/example_sensors.py took 0.092 seconds
[2024-10-02T02:02:38.197+0000] {processor.py:161} INFO - Started process (PID=933) to work on /home/airflow/.local/lib/python3.12/site-packages/airflow/example_dags/example_sensors.py
[2024-10-02T02:02:38.198+0000] {processor.py:830} INFO - Processing file /home/airflow/.local/lib/python3.12/site-packages/airflow/example_dags/example_sensors.py for tasks to queue
[2024-10-02T02:02:38.200+0000] {logging_mixin.py:188} INFO - [2024-10-02T02:02:38.200+0000] {dagbag.py:545} INFO - Filling up the DagBag from /home/airflow/.local/lib/python3.12/site-packages/airflow/example_dags/example_sensors.py
[2024-10-02T02:02:38.207+0000] {processor.py:840} INFO - DAG(s) 'example_sensors' retrieved from /home/airflow/.local/lib/python3.12/site-packages/airflow/example_dags/example_sensors.py
[2024-10-02T02:02:38.226+0000] {logging_mixin.py:188} INFO - [2024-10-02T02:02:38.226+0000] {dag.py:3096} INFO - Sync 1 DAGs
[2024-10-02T02:02:38.235+0000] {logging_mixin.py:188} INFO - [2024-10-02T02:02:38.235+0000] {dag.py:3954} INFO - Setting next_dagrun for example_sensors to None, run_after=None
[2024-10-02T02:02:38.251+0000] {processor.py:183} INFO - Processing /home/airflow/.local/lib/python3.12/site-packages/airflow/example_dags/example_sensors.py took 0.059 seconds
[2024-10-02T02:03:08.607+0000] {processor.py:161} INFO - Started process (PID=991) to work on /home/airflow/.local/lib/python3.12/site-packages/airflow/example_dags/example_sensors.py
[2024-10-02T02:03:08.609+0000] {processor.py:830} INFO - Processing file /home/airflow/.local/lib/python3.12/site-packages/airflow/example_dags/example_sensors.py for tasks to queue
[2024-10-02T02:03:08.612+0000] {logging_mixin.py:188} INFO - [2024-10-02T02:03:08.612+0000] {dagbag.py:545} INFO - Filling up the DagBag from /home/airflow/.local/lib/python3.12/site-packages/airflow/example_dags/example_sensors.py
[2024-10-02T02:03:08.622+0000] {processor.py:840} INFO - DAG(s) 'example_sensors' retrieved from /home/airflow/.local/lib/python3.12/site-packages/airflow/example_dags/example_sensors.py
[2024-10-02T02:03:08.644+0000] {logging_mixin.py:188} INFO - [2024-10-02T02:03:08.644+0000] {dag.py:3096} INFO - Sync 1 DAGs
[2024-10-02T02:03:08.652+0000] {logging_mixin.py:188} INFO - [2024-10-02T02:03:08.652+0000] {dag.py:3954} INFO - Setting next_dagrun for example_sensors to None, run_after=None
[2024-10-02T02:03:08.664+0000] {processor.py:183} INFO - Processing /home/airflow/.local/lib/python3.12/site-packages/airflow/example_dags/example_sensors.py took 0.065 seconds
[2024-10-02T02:03:39.032+0000] {processor.py:161} INFO - Started process (PID=1049) to work on /home/airflow/.local/lib/python3.12/site-packages/airflow/example_dags/example_sensors.py
[2024-10-02T02:03:39.034+0000] {processor.py:830} INFO - Processing file /home/airflow/.local/lib/python3.12/site-packages/airflow/example_dags/example_sensors.py for tasks to queue
[2024-10-02T02:03:39.036+0000] {logging_mixin.py:188} INFO - [2024-10-02T02:03:39.036+0000] {dagbag.py:545} INFO - Filling up the DagBag from /home/airflow/.local/lib/python3.12/site-packages/airflow/example_dags/example_sensors.py
[2024-10-02T02:03:39.045+0000] {processor.py:840} INFO - DAG(s) 'example_sensors' retrieved from /home/airflow/.local/lib/python3.12/site-packages/airflow/example_dags/example_sensors.py
[2024-10-02T02:03:39.066+0000] {logging_mixin.py:188} INFO - [2024-10-02T02:03:39.066+0000] {dag.py:3096} INFO - Sync 1 DAGs
[2024-10-02T02:03:39.075+0000] {logging_mixin.py:188} INFO - [2024-10-02T02:03:39.075+0000] {dag.py:3954} INFO - Setting next_dagrun for example_sensors to None, run_after=None
[2024-10-02T02:03:39.085+0000] {processor.py:183} INFO - Processing /home/airflow/.local/lib/python3.12/site-packages/airflow/example_dags/example_sensors.py took 0.061 seconds
[2024-10-02T02:04:09.271+0000] {processor.py:161} INFO - Started process (PID=1107) to work on /home/airflow/.local/lib/python3.12/site-packages/airflow/example_dags/example_sensors.py
[2024-10-02T02:04:09.273+0000] {processor.py:830} INFO - Processing file /home/airflow/.local/lib/python3.12/site-packages/airflow/example_dags/example_sensors.py for tasks to queue
[2024-10-02T02:04:09.275+0000] {logging_mixin.py:188} INFO - [2024-10-02T02:04:09.275+0000] {dagbag.py:545} INFO - Filling up the DagBag from /home/airflow/.local/lib/python3.12/site-packages/airflow/example_dags/example_sensors.py
[2024-10-02T02:04:09.283+0000] {processor.py:840} INFO - DAG(s) 'example_sensors' retrieved from /home/airflow/.local/lib/python3.12/site-packages/airflow/example_dags/example_sensors.py
[2024-10-02T02:04:09.303+0000] {logging_mixin.py:188} INFO - [2024-10-02T02:04:09.303+0000] {dag.py:3096} INFO - Sync 1 DAGs
[2024-10-02T02:04:09.311+0000] {logging_mixin.py:188} INFO - [2024-10-02T02:04:09.311+0000] {dag.py:3954} INFO - Setting next_dagrun for example_sensors to None, run_after=None
[2024-10-02T02:04:09.322+0000] {processor.py:183} INFO - Processing /home/airflow/.local/lib/python3.12/site-packages/airflow/example_dags/example_sensors.py took 0.058 seconds
[2024-10-02T02:04:39.658+0000] {processor.py:161} INFO - Started process (PID=1165) to work on /home/airflow/.local/lib/python3.12/site-packages/airflow/example_dags/example_sensors.py
[2024-10-02T02:04:39.660+0000] {processor.py:830} INFO - Processing file /home/airflow/.local/lib/python3.12/site-packages/airflow/example_dags/example_sensors.py for tasks to queue
[2024-10-02T02:04:39.662+0000] {logging_mixin.py:188} INFO - [2024-10-02T02:04:39.662+0000] {dagbag.py:545} INFO - Filling up the DagBag from /home/airflow/.local/lib/python3.12/site-packages/airflow/example_dags/example_sensors.py
[2024-10-02T02:04:39.671+0000] {processor.py:840} INFO - DAG(s) 'example_sensors' retrieved from /home/airflow/.local/lib/python3.12/site-packages/airflow/example_dags/example_sensors.py
[2024-10-02T02:04:39.693+0000] {logging_mixin.py:188} INFO - [2024-10-02T02:04:39.692+0000] {dag.py:3096} INFO - Sync 1 DAGs
[2024-10-02T02:04:39.701+0000] {logging_mixin.py:188} INFO - [2024-10-02T02:04:39.700+0000] {dag.py:3954} INFO - Setting next_dagrun for example_sensors to None, run_after=None
[2024-10-02T02:04:39.711+0000] {processor.py:183} INFO - Processing /home/airflow/.local/lib/python3.12/site-packages/airflow/example_dags/example_sensors.py took 0.060 seconds
[2024-10-02T02:05:10.214+0000] {processor.py:161} INFO - Started process (PID=1223) to work on /home/airflow/.local/lib/python3.12/site-packages/airflow/example_dags/example_sensors.py
[2024-10-02T02:05:10.216+0000] {processor.py:830} INFO - Processing file /home/airflow/.local/lib/python3.12/site-packages/airflow/example_dags/example_sensors.py for tasks to queue
[2024-10-02T02:05:10.220+0000] {logging_mixin.py:188} INFO - [2024-10-02T02:05:10.219+0000] {dagbag.py:545} INFO - Filling up the DagBag from /home/airflow/.local/lib/python3.12/site-packages/airflow/example_dags/example_sensors.py
[2024-10-02T02:05:10.229+0000] {processor.py:840} INFO - DAG(s) 'example_sensors' retrieved from /home/airflow/.local/lib/python3.12/site-packages/airflow/example_dags/example_sensors.py
[2024-10-02T02:05:10.251+0000] {logging_mixin.py:188} INFO - [2024-10-02T02:05:10.251+0000] {dag.py:3096} INFO - Sync 1 DAGs
[2024-10-02T02:05:10.259+0000] {logging_mixin.py:188} INFO - [2024-10-02T02:05:10.259+0000] {dag.py:3954} INFO - Setting next_dagrun for example_sensors to None, run_after=None
[2024-10-02T02:05:10.270+0000] {processor.py:183} INFO - Processing /home/airflow/.local/lib/python3.12/site-packages/airflow/example_dags/example_sensors.py took 0.065 seconds
