[2024-10-02T01:54:57.690+0000] {processor.py:161} INFO - Started process (PID=44) to work on /home/airflow/.local/lib/python3.12/site-packages/airflow/example_dags/example_subdag_operator.py
[2024-10-02T01:54:57.691+0000] {processor.py:830} INFO - Processing file /home/airflow/.local/lib/python3.12/site-packages/airflow/example_dags/example_subdag_operator.py for tasks to queue
[2024-10-02T01:54:57.693+0000] {logging_mixin.py:188} INFO - [2024-10-02T01:54:57.693+0000] {dagbag.py:545} INFO - Filling up the DagBag from /home/airflow/.local/lib/python3.12/site-packages/airflow/example_dags/example_subdag_operator.py
[2024-10-02T01:54:57.798+0000] {processor.py:840} INFO - DAG(s) 'example_subdag_operator.section-1', 'example_subdag_operator.section-2', 'example_subdag_operator' retrieved from /home/airflow/.local/lib/python3.12/site-packages/airflow/example_dags/example_subdag_operator.py
[2024-10-02T01:54:57.803+0000] {logging_mixin.py:188} INFO - [2024-10-02T01:54:57.802+0000] {dag.py:3096} INFO - Sync 3 DAGs
[2024-10-02T01:54:57.831+0000] {logging_mixin.py:188} INFO - [2024-10-02T01:54:57.831+0000] {dag.py:3954} INFO - Setting next_dagrun for example_subdag_operator to 2022-01-01 00:00:00+00:00, run_after=2022-01-01 00:00:00+00:00
[2024-10-02T01:54:57.835+0000] {logging_mixin.py:188} INFO - [2024-10-02T01:54:57.835+0000] {dag.py:3954} INFO - Setting next_dagrun for example_subdag_operator.section-1 to None, run_after=None
[2024-10-02T01:54:57.840+0000] {logging_mixin.py:188} INFO - [2024-10-02T01:54:57.840+0000] {dag.py:3954} INFO - Setting next_dagrun for example_subdag_operator.section-2 to None, run_after=None
[2024-10-02T01:54:57.845+0000] {logging_mixin.py:188} INFO - [2024-10-02T01:54:57.845+0000] {dag.py:3096} INFO - Sync 2 DAGs
[2024-10-02T01:54:57.850+0000] {logging_mixin.py:188} INFO - [2024-10-02T01:54:57.849+0000] {dag.py:3954} INFO - Setting next_dagrun for example_subdag_operator.section-1 to None, run_after=None
[2024-10-02T01:54:57.851+0000] {logging_mixin.py:188} INFO - [2024-10-02T01:54:57.851+0000] {dag.py:3954} INFO - Setting next_dagrun for example_subdag_operator.section-2 to None, run_after=None
[2024-10-02T01:54:57.861+0000] {processor.py:183} INFO - Processing /home/airflow/.local/lib/python3.12/site-packages/airflow/example_dags/example_subdag_operator.py took 0.180 seconds
[2024-10-02T01:55:28.605+0000] {processor.py:161} INFO - Started process (PID=102) to work on /home/airflow/.local/lib/python3.12/site-packages/airflow/example_dags/example_subdag_operator.py
[2024-10-02T01:55:28.607+0000] {processor.py:830} INFO - Processing file /home/airflow/.local/lib/python3.12/site-packages/airflow/example_dags/example_subdag_operator.py for tasks to queue
[2024-10-02T01:55:28.608+0000] {logging_mixin.py:188} INFO - [2024-10-02T01:55:28.608+0000] {dagbag.py:545} INFO - Filling up the DagBag from /home/airflow/.local/lib/python3.12/site-packages/airflow/example_dags/example_subdag_operator.py
[2024-10-02T01:55:28.627+0000] {processor.py:840} INFO - DAG(s) 'example_subdag_operator.section-1', 'example_subdag_operator.section-2', 'example_subdag_operator' retrieved from /home/airflow/.local/lib/python3.12/site-packages/airflow/example_dags/example_subdag_operator.py
[2024-10-02T01:55:28.677+0000] {logging_mixin.py:188} INFO - [2024-10-02T01:55:28.677+0000] {dag.py:3096} INFO - Sync 3 DAGs
[2024-10-02T01:55:28.688+0000] {logging_mixin.py:188} INFO - [2024-10-02T01:55:28.688+0000] {dag.py:3954} INFO - Setting next_dagrun for example_subdag_operator to 2022-01-01 00:00:00+00:00, run_after=2022-01-01 00:00:00+00:00
[2024-10-02T01:55:28.690+0000] {logging_mixin.py:188} INFO - [2024-10-02T01:55:28.690+0000] {dag.py:3954} INFO - Setting next_dagrun for example_subdag_operator.section-1 to None, run_after=None
[2024-10-02T01:55:28.691+0000] {logging_mixin.py:188} INFO - [2024-10-02T01:55:28.691+0000] {dag.py:3954} INFO - Setting next_dagrun for example_subdag_operator.section-2 to None, run_after=None
[2024-10-02T01:55:28.696+0000] {logging_mixin.py:188} INFO - [2024-10-02T01:55:28.696+0000] {dag.py:3096} INFO - Sync 2 DAGs
[2024-10-02T01:55:28.699+0000] {logging_mixin.py:188} INFO - [2024-10-02T01:55:28.699+0000] {dag.py:3954} INFO - Setting next_dagrun for example_subdag_operator.section-1 to None, run_after=None
[2024-10-02T01:55:28.700+0000] {logging_mixin.py:188} INFO - [2024-10-02T01:55:28.700+0000] {dag.py:3954} INFO - Setting next_dagrun for example_subdag_operator.section-2 to None, run_after=None
[2024-10-02T01:55:28.706+0000] {processor.py:183} INFO - Processing /home/airflow/.local/lib/python3.12/site-packages/airflow/example_dags/example_subdag_operator.py took 0.105 seconds
[2024-10-02T01:55:58.735+0000] {processor.py:161} INFO - Started process (PID=160) to work on /home/airflow/.local/lib/python3.12/site-packages/airflow/example_dags/example_subdag_operator.py
[2024-10-02T01:55:58.736+0000] {processor.py:830} INFO - Processing file /home/airflow/.local/lib/python3.12/site-packages/airflow/example_dags/example_subdag_operator.py for tasks to queue
[2024-10-02T01:55:58.738+0000] {logging_mixin.py:188} INFO - [2024-10-02T01:55:58.738+0000] {dagbag.py:545} INFO - Filling up the DagBag from /home/airflow/.local/lib/python3.12/site-packages/airflow/example_dags/example_subdag_operator.py
[2024-10-02T01:55:58.757+0000] {processor.py:840} INFO - DAG(s) 'example_subdag_operator.section-1', 'example_subdag_operator.section-2', 'example_subdag_operator' retrieved from /home/airflow/.local/lib/python3.12/site-packages/airflow/example_dags/example_subdag_operator.py
[2024-10-02T01:55:58.766+0000] {logging_mixin.py:188} INFO - [2024-10-02T01:55:58.766+0000] {dag.py:3096} INFO - Sync 3 DAGs
[2024-10-02T01:55:58.779+0000] {logging_mixin.py:188} INFO - [2024-10-02T01:55:58.779+0000] {dag.py:3954} INFO - Setting next_dagrun for example_subdag_operator to 2022-01-01 00:00:00+00:00, run_after=2022-01-01 00:00:00+00:00
[2024-10-02T01:55:58.782+0000] {logging_mixin.py:188} INFO - [2024-10-02T01:55:58.781+0000] {dag.py:3954} INFO - Setting next_dagrun for example_subdag_operator.section-1 to None, run_after=None
[2024-10-02T01:55:58.783+0000] {logging_mixin.py:188} INFO - [2024-10-02T01:55:58.782+0000] {dag.py:3954} INFO - Setting next_dagrun for example_subdag_operator.section-2 to None, run_after=None
[2024-10-02T01:55:58.787+0000] {logging_mixin.py:188} INFO - [2024-10-02T01:55:58.786+0000] {dag.py:3096} INFO - Sync 2 DAGs
[2024-10-02T01:55:58.790+0000] {logging_mixin.py:188} INFO - [2024-10-02T01:55:58.790+0000] {dag.py:3954} INFO - Setting next_dagrun for example_subdag_operator.section-1 to None, run_after=None
[2024-10-02T01:55:58.790+0000] {logging_mixin.py:188} INFO - [2024-10-02T01:55:58.790+0000] {dag.py:3954} INFO - Setting next_dagrun for example_subdag_operator.section-2 to None, run_after=None
[2024-10-02T01:55:58.796+0000] {processor.py:183} INFO - Processing /home/airflow/.local/lib/python3.12/site-packages/airflow/example_dags/example_subdag_operator.py took 0.065 seconds
[2024-10-02T01:56:29.303+0000] {processor.py:161} INFO - Started process (PID=218) to work on /home/airflow/.local/lib/python3.12/site-packages/airflow/example_dags/example_subdag_operator.py
[2024-10-02T01:56:29.304+0000] {processor.py:830} INFO - Processing file /home/airflow/.local/lib/python3.12/site-packages/airflow/example_dags/example_subdag_operator.py for tasks to queue
[2024-10-02T01:56:29.306+0000] {logging_mixin.py:188} INFO - [2024-10-02T01:56:29.306+0000] {dagbag.py:545} INFO - Filling up the DagBag from /home/airflow/.local/lib/python3.12/site-packages/airflow/example_dags/example_subdag_operator.py
[2024-10-02T01:56:29.325+0000] {processor.py:840} INFO - DAG(s) 'example_subdag_operator.section-1', 'example_subdag_operator.section-2', 'example_subdag_operator' retrieved from /home/airflow/.local/lib/python3.12/site-packages/airflow/example_dags/example_subdag_operator.py
[2024-10-02T01:56:29.335+0000] {logging_mixin.py:188} INFO - [2024-10-02T01:56:29.335+0000] {dag.py:3096} INFO - Sync 3 DAGs
[2024-10-02T01:56:29.348+0000] {logging_mixin.py:188} INFO - [2024-10-02T01:56:29.348+0000] {dag.py:3954} INFO - Setting next_dagrun for example_subdag_operator to 2022-01-01 00:00:00+00:00, run_after=2022-01-01 00:00:00+00:00
[2024-10-02T01:56:29.351+0000] {logging_mixin.py:188} INFO - [2024-10-02T01:56:29.351+0000] {dag.py:3954} INFO - Setting next_dagrun for example_subdag_operator.section-1 to None, run_after=None
[2024-10-02T01:56:29.352+0000] {logging_mixin.py:188} INFO - [2024-10-02T01:56:29.352+0000] {dag.py:3954} INFO - Setting next_dagrun for example_subdag_operator.section-2 to None, run_after=None
[2024-10-02T01:56:29.356+0000] {logging_mixin.py:188} INFO - [2024-10-02T01:56:29.356+0000] {dag.py:3096} INFO - Sync 2 DAGs
[2024-10-02T01:56:29.359+0000] {logging_mixin.py:188} INFO - [2024-10-02T01:56:29.359+0000] {dag.py:3954} INFO - Setting next_dagrun for example_subdag_operator.section-1 to None, run_after=None
[2024-10-02T01:56:29.360+0000] {logging_mixin.py:188} INFO - [2024-10-02T01:56:29.360+0000] {dag.py:3954} INFO - Setting next_dagrun for example_subdag_operator.section-2 to None, run_after=None
[2024-10-02T01:56:29.365+0000] {processor.py:183} INFO - Processing /home/airflow/.local/lib/python3.12/site-packages/airflow/example_dags/example_subdag_operator.py took 0.067 seconds
[2024-10-02T01:56:59.990+0000] {processor.py:161} INFO - Started process (PID=276) to work on /home/airflow/.local/lib/python3.12/site-packages/airflow/example_dags/example_subdag_operator.py
[2024-10-02T01:56:59.991+0000] {processor.py:830} INFO - Processing file /home/airflow/.local/lib/python3.12/site-packages/airflow/example_dags/example_subdag_operator.py for tasks to queue
[2024-10-02T01:56:59.993+0000] {logging_mixin.py:188} INFO - [2024-10-02T01:56:59.993+0000] {dagbag.py:545} INFO - Filling up the DagBag from /home/airflow/.local/lib/python3.12/site-packages/airflow/example_dags/example_subdag_operator.py
[2024-10-02T01:57:00.010+0000] {processor.py:840} INFO - DAG(s) 'example_subdag_operator.section-1', 'example_subdag_operator.section-2', 'example_subdag_operator' retrieved from /home/airflow/.local/lib/python3.12/site-packages/airflow/example_dags/example_subdag_operator.py
[2024-10-02T01:57:00.019+0000] {logging_mixin.py:188} INFO - [2024-10-02T01:57:00.019+0000] {dag.py:3096} INFO - Sync 3 DAGs
[2024-10-02T01:57:00.031+0000] {logging_mixin.py:188} INFO - [2024-10-02T01:57:00.031+0000] {dag.py:3954} INFO - Setting next_dagrun for example_subdag_operator to 2022-01-01 00:00:00+00:00, run_after=2022-01-01 00:00:00+00:00
[2024-10-02T01:57:00.034+0000] {logging_mixin.py:188} INFO - [2024-10-02T01:57:00.034+0000] {dag.py:3954} INFO - Setting next_dagrun for example_subdag_operator.section-1 to None, run_after=None
[2024-10-02T01:57:00.035+0000] {logging_mixin.py:188} INFO - [2024-10-02T01:57:00.035+0000] {dag.py:3954} INFO - Setting next_dagrun for example_subdag_operator.section-2 to None, run_after=None
[2024-10-02T01:57:00.039+0000] {logging_mixin.py:188} INFO - [2024-10-02T01:57:00.039+0000] {dag.py:3096} INFO - Sync 2 DAGs
[2024-10-02T01:57:00.044+0000] {logging_mixin.py:188} INFO - [2024-10-02T01:57:00.044+0000] {dag.py:3954} INFO - Setting next_dagrun for example_subdag_operator.section-1 to None, run_after=None
[2024-10-02T01:57:00.045+0000] {logging_mixin.py:188} INFO - [2024-10-02T01:57:00.045+0000] {dag.py:3954} INFO - Setting next_dagrun for example_subdag_operator.section-2 to None, run_after=None
[2024-10-02T01:57:00.050+0000] {processor.py:183} INFO - Processing /home/airflow/.local/lib/python3.12/site-packages/airflow/example_dags/example_subdag_operator.py took 0.064 seconds
[2024-10-02T01:57:30.371+0000] {processor.py:161} INFO - Started process (PID=334) to work on /home/airflow/.local/lib/python3.12/site-packages/airflow/example_dags/example_subdag_operator.py
[2024-10-02T01:57:30.372+0000] {processor.py:830} INFO - Processing file /home/airflow/.local/lib/python3.12/site-packages/airflow/example_dags/example_subdag_operator.py for tasks to queue
[2024-10-02T01:57:30.374+0000] {logging_mixin.py:188} INFO - [2024-10-02T01:57:30.374+0000] {dagbag.py:545} INFO - Filling up the DagBag from /home/airflow/.local/lib/python3.12/site-packages/airflow/example_dags/example_subdag_operator.py
[2024-10-02T01:57:30.392+0000] {processor.py:840} INFO - DAG(s) 'example_subdag_operator.section-1', 'example_subdag_operator.section-2', 'example_subdag_operator' retrieved from /home/airflow/.local/lib/python3.12/site-packages/airflow/example_dags/example_subdag_operator.py
[2024-10-02T01:57:30.402+0000] {logging_mixin.py:188} INFO - [2024-10-02T01:57:30.402+0000] {dag.py:3096} INFO - Sync 3 DAGs
[2024-10-02T01:57:30.415+0000] {logging_mixin.py:188} INFO - [2024-10-02T01:57:30.415+0000] {dag.py:3954} INFO - Setting next_dagrun for example_subdag_operator to 2022-01-01 00:00:00+00:00, run_after=2022-01-01 00:00:00+00:00
[2024-10-02T01:57:30.417+0000] {logging_mixin.py:188} INFO - [2024-10-02T01:57:30.417+0000] {dag.py:3954} INFO - Setting next_dagrun for example_subdag_operator.section-1 to None, run_after=None
[2024-10-02T01:57:30.418+0000] {logging_mixin.py:188} INFO - [2024-10-02T01:57:30.418+0000] {dag.py:3954} INFO - Setting next_dagrun for example_subdag_operator.section-2 to None, run_after=None
[2024-10-02T01:57:30.422+0000] {logging_mixin.py:188} INFO - [2024-10-02T01:57:30.422+0000] {dag.py:3096} INFO - Sync 2 DAGs
[2024-10-02T01:57:30.425+0000] {logging_mixin.py:188} INFO - [2024-10-02T01:57:30.425+0000] {dag.py:3954} INFO - Setting next_dagrun for example_subdag_operator.section-1 to None, run_after=None
[2024-10-02T01:57:30.426+0000] {logging_mixin.py:188} INFO - [2024-10-02T01:57:30.426+0000] {dag.py:3954} INFO - Setting next_dagrun for example_subdag_operator.section-2 to None, run_after=None
[2024-10-02T01:57:30.431+0000] {processor.py:183} INFO - Processing /home/airflow/.local/lib/python3.12/site-packages/airflow/example_dags/example_subdag_operator.py took 0.064 seconds
[2024-10-02T01:58:00.860+0000] {processor.py:161} INFO - Started process (PID=392) to work on /home/airflow/.local/lib/python3.12/site-packages/airflow/example_dags/example_subdag_operator.py
[2024-10-02T01:58:00.861+0000] {processor.py:830} INFO - Processing file /home/airflow/.local/lib/python3.12/site-packages/airflow/example_dags/example_subdag_operator.py for tasks to queue
[2024-10-02T01:58:00.863+0000] {logging_mixin.py:188} INFO - [2024-10-02T01:58:00.862+0000] {dagbag.py:545} INFO - Filling up the DagBag from /home/airflow/.local/lib/python3.12/site-packages/airflow/example_dags/example_subdag_operator.py
[2024-10-02T01:58:00.880+0000] {processor.py:840} INFO - DAG(s) 'example_subdag_operator.section-1', 'example_subdag_operator.section-2', 'example_subdag_operator' retrieved from /home/airflow/.local/lib/python3.12/site-packages/airflow/example_dags/example_subdag_operator.py
[2024-10-02T01:58:00.889+0000] {logging_mixin.py:188} INFO - [2024-10-02T01:58:00.889+0000] {dag.py:3096} INFO - Sync 3 DAGs
[2024-10-02T01:58:00.902+0000] {logging_mixin.py:188} INFO - [2024-10-02T01:58:00.902+0000] {dag.py:3954} INFO - Setting next_dagrun for example_subdag_operator to 2022-01-01 00:00:00+00:00, run_after=2022-01-01 00:00:00+00:00
[2024-10-02T01:58:00.905+0000] {logging_mixin.py:188} INFO - [2024-10-02T01:58:00.905+0000] {dag.py:3954} INFO - Setting next_dagrun for example_subdag_operator.section-1 to None, run_after=None
[2024-10-02T01:58:00.906+0000] {logging_mixin.py:188} INFO - [2024-10-02T01:58:00.906+0000] {dag.py:3954} INFO - Setting next_dagrun for example_subdag_operator.section-2 to None, run_after=None
[2024-10-02T01:58:00.910+0000] {logging_mixin.py:188} INFO - [2024-10-02T01:58:00.910+0000] {dag.py:3096} INFO - Sync 2 DAGs
[2024-10-02T01:58:00.913+0000] {logging_mixin.py:188} INFO - [2024-10-02T01:58:00.913+0000] {dag.py:3954} INFO - Setting next_dagrun for example_subdag_operator.section-1 to None, run_after=None
[2024-10-02T01:58:00.914+0000] {logging_mixin.py:188} INFO - [2024-10-02T01:58:00.913+0000] {dag.py:3954} INFO - Setting next_dagrun for example_subdag_operator.section-2 to None, run_after=None
[2024-10-02T01:58:00.919+0000] {processor.py:183} INFO - Processing /home/airflow/.local/lib/python3.12/site-packages/airflow/example_dags/example_subdag_operator.py took 0.064 seconds
[2024-10-02T01:58:31.246+0000] {processor.py:161} INFO - Started process (PID=450) to work on /home/airflow/.local/lib/python3.12/site-packages/airflow/example_dags/example_subdag_operator.py
[2024-10-02T01:58:31.248+0000] {processor.py:830} INFO - Processing file /home/airflow/.local/lib/python3.12/site-packages/airflow/example_dags/example_subdag_operator.py for tasks to queue
[2024-10-02T01:58:31.249+0000] {logging_mixin.py:188} INFO - [2024-10-02T01:58:31.249+0000] {dagbag.py:545} INFO - Filling up the DagBag from /home/airflow/.local/lib/python3.12/site-packages/airflow/example_dags/example_subdag_operator.py
[2024-10-02T01:58:31.269+0000] {processor.py:840} INFO - DAG(s) 'example_subdag_operator.section-1', 'example_subdag_operator.section-2', 'example_subdag_operator' retrieved from /home/airflow/.local/lib/python3.12/site-packages/airflow/example_dags/example_subdag_operator.py
[2024-10-02T01:58:31.278+0000] {logging_mixin.py:188} INFO - [2024-10-02T01:58:31.277+0000] {dag.py:3096} INFO - Sync 3 DAGs
[2024-10-02T01:58:31.290+0000] {logging_mixin.py:188} INFO - [2024-10-02T01:58:31.290+0000] {dag.py:3954} INFO - Setting next_dagrun for example_subdag_operator to 2022-01-01 00:00:00+00:00, run_after=2022-01-01 00:00:00+00:00
[2024-10-02T01:58:31.293+0000] {logging_mixin.py:188} INFO - [2024-10-02T01:58:31.293+0000] {dag.py:3954} INFO - Setting next_dagrun for example_subdag_operator.section-1 to None, run_after=None
[2024-10-02T01:58:31.294+0000] {logging_mixin.py:188} INFO - [2024-10-02T01:58:31.294+0000] {dag.py:3954} INFO - Setting next_dagrun for example_subdag_operator.section-2 to None, run_after=None
[2024-10-02T01:58:31.299+0000] {logging_mixin.py:188} INFO - [2024-10-02T01:58:31.299+0000] {dag.py:3096} INFO - Sync 2 DAGs
[2024-10-02T01:58:31.303+0000] {logging_mixin.py:188} INFO - [2024-10-02T01:58:31.303+0000] {dag.py:3954} INFO - Setting next_dagrun for example_subdag_operator.section-1 to None, run_after=None
[2024-10-02T01:58:31.303+0000] {logging_mixin.py:188} INFO - [2024-10-02T01:58:31.303+0000] {dag.py:3954} INFO - Setting next_dagrun for example_subdag_operator.section-2 to None, run_after=None
[2024-10-02T01:58:31.310+0000] {processor.py:183} INFO - Processing /home/airflow/.local/lib/python3.12/site-packages/airflow/example_dags/example_subdag_operator.py took 0.068 seconds
[2024-10-02T01:59:01.790+0000] {processor.py:161} INFO - Started process (PID=509) to work on /home/airflow/.local/lib/python3.12/site-packages/airflow/example_dags/example_subdag_operator.py
[2024-10-02T01:59:01.791+0000] {processor.py:830} INFO - Processing file /home/airflow/.local/lib/python3.12/site-packages/airflow/example_dags/example_subdag_operator.py for tasks to queue
[2024-10-02T01:59:01.793+0000] {logging_mixin.py:188} INFO - [2024-10-02T01:59:01.793+0000] {dagbag.py:545} INFO - Filling up the DagBag from /home/airflow/.local/lib/python3.12/site-packages/airflow/example_dags/example_subdag_operator.py
[2024-10-02T01:59:01.811+0000] {processor.py:840} INFO - DAG(s) 'example_subdag_operator.section-1', 'example_subdag_operator.section-2', 'example_subdag_operator' retrieved from /home/airflow/.local/lib/python3.12/site-packages/airflow/example_dags/example_subdag_operator.py
[2024-10-02T01:59:01.820+0000] {logging_mixin.py:188} INFO - [2024-10-02T01:59:01.819+0000] {dag.py:3096} INFO - Sync 3 DAGs
[2024-10-02T01:59:01.832+0000] {logging_mixin.py:188} INFO - [2024-10-02T01:59:01.832+0000] {dag.py:3954} INFO - Setting next_dagrun for example_subdag_operator to 2022-01-01 00:00:00+00:00, run_after=2022-01-01 00:00:00+00:00
[2024-10-02T01:59:01.835+0000] {logging_mixin.py:188} INFO - [2024-10-02T01:59:01.835+0000] {dag.py:3954} INFO - Setting next_dagrun for example_subdag_operator.section-1 to None, run_after=None
[2024-10-02T01:59:01.836+0000] {logging_mixin.py:188} INFO - [2024-10-02T01:59:01.836+0000] {dag.py:3954} INFO - Setting next_dagrun for example_subdag_operator.section-2 to None, run_after=None
[2024-10-02T01:59:01.840+0000] {logging_mixin.py:188} INFO - [2024-10-02T01:59:01.840+0000] {dag.py:3096} INFO - Sync 2 DAGs
[2024-10-02T01:59:01.843+0000] {logging_mixin.py:188} INFO - [2024-10-02T01:59:01.843+0000] {dag.py:3954} INFO - Setting next_dagrun for example_subdag_operator.section-1 to None, run_after=None
[2024-10-02T01:59:01.844+0000] {logging_mixin.py:188} INFO - [2024-10-02T01:59:01.844+0000] {dag.py:3954} INFO - Setting next_dagrun for example_subdag_operator.section-2 to None, run_after=None
[2024-10-02T01:59:01.850+0000] {processor.py:183} INFO - Processing /home/airflow/.local/lib/python3.12/site-packages/airflow/example_dags/example_subdag_operator.py took 0.065 seconds
[2024-10-02T01:59:32.165+0000] {processor.py:161} INFO - Started process (PID=567) to work on /home/airflow/.local/lib/python3.12/site-packages/airflow/example_dags/example_subdag_operator.py
[2024-10-02T01:59:32.166+0000] {processor.py:830} INFO - Processing file /home/airflow/.local/lib/python3.12/site-packages/airflow/example_dags/example_subdag_operator.py for tasks to queue
[2024-10-02T01:59:32.168+0000] {logging_mixin.py:188} INFO - [2024-10-02T01:59:32.168+0000] {dagbag.py:545} INFO - Filling up the DagBag from /home/airflow/.local/lib/python3.12/site-packages/airflow/example_dags/example_subdag_operator.py
[2024-10-02T01:59:32.185+0000] {processor.py:840} INFO - DAG(s) 'example_subdag_operator.section-1', 'example_subdag_operator.section-2', 'example_subdag_operator' retrieved from /home/airflow/.local/lib/python3.12/site-packages/airflow/example_dags/example_subdag_operator.py
[2024-10-02T01:59:32.194+0000] {logging_mixin.py:188} INFO - [2024-10-02T01:59:32.194+0000] {dag.py:3096} INFO - Sync 3 DAGs
[2024-10-02T01:59:32.206+0000] {logging_mixin.py:188} INFO - [2024-10-02T01:59:32.206+0000] {dag.py:3954} INFO - Setting next_dagrun for example_subdag_operator to 2022-01-01 00:00:00+00:00, run_after=2022-01-01 00:00:00+00:00
[2024-10-02T01:59:32.209+0000] {logging_mixin.py:188} INFO - [2024-10-02T01:59:32.209+0000] {dag.py:3954} INFO - Setting next_dagrun for example_subdag_operator.section-1 to None, run_after=None
[2024-10-02T01:59:32.210+0000] {logging_mixin.py:188} INFO - [2024-10-02T01:59:32.210+0000] {dag.py:3954} INFO - Setting next_dagrun for example_subdag_operator.section-2 to None, run_after=None
[2024-10-02T01:59:32.214+0000] {logging_mixin.py:188} INFO - [2024-10-02T01:59:32.214+0000] {dag.py:3096} INFO - Sync 2 DAGs
[2024-10-02T01:59:32.217+0000] {logging_mixin.py:188} INFO - [2024-10-02T01:59:32.217+0000] {dag.py:3954} INFO - Setting next_dagrun for example_subdag_operator.section-1 to None, run_after=None
[2024-10-02T01:59:32.218+0000] {logging_mixin.py:188} INFO - [2024-10-02T01:59:32.218+0000] {dag.py:3954} INFO - Setting next_dagrun for example_subdag_operator.section-2 to None, run_after=None
[2024-10-02T01:59:32.223+0000] {processor.py:183} INFO - Processing /home/airflow/.local/lib/python3.12/site-packages/airflow/example_dags/example_subdag_operator.py took 0.063 seconds
[2024-10-02T02:00:02.631+0000] {processor.py:161} INFO - Started process (PID=625) to work on /home/airflow/.local/lib/python3.12/site-packages/airflow/example_dags/example_subdag_operator.py
[2024-10-02T02:00:02.632+0000] {processor.py:830} INFO - Processing file /home/airflow/.local/lib/python3.12/site-packages/airflow/example_dags/example_subdag_operator.py for tasks to queue
[2024-10-02T02:00:02.639+0000] {logging_mixin.py:188} INFO - [2024-10-02T02:00:02.639+0000] {dagbag.py:545} INFO - Filling up the DagBag from /home/airflow/.local/lib/python3.12/site-packages/airflow/example_dags/example_subdag_operator.py
[2024-10-02T02:00:02.657+0000] {processor.py:840} INFO - DAG(s) 'example_subdag_operator.section-1', 'example_subdag_operator.section-2', 'example_subdag_operator' retrieved from /home/airflow/.local/lib/python3.12/site-packages/airflow/example_dags/example_subdag_operator.py
[2024-10-02T02:00:02.665+0000] {logging_mixin.py:188} INFO - [2024-10-02T02:00:02.665+0000] {dag.py:3096} INFO - Sync 3 DAGs
[2024-10-02T02:00:02.678+0000] {logging_mixin.py:188} INFO - [2024-10-02T02:00:02.678+0000] {dag.py:3954} INFO - Setting next_dagrun for example_subdag_operator to 2022-01-01 00:00:00+00:00, run_after=2022-01-01 00:00:00+00:00
[2024-10-02T02:00:02.681+0000] {logging_mixin.py:188} INFO - [2024-10-02T02:00:02.681+0000] {dag.py:3954} INFO - Setting next_dagrun for example_subdag_operator.section-1 to None, run_after=None
[2024-10-02T02:00:02.682+0000] {logging_mixin.py:188} INFO - [2024-10-02T02:00:02.682+0000] {dag.py:3954} INFO - Setting next_dagrun for example_subdag_operator.section-2 to None, run_after=None
[2024-10-02T02:00:02.686+0000] {logging_mixin.py:188} INFO - [2024-10-02T02:00:02.686+0000] {dag.py:3096} INFO - Sync 2 DAGs
[2024-10-02T02:00:02.689+0000] {logging_mixin.py:188} INFO - [2024-10-02T02:00:02.689+0000] {dag.py:3954} INFO - Setting next_dagrun for example_subdag_operator.section-1 to None, run_after=None
[2024-10-02T02:00:02.690+0000] {logging_mixin.py:188} INFO - [2024-10-02T02:00:02.690+0000] {dag.py:3954} INFO - Setting next_dagrun for example_subdag_operator.section-2 to None, run_after=None
[2024-10-02T02:00:02.695+0000] {processor.py:183} INFO - Processing /home/airflow/.local/lib/python3.12/site-packages/airflow/example_dags/example_subdag_operator.py took 0.069 seconds
[2024-10-02T02:00:33.250+0000] {processor.py:161} INFO - Started process (PID=684) to work on /home/airflow/.local/lib/python3.12/site-packages/airflow/example_dags/example_subdag_operator.py
[2024-10-02T02:00:33.251+0000] {processor.py:830} INFO - Processing file /home/airflow/.local/lib/python3.12/site-packages/airflow/example_dags/example_subdag_operator.py for tasks to queue
[2024-10-02T02:00:33.253+0000] {logging_mixin.py:188} INFO - [2024-10-02T02:00:33.252+0000] {dagbag.py:545} INFO - Filling up the DagBag from /home/airflow/.local/lib/python3.12/site-packages/airflow/example_dags/example_subdag_operator.py
[2024-10-02T02:00:33.270+0000] {processor.py:840} INFO - DAG(s) 'example_subdag_operator.section-1', 'example_subdag_operator.section-2', 'example_subdag_operator' retrieved from /home/airflow/.local/lib/python3.12/site-packages/airflow/example_dags/example_subdag_operator.py
[2024-10-02T02:00:33.279+0000] {logging_mixin.py:188} INFO - [2024-10-02T02:00:33.279+0000] {dag.py:3096} INFO - Sync 3 DAGs
[2024-10-02T02:00:33.292+0000] {logging_mixin.py:188} INFO - [2024-10-02T02:00:33.292+0000] {dag.py:3954} INFO - Setting next_dagrun for example_subdag_operator to 2022-01-01 00:00:00+00:00, run_after=2022-01-01 00:00:00+00:00
[2024-10-02T02:00:33.294+0000] {logging_mixin.py:188} INFO - [2024-10-02T02:00:33.294+0000] {dag.py:3954} INFO - Setting next_dagrun for example_subdag_operator.section-1 to None, run_after=None
[2024-10-02T02:00:33.295+0000] {logging_mixin.py:188} INFO - [2024-10-02T02:00:33.295+0000] {dag.py:3954} INFO - Setting next_dagrun for example_subdag_operator.section-2 to None, run_after=None
[2024-10-02T02:00:33.300+0000] {logging_mixin.py:188} INFO - [2024-10-02T02:00:33.299+0000] {dag.py:3096} INFO - Sync 2 DAGs
[2024-10-02T02:00:33.303+0000] {logging_mixin.py:188} INFO - [2024-10-02T02:00:33.303+0000] {dag.py:3954} INFO - Setting next_dagrun for example_subdag_operator.section-1 to None, run_after=None
[2024-10-02T02:00:33.304+0000] {logging_mixin.py:188} INFO - [2024-10-02T02:00:33.304+0000] {dag.py:3954} INFO - Setting next_dagrun for example_subdag_operator.section-2 to None, run_after=None
[2024-10-02T02:00:33.312+0000] {processor.py:183} INFO - Processing /home/airflow/.local/lib/python3.12/site-packages/airflow/example_dags/example_subdag_operator.py took 0.067 seconds
[2024-10-02T02:01:03.842+0000] {processor.py:161} INFO - Started process (PID=742) to work on /home/airflow/.local/lib/python3.12/site-packages/airflow/example_dags/example_subdag_operator.py
[2024-10-02T02:01:03.844+0000] {processor.py:830} INFO - Processing file /home/airflow/.local/lib/python3.12/site-packages/airflow/example_dags/example_subdag_operator.py for tasks to queue
[2024-10-02T02:01:03.846+0000] {logging_mixin.py:188} INFO - [2024-10-02T02:01:03.845+0000] {dagbag.py:545} INFO - Filling up the DagBag from /home/airflow/.local/lib/python3.12/site-packages/airflow/example_dags/example_subdag_operator.py
[2024-10-02T02:01:03.872+0000] {processor.py:840} INFO - DAG(s) 'example_subdag_operator.section-1', 'example_subdag_operator.section-2', 'example_subdag_operator' retrieved from /home/airflow/.local/lib/python3.12/site-packages/airflow/example_dags/example_subdag_operator.py
[2024-10-02T02:01:03.885+0000] {logging_mixin.py:188} INFO - [2024-10-02T02:01:03.885+0000] {dag.py:3096} INFO - Sync 3 DAGs
[2024-10-02T02:01:03.906+0000] {logging_mixin.py:188} INFO - [2024-10-02T02:01:03.905+0000] {dag.py:3954} INFO - Setting next_dagrun for example_subdag_operator to 2022-01-01 00:00:00+00:00, run_after=2022-01-01 00:00:00+00:00
[2024-10-02T02:01:03.913+0000] {logging_mixin.py:188} INFO - [2024-10-02T02:01:03.913+0000] {dag.py:3954} INFO - Setting next_dagrun for example_subdag_operator.section-1 to None, run_after=None
[2024-10-02T02:01:03.915+0000] {logging_mixin.py:188} INFO - [2024-10-02T02:01:03.915+0000] {dag.py:3954} INFO - Setting next_dagrun for example_subdag_operator.section-2 to None, run_after=None
[2024-10-02T02:01:03.932+0000] {logging_mixin.py:188} INFO - [2024-10-02T02:01:03.932+0000] {dag.py:3096} INFO - Sync 2 DAGs
[2024-10-02T02:01:03.937+0000] {logging_mixin.py:188} INFO - [2024-10-02T02:01:03.937+0000] {dag.py:3954} INFO - Setting next_dagrun for example_subdag_operator.section-1 to None, run_after=None
[2024-10-02T02:01:03.938+0000] {logging_mixin.py:188} INFO - [2024-10-02T02:01:03.938+0000] {dag.py:3954} INFO - Setting next_dagrun for example_subdag_operator.section-2 to None, run_after=None
[2024-10-02T02:01:03.950+0000] {processor.py:183} INFO - Processing /home/airflow/.local/lib/python3.12/site-packages/airflow/example_dags/example_subdag_operator.py took 0.114 seconds
[2024-10-02T02:01:34.914+0000] {processor.py:161} INFO - Started process (PID=800) to work on /home/airflow/.local/lib/python3.12/site-packages/airflow/example_dags/example_subdag_operator.py
[2024-10-02T02:01:34.916+0000] {processor.py:830} INFO - Processing file /home/airflow/.local/lib/python3.12/site-packages/airflow/example_dags/example_subdag_operator.py for tasks to queue
[2024-10-02T02:01:34.918+0000] {logging_mixin.py:188} INFO - [2024-10-02T02:01:34.918+0000] {dagbag.py:545} INFO - Filling up the DagBag from /home/airflow/.local/lib/python3.12/site-packages/airflow/example_dags/example_subdag_operator.py
[2024-10-02T02:01:34.940+0000] {processor.py:840} INFO - DAG(s) 'example_subdag_operator.section-1', 'example_subdag_operator.section-2', 'example_subdag_operator' retrieved from /home/airflow/.local/lib/python3.12/site-packages/airflow/example_dags/example_subdag_operator.py
[2024-10-02T02:01:34.959+0000] {logging_mixin.py:188} INFO - [2024-10-02T02:01:34.959+0000] {dag.py:3096} INFO - Sync 3 DAGs
[2024-10-02T02:01:34.993+0000] {logging_mixin.py:188} INFO - [2024-10-02T02:01:34.993+0000] {dag.py:3954} INFO - Setting next_dagrun for example_subdag_operator to 2022-01-01 00:00:00+00:00, run_after=2022-01-01 00:00:00+00:00
[2024-10-02T02:01:34.998+0000] {logging_mixin.py:188} INFO - [2024-10-02T02:01:34.998+0000] {dag.py:3954} INFO - Setting next_dagrun for example_subdag_operator.section-1 to None, run_after=None
[2024-10-02T02:01:34.999+0000] {logging_mixin.py:188} INFO - [2024-10-02T02:01:34.999+0000] {dag.py:3954} INFO - Setting next_dagrun for example_subdag_operator.section-2 to None, run_after=None
[2024-10-02T02:01:35.017+0000] {logging_mixin.py:188} INFO - [2024-10-02T02:01:35.017+0000] {dag.py:3096} INFO - Sync 2 DAGs
[2024-10-02T02:01:35.022+0000] {logging_mixin.py:188} INFO - [2024-10-02T02:01:35.022+0000] {dag.py:3954} INFO - Setting next_dagrun for example_subdag_operator.section-1 to None, run_after=None
[2024-10-02T02:01:35.023+0000] {logging_mixin.py:188} INFO - [2024-10-02T02:01:35.023+0000] {dag.py:3954} INFO - Setting next_dagrun for example_subdag_operator.section-2 to None, run_after=None
[2024-10-02T02:01:35.032+0000] {processor.py:183} INFO - Processing /home/airflow/.local/lib/python3.12/site-packages/airflow/example_dags/example_subdag_operator.py took 0.124 seconds
[2024-10-02T02:02:05.208+0000] {processor.py:161} INFO - Started process (PID=858) to work on /home/airflow/.local/lib/python3.12/site-packages/airflow/example_dags/example_subdag_operator.py
[2024-10-02T02:02:05.211+0000] {processor.py:830} INFO - Processing file /home/airflow/.local/lib/python3.12/site-packages/airflow/example_dags/example_subdag_operator.py for tasks to queue
[2024-10-02T02:02:05.213+0000] {logging_mixin.py:188} INFO - [2024-10-02T02:02:05.213+0000] {dagbag.py:545} INFO - Filling up the DagBag from /home/airflow/.local/lib/python3.12/site-packages/airflow/example_dags/example_subdag_operator.py
[2024-10-02T02:02:05.238+0000] {processor.py:840} INFO - DAG(s) 'example_subdag_operator.section-1', 'example_subdag_operator.section-2', 'example_subdag_operator' retrieved from /home/airflow/.local/lib/python3.12/site-packages/airflow/example_dags/example_subdag_operator.py
[2024-10-02T02:02:05.247+0000] {logging_mixin.py:188} INFO - [2024-10-02T02:02:05.247+0000] {dag.py:3096} INFO - Sync 3 DAGs
[2024-10-02T02:02:05.260+0000] {logging_mixin.py:188} INFO - [2024-10-02T02:02:05.259+0000] {dag.py:3954} INFO - Setting next_dagrun for example_subdag_operator to 2022-01-01 00:00:00+00:00, run_after=2022-01-01 00:00:00+00:00
[2024-10-02T02:02:05.263+0000] {logging_mixin.py:188} INFO - [2024-10-02T02:02:05.263+0000] {dag.py:3954} INFO - Setting next_dagrun for example_subdag_operator.section-1 to None, run_after=None
[2024-10-02T02:02:05.264+0000] {logging_mixin.py:188} INFO - [2024-10-02T02:02:05.264+0000] {dag.py:3954} INFO - Setting next_dagrun for example_subdag_operator.section-2 to None, run_after=None
[2024-10-02T02:02:05.268+0000] {logging_mixin.py:188} INFO - [2024-10-02T02:02:05.268+0000] {dag.py:3096} INFO - Sync 2 DAGs
[2024-10-02T02:02:05.271+0000] {logging_mixin.py:188} INFO - [2024-10-02T02:02:05.270+0000] {dag.py:3954} INFO - Setting next_dagrun for example_subdag_operator.section-1 to None, run_after=None
[2024-10-02T02:02:05.271+0000] {logging_mixin.py:188} INFO - [2024-10-02T02:02:05.271+0000] {dag.py:3954} INFO - Setting next_dagrun for example_subdag_operator.section-2 to None, run_after=None
[2024-10-02T02:02:05.277+0000] {processor.py:183} INFO - Processing /home/airflow/.local/lib/python3.12/site-packages/airflow/example_dags/example_subdag_operator.py took 0.076 seconds
[2024-10-02T02:02:35.564+0000] {processor.py:161} INFO - Started process (PID=916) to work on /home/airflow/.local/lib/python3.12/site-packages/airflow/example_dags/example_subdag_operator.py
[2024-10-02T02:02:35.565+0000] {processor.py:830} INFO - Processing file /home/airflow/.local/lib/python3.12/site-packages/airflow/example_dags/example_subdag_operator.py for tasks to queue
[2024-10-02T02:02:35.567+0000] {logging_mixin.py:188} INFO - [2024-10-02T02:02:35.566+0000] {dagbag.py:545} INFO - Filling up the DagBag from /home/airflow/.local/lib/python3.12/site-packages/airflow/example_dags/example_subdag_operator.py
[2024-10-02T02:02:35.585+0000] {processor.py:840} INFO - DAG(s) 'example_subdag_operator.section-1', 'example_subdag_operator.section-2', 'example_subdag_operator' retrieved from /home/airflow/.local/lib/python3.12/site-packages/airflow/example_dags/example_subdag_operator.py
[2024-10-02T02:02:35.594+0000] {logging_mixin.py:188} INFO - [2024-10-02T02:02:35.593+0000] {dag.py:3096} INFO - Sync 3 DAGs
[2024-10-02T02:02:35.606+0000] {logging_mixin.py:188} INFO - [2024-10-02T02:02:35.606+0000] {dag.py:3954} INFO - Setting next_dagrun for example_subdag_operator to 2022-01-01 00:00:00+00:00, run_after=2022-01-01 00:00:00+00:00
[2024-10-02T02:02:35.609+0000] {logging_mixin.py:188} INFO - [2024-10-02T02:02:35.609+0000] {dag.py:3954} INFO - Setting next_dagrun for example_subdag_operator.section-1 to None, run_after=None
[2024-10-02T02:02:35.610+0000] {logging_mixin.py:188} INFO - [2024-10-02T02:02:35.610+0000] {dag.py:3954} INFO - Setting next_dagrun for example_subdag_operator.section-2 to None, run_after=None
[2024-10-02T02:02:35.614+0000] {logging_mixin.py:188} INFO - [2024-10-02T02:02:35.614+0000] {dag.py:3096} INFO - Sync 2 DAGs
[2024-10-02T02:02:35.618+0000] {logging_mixin.py:188} INFO - [2024-10-02T02:02:35.618+0000] {dag.py:3954} INFO - Setting next_dagrun for example_subdag_operator.section-1 to None, run_after=None
[2024-10-02T02:02:35.618+0000] {logging_mixin.py:188} INFO - [2024-10-02T02:02:35.618+0000] {dag.py:3954} INFO - Setting next_dagrun for example_subdag_operator.section-2 to None, run_after=None
[2024-10-02T02:02:35.624+0000] {processor.py:183} INFO - Processing /home/airflow/.local/lib/python3.12/site-packages/airflow/example_dags/example_subdag_operator.py took 0.065 seconds
[2024-10-02T02:03:05.921+0000] {processor.py:161} INFO - Started process (PID=974) to work on /home/airflow/.local/lib/python3.12/site-packages/airflow/example_dags/example_subdag_operator.py
[2024-10-02T02:03:05.923+0000] {processor.py:830} INFO - Processing file /home/airflow/.local/lib/python3.12/site-packages/airflow/example_dags/example_subdag_operator.py for tasks to queue
[2024-10-02T02:03:05.926+0000] {logging_mixin.py:188} INFO - [2024-10-02T02:03:05.926+0000] {dagbag.py:545} INFO - Filling up the DagBag from /home/airflow/.local/lib/python3.12/site-packages/airflow/example_dags/example_subdag_operator.py
[2024-10-02T02:03:05.953+0000] {processor.py:840} INFO - DAG(s) 'example_subdag_operator.section-1', 'example_subdag_operator.section-2', 'example_subdag_operator' retrieved from /home/airflow/.local/lib/python3.12/site-packages/airflow/example_dags/example_subdag_operator.py
[2024-10-02T02:03:05.963+0000] {logging_mixin.py:188} INFO - [2024-10-02T02:03:05.963+0000] {dag.py:3096} INFO - Sync 3 DAGs
[2024-10-02T02:03:05.978+0000] {logging_mixin.py:188} INFO - [2024-10-02T02:03:05.978+0000] {dag.py:3954} INFO - Setting next_dagrun for example_subdag_operator to 2022-01-01 00:00:00+00:00, run_after=2022-01-01 00:00:00+00:00
[2024-10-02T02:03:05.984+0000] {logging_mixin.py:188} INFO - [2024-10-02T02:03:05.984+0000] {dag.py:3954} INFO - Setting next_dagrun for example_subdag_operator.section-1 to None, run_after=None
[2024-10-02T02:03:05.986+0000] {logging_mixin.py:188} INFO - [2024-10-02T02:03:05.985+0000] {dag.py:3954} INFO - Setting next_dagrun for example_subdag_operator.section-2 to None, run_after=None
[2024-10-02T02:03:05.990+0000] {logging_mixin.py:188} INFO - [2024-10-02T02:03:05.990+0000] {dag.py:3096} INFO - Sync 2 DAGs
[2024-10-02T02:03:05.998+0000] {logging_mixin.py:188} INFO - [2024-10-02T02:03:05.998+0000] {dag.py:3954} INFO - Setting next_dagrun for example_subdag_operator.section-1 to None, run_after=None
[2024-10-02T02:03:05.998+0000] {logging_mixin.py:188} INFO - [2024-10-02T02:03:05.998+0000] {dag.py:3954} INFO - Setting next_dagrun for example_subdag_operator.section-2 to None, run_after=None
[2024-10-02T02:03:06.006+0000] {processor.py:183} INFO - Processing /home/airflow/.local/lib/python3.12/site-packages/airflow/example_dags/example_subdag_operator.py took 0.097 seconds
[2024-10-02T02:03:36.298+0000] {processor.py:161} INFO - Started process (PID=1032) to work on /home/airflow/.local/lib/python3.12/site-packages/airflow/example_dags/example_subdag_operator.py
[2024-10-02T02:03:36.301+0000] {processor.py:830} INFO - Processing file /home/airflow/.local/lib/python3.12/site-packages/airflow/example_dags/example_subdag_operator.py for tasks to queue
[2024-10-02T02:03:36.305+0000] {logging_mixin.py:188} INFO - [2024-10-02T02:03:36.305+0000] {dagbag.py:545} INFO - Filling up the DagBag from /home/airflow/.local/lib/python3.12/site-packages/airflow/example_dags/example_subdag_operator.py
[2024-10-02T02:03:36.329+0000] {processor.py:840} INFO - DAG(s) 'example_subdag_operator.section-1', 'example_subdag_operator.section-2', 'example_subdag_operator' retrieved from /home/airflow/.local/lib/python3.12/site-packages/airflow/example_dags/example_subdag_operator.py
[2024-10-02T02:03:36.338+0000] {logging_mixin.py:188} INFO - [2024-10-02T02:03:36.338+0000] {dag.py:3096} INFO - Sync 3 DAGs
[2024-10-02T02:03:36.350+0000] {logging_mixin.py:188} INFO - [2024-10-02T02:03:36.350+0000] {dag.py:3954} INFO - Setting next_dagrun for example_subdag_operator to 2022-01-01 00:00:00+00:00, run_after=2022-01-01 00:00:00+00:00
[2024-10-02T02:03:36.353+0000] {logging_mixin.py:188} INFO - [2024-10-02T02:03:36.353+0000] {dag.py:3954} INFO - Setting next_dagrun for example_subdag_operator.section-1 to None, run_after=None
[2024-10-02T02:03:36.354+0000] {logging_mixin.py:188} INFO - [2024-10-02T02:03:36.354+0000] {dag.py:3954} INFO - Setting next_dagrun for example_subdag_operator.section-2 to None, run_after=None
[2024-10-02T02:03:36.358+0000] {logging_mixin.py:188} INFO - [2024-10-02T02:03:36.358+0000] {dag.py:3096} INFO - Sync 2 DAGs
[2024-10-02T02:03:36.361+0000] {logging_mixin.py:188} INFO - [2024-10-02T02:03:36.361+0000] {dag.py:3954} INFO - Setting next_dagrun for example_subdag_operator.section-1 to None, run_after=None
[2024-10-02T02:03:36.362+0000] {logging_mixin.py:188} INFO - [2024-10-02T02:03:36.362+0000] {dag.py:3954} INFO - Setting next_dagrun for example_subdag_operator.section-2 to None, run_after=None
[2024-10-02T02:03:36.367+0000] {processor.py:183} INFO - Processing /home/airflow/.local/lib/python3.12/site-packages/airflow/example_dags/example_subdag_operator.py took 0.075 seconds
[2024-10-02T02:04:06.637+0000] {processor.py:161} INFO - Started process (PID=1090) to work on /home/airflow/.local/lib/python3.12/site-packages/airflow/example_dags/example_subdag_operator.py
[2024-10-02T02:04:06.639+0000] {processor.py:830} INFO - Processing file /home/airflow/.local/lib/python3.12/site-packages/airflow/example_dags/example_subdag_operator.py for tasks to queue
[2024-10-02T02:04:06.641+0000] {logging_mixin.py:188} INFO - [2024-10-02T02:04:06.641+0000] {dagbag.py:545} INFO - Filling up the DagBag from /home/airflow/.local/lib/python3.12/site-packages/airflow/example_dags/example_subdag_operator.py
[2024-10-02T02:04:06.665+0000] {processor.py:840} INFO - DAG(s) 'example_subdag_operator.section-1', 'example_subdag_operator.section-2', 'example_subdag_operator' retrieved from /home/airflow/.local/lib/python3.12/site-packages/airflow/example_dags/example_subdag_operator.py
[2024-10-02T02:04:06.674+0000] {logging_mixin.py:188} INFO - [2024-10-02T02:04:06.674+0000] {dag.py:3096} INFO - Sync 3 DAGs
[2024-10-02T02:04:06.686+0000] {logging_mixin.py:188} INFO - [2024-10-02T02:04:06.686+0000] {dag.py:3954} INFO - Setting next_dagrun for example_subdag_operator to 2022-01-01 00:00:00+00:00, run_after=2022-01-01 00:00:00+00:00
[2024-10-02T02:04:06.689+0000] {logging_mixin.py:188} INFO - [2024-10-02T02:04:06.689+0000] {dag.py:3954} INFO - Setting next_dagrun for example_subdag_operator.section-1 to None, run_after=None
[2024-10-02T02:04:06.690+0000] {logging_mixin.py:188} INFO - [2024-10-02T02:04:06.690+0000] {dag.py:3954} INFO - Setting next_dagrun for example_subdag_operator.section-2 to None, run_after=None
[2024-10-02T02:04:06.694+0000] {logging_mixin.py:188} INFO - [2024-10-02T02:04:06.694+0000] {dag.py:3096} INFO - Sync 2 DAGs
[2024-10-02T02:04:06.697+0000] {logging_mixin.py:188} INFO - [2024-10-02T02:04:06.697+0000] {dag.py:3954} INFO - Setting next_dagrun for example_subdag_operator.section-1 to None, run_after=None
[2024-10-02T02:04:06.698+0000] {logging_mixin.py:188} INFO - [2024-10-02T02:04:06.698+0000] {dag.py:3954} INFO - Setting next_dagrun for example_subdag_operator.section-2 to None, run_after=None
[2024-10-02T02:04:06.704+0000] {processor.py:183} INFO - Processing /home/airflow/.local/lib/python3.12/site-packages/airflow/example_dags/example_subdag_operator.py took 0.073 seconds
[2024-10-02T02:04:36.926+0000] {processor.py:161} INFO - Started process (PID=1148) to work on /home/airflow/.local/lib/python3.12/site-packages/airflow/example_dags/example_subdag_operator.py
[2024-10-02T02:04:36.929+0000] {processor.py:830} INFO - Processing file /home/airflow/.local/lib/python3.12/site-packages/airflow/example_dags/example_subdag_operator.py for tasks to queue
[2024-10-02T02:04:36.933+0000] {logging_mixin.py:188} INFO - [2024-10-02T02:04:36.932+0000] {dagbag.py:545} INFO - Filling up the DagBag from /home/airflow/.local/lib/python3.12/site-packages/airflow/example_dags/example_subdag_operator.py
[2024-10-02T02:04:36.964+0000] {processor.py:840} INFO - DAG(s) 'example_subdag_operator.section-1', 'example_subdag_operator.section-2', 'example_subdag_operator' retrieved from /home/airflow/.local/lib/python3.12/site-packages/airflow/example_dags/example_subdag_operator.py
[2024-10-02T02:04:36.975+0000] {logging_mixin.py:188} INFO - [2024-10-02T02:04:36.974+0000] {dag.py:3096} INFO - Sync 3 DAGs
[2024-10-02T02:04:36.991+0000] {logging_mixin.py:188} INFO - [2024-10-02T02:04:36.991+0000] {dag.py:3954} INFO - Setting next_dagrun for example_subdag_operator to 2022-01-01 00:00:00+00:00, run_after=2022-01-01 00:00:00+00:00
[2024-10-02T02:04:36.994+0000] {logging_mixin.py:188} INFO - [2024-10-02T02:04:36.994+0000] {dag.py:3954} INFO - Setting next_dagrun for example_subdag_operator.section-1 to None, run_after=None
[2024-10-02T02:04:36.996+0000] {logging_mixin.py:188} INFO - [2024-10-02T02:04:36.996+0000] {dag.py:3954} INFO - Setting next_dagrun for example_subdag_operator.section-2 to None, run_after=None
[2024-10-02T02:04:37.000+0000] {logging_mixin.py:188} INFO - [2024-10-02T02:04:37.000+0000] {dag.py:3096} INFO - Sync 2 DAGs
[2024-10-02T02:04:37.003+0000] {logging_mixin.py:188} INFO - [2024-10-02T02:04:37.003+0000] {dag.py:3954} INFO - Setting next_dagrun for example_subdag_operator.section-1 to None, run_after=None
[2024-10-02T02:04:37.004+0000] {logging_mixin.py:188} INFO - [2024-10-02T02:04:37.004+0000] {dag.py:3954} INFO - Setting next_dagrun for example_subdag_operator.section-2 to None, run_after=None
[2024-10-02T02:04:37.009+0000] {processor.py:183} INFO - Processing /home/airflow/.local/lib/python3.12/site-packages/airflow/example_dags/example_subdag_operator.py took 0.093 seconds
[2024-10-02T02:05:07.535+0000] {processor.py:161} INFO - Started process (PID=1206) to work on /home/airflow/.local/lib/python3.12/site-packages/airflow/example_dags/example_subdag_operator.py
[2024-10-02T02:05:07.538+0000] {processor.py:830} INFO - Processing file /home/airflow/.local/lib/python3.12/site-packages/airflow/example_dags/example_subdag_operator.py for tasks to queue
[2024-10-02T02:05:07.540+0000] {logging_mixin.py:188} INFO - [2024-10-02T02:05:07.540+0000] {dagbag.py:545} INFO - Filling up the DagBag from /home/airflow/.local/lib/python3.12/site-packages/airflow/example_dags/example_subdag_operator.py
[2024-10-02T02:05:07.564+0000] {processor.py:840} INFO - DAG(s) 'example_subdag_operator.section-1', 'example_subdag_operator.section-2', 'example_subdag_operator' retrieved from /home/airflow/.local/lib/python3.12/site-packages/airflow/example_dags/example_subdag_operator.py
[2024-10-02T02:05:07.573+0000] {logging_mixin.py:188} INFO - [2024-10-02T02:05:07.573+0000] {dag.py:3096} INFO - Sync 3 DAGs
[2024-10-02T02:05:07.586+0000] {logging_mixin.py:188} INFO - [2024-10-02T02:05:07.586+0000] {dag.py:3954} INFO - Setting next_dagrun for example_subdag_operator to 2022-01-01 00:00:00+00:00, run_after=2022-01-01 00:00:00+00:00
[2024-10-02T02:05:07.588+0000] {logging_mixin.py:188} INFO - [2024-10-02T02:05:07.588+0000] {dag.py:3954} INFO - Setting next_dagrun for example_subdag_operator.section-1 to None, run_after=None
[2024-10-02T02:05:07.589+0000] {logging_mixin.py:188} INFO - [2024-10-02T02:05:07.589+0000] {dag.py:3954} INFO - Setting next_dagrun for example_subdag_operator.section-2 to None, run_after=None
[2024-10-02T02:05:07.593+0000] {logging_mixin.py:188} INFO - [2024-10-02T02:05:07.593+0000] {dag.py:3096} INFO - Sync 2 DAGs
[2024-10-02T02:05:07.596+0000] {logging_mixin.py:188} INFO - [2024-10-02T02:05:07.596+0000] {dag.py:3954} INFO - Setting next_dagrun for example_subdag_operator.section-1 to None, run_after=None
[2024-10-02T02:05:07.597+0000] {logging_mixin.py:188} INFO - [2024-10-02T02:05:07.597+0000] {dag.py:3954} INFO - Setting next_dagrun for example_subdag_operator.section-2 to None, run_after=None
[2024-10-02T02:05:07.602+0000] {processor.py:183} INFO - Processing /home/airflow/.local/lib/python3.12/site-packages/airflow/example_dags/example_subdag_operator.py took 0.075 seconds
