[2024-10-02T01:54:58.054+0000] {processor.py:161} INFO - Started process (PID=48) to work on /home/airflow/.local/lib/python3.12/site-packages/airflow/example_dags/tutorial.py
[2024-10-02T01:54:58.056+0000] {processor.py:830} INFO - Processing file /home/airflow/.local/lib/python3.12/site-packages/airflow/example_dags/tutorial.py for tasks to queue
[2024-10-02T01:54:58.064+0000] {logging_mixin.py:188} INFO - [2024-10-02T01:54:58.063+0000] {dagbag.py:545} INFO - Filling up the DagBag from /home/airflow/.local/lib/python3.12/site-packages/airflow/example_dags/tutorial.py
[2024-10-02T01:54:58.071+0000] {processor.py:840} INFO - DAG(s) 'tutorial' retrieved from /home/airflow/.local/lib/python3.12/site-packages/airflow/example_dags/tutorial.py
[2024-10-02T01:54:58.088+0000] {logging_mixin.py:188} INFO - [2024-10-02T01:54:58.088+0000] {dag.py:3096} INFO - Sync 1 DAGs
[2024-10-02T01:54:58.109+0000] {logging_mixin.py:188} INFO - [2024-10-02T01:54:58.109+0000] {dag.py:3954} INFO - Setting next_dagrun for tutorial to 2024-10-01 00:00:00+00:00, run_after=2024-10-02 00:00:00+00:00
[2024-10-02T01:54:58.137+0000] {processor.py:183} INFO - Processing /home/airflow/.local/lib/python3.12/site-packages/airflow/example_dags/tutorial.py took 0.092 seconds
[2024-10-02T01:55:28.834+0000] {processor.py:161} INFO - Started process (PID=106) to work on /home/airflow/.local/lib/python3.12/site-packages/airflow/example_dags/tutorial.py
[2024-10-02T01:55:28.836+0000] {processor.py:830} INFO - Processing file /home/airflow/.local/lib/python3.12/site-packages/airflow/example_dags/tutorial.py for tasks to queue
[2024-10-02T01:55:28.837+0000] {logging_mixin.py:188} INFO - [2024-10-02T01:55:28.837+0000] {dagbag.py:545} INFO - Filling up the DagBag from /home/airflow/.local/lib/python3.12/site-packages/airflow/example_dags/tutorial.py
[2024-10-02T01:55:28.842+0000] {processor.py:840} INFO - DAG(s) 'tutorial' retrieved from /home/airflow/.local/lib/python3.12/site-packages/airflow/example_dags/tutorial.py
[2024-10-02T01:55:28.899+0000] {logging_mixin.py:188} INFO - [2024-10-02T01:55:28.899+0000] {dag.py:3096} INFO - Sync 1 DAGs
[2024-10-02T01:55:28.913+0000] {logging_mixin.py:188} INFO - [2024-10-02T01:55:28.913+0000] {dag.py:3954} INFO - Setting next_dagrun for tutorial to 2024-10-01 00:00:00+00:00, run_after=2024-10-02 00:00:00+00:00
[2024-10-02T01:55:28.937+0000] {processor.py:183} INFO - Processing /home/airflow/.local/lib/python3.12/site-packages/airflow/example_dags/tutorial.py took 0.107 seconds
[2024-10-02T01:55:59.935+0000] {processor.py:161} INFO - Started process (PID=164) to work on /home/airflow/.local/lib/python3.12/site-packages/airflow/example_dags/tutorial.py
[2024-10-02T01:55:59.936+0000] {processor.py:830} INFO - Processing file /home/airflow/.local/lib/python3.12/site-packages/airflow/example_dags/tutorial.py for tasks to queue
[2024-10-02T01:55:59.938+0000] {logging_mixin.py:188} INFO - [2024-10-02T01:55:59.937+0000] {dagbag.py:545} INFO - Filling up the DagBag from /home/airflow/.local/lib/python3.12/site-packages/airflow/example_dags/tutorial.py
[2024-10-02T01:55:59.942+0000] {processor.py:840} INFO - DAG(s) 'tutorial' retrieved from /home/airflow/.local/lib/python3.12/site-packages/airflow/example_dags/tutorial.py
[2024-10-02T01:55:59.958+0000] {logging_mixin.py:188} INFO - [2024-10-02T01:55:59.958+0000] {dag.py:3096} INFO - Sync 1 DAGs
[2024-10-02T01:55:59.971+0000] {logging_mixin.py:188} INFO - [2024-10-02T01:55:59.971+0000] {dag.py:3954} INFO - Setting next_dagrun for tutorial to 2024-10-01 00:00:00+00:00, run_after=2024-10-02 00:00:00+00:00
[2024-10-02T01:55:59.986+0000] {processor.py:183} INFO - Processing /home/airflow/.local/lib/python3.12/site-packages/airflow/example_dags/tutorial.py took 0.055 seconds
[2024-10-02T01:56:30.452+0000] {processor.py:161} INFO - Started process (PID=222) to work on /home/airflow/.local/lib/python3.12/site-packages/airflow/example_dags/tutorial.py
[2024-10-02T01:56:30.453+0000] {processor.py:830} INFO - Processing file /home/airflow/.local/lib/python3.12/site-packages/airflow/example_dags/tutorial.py for tasks to queue
[2024-10-02T01:56:30.455+0000] {logging_mixin.py:188} INFO - [2024-10-02T01:56:30.455+0000] {dagbag.py:545} INFO - Filling up the DagBag from /home/airflow/.local/lib/python3.12/site-packages/airflow/example_dags/tutorial.py
[2024-10-02T01:56:30.460+0000] {processor.py:840} INFO - DAG(s) 'tutorial' retrieved from /home/airflow/.local/lib/python3.12/site-packages/airflow/example_dags/tutorial.py
[2024-10-02T01:56:30.476+0000] {logging_mixin.py:188} INFO - [2024-10-02T01:56:30.476+0000] {dag.py:3096} INFO - Sync 1 DAGs
[2024-10-02T01:56:30.491+0000] {logging_mixin.py:188} INFO - [2024-10-02T01:56:30.491+0000] {dag.py:3954} INFO - Setting next_dagrun for tutorial to 2024-10-01 00:00:00+00:00, run_after=2024-10-02 00:00:00+00:00
[2024-10-02T01:56:30.505+0000] {processor.py:183} INFO - Processing /home/airflow/.local/lib/python3.12/site-packages/airflow/example_dags/tutorial.py took 0.058 seconds
[2024-10-02T01:57:01.134+0000] {processor.py:161} INFO - Started process (PID=280) to work on /home/airflow/.local/lib/python3.12/site-packages/airflow/example_dags/tutorial.py
[2024-10-02T01:57:01.135+0000] {processor.py:830} INFO - Processing file /home/airflow/.local/lib/python3.12/site-packages/airflow/example_dags/tutorial.py for tasks to queue
[2024-10-02T01:57:01.137+0000] {logging_mixin.py:188} INFO - [2024-10-02T01:57:01.137+0000] {dagbag.py:545} INFO - Filling up the DagBag from /home/airflow/.local/lib/python3.12/site-packages/airflow/example_dags/tutorial.py
[2024-10-02T01:57:01.142+0000] {processor.py:840} INFO - DAG(s) 'tutorial' retrieved from /home/airflow/.local/lib/python3.12/site-packages/airflow/example_dags/tutorial.py
[2024-10-02T01:57:01.159+0000] {logging_mixin.py:188} INFO - [2024-10-02T01:57:01.159+0000] {dag.py:3096} INFO - Sync 1 DAGs
[2024-10-02T01:57:01.172+0000] {logging_mixin.py:188} INFO - [2024-10-02T01:57:01.172+0000] {dag.py:3954} INFO - Setting next_dagrun for tutorial to 2024-10-01 00:00:00+00:00, run_after=2024-10-02 00:00:00+00:00
[2024-10-02T01:57:01.183+0000] {processor.py:183} INFO - Processing /home/airflow/.local/lib/python3.12/site-packages/airflow/example_dags/tutorial.py took 0.053 seconds
[2024-10-02T01:57:31.574+0000] {processor.py:161} INFO - Started process (PID=338) to work on /home/airflow/.local/lib/python3.12/site-packages/airflow/example_dags/tutorial.py
[2024-10-02T01:57:31.576+0000] {processor.py:830} INFO - Processing file /home/airflow/.local/lib/python3.12/site-packages/airflow/example_dags/tutorial.py for tasks to queue
[2024-10-02T01:57:31.578+0000] {logging_mixin.py:188} INFO - [2024-10-02T01:57:31.577+0000] {dagbag.py:545} INFO - Filling up the DagBag from /home/airflow/.local/lib/python3.12/site-packages/airflow/example_dags/tutorial.py
[2024-10-02T01:57:31.582+0000] {processor.py:840} INFO - DAG(s) 'tutorial' retrieved from /home/airflow/.local/lib/python3.12/site-packages/airflow/example_dags/tutorial.py
[2024-10-02T01:57:31.598+0000] {logging_mixin.py:188} INFO - [2024-10-02T01:57:31.598+0000] {dag.py:3096} INFO - Sync 1 DAGs
[2024-10-02T01:57:31.611+0000] {logging_mixin.py:188} INFO - [2024-10-02T01:57:31.611+0000] {dag.py:3954} INFO - Setting next_dagrun for tutorial to 2024-10-01 00:00:00+00:00, run_after=2024-10-02 00:00:00+00:00
[2024-10-02T01:57:31.622+0000] {processor.py:183} INFO - Processing /home/airflow/.local/lib/python3.12/site-packages/airflow/example_dags/tutorial.py took 0.052 seconds
[2024-10-02T01:58:01.979+0000] {processor.py:161} INFO - Started process (PID=396) to work on /home/airflow/.local/lib/python3.12/site-packages/airflow/example_dags/tutorial.py
[2024-10-02T01:58:01.980+0000] {processor.py:830} INFO - Processing file /home/airflow/.local/lib/python3.12/site-packages/airflow/example_dags/tutorial.py for tasks to queue
[2024-10-02T01:58:01.982+0000] {logging_mixin.py:188} INFO - [2024-10-02T01:58:01.982+0000] {dagbag.py:545} INFO - Filling up the DagBag from /home/airflow/.local/lib/python3.12/site-packages/airflow/example_dags/tutorial.py
[2024-10-02T01:58:01.987+0000] {processor.py:840} INFO - DAG(s) 'tutorial' retrieved from /home/airflow/.local/lib/python3.12/site-packages/airflow/example_dags/tutorial.py
[2024-10-02T01:58:02.002+0000] {logging_mixin.py:188} INFO - [2024-10-02T01:58:02.001+0000] {dag.py:3096} INFO - Sync 1 DAGs
[2024-10-02T01:58:02.014+0000] {logging_mixin.py:188} INFO - [2024-10-02T01:58:02.014+0000] {dag.py:3954} INFO - Setting next_dagrun for tutorial to 2024-10-01 00:00:00+00:00, run_after=2024-10-02 00:00:00+00:00
[2024-10-02T01:58:02.024+0000] {processor.py:183} INFO - Processing /home/airflow/.local/lib/python3.12/site-packages/airflow/example_dags/tutorial.py took 0.049 seconds
[2024-10-02T01:58:32.402+0000] {processor.py:161} INFO - Started process (PID=454) to work on /home/airflow/.local/lib/python3.12/site-packages/airflow/example_dags/tutorial.py
[2024-10-02T01:58:32.404+0000] {processor.py:830} INFO - Processing file /home/airflow/.local/lib/python3.12/site-packages/airflow/example_dags/tutorial.py for tasks to queue
[2024-10-02T01:58:32.405+0000] {logging_mixin.py:188} INFO - [2024-10-02T01:58:32.405+0000] {dagbag.py:545} INFO - Filling up the DagBag from /home/airflow/.local/lib/python3.12/site-packages/airflow/example_dags/tutorial.py
[2024-10-02T01:58:32.410+0000] {processor.py:840} INFO - DAG(s) 'tutorial' retrieved from /home/airflow/.local/lib/python3.12/site-packages/airflow/example_dags/tutorial.py
[2024-10-02T01:58:32.426+0000] {logging_mixin.py:188} INFO - [2024-10-02T01:58:32.426+0000] {dag.py:3096} INFO - Sync 1 DAGs
[2024-10-02T01:58:32.439+0000] {logging_mixin.py:188} INFO - [2024-10-02T01:58:32.439+0000] {dag.py:3954} INFO - Setting next_dagrun for tutorial to 2024-10-01 00:00:00+00:00, run_after=2024-10-02 00:00:00+00:00
[2024-10-02T01:58:32.451+0000] {processor.py:183} INFO - Processing /home/airflow/.local/lib/python3.12/site-packages/airflow/example_dags/tutorial.py took 0.053 seconds
[2024-10-02T01:59:02.990+0000] {processor.py:161} INFO - Started process (PID=513) to work on /home/airflow/.local/lib/python3.12/site-packages/airflow/example_dags/tutorial.py
[2024-10-02T01:59:02.992+0000] {processor.py:830} INFO - Processing file /home/airflow/.local/lib/python3.12/site-packages/airflow/example_dags/tutorial.py for tasks to queue
[2024-10-02T01:59:02.993+0000] {logging_mixin.py:188} INFO - [2024-10-02T01:59:02.993+0000] {dagbag.py:545} INFO - Filling up the DagBag from /home/airflow/.local/lib/python3.12/site-packages/airflow/example_dags/tutorial.py
[2024-10-02T01:59:02.998+0000] {processor.py:840} INFO - DAG(s) 'tutorial' retrieved from /home/airflow/.local/lib/python3.12/site-packages/airflow/example_dags/tutorial.py
[2024-10-02T01:59:03.018+0000] {logging_mixin.py:188} INFO - [2024-10-02T01:59:03.018+0000] {dag.py:3096} INFO - Sync 1 DAGs
[2024-10-02T01:59:03.031+0000] {logging_mixin.py:188} INFO - [2024-10-02T01:59:03.031+0000] {dag.py:3954} INFO - Setting next_dagrun for tutorial to 2024-10-01 00:00:00+00:00, run_after=2024-10-02 00:00:00+00:00
[2024-10-02T01:59:03.041+0000] {processor.py:183} INFO - Processing /home/airflow/.local/lib/python3.12/site-packages/airflow/example_dags/tutorial.py took 0.055 seconds
[2024-10-02T01:59:33.306+0000] {processor.py:161} INFO - Started process (PID=571) to work on /home/airflow/.local/lib/python3.12/site-packages/airflow/example_dags/tutorial.py
[2024-10-02T01:59:33.308+0000] {processor.py:830} INFO - Processing file /home/airflow/.local/lib/python3.12/site-packages/airflow/example_dags/tutorial.py for tasks to queue
[2024-10-02T01:59:33.310+0000] {logging_mixin.py:188} INFO - [2024-10-02T01:59:33.309+0000] {dagbag.py:545} INFO - Filling up the DagBag from /home/airflow/.local/lib/python3.12/site-packages/airflow/example_dags/tutorial.py
[2024-10-02T01:59:33.314+0000] {processor.py:840} INFO - DAG(s) 'tutorial' retrieved from /home/airflow/.local/lib/python3.12/site-packages/airflow/example_dags/tutorial.py
[2024-10-02T01:59:33.330+0000] {logging_mixin.py:188} INFO - [2024-10-02T01:59:33.330+0000] {dag.py:3096} INFO - Sync 1 DAGs
[2024-10-02T01:59:33.343+0000] {logging_mixin.py:188} INFO - [2024-10-02T01:59:33.343+0000] {dag.py:3954} INFO - Setting next_dagrun for tutorial to 2024-10-01 00:00:00+00:00, run_after=2024-10-02 00:00:00+00:00
[2024-10-02T01:59:33.355+0000] {processor.py:183} INFO - Processing /home/airflow/.local/lib/python3.12/site-packages/airflow/example_dags/tutorial.py took 0.052 seconds
[2024-10-02T02:00:03.781+0000] {processor.py:161} INFO - Started process (PID=629) to work on /home/airflow/.local/lib/python3.12/site-packages/airflow/example_dags/tutorial.py
[2024-10-02T02:00:03.783+0000] {processor.py:830} INFO - Processing file /home/airflow/.local/lib/python3.12/site-packages/airflow/example_dags/tutorial.py for tasks to queue
[2024-10-02T02:00:03.784+0000] {logging_mixin.py:188} INFO - [2024-10-02T02:00:03.784+0000] {dagbag.py:545} INFO - Filling up the DagBag from /home/airflow/.local/lib/python3.12/site-packages/airflow/example_dags/tutorial.py
[2024-10-02T02:00:03.789+0000] {processor.py:840} INFO - DAG(s) 'tutorial' retrieved from /home/airflow/.local/lib/python3.12/site-packages/airflow/example_dags/tutorial.py
[2024-10-02T02:00:03.805+0000] {logging_mixin.py:188} INFO - [2024-10-02T02:00:03.805+0000] {dag.py:3096} INFO - Sync 1 DAGs
[2024-10-02T02:00:03.817+0000] {logging_mixin.py:188} INFO - [2024-10-02T02:00:03.817+0000] {dag.py:3954} INFO - Setting next_dagrun for tutorial to 2024-10-01 00:00:00+00:00, run_after=2024-10-02 00:00:00+00:00
[2024-10-02T02:00:03.828+0000] {processor.py:183} INFO - Processing /home/airflow/.local/lib/python3.12/site-packages/airflow/example_dags/tutorial.py took 0.051 seconds
[2024-10-02T02:00:34.451+0000] {processor.py:161} INFO - Started process (PID=688) to work on /home/airflow/.local/lib/python3.12/site-packages/airflow/example_dags/tutorial.py
[2024-10-02T02:00:34.452+0000] {processor.py:830} INFO - Processing file /home/airflow/.local/lib/python3.12/site-packages/airflow/example_dags/tutorial.py for tasks to queue
[2024-10-02T02:00:34.454+0000] {logging_mixin.py:188} INFO - [2024-10-02T02:00:34.454+0000] {dagbag.py:545} INFO - Filling up the DagBag from /home/airflow/.local/lib/python3.12/site-packages/airflow/example_dags/tutorial.py
[2024-10-02T02:00:34.459+0000] {processor.py:840} INFO - DAG(s) 'tutorial' retrieved from /home/airflow/.local/lib/python3.12/site-packages/airflow/example_dags/tutorial.py
[2024-10-02T02:00:34.477+0000] {logging_mixin.py:188} INFO - [2024-10-02T02:00:34.477+0000] {dag.py:3096} INFO - Sync 1 DAGs
[2024-10-02T02:00:34.491+0000] {logging_mixin.py:188} INFO - [2024-10-02T02:00:34.490+0000] {dag.py:3954} INFO - Setting next_dagrun for tutorial to 2024-10-01 00:00:00+00:00, run_after=2024-10-02 00:00:00+00:00
[2024-10-02T02:00:34.501+0000] {processor.py:183} INFO - Processing /home/airflow/.local/lib/python3.12/site-packages/airflow/example_dags/tutorial.py took 0.054 seconds
[2024-10-02T02:01:05.053+0000] {processor.py:161} INFO - Started process (PID=746) to work on /home/airflow/.local/lib/python3.12/site-packages/airflow/example_dags/tutorial.py
[2024-10-02T02:01:05.056+0000] {processor.py:830} INFO - Processing file /home/airflow/.local/lib/python3.12/site-packages/airflow/example_dags/tutorial.py for tasks to queue
[2024-10-02T02:01:05.059+0000] {logging_mixin.py:188} INFO - [2024-10-02T02:01:05.059+0000] {dagbag.py:545} INFO - Filling up the DagBag from /home/airflow/.local/lib/python3.12/site-packages/airflow/example_dags/tutorial.py
[2024-10-02T02:01:05.066+0000] {processor.py:840} INFO - DAG(s) 'tutorial' retrieved from /home/airflow/.local/lib/python3.12/site-packages/airflow/example_dags/tutorial.py
[2024-10-02T02:01:05.085+0000] {logging_mixin.py:188} INFO - [2024-10-02T02:01:05.085+0000] {dag.py:3096} INFO - Sync 1 DAGs
[2024-10-02T02:01:05.100+0000] {logging_mixin.py:188} INFO - [2024-10-02T02:01:05.100+0000] {dag.py:3954} INFO - Setting next_dagrun for tutorial to 2024-10-01 00:00:00+00:00, run_after=2024-10-02 00:00:00+00:00
[2024-10-02T02:01:05.112+0000] {processor.py:183} INFO - Processing /home/airflow/.local/lib/python3.12/site-packages/airflow/example_dags/tutorial.py took 0.064 seconds
[2024-10-02T02:01:35.186+0000] {processor.py:161} INFO - Started process (PID=804) to work on /home/airflow/.local/lib/python3.12/site-packages/airflow/example_dags/tutorial.py
[2024-10-02T02:01:35.188+0000] {processor.py:830} INFO - Processing file /home/airflow/.local/lib/python3.12/site-packages/airflow/example_dags/tutorial.py for tasks to queue
[2024-10-02T02:01:35.191+0000] {logging_mixin.py:188} INFO - [2024-10-02T02:01:35.190+0000] {dagbag.py:545} INFO - Filling up the DagBag from /home/airflow/.local/lib/python3.12/site-packages/airflow/example_dags/tutorial.py
[2024-10-02T02:01:35.196+0000] {processor.py:840} INFO - DAG(s) 'tutorial' retrieved from /home/airflow/.local/lib/python3.12/site-packages/airflow/example_dags/tutorial.py
[2024-10-02T02:01:35.221+0000] {logging_mixin.py:188} INFO - [2024-10-02T02:01:35.221+0000] {dag.py:3096} INFO - Sync 1 DAGs
[2024-10-02T02:01:35.238+0000] {logging_mixin.py:188} INFO - [2024-10-02T02:01:35.238+0000] {dag.py:3954} INFO - Setting next_dagrun for tutorial to 2024-10-01 00:00:00+00:00, run_after=2024-10-02 00:00:00+00:00
[2024-10-02T02:01:35.263+0000] {processor.py:183} INFO - Processing /home/airflow/.local/lib/python3.12/site-packages/airflow/example_dags/tutorial.py took 0.082 seconds
[2024-10-02T02:02:05.448+0000] {processor.py:161} INFO - Started process (PID=862) to work on /home/airflow/.local/lib/python3.12/site-packages/airflow/example_dags/tutorial.py
[2024-10-02T02:02:05.450+0000] {processor.py:830} INFO - Processing file /home/airflow/.local/lib/python3.12/site-packages/airflow/example_dags/tutorial.py for tasks to queue
[2024-10-02T02:02:05.454+0000] {logging_mixin.py:188} INFO - [2024-10-02T02:02:05.453+0000] {dagbag.py:545} INFO - Filling up the DagBag from /home/airflow/.local/lib/python3.12/site-packages/airflow/example_dags/tutorial.py
[2024-10-02T02:02:05.460+0000] {processor.py:840} INFO - DAG(s) 'tutorial' retrieved from /home/airflow/.local/lib/python3.12/site-packages/airflow/example_dags/tutorial.py
[2024-10-02T02:02:05.477+0000] {logging_mixin.py:188} INFO - [2024-10-02T02:02:05.477+0000] {dag.py:3096} INFO - Sync 1 DAGs
[2024-10-02T02:02:05.492+0000] {logging_mixin.py:188} INFO - [2024-10-02T02:02:05.492+0000] {dag.py:3954} INFO - Setting next_dagrun for tutorial to 2024-10-01 00:00:00+00:00, run_after=2024-10-02 00:00:00+00:00
[2024-10-02T02:02:05.506+0000] {processor.py:183} INFO - Processing /home/airflow/.local/lib/python3.12/site-packages/airflow/example_dags/tutorial.py took 0.063 seconds
[2024-10-02T02:02:35.735+0000] {processor.py:161} INFO - Started process (PID=920) to work on /home/airflow/.local/lib/python3.12/site-packages/airflow/example_dags/tutorial.py
[2024-10-02T02:02:35.737+0000] {processor.py:830} INFO - Processing file /home/airflow/.local/lib/python3.12/site-packages/airflow/example_dags/tutorial.py for tasks to queue
[2024-10-02T02:02:35.738+0000] {logging_mixin.py:188} INFO - [2024-10-02T02:02:35.738+0000] {dagbag.py:545} INFO - Filling up the DagBag from /home/airflow/.local/lib/python3.12/site-packages/airflow/example_dags/tutorial.py
[2024-10-02T02:02:35.745+0000] {processor.py:840} INFO - DAG(s) 'tutorial' retrieved from /home/airflow/.local/lib/python3.12/site-packages/airflow/example_dags/tutorial.py
[2024-10-02T02:02:35.760+0000] {logging_mixin.py:188} INFO - [2024-10-02T02:02:35.760+0000] {dag.py:3096} INFO - Sync 1 DAGs
[2024-10-02T02:02:35.773+0000] {logging_mixin.py:188} INFO - [2024-10-02T02:02:35.773+0000] {dag.py:3954} INFO - Setting next_dagrun for tutorial to 2024-10-01 00:00:00+00:00, run_after=2024-10-02 00:00:00+00:00
[2024-10-02T02:02:35.784+0000] {processor.py:183} INFO - Processing /home/airflow/.local/lib/python3.12/site-packages/airflow/example_dags/tutorial.py took 0.053 seconds
[2024-10-02T02:03:06.086+0000] {processor.py:161} INFO - Started process (PID=978) to work on /home/airflow/.local/lib/python3.12/site-packages/airflow/example_dags/tutorial.py
[2024-10-02T02:03:06.087+0000] {processor.py:830} INFO - Processing file /home/airflow/.local/lib/python3.12/site-packages/airflow/example_dags/tutorial.py for tasks to queue
[2024-10-02T02:03:06.089+0000] {logging_mixin.py:188} INFO - [2024-10-02T02:03:06.088+0000] {dagbag.py:545} INFO - Filling up the DagBag from /home/airflow/.local/lib/python3.12/site-packages/airflow/example_dags/tutorial.py
[2024-10-02T02:03:06.094+0000] {processor.py:840} INFO - DAG(s) 'tutorial' retrieved from /home/airflow/.local/lib/python3.12/site-packages/airflow/example_dags/tutorial.py
[2024-10-02T02:03:06.110+0000] {logging_mixin.py:188} INFO - [2024-10-02T02:03:06.110+0000] {dag.py:3096} INFO - Sync 1 DAGs
[2024-10-02T02:03:06.122+0000] {logging_mixin.py:188} INFO - [2024-10-02T02:03:06.122+0000] {dag.py:3954} INFO - Setting next_dagrun for tutorial to 2024-10-01 00:00:00+00:00, run_after=2024-10-02 00:00:00+00:00
[2024-10-02T02:03:06.132+0000] {processor.py:183} INFO - Processing /home/airflow/.local/lib/python3.12/site-packages/airflow/example_dags/tutorial.py took 0.051 seconds
[2024-10-02T02:03:36.458+0000] {processor.py:161} INFO - Started process (PID=1036) to work on /home/airflow/.local/lib/python3.12/site-packages/airflow/example_dags/tutorial.py
[2024-10-02T02:03:36.460+0000] {processor.py:830} INFO - Processing file /home/airflow/.local/lib/python3.12/site-packages/airflow/example_dags/tutorial.py for tasks to queue
[2024-10-02T02:03:36.462+0000] {logging_mixin.py:188} INFO - [2024-10-02T02:03:36.462+0000] {dagbag.py:545} INFO - Filling up the DagBag from /home/airflow/.local/lib/python3.12/site-packages/airflow/example_dags/tutorial.py
[2024-10-02T02:03:36.467+0000] {processor.py:840} INFO - DAG(s) 'tutorial' retrieved from /home/airflow/.local/lib/python3.12/site-packages/airflow/example_dags/tutorial.py
[2024-10-02T02:03:36.485+0000] {logging_mixin.py:188} INFO - [2024-10-02T02:03:36.485+0000] {dag.py:3096} INFO - Sync 1 DAGs
[2024-10-02T02:03:36.499+0000] {logging_mixin.py:188} INFO - [2024-10-02T02:03:36.499+0000] {dag.py:3954} INFO - Setting next_dagrun for tutorial to 2024-10-01 00:00:00+00:00, run_after=2024-10-02 00:00:00+00:00
[2024-10-02T02:03:36.511+0000] {processor.py:183} INFO - Processing /home/airflow/.local/lib/python3.12/site-packages/airflow/example_dags/tutorial.py took 0.060 seconds
[2024-10-02T02:04:06.785+0000] {processor.py:161} INFO - Started process (PID=1094) to work on /home/airflow/.local/lib/python3.12/site-packages/airflow/example_dags/tutorial.py
[2024-10-02T02:04:06.786+0000] {processor.py:830} INFO - Processing file /home/airflow/.local/lib/python3.12/site-packages/airflow/example_dags/tutorial.py for tasks to queue
[2024-10-02T02:04:06.788+0000] {logging_mixin.py:188} INFO - [2024-10-02T02:04:06.788+0000] {dagbag.py:545} INFO - Filling up the DagBag from /home/airflow/.local/lib/python3.12/site-packages/airflow/example_dags/tutorial.py
[2024-10-02T02:04:06.793+0000] {processor.py:840} INFO - DAG(s) 'tutorial' retrieved from /home/airflow/.local/lib/python3.12/site-packages/airflow/example_dags/tutorial.py
[2024-10-02T02:04:06.808+0000] {logging_mixin.py:188} INFO - [2024-10-02T02:04:06.808+0000] {dag.py:3096} INFO - Sync 1 DAGs
[2024-10-02T02:04:06.820+0000] {logging_mixin.py:188} INFO - [2024-10-02T02:04:06.820+0000] {dag.py:3954} INFO - Setting next_dagrun for tutorial to 2024-10-01 00:00:00+00:00, run_after=2024-10-02 00:00:00+00:00
[2024-10-02T02:04:06.831+0000] {processor.py:183} INFO - Processing /home/airflow/.local/lib/python3.12/site-packages/airflow/example_dags/tutorial.py took 0.051 seconds
[2024-10-02T02:04:37.097+0000] {processor.py:161} INFO - Started process (PID=1152) to work on /home/airflow/.local/lib/python3.12/site-packages/airflow/example_dags/tutorial.py
[2024-10-02T02:04:37.098+0000] {processor.py:830} INFO - Processing file /home/airflow/.local/lib/python3.12/site-packages/airflow/example_dags/tutorial.py for tasks to queue
[2024-10-02T02:04:37.100+0000] {logging_mixin.py:188} INFO - [2024-10-02T02:04:37.099+0000] {dagbag.py:545} INFO - Filling up the DagBag from /home/airflow/.local/lib/python3.12/site-packages/airflow/example_dags/tutorial.py
[2024-10-02T02:04:37.104+0000] {processor.py:840} INFO - DAG(s) 'tutorial' retrieved from /home/airflow/.local/lib/python3.12/site-packages/airflow/example_dags/tutorial.py
[2024-10-02T02:04:37.119+0000] {logging_mixin.py:188} INFO - [2024-10-02T02:04:37.119+0000] {dag.py:3096} INFO - Sync 1 DAGs
[2024-10-02T02:04:37.132+0000] {logging_mixin.py:188} INFO - [2024-10-02T02:04:37.132+0000] {dag.py:3954} INFO - Setting next_dagrun for tutorial to 2024-10-01 00:00:00+00:00, run_after=2024-10-02 00:00:00+00:00
[2024-10-02T02:04:37.142+0000] {processor.py:183} INFO - Processing /home/airflow/.local/lib/python3.12/site-packages/airflow/example_dags/tutorial.py took 0.049 seconds
[2024-10-02T02:05:07.688+0000] {processor.py:161} INFO - Started process (PID=1210) to work on /home/airflow/.local/lib/python3.12/site-packages/airflow/example_dags/tutorial.py
[2024-10-02T02:05:07.690+0000] {processor.py:830} INFO - Processing file /home/airflow/.local/lib/python3.12/site-packages/airflow/example_dags/tutorial.py for tasks to queue
[2024-10-02T02:05:07.691+0000] {logging_mixin.py:188} INFO - [2024-10-02T02:05:07.691+0000] {dagbag.py:545} INFO - Filling up the DagBag from /home/airflow/.local/lib/python3.12/site-packages/airflow/example_dags/tutorial.py
[2024-10-02T02:05:07.696+0000] {processor.py:840} INFO - DAG(s) 'tutorial' retrieved from /home/airflow/.local/lib/python3.12/site-packages/airflow/example_dags/tutorial.py
[2024-10-02T02:05:07.712+0000] {logging_mixin.py:188} INFO - [2024-10-02T02:05:07.712+0000] {dag.py:3096} INFO - Sync 1 DAGs
[2024-10-02T02:05:07.724+0000] {logging_mixin.py:188} INFO - [2024-10-02T02:05:07.724+0000] {dag.py:3954} INFO - Setting next_dagrun for tutorial to 2024-10-01 00:00:00+00:00, run_after=2024-10-02 00:00:00+00:00
[2024-10-02T02:05:07.734+0000] {processor.py:183} INFO - Processing /home/airflow/.local/lib/python3.12/site-packages/airflow/example_dags/tutorial.py took 0.050 seconds
